ARM GAS  C:\Users\Test\AppData\Local\Temp\ccfO5Xz6.s 			page 1


   1              		.cpu cortex-m3
   2              		.eabi_attribute 20, 1
   3              		.eabi_attribute 21, 1
   4              		.eabi_attribute 23, 3
   5              		.eabi_attribute 24, 1
   6              		.eabi_attribute 25, 1
   7              		.eabi_attribute 26, 1
   8              		.eabi_attribute 30, 1
   9              		.eabi_attribute 34, 1
  10              		.eabi_attribute 18, 4
  11              		.file	"driver_temp.c"
  12              		.text
  13              	.Ltext0:
  14              		.cfi_sections	.debug_frame
  15              		.global	__aeabi_ui2f
  16              		.global	__aeabi_f2d
  17              		.global	__aeabi_dmul
  18              		.global	__aeabi_d2f
  19              		.global	__aeabi_fmul
  20              		.section	.text.TEMP_Task,"ax",%progbits
  21              		.align	1
  22              		.arch armv7-m
  23              		.syntax unified
  24              		.thumb
  25              		.thumb_func
  26              		.fpu softvfp
  28              	TEMP_Task:
  29              	.LFB69:
  30              		.file 1 "../Core/Src/driver_temp.c"
   1:../Core/Src/driver_temp.c **** 
  31              		.loc 1 18 1 view -0
  32              		.cfi_startproc
  33              		@ Volatile: function does not return.
  34              		@ args = 0, pretend = 0, frame = 8
  35              		@ frame_needed = 0, uses_anonymous_args = 0
  36              	.LVL0:
  37              		.loc 1 18 1 is_stmt 0 view .LVU1
  38 0000 00B5     		push	{lr}
  39              	.LCFI0:
  40              		.cfi_def_cfa_offset 4
  41              		.cfi_offset 14, -4
  42 0002 83B0     		sub	sp, sp, #12
  43              	.LCFI1:
  44              		.cfi_def_cfa_offset 16
  45              	.LVL1:
  46              	.L2:
  47              		.loc 1 19 2 is_stmt 1 discriminator 1 view .LVU2
  48              	.LBB2:
  49              		.loc 1 21 3 discriminator 1 view .LVU3
  50 0004 144C     		ldr	r4, .L4
  51 0006 2046     		mov	r0, r4
  52 0008 144B     		ldr	r3, .L4+4
  53 000a 9847     		blx	r3
  54              	.LVL2:
  55              		.loc 1 22 3 discriminator 1 view .LVU4
  56 000c 4FF0FF31 		mov	r1, #-1
  57 0010 0020     		movs	r0, #0
ARM GAS  C:\Users\Test\AppData\Local\Temp\ccfO5Xz6.s 			page 2


  58 0012 134B     		ldr	r3, .L4+8
  59 0014 9847     		blx	r3
  60              	.LVL3:
  61              		.loc 1 24 3 discriminator 1 view .LVU5
  62              		.loc 1 24 17 is_stmt 0 discriminator 1 view .LVU6
  63 0016 2046     		mov	r0, r4
  64 0018 124B     		ldr	r3, .L4+12
  65 001a 9847     		blx	r3
  66              	.LVL4:
  67              		.loc 1 24 9 discriminator 1 view .LVU7
  68 001c 124B     		ldr	r3, .L4+16
  69 001e 9847     		blx	r3
  70              	.LVL5:
  71 0020 0190     		str	r0, [sp, #4]	@ float
  72              		.loc 1 25 3 is_stmt 1 discriminator 1 view .LVU8
  73              		.loc 1 25 17 is_stmt 0 discriminator 1 view .LVU9
  74 0022 124B     		ldr	r3, .L4+20
  75 0024 9847     		blx	r3
  76              	.LVL6:
  77 0026 124C     		ldr	r4, .L4+24
  78 0028 0022     		movs	r2, #0
  79 002a 124B     		ldr	r3, .L4+28
  80 002c A047     		blx	r4
  81              	.LVL7:
  82              		.loc 1 25 23 discriminator 1 view .LVU10
  83 002e 0022     		movs	r2, #0
  84 0030 114B     		ldr	r3, .L4+32
  85 0032 A047     		blx	r4
  86              	.LVL8:
  87 0034 114B     		ldr	r3, .L4+36
  88 0036 9847     		blx	r3
  89              	.LVL9:
  90              		.loc 1 25 9 discriminator 1 view .LVU11
  91 0038 0190     		str	r0, [sp, #4]	@ float
  92              		.loc 1 26 3 is_stmt 1 discriminator 1 view .LVU12
  93              		.loc 1 26 9 is_stmt 0 discriminator 1 view .LVU13
  94 003a 1149     		ldr	r1, .L4+40
  95 003c 114B     		ldr	r3, .L4+44
  96 003e 9847     		blx	r3
  97              	.LVL10:
  98 0040 0190     		str	r0, [sp, #4]	@ float
  99              		.loc 1 28 3 is_stmt 1 discriminator 1 view .LVU14
 100 0042 0223     		movs	r3, #2
 101 0044 0022     		movs	r2, #0
 102 0046 01A9     		add	r1, sp, #4
 103 0048 0F48     		ldr	r0, .L4+48
 104 004a 0068     		ldr	r0, [r0]
 105 004c 0F4C     		ldr	r4, .L4+52
 106 004e A047     		blx	r4
 107              	.LVL11:
 108              		.loc 1 29 3 discriminator 1 view .LVU15
 109 0050 C820     		movs	r0, #200
 110 0052 0F4B     		ldr	r3, .L4+56
 111 0054 9847     		blx	r3
 112              	.LVL12:
 113              	.LBE2:
 114              		.loc 1 19 8 discriminator 1 view .LVU16
ARM GAS  C:\Users\Test\AppData\Local\Temp\ccfO5Xz6.s 			page 3


 115 0056 D5E7     		b	.L2
 116              	.L5:
 117              		.align	2
 118              	.L4:
 119 0058 00000000 		.word	hadc1
 120 005c 00000000 		.word	HAL_ADC_Start_IT
 121 0060 00000000 		.word	ulTaskNotifyTake
 122 0064 00000000 		.word	HAL_ADC_GetValue
 123 0068 00000000 		.word	__aeabi_ui2f
 124 006c 00000000 		.word	__aeabi_f2d
 125 0070 00000000 		.word	__aeabi_dmul
 126 0074 00001440 		.word	1075052544
 127 0078 0000303F 		.word	1060110336
 128 007c 00000000 		.word	__aeabi_d2f
 129 0080 0000C842 		.word	1120403456
 130 0084 00000000 		.word	__aeabi_fmul
 131 0088 00000000 		.word	.LANCHOR0
 132 008c 00000000 		.word	xQueueGenericSend
 133 0090 00000000 		.word	vTaskDelay
 134              		.cfi_endproc
 135              	.LFE69:
 137              		.section	.text.HAL_ADC_ConvCpltCallback,"ax",%progbits
 138              		.align	1
 139              		.global	HAL_ADC_ConvCpltCallback
 140              		.syntax unified
 141              		.thumb
 142              		.thumb_func
 143              		.fpu softvfp
 145              	HAL_ADC_ConvCpltCallback:
 146              	.LVL13:
 147              	.LFB70:
 148              		.loc 1 35 1 view -0
 149              		.cfi_startproc
 150              		@ args = 0, pretend = 0, frame = 8
 151              		@ frame_needed = 0, uses_anonymous_args = 0
 152              		.loc 1 36 2 view .LVU18
 153              		.loc 1 36 10 is_stmt 0 view .LVU19
 154 0000 0268     		ldr	r2, [r0]
 155              		.loc 1 36 29 view .LVU20
 156 0002 0E4B     		ldr	r3, .L14
 157 0004 1B68     		ldr	r3, [r3]
 158              		.loc 1 36 5 view .LVU21
 159 0006 9A42     		cmp	r2, r3
 160 0008 00D0     		beq	.L13
 161 000a 7047     		bx	lr
 162              	.L13:
 163              		.loc 1 35 1 view .LVU22
 164 000c 00B5     		push	{lr}
 165              	.LCFI2:
 166              		.cfi_def_cfa_offset 4
 167              		.cfi_offset 14, -4
 168 000e 83B0     		sub	sp, sp, #12
 169              	.LCFI3:
 170              		.cfi_def_cfa_offset 16
 171              	.LBB3:
 172              		.loc 1 38 3 is_stmt 1 view .LVU23
 173              		.loc 1 38 14 is_stmt 0 view .LVU24
ARM GAS  C:\Users\Test\AppData\Local\Temp\ccfO5Xz6.s 			page 4


 174 0010 0023     		movs	r3, #0
 175 0012 0193     		str	r3, [sp, #4]
 176              		.loc 1 39 3 is_stmt 1 view .LVU25
 177 0014 01A9     		add	r1, sp, #4
 178 0016 0A4B     		ldr	r3, .L14+4
 179 0018 1868     		ldr	r0, [r3]
 180              	.LVL14:
 181              		.loc 1 39 3 is_stmt 0 view .LVU26
 182 001a 0A4B     		ldr	r3, .L14+8
 183 001c 9847     		blx	r3
 184              	.LVL15:
 185              		.loc 1 40 3 is_stmt 1 view .LVU27
 186 001e 019B     		ldr	r3, [sp, #4]
 187 0020 4BB1     		cbz	r3, .L6
 188              		.loc 1 40 3 discriminator 1 view .LVU28
 189 0022 4FF0E023 		mov	r3, #-536813568
 190 0026 4FF08052 		mov	r2, #268435456
 191 002a C3F8042D 		str	r2, [r3, #3332]
 192              		.loc 1 40 3 discriminator 1 view .LVU29
 193              		.syntax unified
 194              	@ 40 "Core/Src/driver_temp.c" 1
 195 002e BFF34F8F 		dsb
 196              	@ 0 "" 2
 197              		.loc 1 40 3 discriminator 1 view .LVU30
 198              	@ 40 "Core/Src/driver_temp.c" 1
 199 0032 BFF36F8F 		isb
 200              	@ 0 "" 2
 201              		.loc 1 40 28 discriminator 1 view .LVU31
 202              		.thumb
 203              		.syntax unified
 204              	.L6:
 205              	.LBE3:
 206              		.loc 1 42 1 is_stmt 0 view .LVU32
 207 0036 03B0     		add	sp, sp, #12
 208              	.LCFI4:
 209              		.cfi_def_cfa_offset 4
 210              		@ sp needed
 211 0038 5DF804FB 		ldr	pc, [sp], #4
 212              	.L15:
 213              		.align	2
 214              	.L14:
 215 003c 00000000 		.word	hadc1
 216 0040 00000000 		.word	.LANCHOR1
 217 0044 00000000 		.word	vTaskNotifyGiveFromISR
 218              		.cfi_endproc
 219              	.LFE70:
 221              		.section	.text.TEMP_GetCurrentValue,"ax",%progbits
 222              		.align	1
 223              		.global	TEMP_GetCurrentValue
 224              		.syntax unified
 225              		.thumb
 226              		.thumb_func
 227              		.fpu softvfp
 229              	TEMP_GetCurrentValue:
 230              	.LFB71:
 231              		.loc 1 46 1 is_stmt 1 view -0
 232              		.cfi_startproc
ARM GAS  C:\Users\Test\AppData\Local\Temp\ccfO5Xz6.s 			page 5


 233              		@ args = 0, pretend = 0, frame = 8
 234              		@ frame_needed = 0, uses_anonymous_args = 0
 235 0000 00B5     		push	{lr}
 236              	.LCFI5:
 237              		.cfi_def_cfa_offset 4
 238              		.cfi_offset 14, -4
 239 0002 83B0     		sub	sp, sp, #12
 240              	.LCFI6:
 241              		.cfi_def_cfa_offset 16
 242              		.loc 1 47 2 view .LVU34
 243              		.loc 1 47 8 is_stmt 0 view .LVU35
 244 0004 0023     		movs	r3, #0
 245 0006 0193     		str	r3, [sp, #4]	@ float
 246              		.loc 1 48 2 is_stmt 1 view .LVU36
 247 0008 4FF0FF32 		mov	r2, #-1
 248 000c 01A9     		add	r1, sp, #4
 249 000e 044B     		ldr	r3, .L18
 250 0010 1868     		ldr	r0, [r3]
 251 0012 044B     		ldr	r3, .L18+4
 252 0014 9847     		blx	r3
 253              	.LVL16:
 254              		.loc 1 49 2 view .LVU37
 255              		.loc 1 50 1 is_stmt 0 view .LVU38
 256 0016 0198     		ldr	r0, [sp, #4]	@ float
 257 0018 03B0     		add	sp, sp, #12
 258              	.LCFI7:
 259              		.cfi_def_cfa_offset 4
 260              		@ sp needed
 261 001a 5DF804FB 		ldr	pc, [sp], #4
 262              	.L19:
 263 001e 00BF     		.align	2
 264              	.L18:
 265 0020 00000000 		.word	.LANCHOR0
 266 0024 00000000 		.word	xQueuePeek
 267              		.cfi_endproc
 268              	.LFE71:
 270              		.section	.rodata.TEMP_Init.str1.4,"aMS",%progbits,1
 271              		.align	2
 272              	.LC0:
 273 0000 54454D50 		.ascii	"TEMP_Task\000"
 273      5F546173 
 273      6B00
 274              		.section	.text.TEMP_Init,"ax",%progbits
 275              		.align	1
 276              		.global	TEMP_Init
 277              		.syntax unified
 278              		.thumb
 279              		.thumb_func
 280              		.fpu softvfp
 282              	TEMP_Init:
 283              	.LFB72:
 284              		.loc 1 54 1 is_stmt 1 view -0
 285              		.cfi_startproc
 286              		@ args = 0, pretend = 0, frame = 0
 287              		@ frame_needed = 0, uses_anonymous_args = 0
 288 0000 10B5     		push	{r4, lr}
 289              	.LCFI8:
ARM GAS  C:\Users\Test\AppData\Local\Temp\ccfO5Xz6.s 			page 6


 290              		.cfi_def_cfa_offset 8
 291              		.cfi_offset 4, -8
 292              		.cfi_offset 14, -4
 293 0002 82B0     		sub	sp, sp, #8
 294              	.LCFI9:
 295              		.cfi_def_cfa_offset 16
 296              		.loc 1 55 2 view .LVU40
 297              		.loc 1 55 23 is_stmt 0 view .LVU41
 298 0004 0022     		movs	r2, #0
 299 0006 0421     		movs	r1, #4
 300 0008 0120     		movs	r0, #1
 301 000a 084B     		ldr	r3, .L22
 302 000c 9847     		blx	r3
 303              	.LVL17:
 304              		.loc 1 55 21 view .LVU42
 305 000e 084B     		ldr	r3, .L22+4
 306 0010 1860     		str	r0, [r3]
 307              		.loc 1 56 2 is_stmt 1 view .LVU43
 308 0012 084B     		ldr	r3, .L22+8
 309 0014 0193     		str	r3, [sp, #4]
 310 0016 0A23     		movs	r3, #10
 311 0018 0093     		str	r3, [sp]
 312 001a 0023     		movs	r3, #0
 313 001c 8022     		movs	r2, #128
 314 001e 0649     		ldr	r1, .L22+12
 315 0020 0648     		ldr	r0, .L22+16
 316 0022 074C     		ldr	r4, .L22+20
 317 0024 A047     		blx	r4
 318              	.LVL18:
 319              		.loc 1 57 1 is_stmt 0 view .LVU44
 320 0026 02B0     		add	sp, sp, #8
 321              	.LCFI10:
 322              		.cfi_def_cfa_offset 8
 323              		@ sp needed
 324 0028 10BD     		pop	{r4, pc}
 325              	.L23:
 326 002a 00BF     		.align	2
 327              	.L22:
 328 002c 00000000 		.word	xQueueGenericCreate
 329 0030 00000000 		.word	.LANCHOR0
 330 0034 00000000 		.word	.LANCHOR1
 331 0038 00000000 		.word	.LC0
 332 003c 00000000 		.word	TEMP_Task
 333 0040 00000000 		.word	xTaskCreate
 334              		.cfi_endproc
 335              	.LFE72:
 337              		.section	.bss.TEMP_MailboxHandle,"aw",%nobits
 338              		.align	2
 339              		.set	.LANCHOR0,. + 0
 342              	TEMP_MailboxHandle:
 343 0000 00000000 		.space	4
 344              		.section	.bss.TEMP_TaskHandle,"aw",%nobits
 345              		.align	2
 346              		.set	.LANCHOR1,. + 0
 349              	TEMP_TaskHandle:
 350 0000 00000000 		.space	4
 351              		.text
ARM GAS  C:\Users\Test\AppData\Local\Temp\ccfO5Xz6.s 			page 7


 352              	.Letext0:
 353              		.file 2 "../c:\\users\\test\\desktop\\gnu mcu\\arm-none-eabi-gcc-10.2.1-1.1\\arm-none-eabi\\includ
 354              		.file 3 "../c:\\users\\test\\desktop\\gnu mcu\\arm-none-eabi-gcc-10.2.1-1.1\\arm-none-eabi\\includ
 355              		.file 4 "../Middlewares/Third_Party/FreeRTOS/Source/portable/GCC/ARM_CM3/portmacro.h"
 356              		.file 5 "../Middlewares/Third_Party/FreeRTOS/Source/include/task.h"
 357              		.file 6 "../Middlewares/Third_Party/FreeRTOS/Source/include/queue.h"
 358              		.file 7 "../Drivers/CMSIS/Device/ST/STM32F1xx/Include/stm32f103x6.h"
 359              		.file 8 "../Drivers/CMSIS/Device/ST/STM32F1xx/Include/stm32f1xx.h"
 360              		.file 9 "../Drivers/STM32F1xx_HAL_Driver/Inc/stm32f1xx_hal_def.h"
 361              		.file 10 "../Drivers/STM32F1xx_HAL_Driver/Inc/stm32f1xx_hal_dma.h"
 362              		.file 11 "../Drivers/STM32F1xx_HAL_Driver/Inc/stm32f1xx_hal_adc.h"
 363              		.file 12 "../Core/Inc/adc.h"
ARM GAS  C:\Users\Test\AppData\Local\Temp\ccfO5Xz6.s 			page 8


DEFINED SYMBOLS
                            *ABS*:0000000000000000 driver_temp.c
C:\Users\Test\AppData\Local\Temp\ccfO5Xz6.s:21     .text.TEMP_Task:0000000000000000 $t
C:\Users\Test\AppData\Local\Temp\ccfO5Xz6.s:28     .text.TEMP_Task:0000000000000000 TEMP_Task
C:\Users\Test\AppData\Local\Temp\ccfO5Xz6.s:119    .text.TEMP_Task:0000000000000058 $d
C:\Users\Test\AppData\Local\Temp\ccfO5Xz6.s:138    .text.HAL_ADC_ConvCpltCallback:0000000000000000 $t
C:\Users\Test\AppData\Local\Temp\ccfO5Xz6.s:145    .text.HAL_ADC_ConvCpltCallback:0000000000000000 HAL_ADC_ConvCpltCallback
C:\Users\Test\AppData\Local\Temp\ccfO5Xz6.s:215    .text.HAL_ADC_ConvCpltCallback:000000000000003c $d
C:\Users\Test\AppData\Local\Temp\ccfO5Xz6.s:222    .text.TEMP_GetCurrentValue:0000000000000000 $t
C:\Users\Test\AppData\Local\Temp\ccfO5Xz6.s:229    .text.TEMP_GetCurrentValue:0000000000000000 TEMP_GetCurrentValue
C:\Users\Test\AppData\Local\Temp\ccfO5Xz6.s:265    .text.TEMP_GetCurrentValue:0000000000000020 $d
C:\Users\Test\AppData\Local\Temp\ccfO5Xz6.s:271    .rodata.TEMP_Init.str1.4:0000000000000000 $d
C:\Users\Test\AppData\Local\Temp\ccfO5Xz6.s:275    .text.TEMP_Init:0000000000000000 $t
C:\Users\Test\AppData\Local\Temp\ccfO5Xz6.s:282    .text.TEMP_Init:0000000000000000 TEMP_Init
C:\Users\Test\AppData\Local\Temp\ccfO5Xz6.s:328    .text.TEMP_Init:000000000000002c $d
C:\Users\Test\AppData\Local\Temp\ccfO5Xz6.s:338    .bss.TEMP_MailboxHandle:0000000000000000 $d
C:\Users\Test\AppData\Local\Temp\ccfO5Xz6.s:342    .bss.TEMP_MailboxHandle:0000000000000000 TEMP_MailboxHandle
C:\Users\Test\AppData\Local\Temp\ccfO5Xz6.s:345    .bss.TEMP_TaskHandle:0000000000000000 $d
C:\Users\Test\AppData\Local\Temp\ccfO5Xz6.s:349    .bss.TEMP_TaskHandle:0000000000000000 TEMP_TaskHandle

UNDEFINED SYMBOLS
__aeabi_ui2f
__aeabi_f2d
__aeabi_dmul
__aeabi_d2f
__aeabi_fmul
hadc1
HAL_ADC_Start_IT
ulTaskNotifyTake
HAL_ADC_GetValue
xQueueGenericSend
vTaskDelay
vTaskNotifyGiveFromISR
xQueuePeek
xQueueGenericCreate
xTaskCreate
