ARM GAS  C:\Users\Test\AppData\Local\Temp\ccqESzO5.s 			page 1


   1              		.cpu cortex-m3
   2              		.eabi_attribute 20, 1
   3              		.eabi_attribute 21, 1
   4              		.eabi_attribute 23, 3
   5              		.eabi_attribute 24, 1
   6              		.eabi_attribute 25, 1
   7              		.eabi_attribute 26, 1
   8              		.eabi_attribute 30, 1
   9              		.eabi_attribute 34, 1
  10              		.eabi_attribute 18, 4
  11              		.file	"driver_motor.c"
  12              		.text
  13              	.Ltext0:
  14              		.cfi_sections	.debug_frame
  15              		.section	.text.MOTOR_FullSpeed,"ax",%progbits
  16              		.align	1
  17              		.global	MOTOR_FullSpeed
  18              		.arch armv7-m
  19              		.syntax unified
  20              		.thumb
  21              		.thumb_func
  22              		.fpu softvfp
  24              	MOTOR_FullSpeed:
  25              	.LFB65:
  26              		.file 1 "../Core/Src/driver_motor.c"
   1:../Core/Src/driver_motor.c **** 
  27              		.loc 1 12 1 view -0
  28              		.cfi_startproc
  29              		@ args = 0, pretend = 0, frame = 0
  30              		@ frame_needed = 0, uses_anonymous_args = 0
  31              		@ link register save eliminated.
  32              		.loc 1 13 2 view .LVU1
  33              		.loc 1 13 7 is_stmt 0 view .LVU2
  34 0000 024B     		ldr	r3, .L2
  35 0002 1B68     		ldr	r3, [r3]
  36              		.loc 1 13 23 view .LVU3
  37 0004 0A22     		movs	r2, #10
  38 0006 5A63     		str	r2, [r3, #52]
  39              		.loc 1 14 1 view .LVU4
  40 0008 7047     		bx	lr
  41              	.L3:
  42 000a 00BF     		.align	2
  43              	.L2:
  44 000c 00000000 		.word	htim3
  45              		.cfi_endproc
  46              	.LFE65:
  48              		.section	.text.MOTOR_HalfSpeed,"ax",%progbits
  49              		.align	1
  50              		.global	MOTOR_HalfSpeed
  51              		.syntax unified
  52              		.thumb
  53              		.thumb_func
  54              		.fpu softvfp
  56              	MOTOR_HalfSpeed:
  57              	.LFB66:
  58              		.loc 1 17 1 is_stmt 1 view -0
  59              		.cfi_startproc
ARM GAS  C:\Users\Test\AppData\Local\Temp\ccqESzO5.s 			page 2


  60              		@ args = 0, pretend = 0, frame = 0
  61              		@ frame_needed = 0, uses_anonymous_args = 0
  62              		@ link register save eliminated.
  63              		.loc 1 18 2 view .LVU6
  64              		.loc 1 18 7 is_stmt 0 view .LVU7
  65 0000 024B     		ldr	r3, .L5
  66 0002 1B68     		ldr	r3, [r3]
  67              		.loc 1 18 23 view .LVU8
  68 0004 0522     		movs	r2, #5
  69 0006 5A63     		str	r2, [r3, #52]
  70              		.loc 1 19 1 view .LVU9
  71 0008 7047     		bx	lr
  72              	.L6:
  73 000a 00BF     		.align	2
  74              	.L5:
  75 000c 00000000 		.word	htim3
  76              		.cfi_endproc
  77              	.LFE66:
  79              		.section	.text.MOTOR_Off,"ax",%progbits
  80              		.align	1
  81              		.global	MOTOR_Off
  82              		.syntax unified
  83              		.thumb
  84              		.thumb_func
  85              		.fpu softvfp
  87              	MOTOR_Off:
  88              	.LFB67:
  89              		.loc 1 22 1 is_stmt 1 view -0
  90              		.cfi_startproc
  91              		@ args = 0, pretend = 0, frame = 0
  92              		@ frame_needed = 0, uses_anonymous_args = 0
  93              		@ link register save eliminated.
  94              		.loc 1 23 2 view .LVU11
  95              		.loc 1 23 7 is_stmt 0 view .LVU12
  96 0000 024B     		ldr	r3, .L8
  97 0002 1B68     		ldr	r3, [r3]
  98              		.loc 1 23 23 view .LVU13
  99 0004 0022     		movs	r2, #0
 100 0006 5A63     		str	r2, [r3, #52]
 101              		.loc 1 24 1 view .LVU14
 102 0008 7047     		bx	lr
 103              	.L9:
 104 000a 00BF     		.align	2
 105              	.L8:
 106 000c 00000000 		.word	htim3
 107              		.cfi_endproc
 108              	.LFE67:
 110              		.section	.text.MOTOR_Init,"ax",%progbits
 111              		.align	1
 112              		.global	MOTOR_Init
 113              		.syntax unified
 114              		.thumb
 115              		.thumb_func
 116              		.fpu softvfp
 118              	MOTOR_Init:
 119              	.LFB68:
 120              		.loc 1 27 1 is_stmt 1 view -0
ARM GAS  C:\Users\Test\AppData\Local\Temp\ccqESzO5.s 			page 3


 121              		.cfi_startproc
 122              		@ args = 0, pretend = 0, frame = 0
 123              		@ frame_needed = 0, uses_anonymous_args = 0
 124 0000 08B5     		push	{r3, lr}
 125              	.LCFI0:
 126              		.cfi_def_cfa_offset 8
 127              		.cfi_offset 3, -8
 128              		.cfi_offset 14, -4
 129              		.loc 1 28 2 view .LVU16
 130              		.loc 1 28 7 is_stmt 0 view .LVU17
 131 0002 0348     		ldr	r0, .L12
 132 0004 0368     		ldr	r3, [r0]
 133              		.loc 1 28 23 view .LVU18
 134 0006 0021     		movs	r1, #0
 135 0008 5963     		str	r1, [r3, #52]
 136              		.loc 1 29 2 is_stmt 1 view .LVU19
 137 000a 024B     		ldr	r3, .L12+4
 138 000c 9847     		blx	r3
 139              	.LVL0:
 140              		.loc 1 30 1 is_stmt 0 view .LVU20
 141 000e 08BD     		pop	{r3, pc}
 142              	.L13:
 143              		.align	2
 144              	.L12:
 145 0010 00000000 		.word	htim3
 146 0014 00000000 		.word	HAL_TIM_PWM_Start_IT
 147              		.cfi_endproc
 148              	.LFE68:
 150              		.text
 151              	.Letext0:
 152              		.file 2 "../c:\\users\\test\\desktop\\gnu mcu\\arm-none-eabi-gcc-10.2.1-1.1\\arm-none-eabi\\includ
 153              		.file 3 "../c:\\users\\test\\desktop\\gnu mcu\\arm-none-eabi-gcc-10.2.1-1.1\\arm-none-eabi\\includ
 154              		.file 4 "../Drivers/CMSIS/Device/ST/STM32F1xx/Include/stm32f103x6.h"
 155              		.file 5 "../Drivers/STM32F1xx_HAL_Driver/Inc/stm32f1xx_hal_def.h"
 156              		.file 6 "../Drivers/STM32F1xx_HAL_Driver/Inc/stm32f1xx_hal_dma.h"
 157              		.file 7 "../Drivers/STM32F1xx_HAL_Driver/Inc/stm32f1xx_hal_tim.h"
 158              		.file 8 "../Core/Inc/tim.h"
ARM GAS  C:\Users\Test\AppData\Local\Temp\ccqESzO5.s 			page 4


DEFINED SYMBOLS
                            *ABS*:0000000000000000 driver_motor.c
C:\Users\Test\AppData\Local\Temp\ccqESzO5.s:16     .text.MOTOR_FullSpeed:0000000000000000 $t
C:\Users\Test\AppData\Local\Temp\ccqESzO5.s:24     .text.MOTOR_FullSpeed:0000000000000000 MOTOR_FullSpeed
C:\Users\Test\AppData\Local\Temp\ccqESzO5.s:44     .text.MOTOR_FullSpeed:000000000000000c $d
C:\Users\Test\AppData\Local\Temp\ccqESzO5.s:49     .text.MOTOR_HalfSpeed:0000000000000000 $t
C:\Users\Test\AppData\Local\Temp\ccqESzO5.s:56     .text.MOTOR_HalfSpeed:0000000000000000 MOTOR_HalfSpeed
C:\Users\Test\AppData\Local\Temp\ccqESzO5.s:75     .text.MOTOR_HalfSpeed:000000000000000c $d
C:\Users\Test\AppData\Local\Temp\ccqESzO5.s:80     .text.MOTOR_Off:0000000000000000 $t
C:\Users\Test\AppData\Local\Temp\ccqESzO5.s:87     .text.MOTOR_Off:0000000000000000 MOTOR_Off
C:\Users\Test\AppData\Local\Temp\ccqESzO5.s:106    .text.MOTOR_Off:000000000000000c $d
C:\Users\Test\AppData\Local\Temp\ccqESzO5.s:111    .text.MOTOR_Init:0000000000000000 $t
C:\Users\Test\AppData\Local\Temp\ccqESzO5.s:118    .text.MOTOR_Init:0000000000000000 MOTOR_Init
C:\Users\Test\AppData\Local\Temp\ccqESzO5.s:145    .text.MOTOR_Init:0000000000000010 $d

UNDEFINED SYMBOLS
htim3
HAL_TIM_PWM_Start_IT
