ARM GAS  C:\Users\Test\AppData\Local\Temp\cc1sRbNl.s 			page 1


   1              		.cpu cortex-m3
   2              		.eabi_attribute 20, 1
   3              		.eabi_attribute 21, 1
   4              		.eabi_attribute 23, 3
   5              		.eabi_attribute 24, 1
   6              		.eabi_attribute 25, 1
   7              		.eabi_attribute 26, 1
   8              		.eabi_attribute 30, 1
   9              		.eabi_attribute 34, 1
  10              		.eabi_attribute 18, 4
  11              		.file	"event_groups.c"
  12              		.text
  13              	.Ltext0:
  14              		.cfi_sections	.debug_frame
  15              		.section	.text.prvTestWaitCondition,"ax",%progbits
  16              		.align	1
  17              		.arch armv7-m
  18              		.syntax unified
  19              		.thumb
  20              		.thumb_func
  21              		.fpu softvfp
  23              	prvTestWaitCondition:
  24              	.LVL0:
  25              	.LFB15:
  26              		.file 1 "../Middlewares/Third_Party/FreeRTOS/Source/event_groups.c"
   1:../Middlewares/Third_Party/FreeRTOS/Source/event_groups.c **** 
  27              		.loc 1 657 1 view -0
  28              		.cfi_startproc
  29              		@ args = 0, pretend = 0, frame = 0
  30              		@ frame_needed = 0, uses_anonymous_args = 0
  31              		@ link register save eliminated.
  32              		.loc 1 658 1 view .LVU1
  33              		.loc 1 660 2 view .LVU2
  34              		.loc 1 660 4 is_stmt 0 view .LVU3
  35 0000 1AB9     		cbnz	r2, .L2
  36              		.loc 1 664 3 is_stmt 1 view .LVU4
  37              		.loc 1 664 5 is_stmt 0 view .LVU5
  38 0002 0842     		tst	r0, r1
  39 0004 06D1     		bne	.L4
  40              		.loc 1 658 12 view .LVU6
  41 0006 1046     		mov	r0, r2
  42              	.LVL1:
  43              		.loc 1 658 12 view .LVU7
  44 0008 7047     		bx	lr
  45              	.LVL2:
  46              	.L2:
  47              		.loc 1 677 3 is_stmt 1 view .LVU8
  48              		.loc 1 677 5 is_stmt 0 view .LVU9
  49 000a 31EA0003 		bics	r3, r1, r0
  50 000e 03D0     		beq	.L5
  51              		.loc 1 658 12 view .LVU10
  52 0010 0020     		movs	r0, #0
  53              	.LVL3:
  54              		.loc 1 658 12 view .LVU11
  55 0012 7047     		bx	lr
  56              	.LVL4:
  57              	.L4:
ARM GAS  C:\Users\Test\AppData\Local\Temp\cc1sRbNl.s 			page 2


  58              		.loc 1 666 22 view .LVU12
  59 0014 0120     		movs	r0, #1
  60              	.LVL5:
  61              		.loc 1 666 22 view .LVU13
  62 0016 7047     		bx	lr
  63              	.LVL6:
  64              	.L5:
  65              		.loc 1 679 22 view .LVU14
  66 0018 0120     		movs	r0, #1
  67              	.LVL7:
  68              		.loc 1 683 28 is_stmt 1 view .LVU15
  69              		.loc 1 687 2 view .LVU16
  70              		.loc 1 688 1 is_stmt 0 view .LVU17
  71 001a 7047     		bx	lr
  72              		.cfi_endproc
  73              	.LFE15:
  75              		.section	.text.xEventGroupCreateStatic,"ax",%progbits
  76              		.align	1
  77              		.global	xEventGroupCreateStatic
  78              		.syntax unified
  79              		.thumb
  80              		.thumb_func
  81              		.fpu softvfp
  83              	xEventGroupCreateStatic:
  84              	.LVL8:
  85              	.LFB4:
  86              		.loc 1 94 2 is_stmt 1 view -0
  87              		.cfi_startproc
  88              		@ args = 0, pretend = 0, frame = 8
  89              		@ frame_needed = 0, uses_anonymous_args = 0
  90              		.loc 1 95 2 view .LVU19
  91              		.loc 1 98 3 view .LVU20
  92 0000 80B1     		cbz	r0, .L13
  93              		.loc 1 94 2 is_stmt 0 discriminator 2 view .LVU21
  94 0002 10B5     		push	{r4, lr}
  95              	.LCFI0:
  96              		.cfi_def_cfa_offset 8
  97              		.cfi_offset 4, -8
  98              		.cfi_offset 14, -4
  99 0004 82B0     		sub	sp, sp, #8
 100              	.LCFI1:
 101              		.cfi_def_cfa_offset 16
 102 0006 0446     		mov	r4, r0
 103              		.loc 1 98 37 is_stmt 1 discriminator 2 view .LVU22
 104              	.LBB36:
 105              		.loc 1 105 4 discriminator 2 view .LVU23
 106              		.loc 1 105 20 is_stmt 0 discriminator 2 view .LVU24
 107 0008 2023     		movs	r3, #32
 108 000a 0193     		str	r3, [sp, #4]
 109              		.loc 1 106 4 is_stmt 1 discriminator 2 view .LVU25
 110 000c 019B     		ldr	r3, [sp, #4]
 111 000e 202B     		cmp	r3, #32
 112 0010 11D0     		beq	.L9
 113              		.loc 1 106 4 view .LVU26
 114              	.LBB37:
 115              	.LBI37:
 116              		.file 2 "../Middlewares/Third_Party/FreeRTOS/Source/portable/GCC/ARM_CM3/portmacro.h"
ARM GAS  C:\Users\Test\AppData\Local\Temp\cc1sRbNl.s 			page 3


   1:../Middlewares/Third_Party/FreeRTOS/Source/portable/GCC/ARM_CM3/portmacro.h **** 
 117              		.loc 2 191 30 view .LVU27
 118              	.LBB38:
 119              		.loc 2 193 1 view .LVU28
 120              		.loc 2 195 2 view .LVU29
 121              		.syntax unified
 122              	@ 195 "Middlewares/Third_Party/FreeRTOS/Source/portable/GCC/ARM_CM3/portmacro.h" 1
 123 0012 4FF05003 			mov r3, #80												
 124 0016 83F31188 		msr basepri, r3											
 125 001a BFF36F8F 		isb														
 126 001e BFF34F8F 		dsb														
 127              	
 128              	@ 0 "" 2
 129              	.LVL9:
 130              		.thumb
 131              		.syntax unified
 132              	.L10:
 133              		.loc 2 195 2 is_stmt 0 view .LVU30
 134              	.LBE38:
 135              	.LBE37:
 136              		.loc 1 106 4 is_stmt 1 discriminator 2 view .LVU31
 137              		.loc 1 106 4 discriminator 2 view .LVU32
 138              		.loc 1 106 4 discriminator 2 view .LVU33
 139 0022 FEE7     		b	.L10
 140              	.L13:
 141              	.LCFI2:
 142              		.cfi_def_cfa_offset 0
 143              		.cfi_restore 4
 144              		.cfi_restore 14
 145              		.loc 1 106 4 is_stmt 0 discriminator 2 view .LVU34
 146              	.LBE36:
 147              		.loc 1 98 3 is_stmt 1 view .LVU35
 148              	.LBB39:
 149              	.LBI39:
 150              		.loc 2 191 30 view .LVU36
 151              	.LBB40:
 152              		.loc 2 193 1 view .LVU37
 153              		.loc 2 195 2 view .LVU38
 154              		.syntax unified
 155              	@ 195 "Middlewares/Third_Party/FreeRTOS/Source/portable/GCC/ARM_CM3/portmacro.h" 1
 156 0024 4FF05003 			mov r3, #80												
 157 0028 83F31188 		msr basepri, r3											
 158 002c BFF36F8F 		isb														
 159 0030 BFF34F8F 		dsb														
 160              	
 161              	@ 0 "" 2
 162              	.LVL10:
 163              		.thumb
 164              		.syntax unified
 165              	.L8:
 166              		.loc 2 195 2 is_stmt 0 view .LVU39
 167              	.LBE40:
 168              	.LBE39:
 169              		.loc 1 98 3 is_stmt 1 discriminator 1 view .LVU40
 170              		.loc 1 98 3 discriminator 1 view .LVU41
 171              		.loc 1 98 3 discriminator 1 view .LVU42
 172 0034 FEE7     		b	.L8
ARM GAS  C:\Users\Test\AppData\Local\Temp\cc1sRbNl.s 			page 4


 173              	.L9:
 174              	.LCFI3:
 175              		.cfi_def_cfa_offset 16
 176              		.cfi_offset 4, -8
 177              		.cfi_offset 14, -4
 178              	.LBB41:
 179              		.loc 1 106 51 view .LVU43
 180              	.LBE41:
 181              		.loc 1 111 3 view .LVU44
 182              	.LVL11:
 183              		.loc 1 113 3 view .LVU45
 184              		.loc 1 115 4 view .LVU46
 185              		.loc 1 115 29 is_stmt 0 view .LVU47
 186 0036 0023     		movs	r3, #0
 187 0038 40F8043B 		str	r3, [r0], #4
 188              	.LVL12:
 189              		.loc 1 116 4 is_stmt 1 view .LVU48
 190 003c 034B     		ldr	r3, .L14
 191 003e 9847     		blx	r3
 192              	.LVL13:
 193              		.loc 1 123 5 view .LVU49
 194              		.loc 1 123 40 is_stmt 0 view .LVU50
 195 0040 0123     		movs	r3, #1
 196 0042 2377     		strb	r3, [r4, #28]
 197              		.loc 1 127 42 is_stmt 1 view .LVU51
 198              		.loc 1 131 36 view .LVU52
 199              		.loc 1 134 3 view .LVU53
 200              		.loc 1 135 2 is_stmt 0 view .LVU54
 201 0044 2046     		mov	r0, r4
 202 0046 02B0     		add	sp, sp, #8
 203              	.LCFI4:
 204              		.cfi_def_cfa_offset 8
 205              		@ sp needed
 206 0048 10BD     		pop	{r4, pc}
 207              	.LVL14:
 208              	.L15:
 209              		.loc 1 135 2 view .LVU55
 210 004a 00BF     		.align	2
 211              	.L14:
 212 004c 00000000 		.word	vListInitialise
 213              		.cfi_endproc
 214              	.LFE4:
 216              		.section	.text.xEventGroupCreate,"ax",%progbits
 217              		.align	1
 218              		.global	xEventGroupCreate
 219              		.syntax unified
 220              		.thumb
 221              		.thumb_func
 222              		.fpu softvfp
 224              	xEventGroupCreate:
 225              	.LFB5:
 226              		.loc 1 143 2 is_stmt 1 view -0
 227              		.cfi_startproc
 228              		@ args = 0, pretend = 0, frame = 0
 229              		@ frame_needed = 0, uses_anonymous_args = 0
 230 0000 38B5     		push	{r3, r4, r5, lr}
 231              	.LCFI5:
ARM GAS  C:\Users\Test\AppData\Local\Temp\cc1sRbNl.s 			page 5


 232              		.cfi_def_cfa_offset 16
 233              		.cfi_offset 3, -16
 234              		.cfi_offset 4, -12
 235              		.cfi_offset 5, -8
 236              		.cfi_offset 14, -4
 237              		.loc 1 144 2 view .LVU57
 238              		.loc 1 147 3 view .LVU58
 239              		.loc 1 147 36 is_stmt 0 view .LVU59
 240 0002 2020     		movs	r0, #32
 241 0004 054B     		ldr	r3, .L19
 242 0006 9847     		blx	r3
 243              	.LVL15:
 244              		.loc 1 149 3 is_stmt 1 view .LVU60
 245              		.loc 1 149 5 is_stmt 0 view .LVU61
 246 0008 0446     		mov	r4, r0
 247 000a 28B1     		cbz	r0, .L16
 248              		.loc 1 151 4 is_stmt 1 view .LVU62
 249              		.loc 1 151 29 is_stmt 0 view .LVU63
 250 000c 0025     		movs	r5, #0
 251 000e 40F8045B 		str	r5, [r0], #4
 252              	.LVL16:
 253              		.loc 1 152 4 is_stmt 1 view .LVU64
 254 0012 034B     		ldr	r3, .L19+4
 255 0014 9847     		blx	r3
 256              	.LVL17:
 257              		.loc 1 159 5 view .LVU65
 258              		.loc 1 159 40 is_stmt 0 view .LVU66
 259 0016 2577     		strb	r5, [r4, #28]
 260              		.loc 1 163 42 is_stmt 1 view .LVU67
 261              		.loc 1 167 36 view .LVU68
 262              		.loc 1 170 3 view .LVU69
 263              	.L16:
 264              		.loc 1 171 2 is_stmt 0 view .LVU70
 265 0018 2046     		mov	r0, r4
 266 001a 38BD     		pop	{r3, r4, r5, pc}
 267              	.LVL18:
 268              	.L20:
 269              		.loc 1 171 2 view .LVU71
 270              		.align	2
 271              	.L19:
 272 001c 00000000 		.word	pvPortMalloc
 273 0020 00000000 		.word	vListInitialise
 274              		.cfi_endproc
 275              	.LFE5:
 277              		.section	.text.xEventGroupWaitBits,"ax",%progbits
 278              		.align	1
 279              		.global	xEventGroupWaitBits
 280              		.syntax unified
 281              		.thumb
 282              		.thumb_func
 283              		.fpu softvfp
 285              	xEventGroupWaitBits:
 286              	.LVL19:
 287              	.LFB7:
 288              		.loc 1 297 1 is_stmt 1 view -0
 289              		.cfi_startproc
 290              		@ args = 4, pretend = 0, frame = 0
ARM GAS  C:\Users\Test\AppData\Local\Temp\cc1sRbNl.s 			page 6


 291              		@ frame_needed = 0, uses_anonymous_args = 0
 292              		.loc 1 297 1 is_stmt 0 view .LVU73
 293 0000 2DE9F843 		push	{r3, r4, r5, r6, r7, r8, r9, lr}
 294              	.LCFI6:
 295              		.cfi_def_cfa_offset 32
 296              		.cfi_offset 3, -32
 297              		.cfi_offset 4, -28
 298              		.cfi_offset 5, -24
 299              		.cfi_offset 6, -20
 300              		.cfi_offset 7, -16
 301              		.cfi_offset 8, -12
 302              		.cfi_offset 9, -8
 303              		.cfi_offset 14, -4
 304              		.loc 1 298 1 is_stmt 1 view .LVU74
 305              	.LVL20:
 306              		.loc 1 299 1 view .LVU75
 307              		.loc 1 300 1 view .LVU76
 308              		.loc 1 301 1 view .LVU77
 309              		.loc 1 305 2 view .LVU78
 310 0004 78B1     		cbz	r0, .L41
 311 0006 0C46     		mov	r4, r1
 312 0008 1646     		mov	r6, r2
 313 000a 1D46     		mov	r5, r3
 314 000c 0746     		mov	r7, r0
 315              		.loc 1 305 29 discriminator 2 view .LVU79
 316              		.loc 1 306 2 discriminator 2 view .LVU80
 317 000e 11F07F48 		ands	r8, r1, #-16777216
 318 0012 11D0     		beq	.L24
 319              		.loc 1 306 2 view .LVU81
 320              	.LBB42:
 321              	.LBI42:
 322              		.loc 2 191 30 view .LVU82
 323              	.LBB43:
 324              		.loc 2 193 1 view .LVU83
 325              		.loc 2 195 2 view .LVU84
 326              		.syntax unified
 327              	@ 195 "Middlewares/Third_Party/FreeRTOS/Source/portable/GCC/ARM_CM3/portmacro.h" 1
 328 0014 4FF05003 			mov r3, #80												
 329 0018 83F31188 		msr basepri, r3											
 330 001c BFF36F8F 		isb														
 331 0020 BFF34F8F 		dsb														
 332              	
 333              	@ 0 "" 2
 334              	.LVL21:
 335              		.thumb
 336              		.syntax unified
 337              	.L25:
 338              		.loc 2 195 2 is_stmt 0 view .LVU85
 339              	.LBE43:
 340              	.LBE42:
 341              		.loc 1 306 2 is_stmt 1 discriminator 2 view .LVU86
 342              		.loc 1 306 2 discriminator 2 view .LVU87
 343              		.loc 1 306 2 discriminator 2 view .LVU88
 344 0024 FEE7     		b	.L25
 345              	.LVL22:
 346              	.L41:
 347              		.loc 1 305 2 view .LVU89
ARM GAS  C:\Users\Test\AppData\Local\Temp\cc1sRbNl.s 			page 7


 348              	.LBB44:
 349              	.LBI44:
 350              		.loc 2 191 30 view .LVU90
 351              	.LBB45:
 352              		.loc 2 193 1 view .LVU91
 353              		.loc 2 195 2 view .LVU92
 354              		.syntax unified
 355              	@ 195 "Middlewares/Third_Party/FreeRTOS/Source/portable/GCC/ARM_CM3/portmacro.h" 1
 356 0026 4FF05003 			mov r3, #80												
 357 002a 83F31188 		msr basepri, r3											
 358 002e BFF36F8F 		isb														
 359 0032 BFF34F8F 		dsb														
 360              	
 361              	@ 0 "" 2
 362              	.LVL23:
 363              		.thumb
 364              		.syntax unified
 365              	.L23:
 366              		.loc 2 195 2 is_stmt 0 view .LVU93
 367              	.LBE45:
 368              	.LBE44:
 369              		.loc 1 305 2 is_stmt 1 discriminator 1 view .LVU94
 370              		.loc 1 305 2 discriminator 1 view .LVU95
 371              		.loc 1 305 2 discriminator 1 view .LVU96
 372 0036 FEE7     		b	.L23
 373              	.LVL24:
 374              	.L24:
 375              		.loc 1 306 74 discriminator 2 view .LVU97
 376              		.loc 1 307 2 discriminator 2 view .LVU98
 377 0038 41B9     		cbnz	r1, .L26
 378              		.loc 1 307 2 view .LVU99
 379              	.LBB46:
 380              	.LBI46:
 381              		.loc 2 191 30 view .LVU100
 382              	.LBB47:
 383              		.loc 2 193 1 view .LVU101
 384              		.loc 2 195 2 view .LVU102
 385              		.syntax unified
 386              	@ 195 "Middlewares/Third_Party/FreeRTOS/Source/portable/GCC/ARM_CM3/portmacro.h" 1
 387 003a 4FF05003 			mov r3, #80												
 388 003e 83F31188 		msr basepri, r3											
 389 0042 BFF36F8F 		isb														
 390 0046 BFF34F8F 		dsb														
 391              	
 392              	@ 0 "" 2
 393              	.LVL25:
 394              		.thumb
 395              		.syntax unified
 396              	.L27:
 397              		.loc 2 195 2 is_stmt 0 view .LVU103
 398              	.LBE47:
 399              	.LBE46:
 400              		.loc 1 307 2 is_stmt 1 discriminator 3 view .LVU104
 401              		.loc 1 307 2 discriminator 3 view .LVU105
 402              		.loc 1 307 2 discriminator 3 view .LVU106
 403 004a FEE7     		b	.L27
 404              	.LVL26:
ARM GAS  C:\Users\Test\AppData\Local\Temp\cc1sRbNl.s 			page 8


 405              	.L26:
 406              		.loc 1 307 38 discriminator 2 view .LVU107
 407              		.loc 1 310 3 discriminator 2 view .LVU108
 408 004c 2E4B     		ldr	r3, .L43
 409              	.LVL27:
 410              		.loc 1 310 3 is_stmt 0 discriminator 2 view .LVU109
 411 004e 9847     		blx	r3
 412              	.LVL28:
 413              		.loc 1 310 3 discriminator 2 view .LVU110
 414 0050 50B9     		cbnz	r0, .L28
 415 0052 089B     		ldr	r3, [sp, #32]
 416 0054 43B1     		cbz	r3, .L28
 417              		.loc 1 310 3 is_stmt 1 view .LVU111
 418              	.LBB48:
 419              	.LBI48:
 420              		.loc 2 191 30 view .LVU112
 421              	.LBB49:
 422              		.loc 2 193 1 view .LVU113
 423              		.loc 2 195 2 view .LVU114
 424              		.syntax unified
 425              	@ 195 "Middlewares/Third_Party/FreeRTOS/Source/portable/GCC/ARM_CM3/portmacro.h" 1
 426 0056 4FF05003 			mov r3, #80												
 427 005a 83F31188 		msr basepri, r3											
 428 005e BFF36F8F 		isb														
 429 0062 BFF34F8F 		dsb														
 430              	
 431              	@ 0 "" 2
 432              	.LVL29:
 433              		.thumb
 434              		.syntax unified
 435              	.L29:
 436              		.loc 2 195 2 is_stmt 0 view .LVU115
 437              	.LBE49:
 438              	.LBE48:
 439              		.loc 1 310 3 is_stmt 1 discriminator 4 view .LVU116
 440              		.loc 1 310 3 discriminator 4 view .LVU117
 441              		.loc 1 310 3 discriminator 4 view .LVU118
 442 0066 FEE7     		b	.L29
 443              	.L28:
 444              		.loc 1 310 104 discriminator 8 view .LVU119
 445              		.loc 1 314 2 discriminator 8 view .LVU120
 446 0068 284B     		ldr	r3, .L43+4
 447 006a 9847     		blx	r3
 448              	.LVL30:
 449              	.LBB50:
 450              		.loc 1 316 3 discriminator 8 view .LVU121
 451              		.loc 1 316 21 is_stmt 0 discriminator 8 view .LVU122
 452 006c D7F80090 		ldr	r9, [r7]
 453              	.LVL31:
 454              		.loc 1 319 3 is_stmt 1 discriminator 8 view .LVU123
 455              		.loc 1 319 23 is_stmt 0 discriminator 8 view .LVU124
 456 0070 2A46     		mov	r2, r5
 457 0072 2146     		mov	r1, r4
 458 0074 4846     		mov	r0, r9
 459 0076 264B     		ldr	r3, .L43+8
 460 0078 9847     		blx	r3
 461              	.LVL32:
ARM GAS  C:\Users\Test\AppData\Local\Temp\cc1sRbNl.s 			page 9


 462              		.loc 1 321 3 is_stmt 1 discriminator 8 view .LVU125
 463              		.loc 1 321 5 is_stmt 0 discriminator 8 view .LVU126
 464 007a F0B1     		cbz	r0, .L30
 465              		.loc 1 325 4 is_stmt 1 view .LVU127
 466              	.LVL33:
 467              		.loc 1 326 4 view .LVU128
 468              		.loc 1 329 4 view .LVU129
 469              		.loc 1 329 6 is_stmt 0 view .LVU130
 470 007c 16B1     		cbz	r6, .L31
 471              		.loc 1 331 5 is_stmt 1 view .LVU131
 472              		.loc 1 331 30 is_stmt 0 view .LVU132
 473 007e 29EA0403 		bic	r3, r9, r4
 474 0082 3B60     		str	r3, [r7]
 475              	.LVL34:
 476              	.L31:
 477              		.loc 1 379 68 is_stmt 1 view .LVU133
 478              	.LBE50:
 479              		.loc 1 382 2 view .LVU134
 480              		.loc 1 382 20 is_stmt 0 view .LVU135
 481 0084 234B     		ldr	r3, .L43+12
 482 0086 9847     		blx	r3
 483              	.LVL35:
 484              		.loc 1 384 2 is_stmt 1 view .LVU136
 485              		.loc 1 384 4 is_stmt 0 view .LVU137
 486 0088 B8F1000F 		cmp	r8, #0
 487 008c 12D0     		beq	.L21
 488              		.loc 1 386 3 is_stmt 1 view .LVU138
 489              		.loc 1 386 5 is_stmt 0 view .LVU139
 490 008e 48B9     		cbnz	r0, .L35
 491              		.loc 1 388 4 is_stmt 1 view .LVU140
 492 0090 4FF0E023 		mov	r3, #-536813568
 493 0094 4FF08052 		mov	r2, #268435456
 494 0098 C3F8042D 		str	r2, [r3, #3332]
 495              		.loc 1 388 4 view .LVU141
 496              		.syntax unified
 497              	@ 388 "Middlewares/Third_Party/FreeRTOS/Source/event_groups.c" 1
 498 009c BFF34F8F 		dsb
 499              	@ 0 "" 2
 500              		.loc 1 388 4 view .LVU142
 501              	@ 388 "Middlewares/Third_Party/FreeRTOS/Source/event_groups.c" 1
 502 00a0 BFF36F8F 		isb
 503              	@ 0 "" 2
 504              		.loc 1 388 26 view .LVU143
 505              		.thumb
 506              		.syntax unified
 507              	.L35:
 508              		.loc 1 392 28 view .LVU144
 509              		.loc 1 399 3 view .LVU145
 510              		.loc 1 399 14 is_stmt 0 view .LVU146
 511 00a4 1C4B     		ldr	r3, .L43+16
 512 00a6 9847     		blx	r3
 513              	.LVL36:
 514              		.loc 1 399 14 view .LVU147
 515 00a8 8146     		mov	r9, r0
 516              	.LVL37:
 517              		.loc 1 401 3 is_stmt 1 view .LVU148
 518              		.loc 1 401 5 is_stmt 0 view .LVU149
ARM GAS  C:\Users\Test\AppData\Local\Temp\cc1sRbNl.s 			page 10


 519 00aa 10F0007F 		tst	r0, #33554432
 520 00ae 1AD0     		beq	.L42
 521              	.LVL38:
 522              	.L36:
 523              		.loc 1 432 3 is_stmt 1 view .LVU150
 524              		.loc 1 435 3 view .LVU151
 525              		.loc 1 435 12 is_stmt 0 view .LVU152
 526 00b0 29F07F49 		bic	r9, r9, #-16777216
 527              	.LVL39:
 528              		.loc 1 437 2 is_stmt 1 view .LVU153
 529              		.loc 1 440 2 view .LVU154
 530              		.loc 1 442 2 view .LVU155
 531              	.L21:
 532              		.loc 1 443 1 is_stmt 0 view .LVU156
 533 00b4 4846     		mov	r0, r9
 534 00b6 BDE8F883 		pop	{r3, r4, r5, r6, r7, r8, r9, pc}
 535              	.LVL40:
 536              	.L30:
 537              	.LBB51:
 538              		.loc 1 338 8 is_stmt 1 view .LVU157
 539              		.loc 1 338 10 is_stmt 0 view .LVU158
 540 00ba 089B     		ldr	r3, [sp, #32]
 541 00bc 83B1     		cbz	r3, .L38
 542              		.loc 1 351 4 is_stmt 1 view .LVU159
 543              		.loc 1 351 6 is_stmt 0 view .LVU160
 544 00be 66B9     		cbnz	r6, .L39
 545              	.LBE51:
 546              		.loc 1 299 23 view .LVU161
 547 00c0 4146     		mov	r1, r8
 548              	.L32:
 549              	.LVL41:
 550              	.LBB52:
 551              		.loc 1 357 29 is_stmt 1 view .LVU162
 552              		.loc 1 360 4 view .LVU163
 553              		.loc 1 360 6 is_stmt 0 view .LVU164
 554 00c2 0DB1     		cbz	r5, .L33
 555              		.loc 1 362 5 is_stmt 1 view .LVU165
 556              		.loc 1 362 19 is_stmt 0 view .LVU166
 557 00c4 41F08061 		orr	r1, r1, #67108864
 558              	.LVL42:
 559              	.L33:
 560              		.loc 1 366 29 is_stmt 1 view .LVU167
 561              		.loc 1 372 4 view .LVU168
 562 00c8 089A     		ldr	r2, [sp, #32]
 563 00ca 2143     		orrs	r1, r1, r4
 564              	.LVL43:
 565              		.loc 1 372 4 is_stmt 0 view .LVU169
 566 00cc 381D     		adds	r0, r7, #4
 567              	.LVL44:
 568              		.loc 1 372 4 view .LVU170
 569 00ce 134B     		ldr	r3, .L43+20
 570 00d0 9847     		blx	r3
 571              	.LVL45:
 572              		.loc 1 377 4 is_stmt 1 view .LVU171
 573              		.loc 1 377 13 is_stmt 0 view .LVU172
 574 00d2 C146     		mov	r9, r8
 575              	.LVL46:
ARM GAS  C:\Users\Test\AppData\Local\Temp\cc1sRbNl.s 			page 11


 576              		.loc 1 372 4 view .LVU173
 577 00d4 DDF82080 		ldr	r8, [sp, #32]
 578 00d8 D4E7     		b	.L31
 579              	.LVL47:
 580              	.L39:
 581              		.loc 1 353 19 view .LVU174
 582 00da 4FF08071 		mov	r1, #16777216
 583 00de F0E7     		b	.L32
 584              	.L38:
 585 00e0 DDF82080 		ldr	r8, [sp, #32]
 586 00e4 CEE7     		b	.L31
 587              	.LVL48:
 588              	.L42:
 589              		.loc 1 353 19 view .LVU175
 590              	.LBE52:
 591              		.loc 1 403 4 is_stmt 1 view .LVU176
 592 00e6 0E4B     		ldr	r3, .L43+24
 593 00e8 9847     		blx	r3
 594              	.LVL49:
 595              		.loc 1 406 5 view .LVU177
 596              		.loc 1 406 14 is_stmt 0 view .LVU178
 597 00ea D7F80090 		ldr	r9, [r7]
 598              	.LVL50:
 599              		.loc 1 410 5 is_stmt 1 view .LVU179
 600              		.loc 1 410 9 is_stmt 0 view .LVU180
 601 00ee 2A46     		mov	r2, r5
 602 00f0 2146     		mov	r1, r4
 603 00f2 4846     		mov	r0, r9
 604 00f4 064B     		ldr	r3, .L43+8
 605 00f6 9847     		blx	r3
 606              	.LVL51:
 607              		.loc 1 410 7 view .LVU181
 608 00f8 18B1     		cbz	r0, .L37
 609              		.loc 1 412 6 is_stmt 1 view .LVU182
 610              		.loc 1 412 8 is_stmt 0 view .LVU183
 611 00fa 16B1     		cbz	r6, .L37
 612              		.loc 1 414 7 is_stmt 1 view .LVU184
 613              		.loc 1 414 32 is_stmt 0 view .LVU185
 614 00fc 29EA0404 		bic	r4, r9, r4
 615              	.LVL52:
 616              		.loc 1 414 32 view .LVU186
 617 0100 3C60     		str	r4, [r7]
 618              	.L37:
 619              		.loc 1 423 30 is_stmt 1 view .LVU187
 620              		.loc 1 425 5 view .LVU188
 621              	.LVL53:
 622              		.loc 1 427 4 view .LVU189
 623 0102 084B     		ldr	r3, .L43+28
 624 0104 9847     		blx	r3
 625              	.LVL54:
 626 0106 D3E7     		b	.L36
 627              	.L44:
 628              		.align	2
 629              	.L43:
 630 0108 00000000 		.word	xTaskGetSchedulerState
 631 010c 00000000 		.word	vTaskSuspendAll
 632 0110 00000000 		.word	prvTestWaitCondition
ARM GAS  C:\Users\Test\AppData\Local\Temp\cc1sRbNl.s 			page 12


 633 0114 00000000 		.word	xTaskResumeAll
 634 0118 00000000 		.word	uxTaskResetEventItemValue
 635 011c 00000000 		.word	vTaskPlaceOnUnorderedEventList
 636 0120 00000000 		.word	vPortEnterCritical
 637 0124 00000000 		.word	vPortExitCritical
 638              		.cfi_endproc
 639              	.LFE7:
 641              		.section	.text.xEventGroupClearBits,"ax",%progbits
 642              		.align	1
 643              		.global	xEventGroupClearBits
 644              		.syntax unified
 645              		.thumb
 646              		.thumb_func
 647              		.fpu softvfp
 649              	xEventGroupClearBits:
 650              	.LVL55:
 651              	.LFB8:
 652              		.loc 1 447 1 view -0
 653              		.cfi_startproc
 654              		@ args = 0, pretend = 0, frame = 0
 655              		@ frame_needed = 0, uses_anonymous_args = 0
 656              		.loc 1 448 1 view .LVU191
 657              		.loc 1 449 1 view .LVU192
 658              		.loc 1 453 2 view .LVU193
 659 0000 70B1     		cbz	r0, .L52
 660              		.loc 1 447 1 is_stmt 0 discriminator 2 view .LVU194
 661 0002 70B5     		push	{r4, r5, r6, lr}
 662              	.LCFI7:
 663              		.cfi_def_cfa_offset 16
 664              		.cfi_offset 4, -16
 665              		.cfi_offset 5, -12
 666              		.cfi_offset 6, -8
 667              		.cfi_offset 14, -4
 668 0004 0C46     		mov	r4, r1
 669 0006 0546     		mov	r5, r0
 670              		.loc 1 453 29 is_stmt 1 discriminator 2 view .LVU195
 671              		.loc 1 454 2 discriminator 2 view .LVU196
 672 0008 11F07F4F 		tst	r1, #-16777216
 673 000c 11D0     		beq	.L48
 674              		.loc 1 454 2 view .LVU197
 675              	.LBB53:
 676              	.LBI53:
 677              		.loc 2 191 30 view .LVU198
 678              	.LBB54:
 679              		.loc 2 193 1 view .LVU199
 680              		.loc 2 195 2 view .LVU200
 681              		.syntax unified
 682              	@ 195 "Middlewares/Third_Party/FreeRTOS/Source/portable/GCC/ARM_CM3/portmacro.h" 1
 683 000e 4FF05003 			mov r3, #80												
 684 0012 83F31188 		msr basepri, r3											
 685 0016 BFF36F8F 		isb														
 686 001a BFF34F8F 		dsb														
 687              	
 688              	@ 0 "" 2
 689              	.LVL56:
 690              		.thumb
 691              		.syntax unified
ARM GAS  C:\Users\Test\AppData\Local\Temp\cc1sRbNl.s 			page 13


 692              	.L49:
 693              		.loc 2 195 2 is_stmt 0 view .LVU201
 694              	.LBE54:
 695              	.LBE53:
 696              		.loc 1 454 2 is_stmt 1 discriminator 2 view .LVU202
 697              		.loc 1 454 2 discriminator 2 view .LVU203
 698              		.loc 1 454 2 discriminator 2 view .LVU204
 699 001e FEE7     		b	.L49
 700              	.L52:
 701              	.LCFI8:
 702              		.cfi_def_cfa_offset 0
 703              		.cfi_restore 4
 704              		.cfi_restore 5
 705              		.cfi_restore 6
 706              		.cfi_restore 14
 707              		.loc 1 453 2 view .LVU205
 708              	.LBB55:
 709              	.LBI55:
 710              		.loc 2 191 30 view .LVU206
 711              	.LBB56:
 712              		.loc 2 193 1 view .LVU207
 713              		.loc 2 195 2 view .LVU208
 714              		.syntax unified
 715              	@ 195 "Middlewares/Third_Party/FreeRTOS/Source/portable/GCC/ARM_CM3/portmacro.h" 1
 716 0020 4FF05003 			mov r3, #80												
 717 0024 83F31188 		msr basepri, r3											
 718 0028 BFF36F8F 		isb														
 719 002c BFF34F8F 		dsb														
 720              	
 721              	@ 0 "" 2
 722              	.LVL57:
 723              		.thumb
 724              		.syntax unified
 725              	.L47:
 726              		.loc 2 195 2 is_stmt 0 view .LVU209
 727              	.LBE56:
 728              	.LBE55:
 729              		.loc 1 453 2 is_stmt 1 discriminator 1 view .LVU210
 730              		.loc 1 453 2 discriminator 1 view .LVU211
 731              		.loc 1 453 2 discriminator 1 view .LVU212
 732 0030 FEE7     		b	.L47
 733              	.L48:
 734              	.LCFI9:
 735              		.cfi_def_cfa_offset 16
 736              		.cfi_offset 4, -16
 737              		.cfi_offset 5, -12
 738              		.cfi_offset 6, -8
 739              		.cfi_offset 14, -4
 740              		.loc 1 454 72 discriminator 2 view .LVU213
 741              		.loc 1 456 2 discriminator 2 view .LVU214
 742 0032 054B     		ldr	r3, .L53
 743 0034 9847     		blx	r3
 744              	.LVL58:
 745              		.loc 1 458 60 discriminator 2 view .LVU215
 746              		.loc 1 462 3 discriminator 2 view .LVU216
 747              		.loc 1 462 12 is_stmt 0 discriminator 2 view .LVU217
 748 0036 2E68     		ldr	r6, [r5]
ARM GAS  C:\Users\Test\AppData\Local\Temp\cc1sRbNl.s 			page 14


 749              	.LVL59:
 750              		.loc 1 465 3 is_stmt 1 discriminator 2 view .LVU218
 751              		.loc 1 465 28 is_stmt 0 discriminator 2 view .LVU219
 752 0038 26EA0404 		bic	r4, r6, r4
 753              	.LVL60:
 754              		.loc 1 465 28 discriminator 2 view .LVU220
 755 003c 2C60     		str	r4, [r5]
 756              		.loc 1 467 2 is_stmt 1 discriminator 2 view .LVU221
 757 003e 034B     		ldr	r3, .L53+4
 758 0040 9847     		blx	r3
 759              	.LVL61:
 760              		.loc 1 469 2 discriminator 2 view .LVU222
 761              		.loc 1 470 1 is_stmt 0 discriminator 2 view .LVU223
 762 0042 3046     		mov	r0, r6
 763 0044 70BD     		pop	{r4, r5, r6, pc}
 764              	.LVL62:
 765              	.L54:
 766              		.loc 1 470 1 discriminator 2 view .LVU224
 767 0046 00BF     		.align	2
 768              	.L53:
 769 0048 00000000 		.word	vPortEnterCritical
 770 004c 00000000 		.word	vPortExitCritical
 771              		.cfi_endproc
 772              	.LFE8:
 774              		.section	.text.vEventGroupClearBitsCallback,"ax",%progbits
 775              		.align	1
 776              		.global	vEventGroupClearBitsCallback
 777              		.syntax unified
 778              		.thumb
 779              		.thumb_func
 780              		.fpu softvfp
 782              	vEventGroupClearBitsCallback:
 783              	.LVL63:
 784              	.LFB14:
 785              		.loc 1 651 1 is_stmt 1 view -0
 786              		.cfi_startproc
 787              		@ args = 0, pretend = 0, frame = 0
 788              		@ frame_needed = 0, uses_anonymous_args = 0
 789              		.loc 1 651 1 is_stmt 0 view .LVU226
 790 0000 08B5     		push	{r3, lr}
 791              	.LCFI10:
 792              		.cfi_def_cfa_offset 8
 793              		.cfi_offset 3, -8
 794              		.cfi_offset 14, -4
 795              		.loc 1 652 2 is_stmt 1 view .LVU227
 796              		.loc 1 652 11 is_stmt 0 view .LVU228
 797 0002 014B     		ldr	r3, .L57
 798 0004 9847     		blx	r3
 799              	.LVL64:
 800              		.loc 1 653 1 view .LVU229
 801 0006 08BD     		pop	{r3, pc}
 802              	.L58:
 803              		.align	2
 804              	.L57:
 805 0008 00000000 		.word	xEventGroupClearBits
 806              		.cfi_endproc
 807              	.LFE14:
ARM GAS  C:\Users\Test\AppData\Local\Temp\cc1sRbNl.s 			page 15


 809              		.section	.text.xEventGroupClearBitsFromISR,"ax",%progbits
 810              		.align	1
 811              		.global	xEventGroupClearBitsFromISR
 812              		.syntax unified
 813              		.thumb
 814              		.thumb_func
 815              		.fpu softvfp
 817              	xEventGroupClearBitsFromISR:
 818              	.LVL65:
 819              	.LFB9:
 820              		.loc 1 476 2 is_stmt 1 view -0
 821              		.cfi_startproc
 822              		@ args = 0, pretend = 0, frame = 0
 823              		@ frame_needed = 0, uses_anonymous_args = 0
 824              		.loc 1 476 2 is_stmt 0 view .LVU231
 825 0000 10B5     		push	{r4, lr}
 826              	.LCFI11:
 827              		.cfi_def_cfa_offset 8
 828              		.cfi_offset 4, -8
 829              		.cfi_offset 14, -4
 830 0002 0A46     		mov	r2, r1
 831              		.loc 1 477 3 is_stmt 1 view .LVU232
 832              		.loc 1 479 69 view .LVU233
 833              		.loc 1 480 3 view .LVU234
 834              		.loc 1 480 13 is_stmt 0 view .LVU235
 835 0004 0023     		movs	r3, #0
 836 0006 0146     		mov	r1, r0
 837              	.LVL66:
 838              		.loc 1 480 13 view .LVU236
 839 0008 0148     		ldr	r0, .L61
 840              	.LVL67:
 841              		.loc 1 480 13 view .LVU237
 842 000a 024C     		ldr	r4, .L61+4
 843 000c A047     		blx	r4
 844              	.LVL68:
 845              		.loc 1 482 3 is_stmt 1 view .LVU238
 846              		.loc 1 483 2 is_stmt 0 view .LVU239
 847 000e 10BD     		pop	{r4, pc}
 848              	.L62:
 849              		.align	2
 850              	.L61:
 851 0010 00000000 		.word	vEventGroupClearBitsCallback
 852 0014 00000000 		.word	xTimerPendFunctionCallFromISR
 853              		.cfi_endproc
 854              	.LFE9:
 856              		.section	.text.xEventGroupGetBitsFromISR,"ax",%progbits
 857              		.align	1
 858              		.global	xEventGroupGetBitsFromISR
 859              		.syntax unified
 860              		.thumb
 861              		.thumb_func
 862              		.fpu softvfp
 864              	xEventGroupGetBitsFromISR:
 865              	.LVL69:
 866              	.LFB10:
 867              		.loc 1 489 1 is_stmt 1 view -0
 868              		.cfi_startproc
ARM GAS  C:\Users\Test\AppData\Local\Temp\cc1sRbNl.s 			page 16


 869              		@ args = 0, pretend = 0, frame = 0
 870              		@ frame_needed = 0, uses_anonymous_args = 0
 871              		@ link register save eliminated.
 872              		.loc 1 490 1 view .LVU241
 873              		.loc 1 491 1 view .LVU242
 874              		.loc 1 492 1 view .LVU243
 875              		.loc 1 494 2 view .LVU244
 876              	.LBB57:
 877              	.LBI57:
 878              		.loc 2 207 34 view .LVU245
 879              	.LBB58:
 880              		.loc 2 209 1 view .LVU246
 881              		.loc 2 211 2 view .LVU247
 882              		.syntax unified
 883              	@ 211 "Middlewares/Third_Party/FreeRTOS/Source/portable/GCC/ARM_CM3/portmacro.h" 1
 884 0000 EFF31183 			mrs r3, basepri											
 885 0004 4FF05002 		mov r2, #80												
 886 0008 82F31188 		msr basepri, r2											
 887 000c BFF36F8F 		isb														
 888 0010 BFF34F8F 		dsb														
 889              	
 890              	@ 0 "" 2
 891              	.LVL70:
 892              		.loc 2 223 2 view .LVU248
 893              		.loc 2 223 2 is_stmt 0 view .LVU249
 894              		.thumb
 895              		.syntax unified
 896              	.LBE58:
 897              	.LBE57:
 898              		.loc 1 496 3 is_stmt 1 view .LVU250
 899              		.loc 1 496 12 is_stmt 0 view .LVU251
 900 0014 0068     		ldr	r0, [r0]
 901              	.LVL71:
 902              		.loc 1 498 2 is_stmt 1 view .LVU252
 903              	.LBB59:
 904              	.LBI59:
 905              		.loc 2 227 30 view .LVU253
 906              	.LBB60:
 907              		.loc 2 229 2 view .LVU254
 908              		.syntax unified
 909              	@ 229 "Middlewares/Third_Party/FreeRTOS/Source/portable/GCC/ARM_CM3/portmacro.h" 1
 910 0016 83F31188 			msr basepri, r3	
 911              	@ 0 "" 2
 912              	.LVL72:
 913              		.loc 2 229 2 is_stmt 0 view .LVU255
 914              		.thumb
 915              		.syntax unified
 916              	.LBE60:
 917              	.LBE59:
 918              		.loc 1 500 2 is_stmt 1 view .LVU256
 919              		.loc 1 501 1 is_stmt 0 view .LVU257
 920 001a 7047     		bx	lr
 921              		.cfi_endproc
 922              	.LFE10:
 924              		.section	.text.xEventGroupSetBits,"ax",%progbits
 925              		.align	1
 926              		.global	xEventGroupSetBits
ARM GAS  C:\Users\Test\AppData\Local\Temp\cc1sRbNl.s 			page 17


 927              		.syntax unified
 928              		.thumb
 929              		.thumb_func
 930              		.fpu softvfp
 932              	xEventGroupSetBits:
 933              	.LVL73:
 934              	.LFB11:
 935              		.loc 1 505 1 is_stmt 1 view -0
 936              		.cfi_startproc
 937              		@ args = 0, pretend = 0, frame = 0
 938              		@ frame_needed = 0, uses_anonymous_args = 0
 939              		.loc 1 505 1 is_stmt 0 view .LVU259
 940 0000 F8B5     		push	{r3, r4, r5, r6, r7, lr}
 941              	.LCFI12:
 942              		.cfi_def_cfa_offset 24
 943              		.cfi_offset 3, -24
 944              		.cfi_offset 4, -20
 945              		.cfi_offset 5, -16
 946              		.cfi_offset 6, -12
 947              		.cfi_offset 7, -8
 948              		.cfi_offset 14, -4
 949              		.loc 1 506 1 is_stmt 1 view .LVU260
 950              		.loc 1 507 1 view .LVU261
 951              		.loc 1 508 1 view .LVU262
 952              		.loc 1 509 1 view .LVU263
 953              	.LVL74:
 954              		.loc 1 510 1 view .LVU264
 955              		.loc 1 511 1 view .LVU265
 956              		.loc 1 515 2 view .LVU266
 957 0002 68B1     		cbz	r0, .L76
 958 0004 0D46     		mov	r5, r1
 959 0006 0446     		mov	r4, r0
 960              		.loc 1 515 29 discriminator 2 view .LVU267
 961              		.loc 1 516 2 discriminator 2 view .LVU268
 962 0008 11F07F47 		ands	r7, r1, #-16777216
 963 000c 11D0     		beq	.L67
 964              		.loc 1 516 2 view .LVU269
 965              	.LBB61:
 966              	.LBI61:
 967              		.loc 2 191 30 view .LVU270
 968              	.LBB62:
 969              		.loc 2 193 1 view .LVU271
 970              		.loc 2 195 2 view .LVU272
 971              		.syntax unified
 972              	@ 195 "Middlewares/Third_Party/FreeRTOS/Source/portable/GCC/ARM_CM3/portmacro.h" 1
 973 000e 4FF05003 			mov r3, #80												
 974 0012 83F31188 		msr basepri, r3											
 975 0016 BFF36F8F 		isb														
 976 001a BFF34F8F 		dsb														
 977              	
 978              	@ 0 "" 2
 979              	.LVL75:
 980              		.thumb
 981              		.syntax unified
 982              	.L68:
 983              		.loc 2 195 2 is_stmt 0 view .LVU273
 984              	.LBE62:
ARM GAS  C:\Users\Test\AppData\Local\Temp\cc1sRbNl.s 			page 18


 985              	.LBE61:
 986              		.loc 1 516 2 is_stmt 1 discriminator 2 view .LVU274
 987              		.loc 1 516 2 discriminator 2 view .LVU275
 988              		.loc 1 516 2 discriminator 2 view .LVU276
 989 001e FEE7     		b	.L68
 990              	.L76:
 991              		.loc 1 515 2 view .LVU277
 992              	.LBB63:
 993              	.LBI63:
 994              		.loc 2 191 30 view .LVU278
 995              	.LBB64:
 996              		.loc 2 193 1 view .LVU279
 997              		.loc 2 195 2 view .LVU280
 998              		.syntax unified
 999              	@ 195 "Middlewares/Third_Party/FreeRTOS/Source/portable/GCC/ARM_CM3/portmacro.h" 1
 1000 0020 4FF05003 			mov r3, #80												
 1001 0024 83F31188 		msr basepri, r3											
 1002 0028 BFF36F8F 		isb														
 1003 002c BFF34F8F 		dsb														
 1004              	
 1005              	@ 0 "" 2
 1006              	.LVL76:
 1007              		.thumb
 1008              		.syntax unified
 1009              	.L66:
 1010              		.loc 2 195 2 is_stmt 0 view .LVU281
 1011              	.LBE64:
 1012              	.LBE63:
 1013              		.loc 1 515 2 is_stmt 1 discriminator 1 view .LVU282
 1014              		.loc 1 515 2 discriminator 1 view .LVU283
 1015              		.loc 1 515 2 discriminator 1 view .LVU284
 1016 0030 FEE7     		b	.L66
 1017              	.L67:
 1018              		.loc 1 516 70 discriminator 2 view .LVU285
 1019              		.loc 1 518 2 discriminator 2 view .LVU286
 1020              	.LVL77:
 1021              		.loc 1 519 2 discriminator 2 view .LVU287
 1022              		.loc 1 519 12 is_stmt 0 discriminator 2 view .LVU288
 1023 0032 00F10C06 		add	r6, r0, #12
 1024              	.LVL78:
 1025              		.loc 1 520 2 is_stmt 1 discriminator 2 view .LVU289
 1026 0036 154B     		ldr	r3, .L78
 1027 0038 9847     		blx	r3
 1028              	.LVL79:
 1029              		.loc 1 522 56 discriminator 2 view .LVU290
 1030              		.loc 1 524 3 discriminator 2 view .LVU291
 1031              		.loc 1 524 14 is_stmt 0 discriminator 2 view .LVU292
 1032 003a 2069     		ldr	r0, [r4, #16]
 1033              	.LVL80:
 1034              		.loc 1 527 3 is_stmt 1 discriminator 2 view .LVU293
 1035              		.loc 1 527 28 is_stmt 0 discriminator 2 view .LVU294
 1036 003c 2368     		ldr	r3, [r4]
 1037 003e 2B43     		orrs	r3, r3, r5
 1038 0040 2360     		str	r3, [r4]
 1039              		.loc 1 530 3 is_stmt 1 discriminator 2 view .LVU295
 1040              		.loc 1 530 8 is_stmt 0 discriminator 2 view .LVU296
 1041 0042 0AE0     		b	.L69
ARM GAS  C:\Users\Test\AppData\Local\Temp\cc1sRbNl.s 			page 19


 1042              	.LVL81:
 1043              	.L70:
 1044              		.loc 1 552 9 is_stmt 1 view .LVU297
 1045              		.loc 1 552 44 is_stmt 0 view .LVU298
 1046 0044 2168     		ldr	r1, [r4]
 1047              		.loc 1 552 11 view .LVU299
 1048 0046 32EA0101 		bics	r1, r2, r1
 1049 004a 05D1     		bne	.L72
 1050              		.loc 1 552 11 view .LVU300
 1051 004c 11E0     		b	.L71
 1052              	.LVL82:
 1053              	.L73:
 1054              		.loc 1 571 30 is_stmt 1 view .LVU301
 1055              		.loc 1 579 5 view .LVU302
 1056              		.loc 1 579 63 is_stmt 0 view .LVU303
 1057 004e 2168     		ldr	r1, [r4]
 1058              		.loc 1 579 5 view .LVU304
 1059 0050 41F00071 		orr	r1, r1, #33554432
 1060 0054 0E4B     		ldr	r3, .L78+4
 1061              	.LVL83:
 1062              		.loc 1 579 5 view .LVU305
 1063 0056 9847     		blx	r3
 1064              	.LVL84:
 1065              	.L72:
 1066              		.loc 1 505 1 view .LVU306
 1067 0058 2846     		mov	r0, r5
 1068              	.LVL85:
 1069              	.L69:
 1070              		.loc 1 530 8 is_stmt 1 view .LVU307
 1071 005a B042     		cmp	r0, r6
 1072 005c 0ED0     		beq	.L77
 1073              		.loc 1 532 4 view .LVU308
 1074              		.loc 1 532 11 is_stmt 0 view .LVU309
 1075 005e 4568     		ldr	r5, [r0, #4]
 1076              	.LVL86:
 1077              		.loc 1 533 4 is_stmt 1 view .LVU310
 1078              		.loc 1 533 20 is_stmt 0 view .LVU311
 1079 0060 0368     		ldr	r3, [r0]
 1080              	.LVL87:
 1081              		.loc 1 534 4 is_stmt 1 view .LVU312
 1082              		.loc 1 537 4 view .LVU313
 1083              		.loc 1 538 4 view .LVU314
 1084              		.loc 1 538 20 is_stmt 0 view .LVU315
 1085 0062 23F07F42 		bic	r2, r3, #-16777216
 1086              	.LVL88:
 1087              		.loc 1 540 4 is_stmt 1 view .LVU316
 1088              		.loc 1 540 6 is_stmt 0 view .LVU317
 1089 0066 13F0806F 		tst	r3, #67108864
 1090 006a EBD1     		bne	.L70
 1091              		.loc 1 543 5 is_stmt 1 view .LVU318
 1092              		.loc 1 543 40 is_stmt 0 view .LVU319
 1093 006c 2168     		ldr	r1, [r4]
 1094              		.loc 1 543 7 view .LVU320
 1095 006e 1142     		tst	r1, r2
 1096 0070 F2D0     		beq	.L72
 1097              	.L71:
 1098              	.LVL89:
ARM GAS  C:\Users\Test\AppData\Local\Temp\cc1sRbNl.s 			page 20


 1099              		.loc 1 565 5 is_stmt 1 view .LVU321
 1100              		.loc 1 565 7 is_stmt 0 view .LVU322
 1101 0072 13F0807F 		tst	r3, #16777216
 1102 0076 EAD0     		beq	.L73
 1103              		.loc 1 567 6 is_stmt 1 view .LVU323
 1104              		.loc 1 567 20 is_stmt 0 view .LVU324
 1105 0078 1743     		orrs	r7, r7, r2
 1106              	.LVL90:
 1107              		.loc 1 567 20 view .LVU325
 1108 007a E8E7     		b	.L73
 1109              	.LVL91:
 1110              	.L77:
 1111              		.loc 1 590 3 is_stmt 1 view .LVU326
 1112              		.loc 1 590 28 is_stmt 0 view .LVU327
 1113 007c 2368     		ldr	r3, [r4]
 1114 007e 23EA0703 		bic	r3, r3, r7
 1115 0082 2360     		str	r3, [r4]
 1116              		.loc 1 592 2 is_stmt 1 view .LVU328
 1117              		.loc 1 592 11 is_stmt 0 view .LVU329
 1118 0084 034B     		ldr	r3, .L78+8
 1119 0086 9847     		blx	r3
 1120              	.LVL92:
 1121              		.loc 1 594 2 is_stmt 1 view .LVU330
 1122              		.loc 1 595 1 is_stmt 0 view .LVU331
 1123 0088 2068     		ldr	r0, [r4]
 1124 008a F8BD     		pop	{r3, r4, r5, r6, r7, pc}
 1125              	.LVL93:
 1126              	.L79:
 1127              		.loc 1 595 1 view .LVU332
 1128              		.align	2
 1129              	.L78:
 1130 008c 00000000 		.word	vTaskSuspendAll
 1131 0090 00000000 		.word	vTaskRemoveFromUnorderedEventList
 1132 0094 00000000 		.word	xTaskResumeAll
 1133              		.cfi_endproc
 1134              	.LFE11:
 1136              		.section	.text.xEventGroupSync,"ax",%progbits
 1137              		.align	1
 1138              		.global	xEventGroupSync
 1139              		.syntax unified
 1140              		.thumb
 1141              		.thumb_func
 1142              		.fpu softvfp
 1144              	xEventGroupSync:
 1145              	.LVL94:
 1146              	.LFB6:
 1147              		.loc 1 177 1 is_stmt 1 view -0
 1148              		.cfi_startproc
 1149              		@ args = 0, pretend = 0, frame = 0
 1150              		@ frame_needed = 0, uses_anonymous_args = 0
 1151              		.loc 1 177 1 is_stmt 0 view .LVU334
 1152 0000 2DE9F843 		push	{r3, r4, r5, r6, r7, r8, r9, lr}
 1153              	.LCFI13:
 1154              		.cfi_def_cfa_offset 32
 1155              		.cfi_offset 3, -32
 1156              		.cfi_offset 4, -28
 1157              		.cfi_offset 5, -24
ARM GAS  C:\Users\Test\AppData\Local\Temp\cc1sRbNl.s 			page 21


 1158              		.cfi_offset 6, -20
 1159              		.cfi_offset 7, -16
 1160              		.cfi_offset 8, -12
 1161              		.cfi_offset 9, -8
 1162              		.cfi_offset 14, -4
 1163              		.loc 1 178 1 is_stmt 1 view .LVU335
 1164              		.loc 1 179 1 view .LVU336
 1165              	.LVL95:
 1166              		.loc 1 180 1 view .LVU337
 1167              		.loc 1 181 1 view .LVU338
 1168              		.loc 1 183 2 view .LVU339
 1169 0004 12F07F48 		ands	r8, r2, #-16777216
 1170 0008 08D0     		beq	.L81
 1171              		.loc 1 183 2 view .LVU340
 1172              	.LBB65:
 1173              	.LBI65:
 1174              		.loc 2 191 30 view .LVU341
 1175              	.LBB66:
 1176              		.loc 2 193 1 view .LVU342
 1177              		.loc 2 195 2 view .LVU343
 1178              		.syntax unified
 1179              	@ 195 "Middlewares/Third_Party/FreeRTOS/Source/portable/GCC/ARM_CM3/portmacro.h" 1
 1180 000a 4FF05003 			mov r3, #80												
 1181 000e 83F31188 		msr basepri, r3											
 1182 0012 BFF36F8F 		isb														
 1183 0016 BFF34F8F 		dsb														
 1184              	
 1185              	@ 0 "" 2
 1186              	.LVL96:
 1187              		.thumb
 1188              		.syntax unified
 1189              	.L82:
 1190              		.loc 2 195 2 is_stmt 0 view .LVU344
 1191              	.LBE66:
 1192              	.LBE65:
 1193              		.loc 1 183 2 is_stmt 1 discriminator 1 view .LVU345
 1194              		.loc 1 183 2 discriminator 1 view .LVU346
 1195              		.loc 1 183 2 discriminator 1 view .LVU347
 1196 001a FEE7     		b	.L82
 1197              	.LVL97:
 1198              	.L81:
 1199              		.loc 1 183 2 is_stmt 0 discriminator 1 view .LVU348
 1200 001c 0746     		mov	r7, r0
 1201 001e 0E46     		mov	r6, r1
 1202 0020 1446     		mov	r4, r2
 1203 0022 1D46     		mov	r5, r3
 1204              		.loc 1 183 74 is_stmt 1 discriminator 2 view .LVU349
 1205              		.loc 1 184 2 discriminator 2 view .LVU350
 1206 0024 42B9     		cbnz	r2, .L83
 1207              		.loc 1 184 2 view .LVU351
 1208              	.LBB67:
 1209              	.LBI67:
 1210              		.loc 2 191 30 view .LVU352
 1211              	.LBB68:
 1212              		.loc 2 193 1 view .LVU353
 1213              		.loc 2 195 2 view .LVU354
 1214              		.syntax unified
ARM GAS  C:\Users\Test\AppData\Local\Temp\cc1sRbNl.s 			page 22


 1215              	@ 195 "Middlewares/Third_Party/FreeRTOS/Source/portable/GCC/ARM_CM3/portmacro.h" 1
 1216 0026 4FF05003 			mov r3, #80												
 1217 002a 83F31188 		msr basepri, r3											
 1218 002e BFF36F8F 		isb														
 1219 0032 BFF34F8F 		dsb														
 1220              	
 1221              	@ 0 "" 2
 1222              	.LVL98:
 1223              		.thumb
 1224              		.syntax unified
 1225              	.L84:
 1226              		.loc 2 195 2 is_stmt 0 view .LVU355
 1227              	.LBE68:
 1228              	.LBE67:
 1229              		.loc 1 184 2 is_stmt 1 discriminator 2 view .LVU356
 1230              		.loc 1 184 2 discriminator 2 view .LVU357
 1231              		.loc 1 184 2 discriminator 2 view .LVU358
 1232 0036 FEE7     		b	.L84
 1233              	.LVL99:
 1234              	.L83:
 1235              		.loc 1 184 38 discriminator 2 view .LVU359
 1236              		.loc 1 187 3 discriminator 2 view .LVU360
 1237 0038 274B     		ldr	r3, .L99
 1238              	.LVL100:
 1239              		.loc 1 187 3 is_stmt 0 discriminator 2 view .LVU361
 1240 003a 9847     		blx	r3
 1241              	.LVL101:
 1242              		.loc 1 187 3 discriminator 2 view .LVU362
 1243 003c 48B9     		cbnz	r0, .L85
 1244 003e 45B1     		cbz	r5, .L85
 1245              		.loc 1 187 3 is_stmt 1 view .LVU363
 1246              	.LBB69:
 1247              	.LBI69:
 1248              		.loc 2 191 30 view .LVU364
 1249              	.LBB70:
 1250              		.loc 2 193 1 view .LVU365
 1251              		.loc 2 195 2 view .LVU366
 1252              		.syntax unified
 1253              	@ 195 "Middlewares/Third_Party/FreeRTOS/Source/portable/GCC/ARM_CM3/portmacro.h" 1
 1254 0040 4FF05003 			mov r3, #80												
 1255 0044 83F31188 		msr basepri, r3											
 1256 0048 BFF36F8F 		isb														
 1257 004c BFF34F8F 		dsb														
 1258              	
 1259              	@ 0 "" 2
 1260              	.LVL102:
 1261              		.thumb
 1262              		.syntax unified
 1263              	.L86:
 1264              		.loc 2 195 2 is_stmt 0 view .LVU367
 1265              	.LBE70:
 1266              	.LBE69:
 1267              		.loc 1 187 3 is_stmt 1 discriminator 3 view .LVU368
 1268              		.loc 1 187 3 discriminator 3 view .LVU369
 1269              		.loc 1 187 3 discriminator 3 view .LVU370
 1270 0050 FEE7     		b	.L86
 1271              	.L85:
ARM GAS  C:\Users\Test\AppData\Local\Temp\cc1sRbNl.s 			page 23


 1272              		.loc 1 187 104 discriminator 8 view .LVU371
 1273              		.loc 1 191 2 discriminator 8 view .LVU372
 1274 0052 224B     		ldr	r3, .L99+4
 1275 0054 9847     		blx	r3
 1276              	.LVL103:
 1277              		.loc 1 193 3 discriminator 8 view .LVU373
 1278              		.loc 1 193 22 is_stmt 0 discriminator 8 view .LVU374
 1279 0056 D7F80090 		ldr	r9, [r7]
 1280              	.LVL104:
 1281              		.loc 1 195 3 is_stmt 1 discriminator 8 view .LVU375
 1282              		.loc 1 195 12 is_stmt 0 discriminator 8 view .LVU376
 1283 005a 3146     		mov	r1, r6
 1284 005c 3846     		mov	r0, r7
 1285 005e 204B     		ldr	r3, .L99+8
 1286 0060 9847     		blx	r3
 1287              	.LVL105:
 1288              		.loc 1 197 3 is_stmt 1 discriminator 8 view .LVU377
 1289              		.loc 1 197 30 is_stmt 0 discriminator 8 view .LVU378
 1290 0062 49EA0606 		orr	r6, r9, r6
 1291              	.LVL106:
 1292              		.loc 1 197 5 discriminator 8 view .LVU379
 1293 0066 34EA0603 		bics	r3, r4, r6
 1294 006a 1AD0     		beq	.L95
 1295              		.loc 1 210 4 is_stmt 1 view .LVU380
 1296              		.loc 1 210 6 is_stmt 0 view .LVU381
 1297 006c FDB9     		cbnz	r5, .L96
 1298              		.loc 1 229 5 is_stmt 1 view .LVU382
 1299              		.loc 1 229 14 is_stmt 0 view .LVU383
 1300 006e 3E68     		ldr	r6, [r7]
 1301              	.LVL107:
 1302              		.loc 1 230 5 is_stmt 1 view .LVU384
 1303              	.L88:
 1304              		.loc 1 234 2 view .LVU385
 1305              		.loc 1 234 20 is_stmt 0 view .LVU386
 1306 0070 1C4B     		ldr	r3, .L99+12
 1307 0072 9847     		blx	r3
 1308              	.LVL108:
 1309              		.loc 1 236 2 is_stmt 1 view .LVU387
 1310              		.loc 1 236 4 is_stmt 0 view .LVU388
 1311 0074 95B1     		cbz	r5, .L80
 1312              		.loc 1 238 3 is_stmt 1 view .LVU389
 1313              		.loc 1 238 5 is_stmt 0 view .LVU390
 1314 0076 48B9     		cbnz	r0, .L91
 1315              		.loc 1 240 4 is_stmt 1 view .LVU391
 1316 0078 4FF0E023 		mov	r3, #-536813568
 1317 007c 4FF08052 		mov	r2, #268435456
 1318 0080 C3F8042D 		str	r2, [r3, #3332]
 1319              		.loc 1 240 4 view .LVU392
 1320              		.syntax unified
 1321              	@ 240 "Middlewares/Third_Party/FreeRTOS/Source/event_groups.c" 1
 1322 0084 BFF34F8F 		dsb
 1323              	@ 0 "" 2
 1324              		.loc 1 240 4 view .LVU393
 1325              	@ 240 "Middlewares/Third_Party/FreeRTOS/Source/event_groups.c" 1
 1326 0088 BFF36F8F 		isb
 1327              	@ 0 "" 2
 1328              		.loc 1 240 26 view .LVU394
ARM GAS  C:\Users\Test\AppData\Local\Temp\cc1sRbNl.s 			page 24


 1329              		.thumb
 1330              		.syntax unified
 1331              	.L91:
 1332              		.loc 1 244 28 view .LVU395
 1333              		.loc 1 251 3 view .LVU396
 1334              		.loc 1 251 14 is_stmt 0 view .LVU397
 1335 008c 164B     		ldr	r3, .L99+16
 1336 008e 9847     		blx	r3
 1337              	.LVL109:
 1338              		.loc 1 251 14 view .LVU398
 1339 0090 0646     		mov	r6, r0
 1340              	.LVL110:
 1341              		.loc 1 253 3 is_stmt 1 view .LVU399
 1342              		.loc 1 253 5 is_stmt 0 view .LVU400
 1343 0092 10F0007F 		tst	r0, #33554432
 1344 0096 12D0     		beq	.L97
 1345              	.LVL111:
 1346              	.L92:
 1347              		.loc 1 280 3 is_stmt 1 view .LVU401
 1348              		.loc 1 284 3 view .LVU402
 1349              		.loc 1 284 12 is_stmt 0 view .LVU403
 1350 0098 26F07F46 		bic	r6, r6, #-16777216
 1351              	.LVL112:
 1352              		.loc 1 287 2 is_stmt 1 view .LVU404
 1353              		.loc 1 290 2 view .LVU405
 1354              		.loc 1 292 2 view .LVU406
 1355              	.L80:
 1356              		.loc 1 293 1 is_stmt 0 view .LVU407
 1357 009c 3046     		mov	r0, r6
 1358 009e BDE8F883 		pop	{r3, r4, r5, r6, r7, r8, r9, pc}
 1359              	.LVL113:
 1360              	.L95:
 1361              		.loc 1 200 4 is_stmt 1 view .LVU408
 1362              		.loc 1 204 4 view .LVU409
 1363              		.loc 1 204 29 is_stmt 0 view .LVU410
 1364 00a2 3B68     		ldr	r3, [r7]
 1365 00a4 23EA0403 		bic	r3, r3, r4
 1366 00a8 3B60     		str	r3, [r7]
 1367              		.loc 1 206 4 is_stmt 1 view .LVU411
 1368              	.LVL114:
 1369              		.loc 1 206 17 is_stmt 0 view .LVU412
 1370 00aa 4546     		mov	r5, r8
 1371 00ac E0E7     		b	.L88
 1372              	.LVL115:
 1373              	.L96:
 1374              		.loc 1 212 77 is_stmt 1 view .LVU413
 1375              		.loc 1 217 5 view .LVU414
 1376 00ae 2A46     		mov	r2, r5
 1377 00b0 44F0A061 		orr	r1, r4, #83886080
 1378 00b4 381D     		adds	r0, r7, #4
 1379 00b6 0D4B     		ldr	r3, .L99+20
 1380 00b8 9847     		blx	r3
 1381              	.LVL116:
 1382              		.loc 1 223 5 view .LVU415
 1383              		.loc 1 223 14 is_stmt 0 view .LVU416
 1384 00ba 4646     		mov	r6, r8
 1385 00bc D8E7     		b	.L88
ARM GAS  C:\Users\Test\AppData\Local\Temp\cc1sRbNl.s 			page 25


 1386              	.LVL117:
 1387              	.L97:
 1388              		.loc 1 256 4 is_stmt 1 view .LVU417
 1389 00be 0C4B     		ldr	r3, .L99+24
 1390 00c0 9847     		blx	r3
 1391              	.LVL118:
 1392              		.loc 1 258 5 view .LVU418
 1393              		.loc 1 258 14 is_stmt 0 view .LVU419
 1394 00c2 3E68     		ldr	r6, [r7]
 1395              	.LVL119:
 1396              		.loc 1 264 5 is_stmt 1 view .LVU420
 1397              		.loc 1 264 7 is_stmt 0 view .LVU421
 1398 00c4 34EA0603 		bics	r3, r4, r6
 1399 00c8 02D0     		beq	.L98
 1400              	.LVL120:
 1401              	.L93:
 1402              		.loc 1 270 30 is_stmt 1 view .LVU422
 1403              		.loc 1 273 4 view .LVU423
 1404 00ca 0A4B     		ldr	r3, .L99+28
 1405 00cc 9847     		blx	r3
 1406              	.LVL121:
 1407              		.loc 1 275 4 view .LVU424
 1408              		.loc 1 275 4 is_stmt 0 view .LVU425
 1409 00ce E3E7     		b	.L92
 1410              	.LVL122:
 1411              	.L98:
 1412              		.loc 1 266 6 is_stmt 1 view .LVU426
 1413              		.loc 1 266 31 is_stmt 0 view .LVU427
 1414 00d0 26EA0404 		bic	r4, r6, r4
 1415              	.LVL123:
 1416              		.loc 1 266 31 view .LVU428
 1417 00d4 3C60     		str	r4, [r7]
 1418 00d6 F8E7     		b	.L93
 1419              	.L100:
 1420              		.align	2
 1421              	.L99:
 1422 00d8 00000000 		.word	xTaskGetSchedulerState
 1423 00dc 00000000 		.word	vTaskSuspendAll
 1424 00e0 00000000 		.word	xEventGroupSetBits
 1425 00e4 00000000 		.word	xTaskResumeAll
 1426 00e8 00000000 		.word	uxTaskResetEventItemValue
 1427 00ec 00000000 		.word	vTaskPlaceOnUnorderedEventList
 1428 00f0 00000000 		.word	vPortEnterCritical
 1429 00f4 00000000 		.word	vPortExitCritical
 1430              		.cfi_endproc
 1431              	.LFE6:
 1433              		.section	.text.vEventGroupSetBitsCallback,"ax",%progbits
 1434              		.align	1
 1435              		.global	vEventGroupSetBitsCallback
 1436              		.syntax unified
 1437              		.thumb
 1438              		.thumb_func
 1439              		.fpu softvfp
 1441              	vEventGroupSetBitsCallback:
 1442              	.LVL124:
 1443              	.LFB13:
 1444              		.loc 1 643 1 is_stmt 1 view -0
ARM GAS  C:\Users\Test\AppData\Local\Temp\cc1sRbNl.s 			page 26


 1445              		.cfi_startproc
 1446              		@ args = 0, pretend = 0, frame = 0
 1447              		@ frame_needed = 0, uses_anonymous_args = 0
 1448              		.loc 1 643 1 is_stmt 0 view .LVU430
 1449 0000 08B5     		push	{r3, lr}
 1450              	.LCFI14:
 1451              		.cfi_def_cfa_offset 8
 1452              		.cfi_offset 3, -8
 1453              		.cfi_offset 14, -4
 1454              		.loc 1 644 2 is_stmt 1 view .LVU431
 1455              		.loc 1 644 11 is_stmt 0 view .LVU432
 1456 0002 014B     		ldr	r3, .L103
 1457 0004 9847     		blx	r3
 1458              	.LVL125:
 1459              		.loc 1 645 1 view .LVU433
 1460 0006 08BD     		pop	{r3, pc}
 1461              	.L104:
 1462              		.align	2
 1463              	.L103:
 1464 0008 00000000 		.word	xEventGroupSetBits
 1465              		.cfi_endproc
 1466              	.LFE13:
 1468              		.section	.text.vEventGroupDelete,"ax",%progbits
 1469              		.align	1
 1470              		.global	vEventGroupDelete
 1471              		.syntax unified
 1472              		.thumb
 1473              		.thumb_func
 1474              		.fpu softvfp
 1476              	vEventGroupDelete:
 1477              	.LVL126:
 1478              	.LFB12:
 1479              		.loc 1 599 1 is_stmt 1 view -0
 1480              		.cfi_startproc
 1481              		@ args = 0, pretend = 0, frame = 0
 1482              		@ frame_needed = 0, uses_anonymous_args = 0
 1483              		.loc 1 599 1 is_stmt 0 view .LVU435
 1484 0000 10B5     		push	{r4, lr}
 1485              	.LCFI15:
 1486              		.cfi_def_cfa_offset 8
 1487              		.cfi_offset 4, -8
 1488              		.cfi_offset 14, -4
 1489 0002 0446     		mov	r4, r0
 1490              		.loc 1 600 1 is_stmt 1 view .LVU436
 1491              	.LVL127:
 1492              		.loc 1 601 1 view .LVU437
 1493              		.loc 1 603 2 view .LVU438
 1494 0004 0F4B     		ldr	r3, .L115
 1495 0006 9847     		blx	r3
 1496              	.LVL128:
 1497              		.loc 1 605 41 view .LVU439
 1498              		.loc 1 607 3 view .LVU440
 1499              	.L106:
 1500              		.loc 1 607 8 view .LVU441
 1501              		.loc 1 607 10 is_stmt 0 view .LVU442
 1502 0008 6368     		ldr	r3, [r4, #4]
 1503              		.loc 1 607 8 view .LVU443
ARM GAS  C:\Users\Test\AppData\Local\Temp\cc1sRbNl.s 			page 27


 1504 000a 93B1     		cbz	r3, .L112
 1505              		.loc 1 611 4 is_stmt 1 view .LVU444
 1506 000c 2069     		ldr	r0, [r4, #16]
 1507 000e 04F10C03 		add	r3, r4, #12
 1508 0012 9842     		cmp	r0, r3
 1509 0014 04D0     		beq	.L113
 1510              		.loc 1 611 121 discriminator 2 view .LVU445
 1511              		.loc 1 612 4 discriminator 2 view .LVU446
 1512 0016 4FF00071 		mov	r1, #33554432
 1513 001a 0B4B     		ldr	r3, .L115+4
 1514 001c 9847     		blx	r3
 1515              	.LVL129:
 1516 001e F3E7     		b	.L106
 1517              	.L113:
 1518              		.loc 1 611 4 view .LVU447
 1519              	.LBB71:
 1520              	.LBI71:
 1521              		.loc 2 191 30 view .LVU448
 1522              	.LBB72:
 1523              		.loc 2 193 1 view .LVU449
 1524              		.loc 2 195 2 view .LVU450
 1525              		.syntax unified
 1526              	@ 195 "Middlewares/Third_Party/FreeRTOS/Source/portable/GCC/ARM_CM3/portmacro.h" 1
 1527 0020 4FF05003 			mov r3, #80												
 1528 0024 83F31188 		msr basepri, r3											
 1529 0028 BFF36F8F 		isb														
 1530 002c BFF34F8F 		dsb														
 1531              	
 1532              	@ 0 "" 2
 1533              	.LVL130:
 1534              		.thumb
 1535              		.syntax unified
 1536              	.L108:
 1537              		.loc 2 195 2 is_stmt 0 view .LVU451
 1538              	.LBE72:
 1539              	.LBE71:
 1540              		.loc 1 611 4 is_stmt 1 discriminator 1 view .LVU452
 1541              		.loc 1 611 4 discriminator 1 view .LVU453
 1542              		.loc 1 611 4 discriminator 1 view .LVU454
 1543 0030 FEE7     		b	.L108
 1544              	.L112:
 1545              		.loc 1 625 4 view .LVU455
 1546              		.loc 1 625 19 is_stmt 0 view .LVU456
 1547 0032 237F     		ldrb	r3, [r4, #28]	@ zero_extendqisi2
 1548              		.loc 1 625 6 view .LVU457
 1549 0034 13B1     		cbz	r3, .L114
 1550              	.L110:
 1551              		.loc 1 631 29 is_stmt 1 view .LVU458
 1552              		.loc 1 636 2 view .LVU459
 1553              		.loc 1 636 11 is_stmt 0 view .LVU460
 1554 0036 054B     		ldr	r3, .L115+8
 1555 0038 9847     		blx	r3
 1556              	.LVL131:
 1557              		.loc 1 637 1 view .LVU461
 1558 003a 10BD     		pop	{r4, pc}
 1559              	.LVL132:
 1560              	.L114:
ARM GAS  C:\Users\Test\AppData\Local\Temp\cc1sRbNl.s 			page 28


 1561              		.loc 1 627 5 is_stmt 1 view .LVU462
 1562 003c 2046     		mov	r0, r4
 1563 003e 044B     		ldr	r3, .L115+12
 1564 0040 9847     		blx	r3
 1565              	.LVL133:
 1566 0042 F8E7     		b	.L110
 1567              	.L116:
 1568              		.align	2
 1569              	.L115:
 1570 0044 00000000 		.word	vTaskSuspendAll
 1571 0048 00000000 		.word	vTaskRemoveFromUnorderedEventList
 1572 004c 00000000 		.word	xTaskResumeAll
 1573 0050 00000000 		.word	vPortFree
 1574              		.cfi_endproc
 1575              	.LFE12:
 1577              		.section	.text.xEventGroupSetBitsFromISR,"ax",%progbits
 1578              		.align	1
 1579              		.global	xEventGroupSetBitsFromISR
 1580              		.syntax unified
 1581              		.thumb
 1582              		.thumb_func
 1583              		.fpu softvfp
 1585              	xEventGroupSetBitsFromISR:
 1586              	.LVL134:
 1587              	.LFB16:
 1588              		.loc 1 694 2 view -0
 1589              		.cfi_startproc
 1590              		@ args = 0, pretend = 0, frame = 0
 1591              		@ frame_needed = 0, uses_anonymous_args = 0
 1592              		.loc 1 694 2 is_stmt 0 view .LVU464
 1593 0000 10B5     		push	{r4, lr}
 1594              	.LCFI16:
 1595              		.cfi_def_cfa_offset 8
 1596              		.cfi_offset 4, -8
 1597              		.cfi_offset 14, -4
 1598 0002 1346     		mov	r3, r2
 1599              		.loc 1 695 2 is_stmt 1 view .LVU465
 1600              		.loc 1 697 65 view .LVU466
 1601              		.loc 1 698 3 view .LVU467
 1602              		.loc 1 698 13 is_stmt 0 view .LVU468
 1603 0004 0A46     		mov	r2, r1
 1604              	.LVL135:
 1605              		.loc 1 698 13 view .LVU469
 1606 0006 0146     		mov	r1, r0
 1607              	.LVL136:
 1608              		.loc 1 698 13 view .LVU470
 1609 0008 0148     		ldr	r0, .L119
 1610              	.LVL137:
 1611              		.loc 1 698 13 view .LVU471
 1612 000a 024C     		ldr	r4, .L119+4
 1613 000c A047     		blx	r4
 1614              	.LVL138:
 1615              		.loc 1 700 3 is_stmt 1 view .LVU472
 1616              		.loc 1 701 2 is_stmt 0 view .LVU473
 1617 000e 10BD     		pop	{r4, pc}
 1618              	.L120:
 1619              		.align	2
ARM GAS  C:\Users\Test\AppData\Local\Temp\cc1sRbNl.s 			page 29


 1620              	.L119:
 1621 0010 00000000 		.word	vEventGroupSetBitsCallback
 1622 0014 00000000 		.word	xTimerPendFunctionCallFromISR
 1623              		.cfi_endproc
 1624              	.LFE16:
 1626              		.section	.text.uxEventGroupGetNumber,"ax",%progbits
 1627              		.align	1
 1628              		.global	uxEventGroupGetNumber
 1629              		.syntax unified
 1630              		.thumb
 1631              		.thumb_func
 1632              		.fpu softvfp
 1634              	uxEventGroupGetNumber:
 1635              	.LVL139:
 1636              	.LFB17:
 1637              		.loc 1 709 2 is_stmt 1 view -0
 1638              		.cfi_startproc
 1639              		@ args = 0, pretend = 0, frame = 0
 1640              		@ frame_needed = 0, uses_anonymous_args = 0
 1641              		@ link register save eliminated.
 1642              		.loc 1 710 2 view .LVU475
 1643              		.loc 1 711 2 view .LVU476
 1644              		.loc 1 713 3 view .LVU477
 1645              		.loc 1 713 5 is_stmt 0 view .LVU478
 1646 0000 08B1     		cbz	r0, .L123
 1647              		.loc 1 719 4 is_stmt 1 view .LVU479
 1648              		.loc 1 719 12 is_stmt 0 view .LVU480
 1649 0002 8069     		ldr	r0, [r0, #24]
 1650              	.LVL140:
 1651              		.loc 1 719 12 view .LVU481
 1652 0004 7047     		bx	lr
 1653              	.LVL141:
 1654              	.L123:
 1655              		.loc 1 715 12 view .LVU482
 1656 0006 0020     		movs	r0, #0
 1657              	.LVL142:
 1658              		.loc 1 722 3 is_stmt 1 view .LVU483
 1659              		.loc 1 723 2 is_stmt 0 view .LVU484
 1660 0008 7047     		bx	lr
 1661              		.cfi_endproc
 1662              	.LFE17:
 1664              		.section	.text.vEventGroupSetNumber,"ax",%progbits
 1665              		.align	1
 1666              		.global	vEventGroupSetNumber
 1667              		.syntax unified
 1668              		.thumb
 1669              		.thumb_func
 1670              		.fpu softvfp
 1672              	vEventGroupSetNumber:
 1673              	.LVL143:
 1674              	.LFB18:
 1675              		.loc 1 731 2 is_stmt 1 view -0
 1676              		.cfi_startproc
 1677              		@ args = 0, pretend = 0, frame = 0
 1678              		@ frame_needed = 0, uses_anonymous_args = 0
 1679              		@ link register save eliminated.
 1680              		.loc 1 732 3 view .LVU486
ARM GAS  C:\Users\Test\AppData\Local\Temp\cc1sRbNl.s 			page 30


 1681              		.loc 1 732 58 is_stmt 0 view .LVU487
 1682 0000 8161     		str	r1, [r0, #24]
 1683              		.loc 1 733 2 view .LVU488
 1684 0002 7047     		bx	lr
 1685              		.cfi_endproc
 1686              	.LFE18:
 1688              		.text
 1689              	.Letext0:
 1690              		.file 3 "../c:\\users\\test\\desktop\\gnu mcu\\arm-none-eabi-gcc-10.2.1-1.1\\lib\\gcc\\arm-none-ea
 1691              		.file 4 "../c:\\users\\test\\desktop\\gnu mcu\\arm-none-eabi-gcc-10.2.1-1.1\\arm-none-eabi\\includ
 1692              		.file 5 "../c:\\users\\test\\desktop\\gnu mcu\\arm-none-eabi-gcc-10.2.1-1.1\\arm-none-eabi\\includ
 1693              		.file 6 "../Middlewares/Third_Party/FreeRTOS/Source/include/FreeRTOS.h"
 1694              		.file 7 "../Middlewares/Third_Party/FreeRTOS/Source/include/list.h"
 1695              		.file 8 "../Middlewares/Third_Party/FreeRTOS/Source/include/event_groups.h"
 1696              		.file 9 "../Middlewares/Third_Party/FreeRTOS/Source/include/timers.h"
 1697              		.file 10 "../Middlewares/Third_Party/FreeRTOS/Source/include/task.h"
 1698              		.file 11 "../Middlewares/Third_Party/FreeRTOS/Source/include/portable.h"
ARM GAS  C:\Users\Test\AppData\Local\Temp\cc1sRbNl.s 			page 31


DEFINED SYMBOLS
                            *ABS*:0000000000000000 event_groups.c
C:\Users\Test\AppData\Local\Temp\cc1sRbNl.s:16     .text.prvTestWaitCondition:0000000000000000 $t
C:\Users\Test\AppData\Local\Temp\cc1sRbNl.s:23     .text.prvTestWaitCondition:0000000000000000 prvTestWaitCondition
C:\Users\Test\AppData\Local\Temp\cc1sRbNl.s:76     .text.xEventGroupCreateStatic:0000000000000000 $t
C:\Users\Test\AppData\Local\Temp\cc1sRbNl.s:83     .text.xEventGroupCreateStatic:0000000000000000 xEventGroupCreateStatic
C:\Users\Test\AppData\Local\Temp\cc1sRbNl.s:212    .text.xEventGroupCreateStatic:000000000000004c $d
C:\Users\Test\AppData\Local\Temp\cc1sRbNl.s:217    .text.xEventGroupCreate:0000000000000000 $t
C:\Users\Test\AppData\Local\Temp\cc1sRbNl.s:224    .text.xEventGroupCreate:0000000000000000 xEventGroupCreate
C:\Users\Test\AppData\Local\Temp\cc1sRbNl.s:272    .text.xEventGroupCreate:000000000000001c $d
C:\Users\Test\AppData\Local\Temp\cc1sRbNl.s:278    .text.xEventGroupWaitBits:0000000000000000 $t
C:\Users\Test\AppData\Local\Temp\cc1sRbNl.s:285    .text.xEventGroupWaitBits:0000000000000000 xEventGroupWaitBits
C:\Users\Test\AppData\Local\Temp\cc1sRbNl.s:630    .text.xEventGroupWaitBits:0000000000000108 $d
C:\Users\Test\AppData\Local\Temp\cc1sRbNl.s:642    .text.xEventGroupClearBits:0000000000000000 $t
C:\Users\Test\AppData\Local\Temp\cc1sRbNl.s:649    .text.xEventGroupClearBits:0000000000000000 xEventGroupClearBits
C:\Users\Test\AppData\Local\Temp\cc1sRbNl.s:769    .text.xEventGroupClearBits:0000000000000048 $d
C:\Users\Test\AppData\Local\Temp\cc1sRbNl.s:775    .text.vEventGroupClearBitsCallback:0000000000000000 $t
C:\Users\Test\AppData\Local\Temp\cc1sRbNl.s:782    .text.vEventGroupClearBitsCallback:0000000000000000 vEventGroupClearBitsCallback
C:\Users\Test\AppData\Local\Temp\cc1sRbNl.s:805    .text.vEventGroupClearBitsCallback:0000000000000008 $d
C:\Users\Test\AppData\Local\Temp\cc1sRbNl.s:810    .text.xEventGroupClearBitsFromISR:0000000000000000 $t
C:\Users\Test\AppData\Local\Temp\cc1sRbNl.s:817    .text.xEventGroupClearBitsFromISR:0000000000000000 xEventGroupClearBitsFromISR
C:\Users\Test\AppData\Local\Temp\cc1sRbNl.s:851    .text.xEventGroupClearBitsFromISR:0000000000000010 $d
C:\Users\Test\AppData\Local\Temp\cc1sRbNl.s:857    .text.xEventGroupGetBitsFromISR:0000000000000000 $t
C:\Users\Test\AppData\Local\Temp\cc1sRbNl.s:864    .text.xEventGroupGetBitsFromISR:0000000000000000 xEventGroupGetBitsFromISR
C:\Users\Test\AppData\Local\Temp\cc1sRbNl.s:925    .text.xEventGroupSetBits:0000000000000000 $t
C:\Users\Test\AppData\Local\Temp\cc1sRbNl.s:932    .text.xEventGroupSetBits:0000000000000000 xEventGroupSetBits
C:\Users\Test\AppData\Local\Temp\cc1sRbNl.s:1130   .text.xEventGroupSetBits:000000000000008c $d
C:\Users\Test\AppData\Local\Temp\cc1sRbNl.s:1137   .text.xEventGroupSync:0000000000000000 $t
C:\Users\Test\AppData\Local\Temp\cc1sRbNl.s:1144   .text.xEventGroupSync:0000000000000000 xEventGroupSync
C:\Users\Test\AppData\Local\Temp\cc1sRbNl.s:1422   .text.xEventGroupSync:00000000000000d8 $d
C:\Users\Test\AppData\Local\Temp\cc1sRbNl.s:1434   .text.vEventGroupSetBitsCallback:0000000000000000 $t
C:\Users\Test\AppData\Local\Temp\cc1sRbNl.s:1441   .text.vEventGroupSetBitsCallback:0000000000000000 vEventGroupSetBitsCallback
C:\Users\Test\AppData\Local\Temp\cc1sRbNl.s:1464   .text.vEventGroupSetBitsCallback:0000000000000008 $d
C:\Users\Test\AppData\Local\Temp\cc1sRbNl.s:1469   .text.vEventGroupDelete:0000000000000000 $t
C:\Users\Test\AppData\Local\Temp\cc1sRbNl.s:1476   .text.vEventGroupDelete:0000000000000000 vEventGroupDelete
C:\Users\Test\AppData\Local\Temp\cc1sRbNl.s:1570   .text.vEventGroupDelete:0000000000000044 $d
C:\Users\Test\AppData\Local\Temp\cc1sRbNl.s:1578   .text.xEventGroupSetBitsFromISR:0000000000000000 $t
C:\Users\Test\AppData\Local\Temp\cc1sRbNl.s:1585   .text.xEventGroupSetBitsFromISR:0000000000000000 xEventGroupSetBitsFromISR
C:\Users\Test\AppData\Local\Temp\cc1sRbNl.s:1621   .text.xEventGroupSetBitsFromISR:0000000000000010 $d
C:\Users\Test\AppData\Local\Temp\cc1sRbNl.s:1627   .text.uxEventGroupGetNumber:0000000000000000 $t
C:\Users\Test\AppData\Local\Temp\cc1sRbNl.s:1634   .text.uxEventGroupGetNumber:0000000000000000 uxEventGroupGetNumber
C:\Users\Test\AppData\Local\Temp\cc1sRbNl.s:1665   .text.vEventGroupSetNumber:0000000000000000 $t
C:\Users\Test\AppData\Local\Temp\cc1sRbNl.s:1672   .text.vEventGroupSetNumber:0000000000000000 vEventGroupSetNumber

UNDEFINED SYMBOLS
vListInitialise
pvPortMalloc
xTaskGetSchedulerState
vTaskSuspendAll
xTaskResumeAll
uxTaskResetEventItemValue
vTaskPlaceOnUnorderedEventList
vPortEnterCritical
vPortExitCritical
xTimerPendFunctionCallFromISR
vTaskRemoveFromUnorderedEventList
vPortFree
ARM GAS  C:\Users\Test\AppData\Local\Temp\cc1sRbNl.s 			page 32


