ARM GAS  C:\Users\Test\AppData\Local\Temp\cc5bWbN8.s 			page 1


   1              		.cpu cortex-m3
   2              		.eabi_attribute 20, 1
   3              		.eabi_attribute 21, 1
   4              		.eabi_attribute 23, 3
   5              		.eabi_attribute 24, 1
   6              		.eabi_attribute 25, 1
   7              		.eabi_attribute 26, 1
   8              		.eabi_attribute 30, 1
   9              		.eabi_attribute 34, 1
  10              		.eabi_attribute 18, 4
  11              		.file	"gpio.c"
  12              		.text
  13              	.Ltext0:
  14              		.cfi_sections	.debug_frame
  15              		.section	.text.MX_GPIO_Init,"ax",%progbits
  16              		.align	1
  17              		.global	MX_GPIO_Init
  18              		.arch armv7-m
  19              		.syntax unified
  20              		.thumb
  21              		.thumb_func
  22              		.fpu softvfp
  24              	MX_GPIO_Init:
  25              	.LFB65:
  26              		.file 1 "../Core/Src/gpio.c"
   1:../Core/Src/gpio.c **** 
  27              		.loc 1 38 1 view -0
  28              		.cfi_startproc
  29              		@ args = 0, pretend = 0, frame = 24
  30              		@ frame_needed = 0, uses_anonymous_args = 0
  31 0000 30B5     		push	{r4, r5, lr}
  32              	.LCFI0:
  33              		.cfi_def_cfa_offset 12
  34              		.cfi_offset 4, -12
  35              		.cfi_offset 5, -8
  36              		.cfi_offset 14, -4
  37 0002 87B0     		sub	sp, sp, #28
  38              	.LCFI1:
  39              		.cfi_def_cfa_offset 40
  40              		.loc 1 40 3 view .LVU1
  41              		.loc 1 40 20 is_stmt 0 view .LVU2
  42 0004 0024     		movs	r4, #0
  43 0006 0294     		str	r4, [sp, #8]
  44 0008 0394     		str	r4, [sp, #12]
  45 000a 0494     		str	r4, [sp, #16]
  46 000c 0594     		str	r4, [sp, #20]
  47              		.loc 1 43 3 is_stmt 1 view .LVU3
  48              	.LBB2:
  49              		.loc 1 43 3 view .LVU4
  50              		.loc 1 43 3 view .LVU5
  51 000e 134B     		ldr	r3, .L3
  52 0010 9A69     		ldr	r2, [r3, #24]
  53 0012 42F01002 		orr	r2, r2, #16
  54 0016 9A61     		str	r2, [r3, #24]
  55              		.loc 1 43 3 view .LVU6
  56 0018 9A69     		ldr	r2, [r3, #24]
  57 001a 02F01002 		and	r2, r2, #16
ARM GAS  C:\Users\Test\AppData\Local\Temp\cc5bWbN8.s 			page 2


  58 001e 0092     		str	r2, [sp]
  59              		.loc 1 43 3 view .LVU7
  60 0020 009A     		ldr	r2, [sp]
  61              	.LBE2:
  62              		.loc 1 43 3 view .LVU8
  63              		.loc 1 44 3 view .LVU9
  64              	.LBB3:
  65              		.loc 1 44 3 view .LVU10
  66              		.loc 1 44 3 view .LVU11
  67 0022 9A69     		ldr	r2, [r3, #24]
  68 0024 42F00402 		orr	r2, r2, #4
  69 0028 9A61     		str	r2, [r3, #24]
  70              		.loc 1 44 3 view .LVU12
  71 002a 9B69     		ldr	r3, [r3, #24]
  72 002c 03F00403 		and	r3, r3, #4
  73 0030 0193     		str	r3, [sp, #4]
  74              		.loc 1 44 3 view .LVU13
  75 0032 019B     		ldr	r3, [sp, #4]
  76              	.LBE3:
  77              		.loc 1 44 3 view .LVU14
  78              		.loc 1 47 3 view .LVU15
  79 0034 0A4D     		ldr	r5, .L3+4
  80 0036 2246     		mov	r2, r4
  81 0038 7F21     		movs	r1, #127
  82 003a 2846     		mov	r0, r5
  83 003c 094B     		ldr	r3, .L3+8
  84 003e 9847     		blx	r3
  85              	.LVL0:
  86              		.loc 1 52 3 view .LVU16
  87              		.loc 1 52 23 is_stmt 0 view .LVU17
  88 0040 7F23     		movs	r3, #127
  89 0042 0293     		str	r3, [sp, #8]
  90              		.loc 1 54 3 is_stmt 1 view .LVU18
  91              		.loc 1 54 24 is_stmt 0 view .LVU19
  92 0044 0123     		movs	r3, #1
  93 0046 0393     		str	r3, [sp, #12]
  94              		.loc 1 55 3 is_stmt 1 view .LVU20
  95              		.loc 1 55 24 is_stmt 0 view .LVU21
  96 0048 0494     		str	r4, [sp, #16]
  97              		.loc 1 56 3 is_stmt 1 view .LVU22
  98              		.loc 1 56 25 is_stmt 0 view .LVU23
  99 004a 0223     		movs	r3, #2
 100 004c 0593     		str	r3, [sp, #20]
 101              		.loc 1 57 3 is_stmt 1 view .LVU24
 102 004e 02A9     		add	r1, sp, #8
 103 0050 2846     		mov	r0, r5
 104 0052 054B     		ldr	r3, .L3+12
 105 0054 9847     		blx	r3
 106              	.LVL1:
 107              		.loc 1 59 1 is_stmt 0 view .LVU25
 108 0056 07B0     		add	sp, sp, #28
 109              	.LCFI2:
 110              		.cfi_def_cfa_offset 12
 111              		@ sp needed
 112 0058 30BD     		pop	{r4, r5, pc}
 113              	.L4:
 114 005a 00BF     		.align	2
ARM GAS  C:\Users\Test\AppData\Local\Temp\cc5bWbN8.s 			page 3


 115              	.L3:
 116 005c 00100240 		.word	1073876992
 117 0060 00100140 		.word	1073811456
 118 0064 00000000 		.word	HAL_GPIO_WritePin
 119 0068 00000000 		.word	HAL_GPIO_Init
 120              		.cfi_endproc
 121              	.LFE65:
 123              		.text
 124              	.Letext0:
 125              		.file 2 "../c:\\users\\test\\desktop\\gnu mcu\\arm-none-eabi-gcc-10.2.1-1.1\\arm-none-eabi\\includ
 126              		.file 3 "../c:\\users\\test\\desktop\\gnu mcu\\arm-none-eabi-gcc-10.2.1-1.1\\arm-none-eabi\\includ
 127              		.file 4 "../Drivers/CMSIS/Device/ST/STM32F1xx/Include/stm32f103x6.h"
 128              		.file 5 "../Drivers/STM32F1xx_HAL_Driver/Inc/stm32f1xx_hal_gpio.h"
ARM GAS  C:\Users\Test\AppData\Local\Temp\cc5bWbN8.s 			page 4


DEFINED SYMBOLS
                            *ABS*:0000000000000000 gpio.c
C:\Users\Test\AppData\Local\Temp\cc5bWbN8.s:16     .text.MX_GPIO_Init:0000000000000000 $t
C:\Users\Test\AppData\Local\Temp\cc5bWbN8.s:24     .text.MX_GPIO_Init:0000000000000000 MX_GPIO_Init
C:\Users\Test\AppData\Local\Temp\cc5bWbN8.s:116    .text.MX_GPIO_Init:000000000000005c $d

UNDEFINED SYMBOLS
HAL_GPIO_WritePin
HAL_GPIO_Init
