ARM GAS  C:\Users\Test\AppData\Local\Temp\cc70ewyI.s 			page 1


   1              		.cpu cortex-m3
   2              		.eabi_attribute 20, 1
   3              		.eabi_attribute 21, 1
   4              		.eabi_attribute 23, 3
   5              		.eabi_attribute 24, 1
   6              		.eabi_attribute 25, 1
   7              		.eabi_attribute 26, 1
   8              		.eabi_attribute 30, 1
   9              		.eabi_attribute 34, 1
  10              		.eabi_attribute 18, 4
  11              		.file	"port.c"
  12              		.text
  13              	.Ltext0:
  14              		.cfi_sections	.debug_frame
  15              		.section	.text.prvTaskExitError,"ax",%progbits
  16              		.align	1
  17              		.arch armv7-m
  18              		.syntax unified
  19              		.thumb
  20              		.thumb_func
  21              		.fpu softvfp
  23              	prvTaskExitError:
  24              	.LFB5:
  25              		.file 1 "../Middlewares/Third_Party/FreeRTOS/Source/portable/GCC/ARM_CM3/port.c"
   1:../Middlewares/Third_Party/FreeRTOS/Source/portable/GCC/ARM_CM3/port.c **** 
  26              		.loc 1 193 1 view -0
  27              		.cfi_startproc
  28              		@ args = 0, pretend = 0, frame = 8
  29              		@ frame_needed = 0, uses_anonymous_args = 0
  30              		@ link register save eliminated.
  31 0000 82B0     		sub	sp, sp, #8
  32              	.LCFI0:
  33              		.cfi_def_cfa_offset 8
  34              		.loc 1 194 1 view .LVU1
  35              		.loc 1 194 19 is_stmt 0 view .LVU2
  36 0002 0023     		movs	r3, #0
  37 0004 0193     		str	r3, [sp, #4]
  38              		.loc 1 202 2 is_stmt 1 view .LVU3
  39 0006 0D4B     		ldr	r3, .L6
  40 0008 1B68     		ldr	r3, [r3]
  41 000a B3F1FF3F 		cmp	r3, #-1
  42 000e 08D0     		beq	.L2
  43              		.loc 1 202 2 view .LVU4
  44              	.LBB24:
  45              	.LBI24:
  46              		.file 2 "../Middlewares/Third_Party/FreeRTOS/Source/portable/GCC/ARM_CM3/portmacro.h"
   1:../Middlewares/Third_Party/FreeRTOS/Source/portable/GCC/ARM_CM3/portmacro.h **** 
  47              		.loc 2 191 30 view .LVU5
  48              	.LBB25:
  49              		.loc 2 193 1 view .LVU6
  50              		.loc 2 195 2 view .LVU7
  51              		.syntax unified
  52              	@ 195 "Middlewares/Third_Party/FreeRTOS/Source/portable/GCC/ARM_CM3/portmacro.h" 1
  53 0010 4FF05003 			mov r3, #80												
  54 0014 83F31188 		msr basepri, r3											
  55 0018 BFF36F8F 		isb														
  56 001c BFF34F8F 		dsb														
ARM GAS  C:\Users\Test\AppData\Local\Temp\cc70ewyI.s 			page 2


  57              	
  58              	@ 0 "" 2
  59              	.LVL0:
  60              		.thumb
  61              		.syntax unified
  62              	.L3:
  63              		.loc 2 195 2 is_stmt 0 view .LVU8
  64              	.LBE25:
  65              	.LBE24:
  66              		.loc 1 202 2 is_stmt 1 discriminator 1 view .LVU9
  67              		.loc 1 202 2 discriminator 1 view .LVU10
  68              		.loc 1 202 2 discriminator 1 view .LVU11
  69 0020 FEE7     		b	.L3
  70              	.L2:
  71              		.loc 1 202 43 view .LVU12
  72              		.loc 1 203 2 view .LVU13
  73              	.LBB26:
  74              	.LBI26:
  75              		.loc 2 191 30 view .LVU14
  76              	.LBB27:
  77              		.loc 2 193 1 view .LVU15
  78              		.loc 2 195 2 view .LVU16
  79              		.syntax unified
  80              	@ 195 "Middlewares/Third_Party/FreeRTOS/Source/portable/GCC/ARM_CM3/portmacro.h" 1
  81 0022 4FF05003 			mov r3, #80												
  82 0026 83F31188 		msr basepri, r3											
  83 002a BFF36F8F 		isb														
  84 002e BFF34F8F 		dsb														
  85              	
  86              	@ 0 "" 2
  87              	.LVL1:
  88              		.thumb
  89              		.syntax unified
  90              	.L4:
  91              		.loc 2 195 2 is_stmt 0 view .LVU17
  92              	.LBE27:
  93              	.LBE26:
  94              		.loc 1 213 2 is_stmt 1 discriminator 1 view .LVU18
  95              		.loc 1 204 7 discriminator 1 view .LVU19
  96              		.loc 1 204 17 is_stmt 0 discriminator 1 view .LVU20
  97 0032 019B     		ldr	r3, [sp, #4]
  98              		.loc 1 204 7 discriminator 1 view .LVU21
  99 0034 002B     		cmp	r3, #0
 100 0036 FCD0     		beq	.L4
 101              		.loc 1 214 1 view .LVU22
 102 0038 02B0     		add	sp, sp, #8
 103              	.LCFI1:
 104              		.cfi_def_cfa_offset 0
 105              		@ sp needed
 106 003a 7047     		bx	lr
 107              	.L7:
 108              		.align	2
 109              	.L6:
 110 003c 00000000 		.word	.LANCHOR0
 111              		.cfi_endproc
 112              	.LFE5:
 114              		.section	.text.prvPortStartFirstTask,"ax",%progbits
ARM GAS  C:\Users\Test\AppData\Local\Temp\cc70ewyI.s 			page 3


 115              		.align	1
 116              		.syntax unified
 117              		.thumb
 118              		.thumb_func
 119              		.fpu softvfp
 121              	prvPortStartFirstTask:
 122              	.LFB7:
 123              		.loc 1 238 1 is_stmt 1 view -0
 124              		.cfi_startproc
 125              		@ Naked Function: prologue and epilogue provided by programmer.
 126              		@ args = 0, pretend = 0, frame = 0
 127              		@ frame_needed = 0, uses_anonymous_args = 0
 128              		.loc 1 239 2 view .LVU24
 129              		.syntax unified
 130              	@ 239 "Middlewares/Third_Party/FreeRTOS/Source/portable/GCC/ARM_CM3/port.c" 1
 131 0000 0648     		 ldr r0, =0xE000ED08 	
 132 0002 0068     	 ldr r0, [r0] 			
 133 0004 0068     	 ldr r0, [r0] 			
 134 0006 80F30888 	 msr msp, r0			
 135 000a 62B6     	 cpsie i				
 136 000c 61B6     	 cpsie f				
 137 000e BFF34F8F 	 dsb					
 138 0012 BFF36F8F 	 isb					
 139 0016 00DF     	 svc 0					
 140 0018 00BF     	 nop					
 141              	
 142              	@ 0 "" 2
 143              		.loc 1 251 1 is_stmt 0 view .LVU25
 144              		.thumb
 145              		.syntax unified
 146              		.cfi_endproc
 147              	.LFE7:
 149 001a 0000     		.section	.text.pxPortInitialiseStack,"ax",%progbits
 150              		.align	1
 151              		.global	pxPortInitialiseStack
 152              		.syntax unified
 153              		.thumb
 154              		.thumb_func
 155              		.fpu softvfp
 157              	pxPortInitialiseStack:
 158              	.LVL2:
 159              	.LFB4:
 160              		.loc 1 175 1 is_stmt 1 view -0
 161              		.cfi_startproc
 162              		@ args = 0, pretend = 0, frame = 0
 163              		@ frame_needed = 0, uses_anonymous_args = 0
 164              		@ link register save eliminated.
 165              		.loc 1 178 2 view .LVU27
 166              		.loc 1 179 2 view .LVU28
 167              		.loc 1 179 16 is_stmt 0 view .LVU29
 168 0000 4FF08073 		mov	r3, #16777216
 169 0004 40F8043C 		str	r3, [r0, #-4]
 170              		.loc 1 180 2 is_stmt 1 view .LVU30
 171              	.LVL3:
 172              		.loc 1 181 2 view .LVU31
 173              		.loc 1 181 45 is_stmt 0 view .LVU32
 174 0008 21F00101 		bic	r1, r1, #1
ARM GAS  C:\Users\Test\AppData\Local\Temp\cc70ewyI.s 			page 4


 175              	.LVL4:
 176              		.loc 1 181 16 view .LVU33
 177 000c 40F8081C 		str	r1, [r0, #-8]
 178              		.loc 1 182 2 is_stmt 1 view .LVU34
 179              	.LVL5:
 180              		.loc 1 183 2 view .LVU35
 181              		.loc 1 183 18 is_stmt 0 view .LVU36
 182 0010 034B     		ldr	r3, .L10
 183              		.loc 1 183 16 view .LVU37
 184 0012 40F80C3C 		str	r3, [r0, #-12]
 185              		.loc 1 184 2 is_stmt 1 view .LVU38
 186              	.LVL6:
 187              		.loc 1 185 2 view .LVU39
 188              		.loc 1 185 16 is_stmt 0 view .LVU40
 189 0016 40F8202C 		str	r2, [r0, #-32]
 190              		.loc 1 186 2 is_stmt 1 view .LVU41
 191              	.LVL7:
 192              		.loc 1 188 2 view .LVU42
 193              		.loc 1 189 1 is_stmt 0 view .LVU43
 194 001a 4038     		subs	r0, r0, #64
 195              	.LVL8:
 196              		.loc 1 189 1 view .LVU44
 197 001c 7047     		bx	lr
 198              	.L11:
 199 001e 00BF     		.align	2
 200              	.L10:
 201 0020 00000000 		.word	prvTaskExitError
 202              		.cfi_endproc
 203              	.LFE4:
 205              		.section	.text.SVC_Handler,"ax",%progbits
 206              		.align	1
 207              		.global	SVC_Handler
 208              		.syntax unified
 209              		.thumb
 210              		.thumb_func
 211              		.fpu softvfp
 213              	SVC_Handler:
 214              	.LFB6:
 215              		.loc 1 218 1 is_stmt 1 view -0
 216              		.cfi_startproc
 217              		@ Naked Function: prologue and epilogue provided by programmer.
 218              		@ args = 0, pretend = 0, frame = 0
 219              		@ frame_needed = 0, uses_anonymous_args = 0
 220              		.loc 1 219 2 view .LVU46
 221              		.syntax unified
 222              	@ 219 "Middlewares/Third_Party/FreeRTOS/Source/portable/GCC/ARM_CM3/port.c" 1
 223 0000 074B     			ldr	r3, pxCurrentTCBConst2		
 224 0002 1968     		ldr r1, [r3]					
 225 0004 0868     		ldr r0, [r1]					
 226 0006 B0E8F00F 		ldmia r0!, {r4-r11}				
 227 000a 80F30988 		msr psp, r0						
 228 000e BFF36F8F 		isb								
 229 0012 4FF00000 		mov r0, #0 						
 230 0016 80F31188 		msr	basepri, r0					
 231 001a 4EF00D0E 		orr r14, #0xd					
 232 001e 7047     		bx r14							
 233              										
ARM GAS  C:\Users\Test\AppData\Local\Temp\cc70ewyI.s 			page 5


 234              		.align 4						
 235 0020 00000000 	pxCurrentTCBConst2: .word pxCurrentTCB				
 236              	
 237              	@ 0 "" 2
 238              		.loc 1 234 1 is_stmt 0 view .LVU47
 239              		.thumb
 240              		.syntax unified
 241              		.cfi_endproc
 242              	.LFE6:
 244              		.section	.text.vPortEndScheduler,"ax",%progbits
 245              		.align	1
 246              		.global	vPortEndScheduler
 247              		.syntax unified
 248              		.thumb
 249              		.thumb_func
 250              		.fpu softvfp
 252              	vPortEndScheduler:
 253              	.LFB9:
 254              		.loc 1 354 1 is_stmt 1 view -0
 255              		.cfi_startproc
 256              		@ args = 0, pretend = 0, frame = 0
 257              		@ frame_needed = 0, uses_anonymous_args = 0
 258              		@ link register save eliminated.
 259              		.loc 1 357 2 view .LVU49
 260 0000 074B     		ldr	r3, .L16
 261 0002 1B68     		ldr	r3, [r3]
 262 0004 B3F57A7F 		cmp	r3, #1000
 263 0008 08D0     		beq	.L13
 264              		.loc 1 357 2 view .LVU50
 265              	.LBB28:
 266              	.LBI28:
 267              		.loc 2 191 30 view .LVU51
 268              	.LBB29:
 269              		.loc 2 193 1 view .LVU52
 270              		.loc 2 195 2 view .LVU53
 271              		.syntax unified
 272              	@ 195 "Middlewares/Third_Party/FreeRTOS/Source/portable/GCC/ARM_CM3/portmacro.h" 1
 273 000a 4FF05003 			mov r3, #80												
 274 000e 83F31188 		msr basepri, r3											
 275 0012 BFF36F8F 		isb														
 276 0016 BFF34F8F 		dsb														
 277              	
 278              	@ 0 "" 2
 279              	.LVL9:
 280              		.thumb
 281              		.syntax unified
 282              	.L15:
 283              		.loc 2 195 2 is_stmt 0 view .LVU54
 284              	.LBE29:
 285              	.LBE28:
 286              		.loc 1 357 2 is_stmt 1 discriminator 1 view .LVU55
 287              		.loc 1 357 2 discriminator 1 view .LVU56
 288              		.loc 1 357 2 discriminator 1 view .LVU57
 289 001a FEE7     		b	.L15
 290              	.L13:
 291              		.loc 1 358 1 is_stmt 0 view .LVU58
 292 001c 7047     		bx	lr
ARM GAS  C:\Users\Test\AppData\Local\Temp\cc70ewyI.s 			page 6


 293              	.L17:
 294 001e 00BF     		.align	2
 295              	.L16:
 296 0020 00000000 		.word	.LANCHOR0
 297              		.cfi_endproc
 298              	.LFE9:
 300              		.section	.text.vPortEnterCritical,"ax",%progbits
 301              		.align	1
 302              		.global	vPortEnterCritical
 303              		.syntax unified
 304              		.thumb
 305              		.thumb_func
 306              		.fpu softvfp
 308              	vPortEnterCritical:
 309              	.LFB10:
 310              		.loc 1 362 1 is_stmt 1 view -0
 311              		.cfi_startproc
 312              		@ args = 0, pretend = 0, frame = 0
 313              		@ frame_needed = 0, uses_anonymous_args = 0
 314              		@ link register save eliminated.
 315              		.loc 1 363 2 view .LVU60
 316              	.LBB30:
 317              	.LBI30:
 318              		.loc 2 191 30 view .LVU61
 319              	.LBB31:
 320              		.loc 2 193 1 view .LVU62
 321              		.loc 2 195 2 view .LVU63
 322              		.syntax unified
 323              	@ 195 "Middlewares/Third_Party/FreeRTOS/Source/portable/GCC/ARM_CM3/portmacro.h" 1
 324 0000 4FF05003 			mov r3, #80												
 325 0004 83F31188 		msr basepri, r3											
 326 0008 BFF36F8F 		isb														
 327 000c BFF34F8F 		dsb														
 328              	
 329              	@ 0 "" 2
 330              		.thumb
 331              		.syntax unified
 332              	.LBE31:
 333              	.LBE30:
 334              		.loc 1 364 2 view .LVU64
 335              		.loc 1 364 19 is_stmt 0 view .LVU65
 336 0010 0B4A     		ldr	r2, .L22
 337 0012 1368     		ldr	r3, [r2]
 338 0014 0133     		adds	r3, r3, #1
 339 0016 1360     		str	r3, [r2]
 340              		.loc 1 371 2 is_stmt 1 view .LVU66
 341              		.loc 1 371 4 is_stmt 0 view .LVU67
 342 0018 012B     		cmp	r3, #1
 343 001a 00D0     		beq	.L21
 344              	.L18:
 345              		.loc 1 375 1 view .LVU68
 346 001c 7047     		bx	lr
 347              	.L21:
 348              		.loc 1 373 3 is_stmt 1 view .LVU69
 349 001e 4FF0E023 		mov	r3, #-536813568
 350 0022 D3F8043D 		ldr	r3, [r3, #3332]
 351 0026 13F0FF0F 		tst	r3, #255
ARM GAS  C:\Users\Test\AppData\Local\Temp\cc70ewyI.s 			page 7


 352 002a F7D0     		beq	.L18
 353              		.loc 1 373 3 view .LVU70
 354              	.LBB32:
 355              	.LBI32:
 356              		.loc 2 191 30 view .LVU71
 357              	.LBB33:
 358              		.loc 2 193 1 view .LVU72
 359              		.loc 2 195 2 view .LVU73
 360              		.syntax unified
 361              	@ 195 "Middlewares/Third_Party/FreeRTOS/Source/portable/GCC/ARM_CM3/portmacro.h" 1
 362 002c 4FF05003 			mov r3, #80												
 363 0030 83F31188 		msr basepri, r3											
 364 0034 BFF36F8F 		isb														
 365 0038 BFF34F8F 		dsb														
 366              	
 367              	@ 0 "" 2
 368              	.LVL10:
 369              		.thumb
 370              		.syntax unified
 371              	.L20:
 372              		.loc 2 195 2 is_stmt 0 view .LVU74
 373              	.LBE33:
 374              	.LBE32:
 375              		.loc 1 373 3 is_stmt 1 discriminator 1 view .LVU75
 376              		.loc 1 373 3 discriminator 1 view .LVU76
 377              		.loc 1 373 3 discriminator 1 view .LVU77
 378 003c FEE7     		b	.L20
 379              	.L23:
 380 003e 00BF     		.align	2
 381              	.L22:
 382 0040 00000000 		.word	.LANCHOR0
 383              		.cfi_endproc
 384              	.LFE10:
 386              		.section	.text.vPortExitCritical,"ax",%progbits
 387              		.align	1
 388              		.global	vPortExitCritical
 389              		.syntax unified
 390              		.thumb
 391              		.thumb_func
 392              		.fpu softvfp
 394              	vPortExitCritical:
 395              	.LFB11:
 396              		.loc 1 379 1 view -0
 397              		.cfi_startproc
 398              		@ args = 0, pretend = 0, frame = 0
 399              		@ frame_needed = 0, uses_anonymous_args = 0
 400              		@ link register save eliminated.
 401              		.loc 1 380 2 view .LVU79
 402 0000 094B     		ldr	r3, .L28
 403 0002 1B68     		ldr	r3, [r3]
 404 0004 43B9     		cbnz	r3, .L25
 405              		.loc 1 380 2 view .LVU80
 406              	.LBB34:
 407              	.LBI34:
 408              		.loc 2 191 30 view .LVU81
 409              	.LBB35:
 410              		.loc 2 193 1 view .LVU82
ARM GAS  C:\Users\Test\AppData\Local\Temp\cc70ewyI.s 			page 8


 411              		.loc 2 195 2 view .LVU83
 412              		.syntax unified
 413              	@ 195 "Middlewares/Third_Party/FreeRTOS/Source/portable/GCC/ARM_CM3/portmacro.h" 1
 414 0006 4FF05003 			mov r3, #80												
 415 000a 83F31188 		msr basepri, r3											
 416 000e BFF36F8F 		isb														
 417 0012 BFF34F8F 		dsb														
 418              	
 419              	@ 0 "" 2
 420              	.LVL11:
 421              		.thumb
 422              		.syntax unified
 423              	.L26:
 424              		.loc 2 195 2 is_stmt 0 view .LVU84
 425              	.LBE35:
 426              	.LBE34:
 427              		.loc 1 380 2 is_stmt 1 discriminator 1 view .LVU85
 428              		.loc 1 380 2 discriminator 1 view .LVU86
 429              		.loc 1 380 2 discriminator 1 view .LVU87
 430 0016 FEE7     		b	.L26
 431              	.L25:
 432              		.loc 1 380 35 discriminator 2 view .LVU88
 433              		.loc 1 381 2 discriminator 2 view .LVU89
 434              		.loc 1 381 19 is_stmt 0 discriminator 2 view .LVU90
 435 0018 013B     		subs	r3, r3, #1
 436 001a 034A     		ldr	r2, .L28
 437 001c 1360     		str	r3, [r2]
 438              		.loc 1 382 2 is_stmt 1 discriminator 2 view .LVU91
 439              		.loc 1 382 4 is_stmt 0 discriminator 2 view .LVU92
 440 001e 0BB9     		cbnz	r3, .L24
 441              		.loc 1 384 3 is_stmt 1 view .LVU93
 442              	.LVL12:
 443              	.LBB36:
 444              	.LBI36:
 445              		.loc 2 227 30 view .LVU94
 446              	.LBB37:
 447              		.loc 2 229 2 view .LVU95
 448              		.syntax unified
 449              	@ 229 "Middlewares/Third_Party/FreeRTOS/Source/portable/GCC/ARM_CM3/portmacro.h" 1
 450 0020 83F31188 			msr basepri, r3	
 451              	@ 0 "" 2
 452              	.LVL13:
 453              		.thumb
 454              		.syntax unified
 455              	.L24:
 456              		.loc 2 229 2 is_stmt 0 view .LVU96
 457              	.LBE37:
 458              	.LBE36:
 459              		.loc 1 386 1 view .LVU97
 460 0024 7047     		bx	lr
 461              	.L29:
 462 0026 00BF     		.align	2
 463              	.L28:
 464 0028 00000000 		.word	.LANCHOR0
 465              		.cfi_endproc
 466              	.LFE11:
 468              		.section	.text.PendSV_Handler,"ax",%progbits
ARM GAS  C:\Users\Test\AppData\Local\Temp\cc70ewyI.s 			page 9


 469              		.align	1
 470              		.global	PendSV_Handler
 471              		.syntax unified
 472              		.thumb
 473              		.thumb_func
 474              		.fpu softvfp
 476              	PendSV_Handler:
 477              	.LFB12:
 478              		.loc 1 390 1 is_stmt 1 view -0
 479              		.cfi_startproc
 480              		@ Naked Function: prologue and epilogue provided by programmer.
 481              		@ args = 0, pretend = 0, frame = 0
 482              		@ frame_needed = 0, uses_anonymous_args = 0
 483              		.loc 1 393 2 view .LVU99
 484              		.syntax unified
 485              	@ 393 "Middlewares/Third_Party/FreeRTOS/Source/portable/GCC/ARM_CM3/port.c" 1
 486 0000 EFF30980 			mrs r0, psp							
 487 0004 BFF36F8F 		isb									
 488              											
 489 0008 0D4B     		ldr	r3, pxCurrentTCBConst			
 490 000a 1A68     		ldr	r2, [r3]						
 491              											
 492 000c 20E9F00F 		stmdb r0!, {r4-r11}					
 493 0010 1060     		str r0, [r2]						
 494              											
 495 0012 2DE90840 		stmdb sp!, {r3, r14}				
 496 0016 4FF05000 		mov r0, #80							
 497 001a 80F31188 		msr basepri, r0						
 498 001e FFF7FEFF 		bl vTaskSwitchContext				
 499 0022 4FF00000 		mov r0, #0							
 500 0026 80F31188 		msr basepri, r0						
 501 002a BDE80840 		ldmia sp!, {r3, r14}				
 502              											
 503 002e 1968     		ldr r1, [r3]						
 504 0030 0868     		ldr r0, [r1]						
 505 0032 B0E8F00F 		ldmia r0!, {r4-r11}					
 506 0036 80F30988 		msr psp, r0							
 507 003a BFF36F8F 		isb									
 508 003e 7047     		bx r14								
 509              											
 510              		.align 4							
 511 0040 00000000 	pxCurrentTCBConst: .word pxCurrentTCB	
 512              	
 513              	@ 0 "" 2
 514              		.loc 1 423 1 is_stmt 0 view .LVU100
 515              		.thumb
 516              		.syntax unified
 517              		.cfi_endproc
 518              	.LFE12:
 520              		.section	.text.SysTick_Handler,"ax",%progbits
 521              		.align	1
 522              		.global	SysTick_Handler
 523              		.syntax unified
 524              		.thumb
 525              		.thumb_func
 526              		.fpu softvfp
 528              	SysTick_Handler:
ARM GAS  C:\Users\Test\AppData\Local\Temp\cc70ewyI.s 			page 10


 529              	.LFB13:
 530              		.loc 1 427 1 is_stmt 1 view -0
 531              		.cfi_startproc
 532              		@ args = 0, pretend = 0, frame = 0
 533              		@ frame_needed = 0, uses_anonymous_args = 0
 534 0000 08B5     		push	{r3, lr}
 535              	.LCFI2:
 536              		.cfi_def_cfa_offset 8
 537              		.cfi_offset 3, -8
 538              		.cfi_offset 14, -4
 539              		.loc 1 432 2 view .LVU102
 540              	.LBB38:
 541              	.LBI38:
 542              		.loc 2 191 30 view .LVU103
 543              	.LBB39:
 544              		.loc 2 193 1 view .LVU104
 545              		.loc 2 195 2 view .LVU105
 546              		.syntax unified
 547              	@ 195 "Middlewares/Third_Party/FreeRTOS/Source/portable/GCC/ARM_CM3/portmacro.h" 1
 548 0002 4FF05003 			mov r3, #80												
 549 0006 83F31188 		msr basepri, r3											
 550 000a BFF36F8F 		isb														
 551 000e BFF34F8F 		dsb														
 552              	
 553              	@ 0 "" 2
 554              		.thumb
 555              		.syntax unified
 556              	.LBE39:
 557              	.LBE38:
 558              		.loc 1 435 3 view .LVU106
 559              		.loc 1 435 7 is_stmt 0 view .LVU107
 560 0012 064B     		ldr	r3, .L34
 561 0014 9847     		blx	r3
 562              	.LVL14:
 563              		.loc 1 435 5 view .LVU108
 564 0016 28B1     		cbz	r0, .L32
 565              		.loc 1 439 4 is_stmt 1 view .LVU109
 566              		.loc 1 439 26 is_stmt 0 view .LVU110
 567 0018 4FF0E023 		mov	r3, #-536813568
 568 001c 4FF08052 		mov	r2, #268435456
 569 0020 C3F8042D 		str	r2, [r3, #3332]
 570              	.L32:
 571              		.loc 1 442 2 is_stmt 1 view .LVU111
 572              	.LVL15:
 573              	.LBB40:
 574              	.LBI40:
 575              		.loc 2 227 30 view .LVU112
 576              	.LBB41:
 577              		.loc 2 229 2 view .LVU113
 578 0024 0023     		movs	r3, #0
 579              		.syntax unified
 580              	@ 229 "Middlewares/Third_Party/FreeRTOS/Source/portable/GCC/ARM_CM3/portmacro.h" 1
 581 0026 83F31188 			msr basepri, r3	
 582              	@ 0 "" 2
 583              	.LVL16:
 584              		.loc 2 229 2 is_stmt 0 view .LVU114
 585              		.thumb
ARM GAS  C:\Users\Test\AppData\Local\Temp\cc70ewyI.s 			page 11


 586              		.syntax unified
 587              	.LBE41:
 588              	.LBE40:
 589              		.loc 1 443 1 view .LVU115
 590 002a 08BD     		pop	{r3, pc}
 591              	.L35:
 592              		.align	2
 593              	.L34:
 594 002c 00000000 		.word	xTaskIncrementTick
 595              		.cfi_endproc
 596              	.LFE13:
 598              		.section	.text.vPortSetupTimerInterrupt,"ax",%progbits
 599              		.align	1
 600              		.weak	vPortSetupTimerInterrupt
 601              		.syntax unified
 602              		.thumb
 603              		.thumb_func
 604              		.fpu softvfp
 606              	vPortSetupTimerInterrupt:
 607              	.LFB14:
 608              		.loc 1 618 1 is_stmt 1 view -0
 609              		.cfi_startproc
 610              		@ args = 0, pretend = 0, frame = 0
 611              		@ frame_needed = 0, uses_anonymous_args = 0
 612              		@ link register save eliminated.
 613              		.loc 1 629 2 view .LVU117
 614              		.loc 1 629 28 is_stmt 0 view .LVU118
 615 0000 4FF0E022 		mov	r2, #-536813568
 616 0004 0023     		movs	r3, #0
 617 0006 1361     		str	r3, [r2, #16]
 618              		.loc 1 630 2 is_stmt 1 view .LVU119
 619              		.loc 1 630 37 is_stmt 0 view .LVU120
 620 0008 9361     		str	r3, [r2, #24]
 621              		.loc 1 633 2 is_stmt 1 view .LVU121
 622              		.loc 1 633 55 is_stmt 0 view .LVU122
 623 000a 054B     		ldr	r3, .L37
 624 000c 1B68     		ldr	r3, [r3]
 625 000e 0549     		ldr	r1, .L37+4
 626 0010 A1FB0313 		umull	r1, r3, r1, r3
 627 0014 9B09     		lsrs	r3, r3, #6
 628              		.loc 1 633 78 view .LVU123
 629 0016 013B     		subs	r3, r3, #1
 630              		.loc 1 633 28 view .LVU124
 631 0018 5361     		str	r3, [r2, #20]
 632              		.loc 1 634 2 is_stmt 1 view .LVU125
 633              		.loc 1 634 28 is_stmt 0 view .LVU126
 634 001a 0723     		movs	r3, #7
 635 001c 1361     		str	r3, [r2, #16]
 636              		.loc 1 635 1 view .LVU127
 637 001e 7047     		bx	lr
 638              	.L38:
 639              		.align	2
 640              	.L37:
 641 0020 00000000 		.word	SystemCoreClock
 642 0024 D34D6210 		.word	274877907
 643              		.cfi_endproc
 644              	.LFE14:
ARM GAS  C:\Users\Test\AppData\Local\Temp\cc70ewyI.s 			page 12


 646              		.section	.text.xPortStartScheduler,"ax",%progbits
 647              		.align	1
 648              		.global	xPortStartScheduler
 649              		.syntax unified
 650              		.thumb
 651              		.thumb_func
 652              		.fpu softvfp
 654              	xPortStartScheduler:
 655              	.LFB8:
 656              		.loc 1 258 1 is_stmt 1 view -0
 657              		.cfi_startproc
 658              		@ args = 0, pretend = 0, frame = 8
 659              		@ frame_needed = 0, uses_anonymous_args = 0
 660 0000 10B5     		push	{r4, lr}
 661              	.LCFI3:
 662              		.cfi_def_cfa_offset 8
 663              		.cfi_offset 4, -8
 664              		.cfi_offset 14, -4
 665 0002 82B0     		sub	sp, sp, #8
 666              	.LCFI4:
 667              		.cfi_def_cfa_offset 16
 668              		.loc 1 261 2 view .LVU129
 669              		.loc 1 261 54 view .LVU130
 670              	.LBB42:
 671              		.loc 1 265 3 view .LVU131
 672              		.loc 1 266 3 view .LVU132
 673              	.LVL17:
 674              		.loc 1 267 3 view .LVU133
 675              		.loc 1 275 3 view .LVU134
 676              		.loc 1 275 24 is_stmt 0 view .LVU135
 677 0004 244B     		ldr	r3, .L43
 678 0006 1A78     		ldrb	r2, [r3]	@ zero_extendqisi2
 679 0008 D2B2     		uxtb	r2, r2
 680              		.loc 1 275 22 view .LVU136
 681 000a 0192     		str	r2, [sp, #4]
 682              		.loc 1 279 3 is_stmt 1 view .LVU137
 683              		.loc 1 279 33 is_stmt 0 view .LVU138
 684 000c FF22     		movs	r2, #255
 685 000e 1A70     		strb	r2, [r3]
 686              		.loc 1 282 3 is_stmt 1 view .LVU139
 687              		.loc 1 282 24 is_stmt 0 view .LVU140
 688 0010 1B78     		ldrb	r3, [r3]	@ zero_extendqisi2
 689 0012 DBB2     		uxtb	r3, r3
 690              		.loc 1 282 22 view .LVU141
 691 0014 8DF80330 		strb	r3, [sp, #3]
 692              		.loc 1 285 3 is_stmt 1 view .LVU142
 693              		.loc 1 285 63 is_stmt 0 view .LVU143
 694 0018 9DF80330 		ldrb	r3, [sp, #3]	@ zero_extendqisi2
 695 001c 03F05003 		and	r3, r3, #80
 696              		.loc 1 285 24 view .LVU144
 697 0020 1E4A     		ldr	r2, .L43+4
 698 0022 1370     		strb	r3, [r2]
 699              		.loc 1 289 3 is_stmt 1 view .LVU145
 700              		.loc 1 289 22 is_stmt 0 view .LVU146
 701 0024 1E4B     		ldr	r3, .L43+8
 702 0026 0722     		movs	r2, #7
 703 0028 1A60     		str	r2, [r3]
ARM GAS  C:\Users\Test\AppData\Local\Temp\cc70ewyI.s 			page 13


 704              		.loc 1 290 3 is_stmt 1 view .LVU147
 705              		.loc 1 290 8 is_stmt 0 view .LVU148
 706 002a 09E0     		b	.L40
 707              	.L41:
 708              		.loc 1 292 4 is_stmt 1 view .LVU149
 709              		.loc 1 292 22 is_stmt 0 view .LVU150
 710 002c 1C4A     		ldr	r2, .L43+8
 711 002e 1368     		ldr	r3, [r2]
 712 0030 013B     		subs	r3, r3, #1
 713 0032 1360     		str	r3, [r2]
 714              		.loc 1 293 4 is_stmt 1 view .LVU151
 715              		.loc 1 293 23 is_stmt 0 view .LVU152
 716 0034 9DF80330 		ldrb	r3, [sp, #3]	@ zero_extendqisi2
 717 0038 5B00     		lsls	r3, r3, #1
 718 003a DBB2     		uxtb	r3, r3
 719 003c 8DF80330 		strb	r3, [sp, #3]
 720              	.L40:
 721              		.loc 1 290 8 is_stmt 1 view .LVU153
 722              		.loc 1 290 31 is_stmt 0 view .LVU154
 723 0040 9DF80330 		ldrb	r3, [sp, #3]	@ zero_extendqisi2
 724              		.loc 1 290 8 view .LVU155
 725 0044 13F0800F 		tst	r3, #128
 726 0048 F0D1     		bne	.L41
 727              		.loc 1 311 3 is_stmt 1 view .LVU156
 728              		.loc 1 316 3 view .LVU157
 729              		.loc 1 316 22 is_stmt 0 view .LVU158
 730 004a 154A     		ldr	r2, .L43+8
 731 004c 1368     		ldr	r3, [r2]
 732 004e 1B02     		lsls	r3, r3, #8
 733 0050 1360     		str	r3, [r2]
 734              		.loc 1 317 3 is_stmt 1 view .LVU159
 735              		.loc 1 317 22 is_stmt 0 view .LVU160
 736 0052 03F4E063 		and	r3, r3, #1792
 737 0056 1360     		str	r3, [r2]
 738              		.loc 1 321 3 is_stmt 1 view .LVU161
 739              		.loc 1 321 33 is_stmt 0 view .LVU162
 740 0058 019B     		ldr	r3, [sp, #4]
 741 005a DBB2     		uxtb	r3, r3
 742 005c 0E4A     		ldr	r2, .L43
 743 005e 1370     		strb	r3, [r2]
 744              	.LBE42:
 745              		.loc 1 326 2 is_stmt 1 view .LVU163
 746              		.loc 1 326 23 is_stmt 0 view .LVU164
 747 0060 4FF0E023 		mov	r3, #-536813568
 748 0064 D3F8202D 		ldr	r2, [r3, #3360]
 749 0068 42F47002 		orr	r2, r2, #15728640
 750 006c C3F8202D 		str	r2, [r3, #3360]
 751              		.loc 1 327 2 is_stmt 1 view .LVU165
 752              		.loc 1 327 23 is_stmt 0 view .LVU166
 753 0070 D3F8202D 		ldr	r2, [r3, #3360]
 754 0074 42F07042 		orr	r2, r2, #-268435456
 755 0078 C3F8202D 		str	r2, [r3, #3360]
 756              		.loc 1 331 2 is_stmt 1 view .LVU167
 757 007c 094B     		ldr	r3, .L43+12
 758 007e 9847     		blx	r3
 759              	.LVL18:
 760              		.loc 1 334 2 view .LVU168
ARM GAS  C:\Users\Test\AppData\Local\Temp\cc70ewyI.s 			page 14


 761              		.loc 1 334 20 is_stmt 0 view .LVU169
 762 0080 0024     		movs	r4, #0
 763 0082 094B     		ldr	r3, .L43+16
 764 0084 1C60     		str	r4, [r3]
 765              		.loc 1 337 2 is_stmt 1 view .LVU170
 766 0086 094B     		ldr	r3, .L43+20
 767 0088 9847     		blx	r3
 768              	.LVL19:
 769              		.loc 1 345 2 view .LVU171
 770 008a 094B     		ldr	r3, .L43+24
 771 008c 9847     		blx	r3
 772              	.LVL20:
 773              		.loc 1 346 2 view .LVU172
 774 008e 094B     		ldr	r3, .L43+28
 775 0090 9847     		blx	r3
 776              	.LVL21:
 777              		.loc 1 349 2 view .LVU173
 778              		.loc 1 350 1 is_stmt 0 view .LVU174
 779 0092 2046     		mov	r0, r4
 780 0094 02B0     		add	sp, sp, #8
 781              	.LCFI5:
 782              		.cfi_def_cfa_offset 8
 783              		@ sp needed
 784 0096 10BD     		pop	{r4, pc}
 785              	.L44:
 786              		.align	2
 787              	.L43:
 788 0098 00E400E0 		.word	-536812544
 789 009c 00000000 		.word	.LANCHOR1
 790 00a0 00000000 		.word	.LANCHOR2
 791 00a4 00000000 		.word	vPortSetupTimerInterrupt
 792 00a8 00000000 		.word	.LANCHOR0
 793 00ac 00000000 		.word	prvPortStartFirstTask
 794 00b0 00000000 		.word	vTaskSwitchContext
 795 00b4 00000000 		.word	prvTaskExitError
 796              		.cfi_endproc
 797              	.LFE8:
 799              		.section	.text.vPortValidateInterruptPriority,"ax",%progbits
 800              		.align	1
 801              		.global	vPortValidateInterruptPriority
 802              		.syntax unified
 803              		.thumb
 804              		.thumb_func
 805              		.fpu softvfp
 807              	vPortValidateInterruptPriority:
 808              	.LFB15:
 809              		.loc 1 641 2 is_stmt 1 view -0
 810              		.cfi_startproc
 811              		@ args = 0, pretend = 0, frame = 0
 812              		@ frame_needed = 0, uses_anonymous_args = 0
 813              		@ link register save eliminated.
 814              		.loc 1 642 2 view .LVU176
 815              		.loc 1 643 2 view .LVU177
 816              		.loc 1 646 3 view .LVU178
 817              		.syntax unified
 818              	@ 646 "Middlewares/Third_Party/FreeRTOS/Source/portable/GCC/ARM_CM3/port.c" 1
 819 0000 EFF30583 		mrs r3, ipsr
ARM GAS  C:\Users\Test\AppData\Local\Temp\cc70ewyI.s 			page 15


 820              	@ 0 "" 2
 821              	.LVL22:
 822              		.loc 1 649 3 view .LVU179
 823              		.loc 1 649 5 is_stmt 0 view .LVU180
 824              		.thumb
 825              		.syntax unified
 826 0004 0F2B     		cmp	r3, #15
 827 0006 0FD9     		bls	.L46
 828              		.loc 1 652 4 is_stmt 1 view .LVU181
 829              		.loc 1 652 52 is_stmt 0 view .LVU182
 830 0008 114A     		ldr	r2, .L50
 831              		.loc 1 652 22 view .LVU183
 832 000a 9B5C     		ldrb	r3, [r3, r2]	@ zero_extendqisi2
 833              	.LVL23:
 834              		.loc 1 652 22 view .LVU184
 835 000c DBB2     		uxtb	r3, r3
 836              	.LVL24:
 837              		.loc 1 677 4 is_stmt 1 view .LVU185
 838 000e 114A     		ldr	r2, .L50+4
 839 0010 1278     		ldrb	r2, [r2]	@ zero_extendqisi2
 840 0012 9A42     		cmp	r2, r3
 841 0014 08D9     		bls	.L46
 842              		.loc 1 677 4 view .LVU186
 843              	.LBB43:
 844              	.LBI43:
 845              		.loc 2 191 30 view .LVU187
 846              	.LBB44:
 847              		.loc 2 193 1 view .LVU188
 848              		.loc 2 195 2 view .LVU189
 849              		.syntax unified
 850              	@ 195 "Middlewares/Third_Party/FreeRTOS/Source/portable/GCC/ARM_CM3/portmacro.h" 1
 851 0016 4FF05003 			mov r3, #80												
 852 001a 83F31188 		msr basepri, r3											
 853 001e BFF36F8F 		isb														
 854 0022 BFF34F8F 		dsb														
 855              	
 856              	@ 0 "" 2
 857              	.LVL25:
 858              		.thumb
 859              		.syntax unified
 860              	.L47:
 861              		.loc 2 195 2 is_stmt 0 view .LVU190
 862              	.LBE44:
 863              	.LBE43:
 864              		.loc 1 677 4 is_stmt 1 discriminator 1 view .LVU191
 865              		.loc 1 677 4 discriminator 1 view .LVU192
 866              		.loc 1 677 4 discriminator 1 view .LVU193
 867 0026 FEE7     		b	.L47
 868              	.L46:
 869              		.loc 1 677 61 discriminator 2 view .LVU194
 870              		.loc 1 693 3 discriminator 2 view .LVU195
 871 0028 4FF0E023 		mov	r3, #-536813568
 872 002c D3F80C3D 		ldr	r3, [r3, #3340]
 873 0030 03F4E063 		and	r3, r3, #1792
 874 0034 084A     		ldr	r2, .L50+8
 875 0036 1268     		ldr	r2, [r2]
 876 0038 9342     		cmp	r3, r2
ARM GAS  C:\Users\Test\AppData\Local\Temp\cc70ewyI.s 			page 16


 877 003a 08D9     		bls	.L45
 878              		.loc 1 693 3 view .LVU196
 879              	.LBB45:
 880              	.LBI45:
 881              		.loc 2 191 30 view .LVU197
 882              	.LBB46:
 883              		.loc 2 193 1 view .LVU198
 884              		.loc 2 195 2 view .LVU199
 885              		.syntax unified
 886              	@ 195 "Middlewares/Third_Party/FreeRTOS/Source/portable/GCC/ARM_CM3/portmacro.h" 1
 887 003c 4FF05003 			mov r3, #80												
 888 0040 83F31188 		msr basepri, r3											
 889 0044 BFF36F8F 		isb														
 890 0048 BFF34F8F 		dsb														
 891              	
 892              	@ 0 "" 2
 893              	.LVL26:
 894              		.thumb
 895              		.syntax unified
 896              	.L49:
 897              		.loc 2 195 2 is_stmt 0 view .LVU200
 898              	.LBE46:
 899              	.LBE45:
 900              		.loc 1 693 3 is_stmt 1 discriminator 2 view .LVU201
 901              		.loc 1 693 3 discriminator 2 view .LVU202
 902              		.loc 1 693 3 discriminator 2 view .LVU203
 903 004c FEE7     		b	.L49
 904              	.L45:
 905              		.loc 1 694 2 is_stmt 0 view .LVU204
 906 004e 7047     		bx	lr
 907              	.L51:
 908              		.align	2
 909              	.L50:
 910 0050 F0E300E0 		.word	-536812560
 911 0054 00000000 		.word	.LANCHOR1
 912 0058 00000000 		.word	.LANCHOR2
 913              		.cfi_endproc
 914              	.LFE15:
 916              		.section	.bss.ucMaxSysCallPriority,"aw",%nobits
 917              		.set	.LANCHOR1,. + 0
 920              	ucMaxSysCallPriority:
 921 0000 00       		.space	1
 922              		.section	.bss.ulMaxPRIGROUPValue,"aw",%nobits
 923              		.align	2
 924              		.set	.LANCHOR2,. + 0
 927              	ulMaxPRIGROUPValue:
 928 0000 00000000 		.space	4
 929              		.section	.data.uxCriticalNesting,"aw"
 930              		.align	2
 931              		.set	.LANCHOR0,. + 0
 934              	uxCriticalNesting:
 935 0000 AAAAAAAA 		.word	-1431655766
 936              		.text
 937              	.Letext0:
 938              		.file 3 "../c:\\users\\test\\desktop\\gnu mcu\\arm-none-eabi-gcc-10.2.1-1.1\\arm-none-eabi\\includ
 939              		.file 4 "../c:\\users\\test\\desktop\\gnu mcu\\arm-none-eabi-gcc-10.2.1-1.1\\arm-none-eabi\\includ
 940              		.file 5 "../Middlewares/Third_Party/FreeRTOS/Source/include/projdefs.h"
ARM GAS  C:\Users\Test\AppData\Local\Temp\cc70ewyI.s 			page 17


 941              		.file 6 "../Core/Inc/FreeRTOSConfig.h"
 942              		.file 7 "../Middlewares/Third_Party/FreeRTOS/Source/include/task.h"
ARM GAS  C:\Users\Test\AppData\Local\Temp\cc70ewyI.s 			page 18


DEFINED SYMBOLS
                            *ABS*:0000000000000000 port.c
C:\Users\Test\AppData\Local\Temp\cc70ewyI.s:16     .text.prvTaskExitError:0000000000000000 $t
C:\Users\Test\AppData\Local\Temp\cc70ewyI.s:23     .text.prvTaskExitError:0000000000000000 prvTaskExitError
C:\Users\Test\AppData\Local\Temp\cc70ewyI.s:110    .text.prvTaskExitError:000000000000003c $d
C:\Users\Test\AppData\Local\Temp\cc70ewyI.s:115    .text.prvPortStartFirstTask:0000000000000000 $t
C:\Users\Test\AppData\Local\Temp\cc70ewyI.s:121    .text.prvPortStartFirstTask:0000000000000000 prvPortStartFirstTask
C:\Users\Test\AppData\Local\Temp\cc70ewyI.s:150    .text.pxPortInitialiseStack:0000000000000000 $t
C:\Users\Test\AppData\Local\Temp\cc70ewyI.s:157    .text.pxPortInitialiseStack:0000000000000000 pxPortInitialiseStack
C:\Users\Test\AppData\Local\Temp\cc70ewyI.s:201    .text.pxPortInitialiseStack:0000000000000020 $d
C:\Users\Test\AppData\Local\Temp\cc70ewyI.s:206    .text.SVC_Handler:0000000000000000 $t
C:\Users\Test\AppData\Local\Temp\cc70ewyI.s:213    .text.SVC_Handler:0000000000000000 SVC_Handler
C:\Users\Test\AppData\Local\Temp\cc70ewyI.s:235    .text.SVC_Handler:0000000000000020 pxCurrentTCBConst2
C:\Users\Test\AppData\Local\Temp\cc70ewyI.s:235    .text.SVC_Handler:0000000000000020 $d
C:\Users\Test\AppData\Local\Temp\cc70ewyI.s:245    .text.vPortEndScheduler:0000000000000000 $t
C:\Users\Test\AppData\Local\Temp\cc70ewyI.s:252    .text.vPortEndScheduler:0000000000000000 vPortEndScheduler
C:\Users\Test\AppData\Local\Temp\cc70ewyI.s:296    .text.vPortEndScheduler:0000000000000020 $d
C:\Users\Test\AppData\Local\Temp\cc70ewyI.s:301    .text.vPortEnterCritical:0000000000000000 $t
C:\Users\Test\AppData\Local\Temp\cc70ewyI.s:308    .text.vPortEnterCritical:0000000000000000 vPortEnterCritical
C:\Users\Test\AppData\Local\Temp\cc70ewyI.s:382    .text.vPortEnterCritical:0000000000000040 $d
C:\Users\Test\AppData\Local\Temp\cc70ewyI.s:387    .text.vPortExitCritical:0000000000000000 $t
C:\Users\Test\AppData\Local\Temp\cc70ewyI.s:394    .text.vPortExitCritical:0000000000000000 vPortExitCritical
C:\Users\Test\AppData\Local\Temp\cc70ewyI.s:464    .text.vPortExitCritical:0000000000000028 $d
C:\Users\Test\AppData\Local\Temp\cc70ewyI.s:469    .text.PendSV_Handler:0000000000000000 $t
C:\Users\Test\AppData\Local\Temp\cc70ewyI.s:476    .text.PendSV_Handler:0000000000000000 PendSV_Handler
C:\Users\Test\AppData\Local\Temp\cc70ewyI.s:511    .text.PendSV_Handler:0000000000000040 pxCurrentTCBConst
C:\Users\Test\AppData\Local\Temp\cc70ewyI.s:511    .text.PendSV_Handler:0000000000000040 $d
C:\Users\Test\AppData\Local\Temp\cc70ewyI.s:521    .text.SysTick_Handler:0000000000000000 $t
C:\Users\Test\AppData\Local\Temp\cc70ewyI.s:528    .text.SysTick_Handler:0000000000000000 SysTick_Handler
C:\Users\Test\AppData\Local\Temp\cc70ewyI.s:594    .text.SysTick_Handler:000000000000002c $d
C:\Users\Test\AppData\Local\Temp\cc70ewyI.s:599    .text.vPortSetupTimerInterrupt:0000000000000000 $t
C:\Users\Test\AppData\Local\Temp\cc70ewyI.s:606    .text.vPortSetupTimerInterrupt:0000000000000000 vPortSetupTimerInterrupt
C:\Users\Test\AppData\Local\Temp\cc70ewyI.s:641    .text.vPortSetupTimerInterrupt:0000000000000020 $d
C:\Users\Test\AppData\Local\Temp\cc70ewyI.s:647    .text.xPortStartScheduler:0000000000000000 $t
C:\Users\Test\AppData\Local\Temp\cc70ewyI.s:654    .text.xPortStartScheduler:0000000000000000 xPortStartScheduler
C:\Users\Test\AppData\Local\Temp\cc70ewyI.s:788    .text.xPortStartScheduler:0000000000000098 $d
C:\Users\Test\AppData\Local\Temp\cc70ewyI.s:800    .text.vPortValidateInterruptPriority:0000000000000000 $t
C:\Users\Test\AppData\Local\Temp\cc70ewyI.s:807    .text.vPortValidateInterruptPriority:0000000000000000 vPortValidateInterruptPriority
C:\Users\Test\AppData\Local\Temp\cc70ewyI.s:910    .text.vPortValidateInterruptPriority:0000000000000050 $d
C:\Users\Test\AppData\Local\Temp\cc70ewyI.s:920    .bss.ucMaxSysCallPriority:0000000000000000 ucMaxSysCallPriority
C:\Users\Test\AppData\Local\Temp\cc70ewyI.s:921    .bss.ucMaxSysCallPriority:0000000000000000 $d
C:\Users\Test\AppData\Local\Temp\cc70ewyI.s:923    .bss.ulMaxPRIGROUPValue:0000000000000000 $d
C:\Users\Test\AppData\Local\Temp\cc70ewyI.s:927    .bss.ulMaxPRIGROUPValue:0000000000000000 ulMaxPRIGROUPValue
C:\Users\Test\AppData\Local\Temp\cc70ewyI.s:930    .data.uxCriticalNesting:0000000000000000 $d
C:\Users\Test\AppData\Local\Temp\cc70ewyI.s:934    .data.uxCriticalNesting:0000000000000000 uxCriticalNesting
C:\Users\Test\AppData\Local\Temp\cc70ewyI.s:149    .text.prvPortStartFirstTask:000000000000001a $d
C:\Users\Test\AppData\Local\Temp\cc70ewyI.s:2589   .text.prvPortStartFirstTask:000000000000001c $d

UNDEFINED SYMBOLS
pxCurrentTCB
vTaskSwitchContext
xTaskIncrementTick
SystemCoreClock
