ARM GAS  C:\Users\Test\AppData\Local\Temp\cczdDOgc.s 			page 1


   1              		.cpu cortex-m3
   2              		.eabi_attribute 20, 1
   3              		.eabi_attribute 21, 1
   4              		.eabi_attribute 23, 3
   5              		.eabi_attribute 24, 1
   6              		.eabi_attribute 25, 1
   7              		.eabi_attribute 26, 1
   8              		.eabi_attribute 30, 1
   9              		.eabi_attribute 34, 1
  10              		.eabi_attribute 18, 4
  11              		.file	"stm32f1xx_hal_flash_ex.c"
  12              		.text
  13              	.Ltext0:
  14              		.cfi_sections	.debug_frame
  15              		.section	.text.FLASH_MassErase,"ax",%progbits
  16              		.align	1
  17              		.arch armv7-m
  18              		.syntax unified
  19              		.thumb
  20              		.thumb_func
  21              		.fpu softvfp
  23              	FLASH_MassErase:
  24              	.LVL0:
  25              	.LFB71:
  26              		.file 1 "../Drivers/STM32F1xx_HAL_Driver/Src/stm32f1xx_hal_flash_ex.c"
   1:../Drivers/STM32F1xx_HAL_Driver/Src/stm32f1xx_hal_flash_ex.c **** 
  27              		.loc 1 596 1 view -0
  28              		.cfi_startproc
  29              		@ args = 0, pretend = 0, frame = 0
  30              		@ frame_needed = 0, uses_anonymous_args = 0
  31              		@ link register save eliminated.
  32              		.loc 1 598 3 view .LVU1
  33              		.loc 1 601 3 view .LVU2
  34              		.loc 1 601 20 is_stmt 0 view .LVU3
  35 0000 064B     		ldr	r3, .L2
  36 0002 0022     		movs	r2, #0
  37 0004 DA61     		str	r2, [r3, #28]
  38              		.loc 1 623 3 is_stmt 1 view .LVU4
  39              		.loc 1 626 5 view .LVU5
  40 0006 064B     		ldr	r3, .L2+4
  41 0008 1A69     		ldr	r2, [r3, #16]
  42 000a 42F00402 		orr	r2, r2, #4
  43 000e 1A61     		str	r2, [r3, #16]
  44              		.loc 1 627 5 view .LVU6
  45 0010 1A69     		ldr	r2, [r3, #16]
  46 0012 42F04002 		orr	r2, r2, #64
  47 0016 1A61     		str	r2, [r3, #16]
  48              		.loc 1 631 1 is_stmt 0 view .LVU7
  49 0018 7047     		bx	lr
  50              	.L3:
  51 001a 00BF     		.align	2
  52              	.L2:
  53 001c 00000000 		.word	pFlash
  54 0020 00200240 		.word	1073881088
  55              		.cfi_endproc
  56              	.LFE71:
  58              		.section	.text.FLASH_OB_GetWRP,"ax",%progbits
ARM GAS  C:\Users\Test\AppData\Local\Temp\cczdDOgc.s 			page 2


  59              		.align	1
  60              		.syntax unified
  61              		.thumb
  62              		.thumb_func
  63              		.fpu softvfp
  65              	FLASH_OB_GetWRP:
  66              	.LFB77:
  67              		.loc 1 1022 1 is_stmt 1 view -0
  68              		.cfi_startproc
  69              		@ args = 0, pretend = 0, frame = 0
  70              		@ frame_needed = 0, uses_anonymous_args = 0
  71              		@ link register save eliminated.
  72              		.loc 1 1024 3 view .LVU9
  73              		.loc 1 1024 10 is_stmt 0 view .LVU10
  74 0000 014B     		ldr	r3, .L5
  75 0002 186A     		ldr	r0, [r3, #32]
  76              		.loc 1 1025 1 view .LVU11
  77 0004 7047     		bx	lr
  78              	.L6:
  79 0006 00BF     		.align	2
  80              	.L5:
  81 0008 00200240 		.word	1073881088
  82              		.cfi_endproc
  83              	.LFE77:
  85              		.section	.text.FLASH_OB_GetRDP,"ax",%progbits
  86              		.align	1
  87              		.syntax unified
  88              		.thumb
  89              		.thumb_func
  90              		.fpu softvfp
  92              	FLASH_OB_GetRDP:
  93              	.LFB78:
  94              		.loc 1 1035 1 is_stmt 1 view -0
  95              		.cfi_startproc
  96              		@ args = 0, pretend = 0, frame = 0
  97              		@ frame_needed = 0, uses_anonymous_args = 0
  98              		@ link register save eliminated.
  99              		.loc 1 1036 3 view .LVU13
 100              	.LVL1:
 101              		.loc 1 1037 3 view .LVU14
 102              		.loc 1 1040 3 view .LVU15
 103              		.loc 1 1040 13 is_stmt 0 view .LVU16
 104 0000 044B     		ldr	r3, .L10
 105 0002 DB69     		ldr	r3, [r3, #28]
 106              	.LVL2:
 107              		.loc 1 1042 3 is_stmt 1 view .LVU17
 108              		.loc 1 1042 6 is_stmt 0 view .LVU18
 109 0004 13F0020F 		tst	r3, #2
 110 0008 01D0     		beq	.L9
 111              		.loc 1 1044 16 view .LVU19
 112 000a 0020     		movs	r0, #0
 113 000c 7047     		bx	lr
 114              	.L9:
 115              		.loc 1 1048 16 view .LVU20
 116 000e A520     		movs	r0, #165
 117              		.loc 1 1051 3 is_stmt 1 view .LVU21
 118              		.loc 1 1052 1 is_stmt 0 view .LVU22
ARM GAS  C:\Users\Test\AppData\Local\Temp\cczdDOgc.s 			page 3


 119 0010 7047     		bx	lr
 120              	.L11:
 121 0012 00BF     		.align	2
 122              	.L10:
 123 0014 00200240 		.word	1073881088
 124              		.cfi_endproc
 125              	.LFE78:
 127              		.section	.text.FLASH_OB_GetUser,"ax",%progbits
 128              		.align	1
 129              		.syntax unified
 130              		.thumb
 131              		.thumb_func
 132              		.fpu softvfp
 134              	FLASH_OB_GetUser:
 135              	.LFB79:
 136              		.loc 1 1061 1 is_stmt 1 view -0
 137              		.cfi_startproc
 138              		@ args = 0, pretend = 0, frame = 0
 139              		@ frame_needed = 0, uses_anonymous_args = 0
 140              		@ link register save eliminated.
 141              		.loc 1 1063 3 view .LVU24
 142              		.loc 1 1063 21 is_stmt 0 view .LVU25
 143 0000 024B     		ldr	r3, .L13
 144 0002 D869     		ldr	r0, [r3, #28]
 145              		.loc 1 1064 1 view .LVU26
 146 0004 C0F38200 		ubfx	r0, r0, #2, #3
 147 0008 7047     		bx	lr
 148              	.L14:
 149 000a 00BF     		.align	2
 150              	.L13:
 151 000c 00200240 		.word	1073881088
 152              		.cfi_endproc
 153              	.LFE79:
 155              		.section	.text.FLASH_OB_RDP_LevelConfig,"ax",%progbits
 156              		.align	1
 157              		.syntax unified
 158              		.thumb
 159              		.thumb_func
 160              		.fpu softvfp
 162              	FLASH_OB_RDP_LevelConfig:
 163              	.LVL3:
 164              	.LFB74:
 165              		.loc 1 887 1 is_stmt 1 view -0
 166              		.cfi_startproc
 167              		@ args = 0, pretend = 0, frame = 0
 168              		@ frame_needed = 0, uses_anonymous_args = 0
 169              		.loc 1 887 1 is_stmt 0 view .LVU28
 170 0000 38B5     		push	{r3, r4, r5, lr}
 171              	.LCFI0:
 172              		.cfi_def_cfa_offset 16
 173              		.cfi_offset 3, -16
 174              		.cfi_offset 4, -12
 175              		.cfi_offset 5, -8
 176              		.cfi_offset 14, -4
 177 0002 0546     		mov	r5, r0
 178              		.loc 1 888 3 is_stmt 1 view .LVU29
 179              	.LVL4:
ARM GAS  C:\Users\Test\AppData\Local\Temp\cczdDOgc.s 			page 4


 180              		.loc 1 891 3 view .LVU30
 181              		.loc 1 894 3 view .LVU31
 182              		.loc 1 894 12 is_stmt 0 view .LVU32
 183 0004 4CF25030 		movw	r0, #50000
 184              	.LVL5:
 185              		.loc 1 894 12 view .LVU33
 186 0008 144B     		ldr	r3, .L19
 187 000a 9847     		blx	r3
 188              	.LVL6:
 189              		.loc 1 896 3 is_stmt 1 view .LVU34
 190              		.loc 1 896 5 is_stmt 0 view .LVU35
 191 000c 00B1     		cbz	r0, .L18
 192              	.LVL7:
 193              	.L16:
 194              		.loc 1 926 3 is_stmt 1 view .LVU36
 195              		.loc 1 927 1 is_stmt 0 view .LVU37
 196 000e 38BD     		pop	{r3, r4, r5, pc}
 197              	.LVL8:
 198              	.L18:
 199              		.loc 1 899 5 is_stmt 1 view .LVU38
 200              		.loc 1 899 22 is_stmt 0 view .LVU39
 201 0010 134B     		ldr	r3, .L19+4
 202 0012 0022     		movs	r2, #0
 203 0014 DA61     		str	r2, [r3, #28]
 204              		.loc 1 902 5 is_stmt 1 view .LVU40
 205 0016 134C     		ldr	r4, .L19+8
 206 0018 2369     		ldr	r3, [r4, #16]
 207 001a 43F02003 		orr	r3, r3, #32
 208 001e 2361     		str	r3, [r4, #16]
 209              		.loc 1 903 5 view .LVU41
 210 0020 2369     		ldr	r3, [r4, #16]
 211 0022 43F04003 		orr	r3, r3, #64
 212 0026 2361     		str	r3, [r4, #16]
 213              		.loc 1 906 5 view .LVU42
 214              		.loc 1 906 14 is_stmt 0 view .LVU43
 215 0028 4CF25030 		movw	r0, #50000
 216 002c 0B4B     		ldr	r3, .L19
 217              	.LVL9:
 218              		.loc 1 906 14 view .LVU44
 219 002e 9847     		blx	r3
 220              	.LVL10:
 221              		.loc 1 909 5 is_stmt 1 view .LVU45
 222 0030 2369     		ldr	r3, [r4, #16]
 223 0032 23F02003 		bic	r3, r3, #32
 224 0036 2361     		str	r3, [r4, #16]
 225              		.loc 1 911 5 view .LVU46
 226              		.loc 1 911 7 is_stmt 0 view .LVU47
 227 0038 0028     		cmp	r0, #0
 228 003a E8D1     		bne	.L16
 229              		.loc 1 914 7 is_stmt 1 view .LVU48
 230 003c 2369     		ldr	r3, [r4, #16]
 231 003e 43F01003 		orr	r3, r3, #16
 232 0042 2361     		str	r3, [r4, #16]
 233              		.loc 1 916 7 view .LVU49
 234 0044 A8B2     		uxth	r0, r5
 235              	.LVL11:
 236              		.loc 1 916 7 is_stmt 0 view .LVU50
ARM GAS  C:\Users\Test\AppData\Local\Temp\cczdDOgc.s 			page 5


 237 0046 084B     		ldr	r3, .L19+12
 238 0048 1880     		strh	r0, [r3]	@ movhi
 239              		.loc 1 919 7 is_stmt 1 view .LVU51
 240              		.loc 1 919 16 is_stmt 0 view .LVU52
 241 004a 4CF25030 		movw	r0, #50000
 242 004e 034B     		ldr	r3, .L19
 243 0050 9847     		blx	r3
 244              	.LVL12:
 245              		.loc 1 922 7 is_stmt 1 view .LVU53
 246 0052 2369     		ldr	r3, [r4, #16]
 247 0054 23F01003 		bic	r3, r3, #16
 248 0058 2361     		str	r3, [r4, #16]
 249 005a D8E7     		b	.L16
 250              	.L20:
 251              		.align	2
 252              	.L19:
 253 005c 00000000 		.word	FLASH_WaitForLastOperation
 254 0060 00000000 		.word	pFlash
 255 0064 00200240 		.word	1073881088
 256 0068 00F8FF1F 		.word	536868864
 257              		.cfi_endproc
 258              	.LFE74:
 260              		.section	.text.FLASH_OB_UserConfig,"ax",%progbits
 261              		.align	1
 262              		.syntax unified
 263              		.thumb
 264              		.thumb_func
 265              		.fpu softvfp
 267              	FLASH_OB_UserConfig:
 268              	.LVL13:
 269              	.LFB75:
 270              		.loc 1 938 1 view -0
 271              		.cfi_startproc
 272              		@ args = 0, pretend = 0, frame = 0
 273              		@ frame_needed = 0, uses_anonymous_args = 0
 274              		.loc 1 938 1 is_stmt 0 view .LVU55
 275 0000 38B5     		push	{r3, r4, r5, lr}
 276              	.LCFI1:
 277              		.cfi_def_cfa_offset 16
 278              		.cfi_offset 3, -16
 279              		.cfi_offset 4, -12
 280              		.cfi_offset 5, -8
 281              		.cfi_offset 14, -4
 282 0002 0446     		mov	r4, r0
 283              		.loc 1 939 3 is_stmt 1 view .LVU56
 284              	.LVL14:
 285              		.loc 1 942 3 view .LVU57
 286              		.loc 1 943 3 view .LVU58
 287              		.loc 1 944 3 view .LVU59
 288              		.loc 1 950 3 view .LVU60
 289              		.loc 1 950 12 is_stmt 0 view .LVU61
 290 0004 4CF25030 		movw	r0, #50000
 291              	.LVL15:
 292              		.loc 1 950 12 view .LVU62
 293 0008 0C4B     		ldr	r3, .L25
 294 000a 9847     		blx	r3
 295              	.LVL16:
ARM GAS  C:\Users\Test\AppData\Local\Temp\cczdDOgc.s 			page 6


 296              		.loc 1 952 3 is_stmt 1 view .LVU63
 297              		.loc 1 952 5 is_stmt 0 view .LVU64
 298 000c 00B1     		cbz	r0, .L24
 299              	.LVL17:
 300              	.L22:
 301              		.loc 1 973 3 is_stmt 1 view .LVU65
 302              		.loc 1 974 1 is_stmt 0 view .LVU66
 303 000e 38BD     		pop	{r3, r4, r5, pc}
 304              	.LVL18:
 305              	.L24:
 306              		.loc 1 955 5 is_stmt 1 view .LVU67
 307              		.loc 1 955 22 is_stmt 0 view .LVU68
 308 0010 0B4B     		ldr	r3, .L25+4
 309 0012 0022     		movs	r2, #0
 310 0014 DA61     		str	r2, [r3, #28]
 311              		.loc 1 958 5 is_stmt 1 view .LVU69
 312 0016 0B4D     		ldr	r5, .L25+8
 313 0018 2B69     		ldr	r3, [r5, #16]
 314 001a 43F01003 		orr	r3, r3, #16
 315 001e 2B61     		str	r3, [r5, #16]
 316              		.loc 1 963 5 view .LVU70
 317              		.loc 1 963 14 is_stmt 0 view .LVU71
 318 0020 44F08800 		orr	r0, r4, #136
 319 0024 084B     		ldr	r3, .L25+12
 320 0026 5880     		strh	r0, [r3, #2]	@ movhi
 321              		.loc 1 967 5 is_stmt 1 view .LVU72
 322              		.loc 1 967 14 is_stmt 0 view .LVU73
 323 0028 4CF25030 		movw	r0, #50000
 324 002c 034B     		ldr	r3, .L25
 325              	.LVL19:
 326              		.loc 1 967 14 view .LVU74
 327 002e 9847     		blx	r3
 328              	.LVL20:
 329              		.loc 1 970 5 is_stmt 1 view .LVU75
 330 0030 2B69     		ldr	r3, [r5, #16]
 331 0032 23F01003 		bic	r3, r3, #16
 332 0036 2B61     		str	r3, [r5, #16]
 333 0038 E9E7     		b	.L22
 334              	.L26:
 335 003a 00BF     		.align	2
 336              	.L25:
 337 003c 00000000 		.word	FLASH_WaitForLastOperation
 338 0040 00000000 		.word	pFlash
 339 0044 00200240 		.word	1073881088
 340 0048 00F8FF1F 		.word	536868864
 341              		.cfi_endproc
 342              	.LFE75:
 344              		.section	.text.FLASH_OB_ProgramData,"ax",%progbits
 345              		.align	1
 346              		.syntax unified
 347              		.thumb
 348              		.thumb_func
 349              		.fpu softvfp
 351              	FLASH_OB_ProgramData:
 352              	.LVL21:
 353              	.LFB76:
 354              		.loc 1 989 1 view -0
ARM GAS  C:\Users\Test\AppData\Local\Temp\cczdDOgc.s 			page 7


 355              		.cfi_startproc
 356              		@ args = 0, pretend = 0, frame = 0
 357              		@ frame_needed = 0, uses_anonymous_args = 0
 358              		.loc 1 989 1 is_stmt 0 view .LVU77
 359 0000 70B5     		push	{r4, r5, r6, lr}
 360              	.LCFI2:
 361              		.cfi_def_cfa_offset 16
 362              		.cfi_offset 4, -16
 363              		.cfi_offset 5, -12
 364              		.cfi_offset 6, -8
 365              		.cfi_offset 14, -4
 366 0002 0546     		mov	r5, r0
 367 0004 0C46     		mov	r4, r1
 368              		.loc 1 990 3 is_stmt 1 view .LVU78
 369              	.LVL22:
 370              		.loc 1 993 3 view .LVU79
 371              		.loc 1 996 3 view .LVU80
 372              		.loc 1 996 12 is_stmt 0 view .LVU81
 373 0006 4CF25030 		movw	r0, #50000
 374              	.LVL23:
 375              		.loc 1 996 12 view .LVU82
 376 000a 0B4B     		ldr	r3, .L31
 377 000c 9847     		blx	r3
 378              	.LVL24:
 379              		.loc 1 998 3 is_stmt 1 view .LVU83
 380              		.loc 1 998 5 is_stmt 0 view .LVU84
 381 000e 00B1     		cbz	r0, .L30
 382              	.LVL25:
 383              	.L28:
 384              		.loc 1 1014 3 is_stmt 1 view .LVU85
 385              		.loc 1 1015 1 is_stmt 0 view .LVU86
 386 0010 70BD     		pop	{r4, r5, r6, pc}
 387              	.LVL26:
 388              	.L30:
 389              		.loc 1 1001 5 is_stmt 1 view .LVU87
 390              		.loc 1 1001 22 is_stmt 0 view .LVU88
 391 0012 0A4B     		ldr	r3, .L31+4
 392 0014 0022     		movs	r2, #0
 393 0016 DA61     		str	r2, [r3, #28]
 394              		.loc 1 1004 5 is_stmt 1 view .LVU89
 395 0018 094E     		ldr	r6, .L31+8
 396 001a 3369     		ldr	r3, [r6, #16]
 397 001c 43F01003 		orr	r3, r3, #16
 398 0020 3361     		str	r3, [r6, #16]
 399              		.loc 1 1005 5 view .LVU90
 400              		.loc 1 1005 30 is_stmt 0 view .LVU91
 401 0022 A1B2     		uxth	r1, r4
 402 0024 2980     		strh	r1, [r5]	@ movhi
 403              		.loc 1 1008 5 is_stmt 1 view .LVU92
 404              		.loc 1 1008 14 is_stmt 0 view .LVU93
 405 0026 4CF25030 		movw	r0, #50000
 406 002a 034B     		ldr	r3, .L31
 407              	.LVL27:
 408              		.loc 1 1008 14 view .LVU94
 409 002c 9847     		blx	r3
 410              	.LVL28:
 411              		.loc 1 1011 5 is_stmt 1 view .LVU95
ARM GAS  C:\Users\Test\AppData\Local\Temp\cczdDOgc.s 			page 8


 412 002e 3369     		ldr	r3, [r6, #16]
 413 0030 23F01003 		bic	r3, r3, #16
 414 0034 3361     		str	r3, [r6, #16]
 415 0036 EBE7     		b	.L28
 416              	.L32:
 417              		.align	2
 418              	.L31:
 419 0038 00000000 		.word	FLASH_WaitForLastOperation
 420 003c 00000000 		.word	pFlash
 421 0040 00200240 		.word	1073881088
 422              		.cfi_endproc
 423              	.LFE76:
 425              		.section	.text.HAL_FLASHEx_OBErase,"ax",%progbits
 426              		.align	1
 427              		.global	HAL_FLASHEx_OBErase
 428              		.syntax unified
 429              		.thumb
 430              		.thumb_func
 431              		.fpu softvfp
 433              	HAL_FLASHEx_OBErase:
 434              	.LFB67:
 435              		.loc 1 398 1 view -0
 436              		.cfi_startproc
 437              		@ args = 0, pretend = 0, frame = 0
 438              		@ frame_needed = 0, uses_anonymous_args = 0
 439 0000 38B5     		push	{r3, r4, r5, lr}
 440              	.LCFI3:
 441              		.cfi_def_cfa_offset 16
 442              		.cfi_offset 3, -16
 443              		.cfi_offset 4, -12
 444              		.cfi_offset 5, -8
 445              		.cfi_offset 14, -4
 446              		.loc 1 399 3 view .LVU97
 447              	.LVL29:
 448              		.loc 1 400 3 view .LVU98
 449              		.loc 1 403 3 view .LVU99
 450              		.loc 1 403 12 is_stmt 0 view .LVU100
 451 0002 114B     		ldr	r3, .L37
 452 0004 9847     		blx	r3
 453              	.LVL30:
 454              		.loc 1 403 10 view .LVU101
 455 0006 C5B2     		uxtb	r5, r0
 456              	.LVL31:
 457              		.loc 1 406 3 is_stmt 1 view .LVU102
 458              		.loc 1 406 12 is_stmt 0 view .LVU103
 459 0008 4CF25030 		movw	r0, #50000
 460 000c 0F4B     		ldr	r3, .L37+4
 461 000e 9847     		blx	r3
 462              	.LVL32:
 463              		.loc 1 408 3 is_stmt 1 view .LVU104
 464              		.loc 1 408 5 is_stmt 0 view .LVU105
 465 0010 00B1     		cbz	r0, .L36
 466              	.LVL33:
 467              	.L34:
 468              		.loc 1 431 3 is_stmt 1 view .LVU106
 469              		.loc 1 432 1 is_stmt 0 view .LVU107
 470 0012 38BD     		pop	{r3, r4, r5, pc}
ARM GAS  C:\Users\Test\AppData\Local\Temp\cczdDOgc.s 			page 9


 471              	.LVL34:
 472              	.L36:
 473              		.loc 1 411 5 is_stmt 1 view .LVU108
 474              		.loc 1 411 22 is_stmt 0 view .LVU109
 475 0014 0E4B     		ldr	r3, .L37+8
 476 0016 0022     		movs	r2, #0
 477 0018 DA61     		str	r2, [r3, #28]
 478              		.loc 1 414 5 is_stmt 1 view .LVU110
 479 001a 0E4C     		ldr	r4, .L37+12
 480 001c 2369     		ldr	r3, [r4, #16]
 481 001e 43F02003 		orr	r3, r3, #32
 482 0022 2361     		str	r3, [r4, #16]
 483              		.loc 1 415 5 view .LVU111
 484 0024 2369     		ldr	r3, [r4, #16]
 485 0026 43F04003 		orr	r3, r3, #64
 486 002a 2361     		str	r3, [r4, #16]
 487              		.loc 1 418 5 view .LVU112
 488              		.loc 1 418 14 is_stmt 0 view .LVU113
 489 002c 4CF25030 		movw	r0, #50000
 490 0030 064B     		ldr	r3, .L37+4
 491              	.LVL35:
 492              		.loc 1 418 14 view .LVU114
 493 0032 9847     		blx	r3
 494              	.LVL36:
 495              		.loc 1 421 5 is_stmt 1 view .LVU115
 496 0034 2369     		ldr	r3, [r4, #16]
 497 0036 23F02003 		bic	r3, r3, #32
 498 003a 2361     		str	r3, [r4, #16]
 499              		.loc 1 423 5 view .LVU116
 500              		.loc 1 423 7 is_stmt 0 view .LVU117
 501 003c 0028     		cmp	r0, #0
 502 003e E8D1     		bne	.L34
 503              		.loc 1 426 7 is_stmt 1 view .LVU118
 504              		.loc 1 426 16 is_stmt 0 view .LVU119
 505 0040 2846     		mov	r0, r5
 506              	.LVL37:
 507              		.loc 1 426 16 view .LVU120
 508 0042 054B     		ldr	r3, .L37+16
 509 0044 9847     		blx	r3
 510              	.LVL38:
 511              		.loc 1 426 16 view .LVU121
 512 0046 E4E7     		b	.L34
 513              	.L38:
 514              		.align	2
 515              	.L37:
 516 0048 00000000 		.word	FLASH_OB_GetRDP
 517 004c 00000000 		.word	FLASH_WaitForLastOperation
 518 0050 00000000 		.word	pFlash
 519 0054 00200240 		.word	1073881088
 520 0058 00000000 		.word	FLASH_OB_RDP_LevelConfig
 521              		.cfi_endproc
 522              	.LFE67:
 524              		.section	.text.FLASH_OB_EnableWRP,"ax",%progbits
 525              		.align	1
 526              		.syntax unified
 527              		.thumb
 528              		.thumb_func
ARM GAS  C:\Users\Test\AppData\Local\Temp\cczdDOgc.s 			page 10


 529              		.fpu softvfp
 531              	FLASH_OB_EnableWRP:
 532              	.LVL39:
 533              	.LFB72:
 534              		.loc 1 645 1 is_stmt 1 view -0
 535              		.cfi_startproc
 536              		@ args = 0, pretend = 0, frame = 0
 537              		@ frame_needed = 0, uses_anonymous_args = 0
 538              		.loc 1 645 1 is_stmt 0 view .LVU123
 539 0000 10B5     		push	{r4, lr}
 540              	.LCFI4:
 541              		.cfi_def_cfa_offset 8
 542              		.cfi_offset 4, -8
 543              		.cfi_offset 14, -4
 544 0002 0446     		mov	r4, r0
 545              		.loc 1 646 3 is_stmt 1 view .LVU124
 546              	.LVL40:
 547              		.loc 1 647 3 view .LVU125
 548              		.loc 1 659 3 view .LVU126
 549              		.loc 1 662 3 view .LVU127
 550              		.loc 1 662 37 is_stmt 0 view .LVU128
 551 0004 134B     		ldr	r3, .L45
 552 0006 9847     		blx	r3
 553              	.LVL41:
 554              		.loc 1 662 20 view .LVU129
 555 0008 20EA0400 		bic	r0, r0, r4
 556              	.LVL42:
 557              		.loc 1 667 3 is_stmt 1 view .LVU130
 558              		.loc 1 667 13 is_stmt 0 view .LVU131
 559 000c C4B2     		uxtb	r4, r0
 560              	.LVL43:
 561              		.loc 1 694 3 is_stmt 1 view .LVU132
 562              		.loc 1 694 12 is_stmt 0 view .LVU133
 563 000e 4CF25030 		movw	r0, #50000
 564              	.LVL44:
 565              		.loc 1 694 12 view .LVU134
 566 0012 114B     		ldr	r3, .L45+4
 567 0014 9847     		blx	r3
 568              	.LVL45:
 569              		.loc 1 696 3 is_stmt 1 view .LVU135
 570              		.loc 1 696 5 is_stmt 0 view .LVU136
 571 0016 00B1     		cbz	r0, .L43
 572              	.LVL46:
 573              	.L40:
 574              		.loc 1 753 3 is_stmt 1 view .LVU137
 575              		.loc 1 754 1 is_stmt 0 view .LVU138
 576 0018 10BD     		pop	{r4, pc}
 577              	.LVL47:
 578              	.L43:
 579              		.loc 1 699 5 is_stmt 1 view .LVU139
 580              		.loc 1 699 22 is_stmt 0 view .LVU140
 581 001a 104B     		ldr	r3, .L45+8
 582 001c 0022     		movs	r2, #0
 583 001e DA61     		str	r2, [r3, #28]
 584              		.loc 1 702 5 is_stmt 1 view .LVU141
 585              		.loc 1 702 14 is_stmt 0 view .LVU142
 586 0020 0F4B     		ldr	r3, .L45+12
ARM GAS  C:\Users\Test\AppData\Local\Temp\cczdDOgc.s 			page 11


 587 0022 9847     		blx	r3
 588              	.LVL48:
 589              		.loc 1 703 5 is_stmt 1 view .LVU143
 590              		.loc 1 703 8 is_stmt 0 view .LVU144
 591 0024 0028     		cmp	r0, #0
 592 0026 F7D1     		bne	.L40
 593              		.loc 1 706 7 is_stmt 1 view .LVU145
 594 0028 0E4A     		ldr	r2, .L45+16
 595 002a 1369     		ldr	r3, [r2, #16]
 596 002c 43F01003 		orr	r3, r3, #16
 597 0030 1361     		str	r3, [r2, #16]
 598              		.loc 1 709 7 view .LVU146
 599              		.loc 1 709 9 is_stmt 0 view .LVU147
 600 0032 FF2C     		cmp	r4, #255
 601 0034 05D1     		bne	.L44
 602              	.L41:
 603              		.loc 1 749 7 is_stmt 1 view .LVU148
 604 0036 0B4A     		ldr	r2, .L45+16
 605 0038 1369     		ldr	r3, [r2, #16]
 606 003a 23F01003 		bic	r3, r3, #16
 607 003e 1361     		str	r3, [r2, #16]
 608 0040 EAE7     		b	.L40
 609              	.L44:
 610              		.loc 1 711 9 view .LVU149
 611              		.loc 1 711 18 is_stmt 0 view .LVU150
 612 0042 094B     		ldr	r3, .L45+20
 613 0044 1889     		ldrh	r0, [r3, #8]
 614              	.LVL49:
 615              		.loc 1 711 18 view .LVU151
 616 0046 2040     		ands	r0, r0, r4
 617 0048 1881     		strh	r0, [r3, #8]	@ movhi
 618              		.loc 1 714 9 is_stmt 1 view .LVU152
 619              		.loc 1 714 18 is_stmt 0 view .LVU153
 620 004a 4CF25030 		movw	r0, #50000
 621 004e 024B     		ldr	r3, .L45+4
 622 0050 9847     		blx	r3
 623              	.LVL50:
 624              		.loc 1 714 18 view .LVU154
 625 0052 F0E7     		b	.L41
 626              	.L46:
 627              		.align	2
 628              	.L45:
 629 0054 00000000 		.word	FLASH_OB_GetWRP
 630 0058 00000000 		.word	FLASH_WaitForLastOperation
 631 005c 00000000 		.word	pFlash
 632 0060 00000000 		.word	HAL_FLASHEx_OBErase
 633 0064 00200240 		.word	1073881088
 634 0068 00F8FF1F 		.word	536868864
 635              		.cfi_endproc
 636              	.LFE72:
 638              		.section	.text.FLASH_OB_DisableWRP,"ax",%progbits
 639              		.align	1
 640              		.syntax unified
 641              		.thumb
 642              		.thumb_func
 643              		.fpu softvfp
 645              	FLASH_OB_DisableWRP:
ARM GAS  C:\Users\Test\AppData\Local\Temp\cczdDOgc.s 			page 12


 646              	.LVL51:
 647              	.LFB73:
 648              		.loc 1 768 1 is_stmt 1 view -0
 649              		.cfi_startproc
 650              		@ args = 0, pretend = 0, frame = 0
 651              		@ frame_needed = 0, uses_anonymous_args = 0
 652              		.loc 1 768 1 is_stmt 0 view .LVU156
 653 0000 10B5     		push	{r4, lr}
 654              	.LCFI5:
 655              		.cfi_def_cfa_offset 8
 656              		.cfi_offset 4, -8
 657              		.cfi_offset 14, -4
 658 0002 0446     		mov	r4, r0
 659              		.loc 1 769 3 is_stmt 1 view .LVU157
 660              	.LVL52:
 661              		.loc 1 770 3 view .LVU158
 662              		.loc 1 782 3 view .LVU159
 663              		.loc 1 785 3 view .LVU160
 664              		.loc 1 785 23 is_stmt 0 view .LVU161
 665 0004 134B     		ldr	r3, .L53
 666 0006 9847     		blx	r3
 667              	.LVL53:
 668              		.loc 1 785 20 view .LVU162
 669 0008 2043     		orrs	r0, r0, r4
 670              	.LVL54:
 671              		.loc 1 790 3 is_stmt 1 view .LVU163
 672              		.loc 1 790 13 is_stmt 0 view .LVU164
 673 000a C4B2     		uxtb	r4, r0
 674              	.LVL55:
 675              		.loc 1 818 3 is_stmt 1 view .LVU165
 676              		.loc 1 818 12 is_stmt 0 view .LVU166
 677 000c 4CF25030 		movw	r0, #50000
 678              	.LVL56:
 679              		.loc 1 818 12 view .LVU167
 680 0010 114B     		ldr	r3, .L53+4
 681 0012 9847     		blx	r3
 682              	.LVL57:
 683              		.loc 1 820 3 is_stmt 1 view .LVU168
 684              		.loc 1 820 5 is_stmt 0 view .LVU169
 685 0014 00B1     		cbz	r0, .L51
 686              	.LVL58:
 687              	.L48:
 688              		.loc 1 875 3 is_stmt 1 view .LVU170
 689              		.loc 1 876 1 is_stmt 0 view .LVU171
 690 0016 10BD     		pop	{r4, pc}
 691              	.LVL59:
 692              	.L51:
 693              		.loc 1 823 5 is_stmt 1 view .LVU172
 694              		.loc 1 823 22 is_stmt 0 view .LVU173
 695 0018 104B     		ldr	r3, .L53+8
 696 001a 0022     		movs	r2, #0
 697 001c DA61     		str	r2, [r3, #28]
 698              		.loc 1 826 5 is_stmt 1 view .LVU174
 699              		.loc 1 826 14 is_stmt 0 view .LVU175
 700 001e 104B     		ldr	r3, .L53+12
 701 0020 9847     		blx	r3
 702              	.LVL60:
ARM GAS  C:\Users\Test\AppData\Local\Temp\cczdDOgc.s 			page 13


 703              		.loc 1 827 5 is_stmt 1 view .LVU176
 704              		.loc 1 827 8 is_stmt 0 view .LVU177
 705 0022 0028     		cmp	r0, #0
 706 0024 F7D1     		bne	.L48
 707              		.loc 1 829 7 is_stmt 1 view .LVU178
 708 0026 0F4A     		ldr	r2, .L53+16
 709 0028 1369     		ldr	r3, [r2, #16]
 710 002a 43F01003 		orr	r3, r3, #16
 711 002e 1361     		str	r3, [r2, #16]
 712              		.loc 1 832 7 view .LVU179
 713              		.loc 1 832 9 is_stmt 0 view .LVU180
 714 0030 FF2C     		cmp	r4, #255
 715 0032 05D1     		bne	.L52
 716              	.L49:
 717              		.loc 1 872 7 is_stmt 1 view .LVU181
 718 0034 0B4A     		ldr	r2, .L53+16
 719 0036 1369     		ldr	r3, [r2, #16]
 720 0038 23F01003 		bic	r3, r3, #16
 721 003c 1361     		str	r3, [r2, #16]
 722 003e EAE7     		b	.L48
 723              	.L52:
 724              		.loc 1 834 9 view .LVU182
 725              		.loc 1 834 18 is_stmt 0 view .LVU183
 726 0040 094B     		ldr	r3, .L53+20
 727 0042 1889     		ldrh	r0, [r3, #8]
 728              	.LVL61:
 729              		.loc 1 834 18 view .LVU184
 730 0044 80B2     		uxth	r0, r0
 731 0046 2043     		orrs	r0, r0, r4
 732 0048 1881     		strh	r0, [r3, #8]	@ movhi
 733              		.loc 1 837 9 is_stmt 1 view .LVU185
 734              		.loc 1 837 18 is_stmt 0 view .LVU186
 735 004a 4CF25030 		movw	r0, #50000
 736 004e 024B     		ldr	r3, .L53+4
 737 0050 9847     		blx	r3
 738              	.LVL62:
 739              		.loc 1 837 18 view .LVU187
 740 0052 EFE7     		b	.L49
 741              	.L54:
 742              		.align	2
 743              	.L53:
 744 0054 00000000 		.word	FLASH_OB_GetWRP
 745 0058 00000000 		.word	FLASH_WaitForLastOperation
 746 005c 00000000 		.word	pFlash
 747 0060 00000000 		.word	HAL_FLASHEx_OBErase
 748 0064 00200240 		.word	1073881088
 749 0068 00F8FF1F 		.word	536868864
 750              		.cfi_endproc
 751              	.LFE73:
 753              		.section	.text.HAL_FLASHEx_OBProgram,"ax",%progbits
 754              		.align	1
 755              		.global	HAL_FLASHEx_OBProgram
 756              		.syntax unified
 757              		.thumb
 758              		.thumb_func
 759              		.fpu softvfp
 761              	HAL_FLASHEx_OBProgram:
ARM GAS  C:\Users\Test\AppData\Local\Temp\cczdDOgc.s 			page 14


 762              	.LVL63:
 763              	.LFB68:
 764              		.loc 1 447 1 is_stmt 1 view -0
 765              		.cfi_startproc
 766              		@ args = 0, pretend = 0, frame = 0
 767              		@ frame_needed = 0, uses_anonymous_args = 0
 768              		.loc 1 448 3 view .LVU189
 769              		.loc 1 451 3 view .LVU190
 770              		.loc 1 451 3 view .LVU191
 771 0000 254B     		ldr	r3, .L73
 772 0002 1B7E     		ldrb	r3, [r3, #24]	@ zero_extendqisi2
 773 0004 012B     		cmp	r3, #1
 774 0006 44D0     		beq	.L63
 775              		.loc 1 447 1 is_stmt 0 discriminator 2 view .LVU192
 776 0008 10B5     		push	{r4, lr}
 777              	.LCFI6:
 778              		.cfi_def_cfa_offset 8
 779              		.cfi_offset 4, -8
 780              		.cfi_offset 14, -4
 781 000a 0446     		mov	r4, r0
 782              		.loc 1 451 3 is_stmt 1 discriminator 2 view .LVU193
 783 000c 224B     		ldr	r3, .L73
 784 000e 0122     		movs	r2, #1
 785 0010 1A76     		strb	r2, [r3, #24]
 786              		.loc 1 451 3 discriminator 2 view .LVU194
 787              		.loc 1 454 3 discriminator 2 view .LVU195
 788              		.loc 1 457 3 discriminator 2 view .LVU196
 789              		.loc 1 457 14 is_stmt 0 discriminator 2 view .LVU197
 790 0012 0368     		ldr	r3, [r0]
 791              		.loc 1 457 5 discriminator 2 view .LVU198
 792 0014 13F0010F 		tst	r3, #1
 793 0018 0ED0     		beq	.L64
 794              		.loc 1 459 5 is_stmt 1 view .LVU199
 795              		.loc 1 460 5 view .LVU200
 796              		.loc 1 460 16 is_stmt 0 view .LVU201
 797 001a 4368     		ldr	r3, [r0, #4]
 798              		.loc 1 460 8 view .LVU202
 799 001c 9342     		cmp	r3, r2
 800 001e 07D0     		beq	.L69
 801              		.loc 1 468 7 is_stmt 1 view .LVU203
 802              		.loc 1 468 16 is_stmt 0 view .LVU204
 803 0020 8068     		ldr	r0, [r0, #8]
 804              	.LVL64:
 805              		.loc 1 468 16 view .LVU205
 806 0022 1E4B     		ldr	r3, .L73+4
 807 0024 9847     		blx	r3
 808              	.LVL65:
 809              	.L59:
 810              		.loc 1 470 5 is_stmt 1 view .LVU206
 811              		.loc 1 470 8 is_stmt 0 view .LVU207
 812 0026 40B1     		cbz	r0, .L57
 813              		.loc 1 473 7 is_stmt 1 view .LVU208
 814              		.loc 1 473 7 view .LVU209
 815 0028 1B4B     		ldr	r3, .L73
 816 002a 0022     		movs	r2, #0
 817 002c 1A76     		strb	r2, [r3, #24]
 818              		.loc 1 473 7 view .LVU210
ARM GAS  C:\Users\Test\AppData\Local\Temp\cczdDOgc.s 			page 15


 819              		.loc 1 474 7 view .LVU211
 820              		.loc 1 474 14 is_stmt 0 view .LVU212
 821 002e 13E0     		b	.L56
 822              	.LVL66:
 823              	.L69:
 824              		.loc 1 463 7 is_stmt 1 view .LVU213
 825              		.loc 1 463 16 is_stmt 0 view .LVU214
 826 0030 8068     		ldr	r0, [r0, #8]
 827              	.LVL67:
 828              		.loc 1 463 16 view .LVU215
 829 0032 1B4B     		ldr	r3, .L73+8
 830 0034 9847     		blx	r3
 831              	.LVL68:
 832              		.loc 1 463 16 view .LVU216
 833 0036 F6E7     		b	.L59
 834              	.LVL69:
 835              	.L64:
 836              		.loc 1 448 21 view .LVU217
 837 0038 0120     		movs	r0, #1
 838              	.LVL70:
 839              	.L57:
 840              		.loc 1 479 3 is_stmt 1 view .LVU218
 841              		.loc 1 479 14 is_stmt 0 view .LVU219
 842 003a 2368     		ldr	r3, [r4]
 843              		.loc 1 479 5 view .LVU220
 844 003c 13F0020F 		tst	r3, #2
 845 0040 0BD1     		bne	.L70
 846              	.L60:
 847              		.loc 1 491 3 is_stmt 1 view .LVU221
 848              		.loc 1 491 14 is_stmt 0 view .LVU222
 849 0042 2368     		ldr	r3, [r4]
 850              		.loc 1 491 5 view .LVU223
 851 0044 13F0040F 		tst	r3, #4
 852 0048 10D1     		bne	.L71
 853              	.L61:
 854              		.loc 1 503 3 is_stmt 1 view .LVU224
 855              		.loc 1 503 14 is_stmt 0 view .LVU225
 856 004a 2368     		ldr	r3, [r4]
 857              		.loc 1 503 5 view .LVU226
 858 004c 13F0080F 		tst	r3, #8
 859 0050 15D1     		bne	.L72
 860              	.L62:
 861              		.loc 1 515 3 is_stmt 1 view .LVU227
 862              		.loc 1 515 3 view .LVU228
 863 0052 114B     		ldr	r3, .L73
 864 0054 0022     		movs	r2, #0
 865 0056 1A76     		strb	r2, [r3, #24]
 866              		.loc 1 515 3 view .LVU229
 867              		.loc 1 517 3 view .LVU230
 868              	.L56:
 869              		.loc 1 518 1 is_stmt 0 view .LVU231
 870 0058 10BD     		pop	{r4, pc}
 871              	.LVL71:
 872              	.L70:
 873              		.loc 1 481 5 is_stmt 1 view .LVU232
 874              		.loc 1 481 14 is_stmt 0 view .LVU233
 875 005a 207C     		ldrb	r0, [r4, #16]	@ zero_extendqisi2
ARM GAS  C:\Users\Test\AppData\Local\Temp\cczdDOgc.s 			page 16


 876              	.LVL72:
 877              		.loc 1 481 14 view .LVU234
 878 005c 114B     		ldr	r3, .L73+12
 879 005e 9847     		blx	r3
 880              	.LVL73:
 881              		.loc 1 482 5 is_stmt 1 view .LVU235
 882              		.loc 1 482 8 is_stmt 0 view .LVU236
 883 0060 0028     		cmp	r0, #0
 884 0062 EED0     		beq	.L60
 885              		.loc 1 485 7 is_stmt 1 view .LVU237
 886              		.loc 1 485 7 view .LVU238
 887 0064 0C4B     		ldr	r3, .L73
 888 0066 0022     		movs	r2, #0
 889 0068 1A76     		strb	r2, [r3, #24]
 890              		.loc 1 485 7 view .LVU239
 891              		.loc 1 486 7 view .LVU240
 892              		.loc 1 486 14 is_stmt 0 view .LVU241
 893 006a F5E7     		b	.L56
 894              	.L71:
 895              		.loc 1 493 5 is_stmt 1 view .LVU242
 896              		.loc 1 493 14 is_stmt 0 view .LVU243
 897 006c 607C     		ldrb	r0, [r4, #17]	@ zero_extendqisi2
 898              	.LVL74:
 899              		.loc 1 493 14 view .LVU244
 900 006e 0E4B     		ldr	r3, .L73+16
 901 0070 9847     		blx	r3
 902              	.LVL75:
 903              		.loc 1 494 5 is_stmt 1 view .LVU245
 904              		.loc 1 494 8 is_stmt 0 view .LVU246
 905 0072 0028     		cmp	r0, #0
 906 0074 E9D0     		beq	.L61
 907              		.loc 1 497 7 is_stmt 1 view .LVU247
 908              		.loc 1 497 7 view .LVU248
 909 0076 084B     		ldr	r3, .L73
 910 0078 0022     		movs	r2, #0
 911 007a 1A76     		strb	r2, [r3, #24]
 912              		.loc 1 497 7 view .LVU249
 913              		.loc 1 498 7 view .LVU250
 914              		.loc 1 498 14 is_stmt 0 view .LVU251
 915 007c ECE7     		b	.L56
 916              	.L72:
 917              		.loc 1 505 5 is_stmt 1 view .LVU252
 918              		.loc 1 505 14 is_stmt 0 view .LVU253
 919 007e 217E     		ldrb	r1, [r4, #24]	@ zero_extendqisi2
 920 0080 6069     		ldr	r0, [r4, #20]
 921              	.LVL76:
 922              		.loc 1 505 14 view .LVU254
 923 0082 0A4B     		ldr	r3, .L73+20
 924 0084 9847     		blx	r3
 925              	.LVL77:
 926              		.loc 1 506 5 is_stmt 1 view .LVU255
 927              		.loc 1 506 8 is_stmt 0 view .LVU256
 928 0086 0028     		cmp	r0, #0
 929 0088 E3D0     		beq	.L62
 930              		.loc 1 509 7 is_stmt 1 view .LVU257
 931              		.loc 1 509 7 view .LVU258
 932 008a 034B     		ldr	r3, .L73
ARM GAS  C:\Users\Test\AppData\Local\Temp\cczdDOgc.s 			page 17


 933 008c 0022     		movs	r2, #0
 934 008e 1A76     		strb	r2, [r3, #24]
 935              		.loc 1 509 7 view .LVU259
 936              		.loc 1 510 7 view .LVU260
 937              		.loc 1 510 14 is_stmt 0 view .LVU261
 938 0090 E2E7     		b	.L56
 939              	.LVL78:
 940              	.L63:
 941              	.LCFI7:
 942              		.cfi_def_cfa_offset 0
 943              		.cfi_restore 4
 944              		.cfi_restore 14
 945              		.loc 1 451 3 view .LVU262
 946 0092 0220     		movs	r0, #2
 947              	.LVL79:
 948              		.loc 1 518 1 view .LVU263
 949 0094 7047     		bx	lr
 950              	.L74:
 951 0096 00BF     		.align	2
 952              	.L73:
 953 0098 00000000 		.word	pFlash
 954 009c 00000000 		.word	FLASH_OB_DisableWRP
 955 00a0 00000000 		.word	FLASH_OB_EnableWRP
 956 00a4 00000000 		.word	FLASH_OB_RDP_LevelConfig
 957 00a8 00000000 		.word	FLASH_OB_UserConfig
 958 00ac 00000000 		.word	FLASH_OB_ProgramData
 959              		.cfi_endproc
 960              	.LFE68:
 962              		.section	.text.HAL_FLASHEx_OBGetConfig,"ax",%progbits
 963              		.align	1
 964              		.global	HAL_FLASHEx_OBGetConfig
 965              		.syntax unified
 966              		.thumb
 967              		.thumb_func
 968              		.fpu softvfp
 970              	HAL_FLASHEx_OBGetConfig:
 971              	.LVL80:
 972              	.LFB69:
 973              		.loc 1 528 1 is_stmt 1 view -0
 974              		.cfi_startproc
 975              		@ args = 0, pretend = 0, frame = 0
 976              		@ frame_needed = 0, uses_anonymous_args = 0
 977              		.loc 1 528 1 is_stmt 0 view .LVU265
 978 0000 10B5     		push	{r4, lr}
 979              	.LCFI8:
 980              		.cfi_def_cfa_offset 8
 981              		.cfi_offset 4, -8
 982              		.cfi_offset 14, -4
 983 0002 0446     		mov	r4, r0
 984              		.loc 1 529 3 is_stmt 1 view .LVU266
 985              		.loc 1 529 23 is_stmt 0 view .LVU267
 986 0004 0723     		movs	r3, #7
 987 0006 0360     		str	r3, [r0]
 988              		.loc 1 532 3 is_stmt 1 view .LVU268
 989              		.loc 1 532 22 is_stmt 0 view .LVU269
 990 0008 044B     		ldr	r3, .L77
 991 000a 9847     		blx	r3
ARM GAS  C:\Users\Test\AppData\Local\Temp\cczdDOgc.s 			page 18


 992              	.LVL81:
 993              		.loc 1 532 20 view .LVU270
 994 000c A060     		str	r0, [r4, #8]
 995              		.loc 1 535 3 is_stmt 1 view .LVU271
 996              		.loc 1 535 23 is_stmt 0 view .LVU272
 997 000e 044B     		ldr	r3, .L77+4
 998 0010 9847     		blx	r3
 999              	.LVL82:
 1000              		.loc 1 535 21 view .LVU273
 1001 0012 2074     		strb	r0, [r4, #16]
 1002              		.loc 1 538 3 is_stmt 1 view .LVU274
 1003              		.loc 1 538 25 is_stmt 0 view .LVU275
 1004 0014 034B     		ldr	r3, .L77+8
 1005 0016 9847     		blx	r3
 1006              	.LVL83:
 1007              		.loc 1 538 23 view .LVU276
 1008 0018 6074     		strb	r0, [r4, #17]
 1009              		.loc 1 539 1 view .LVU277
 1010 001a 10BD     		pop	{r4, pc}
 1011              	.LVL84:
 1012              	.L78:
 1013              		.loc 1 539 1 view .LVU278
 1014              		.align	2
 1015              	.L77:
 1016 001c 00000000 		.word	FLASH_OB_GetWRP
 1017 0020 00000000 		.word	FLASH_OB_GetRDP
 1018 0024 00000000 		.word	FLASH_OB_GetUser
 1019              		.cfi_endproc
 1020              	.LFE69:
 1022              		.section	.text.HAL_FLASHEx_OBGetUserData,"ax",%progbits
 1023              		.align	1
 1024              		.global	HAL_FLASHEx_OBGetUserData
 1025              		.syntax unified
 1026              		.thumb
 1027              		.thumb_func
 1028              		.fpu softvfp
 1030              	HAL_FLASHEx_OBGetUserData:
 1031              	.LVL85:
 1032              	.LFB70:
 1033              		.loc 1 550 1 is_stmt 1 view -0
 1034              		.cfi_startproc
 1035              		@ args = 0, pretend = 0, frame = 0
 1036              		@ frame_needed = 0, uses_anonymous_args = 0
 1037              		@ link register save eliminated.
 1038              		.loc 1 551 3 view .LVU280
 1039              		.loc 1 553 3 view .LVU281
 1040              		.loc 1 553 6 is_stmt 0 view .LVU282
 1041 0000 064B     		ldr	r3, .L83
 1042 0002 9842     		cmp	r0, r3
 1043 0004 04D0     		beq	.L82
 1044              		.loc 1 561 5 is_stmt 1 view .LVU283
 1045              		.loc 1 561 13 is_stmt 0 view .LVU284
 1046 0006 064B     		ldr	r3, .L83+4
 1047 0008 D869     		ldr	r0, [r3, #28]
 1048              	.LVL86:
 1049              		.loc 1 561 11 view .LVU285
 1050 000a C0F38740 		ubfx	r0, r0, #18, #8
ARM GAS  C:\Users\Test\AppData\Local\Temp\cczdDOgc.s 			page 19


 1051              	.LVL87:
 1052              		.loc 1 564 3 is_stmt 1 view .LVU286
 1053              		.loc 1 565 1 is_stmt 0 view .LVU287
 1054 000e 7047     		bx	lr
 1055              	.LVL88:
 1056              	.L82:
 1057              		.loc 1 556 5 is_stmt 1 view .LVU288
 1058              		.loc 1 556 13 is_stmt 0 view .LVU289
 1059 0010 034B     		ldr	r3, .L83+4
 1060 0012 D869     		ldr	r0, [r3, #28]
 1061              	.LVL89:
 1062              		.loc 1 556 11 view .LVU290
 1063 0014 C0F38720 		ubfx	r0, r0, #10, #8
 1064              	.LVL90:
 1065              		.loc 1 556 11 view .LVU291
 1066 0018 7047     		bx	lr
 1067              	.L84:
 1068 001a 00BF     		.align	2
 1069              	.L83:
 1070 001c 04F8FF1F 		.word	536868868
 1071 0020 00200240 		.word	1073881088
 1072              		.cfi_endproc
 1073              	.LFE70:
 1075              		.section	.text.FLASH_PageErase,"ax",%progbits
 1076              		.align	1
 1077              		.global	FLASH_PageErase
 1078              		.syntax unified
 1079              		.thumb
 1080              		.thumb_func
 1081              		.fpu softvfp
 1083              	FLASH_PageErase:
 1084              	.LVL91:
 1085              	.LFB80:
 1086              		.loc 1 1090 1 is_stmt 1 view -0
 1087              		.cfi_startproc
 1088              		@ args = 0, pretend = 0, frame = 0
 1089              		@ frame_needed = 0, uses_anonymous_args = 0
 1090              		@ link register save eliminated.
 1091              		.loc 1 1092 3 view .LVU293
 1092              		.loc 1 1092 20 is_stmt 0 view .LVU294
 1093 0000 064B     		ldr	r3, .L86
 1094 0002 0022     		movs	r2, #0
 1095 0004 DA61     		str	r2, [r3, #28]
 1096              		.loc 1 1106 5 is_stmt 1 view .LVU295
 1097 0006 064B     		ldr	r3, .L86+4
 1098 0008 1A69     		ldr	r2, [r3, #16]
 1099 000a 42F00202 		orr	r2, r2, #2
 1100 000e 1A61     		str	r2, [r3, #16]
 1101              		.loc 1 1107 5 view .LVU296
 1102 0010 5861     		str	r0, [r3, #20]
 1103              		.loc 1 1108 5 view .LVU297
 1104 0012 1A69     		ldr	r2, [r3, #16]
 1105 0014 42F04002 		orr	r2, r2, #64
 1106 0018 1A61     		str	r2, [r3, #16]
 1107              		.loc 1 1112 1 is_stmt 0 view .LVU298
 1108 001a 7047     		bx	lr
 1109              	.L87:
ARM GAS  C:\Users\Test\AppData\Local\Temp\cczdDOgc.s 			page 20


 1110              		.align	2
 1111              	.L86:
 1112 001c 00000000 		.word	pFlash
 1113 0020 00200240 		.word	1073881088
 1114              		.cfi_endproc
 1115              	.LFE80:
 1117              		.section	.text.HAL_FLASHEx_Erase,"ax",%progbits
 1118              		.align	1
 1119              		.global	HAL_FLASHEx_Erase
 1120              		.syntax unified
 1121              		.thumb
 1122              		.thumb_func
 1123              		.fpu softvfp
 1125              	HAL_FLASHEx_Erase:
 1126              	.LVL92:
 1127              	.LFB65:
 1128              		.loc 1 160 1 is_stmt 1 view -0
 1129              		.cfi_startproc
 1130              		@ args = 0, pretend = 0, frame = 0
 1131              		@ frame_needed = 0, uses_anonymous_args = 0
 1132              		.loc 1 161 3 view .LVU300
 1133              		.loc 1 162 3 view .LVU301
 1134              		.loc 1 165 3 view .LVU302
 1135              		.loc 1 165 3 view .LVU303
 1136 0000 274B     		ldr	r3, .L105
 1137 0002 1B7E     		ldrb	r3, [r3, #24]	@ zero_extendqisi2
 1138 0004 012B     		cmp	r3, #1
 1139 0006 47D0     		beq	.L95
 1140              		.loc 1 160 1 is_stmt 0 discriminator 2 view .LVU304
 1141 0008 70B5     		push	{r4, r5, r6, lr}
 1142              	.LCFI9:
 1143              		.cfi_def_cfa_offset 16
 1144              		.cfi_offset 4, -16
 1145              		.cfi_offset 5, -12
 1146              		.cfi_offset 6, -8
 1147              		.cfi_offset 14, -4
 1148 000a 0546     		mov	r5, r0
 1149 000c 0E46     		mov	r6, r1
 1150              		.loc 1 165 3 is_stmt 1 discriminator 2 view .LVU305
 1151 000e 244B     		ldr	r3, .L105
 1152 0010 0122     		movs	r2, #1
 1153 0012 1A76     		strb	r2, [r3, #24]
 1154              		.loc 1 165 3 discriminator 2 view .LVU306
 1155              		.loc 1 168 3 discriminator 2 view .LVU307
 1156              		.loc 1 170 3 discriminator 2 view .LVU308
 1157              		.loc 1 170 17 is_stmt 0 discriminator 2 view .LVU309
 1158 0014 0368     		ldr	r3, [r0]
 1159              		.loc 1 170 6 discriminator 2 view .LVU310
 1160 0016 022B     		cmp	r3, #2
 1161 0018 21D0     		beq	.L102
 1162              		.loc 1 233 5 is_stmt 1 view .LVU311
 1163              		.loc 1 234 5 view .LVU312
 1164              		.loc 1 273 7 view .LVU313
 1165              		.loc 1 273 11 is_stmt 0 view .LVU314
 1166 001a 4CF25030 		movw	r0, #50000
 1167              	.LVL93:
 1168              		.loc 1 273 11 view .LVU315
ARM GAS  C:\Users\Test\AppData\Local\Temp\cczdDOgc.s 			page 21


 1169 001e 214B     		ldr	r3, .L105+4
 1170 0020 9847     		blx	r3
 1171              	.LVL94:
 1172              		.loc 1 273 10 view .LVU316
 1173 0022 0028     		cmp	r0, #0
 1174 0024 32D1     		bne	.L97
 1175              		.loc 1 276 9 is_stmt 1 view .LVU317
 1176              		.loc 1 276 20 is_stmt 0 view .LVU318
 1177 0026 4FF0FF33 		mov	r3, #-1
 1178 002a 3360     		str	r3, [r6]
 1179              		.loc 1 279 9 is_stmt 1 view .LVU319
 1180              		.loc 1 279 21 is_stmt 0 view .LVU320
 1181 002c AC68     		ldr	r4, [r5, #8]
 1182              	.LVL95:
 1183              		.loc 1 161 21 view .LVU321
 1184 002e 0121     		movs	r1, #1
 1185              	.LVL96:
 1186              	.L92:
 1187              		.loc 1 280 13 is_stmt 1 discriminator 1 view .LVU322
 1188              		.loc 1 280 35 is_stmt 0 discriminator 1 view .LVU323
 1189 0030 EA68     		ldr	r2, [r5, #12]
 1190              		.loc 1 280 76 discriminator 1 view .LVU324
 1191 0032 AB68     		ldr	r3, [r5, #8]
 1192              		.loc 1 280 64 discriminator 1 view .LVU325
 1193 0034 03EB8223 		add	r3, r3, r2, lsl #10
 1194              		.loc 1 279 9 discriminator 1 view .LVU326
 1195 0038 A342     		cmp	r3, r4
 1196 003a 28D9     		bls	.L91
 1197              		.loc 1 283 11 is_stmt 1 view .LVU327
 1198 003c 2046     		mov	r0, r4
 1199 003e 1A4B     		ldr	r3, .L105+8
 1200 0040 9847     		blx	r3
 1201              	.LVL97:
 1202              		.loc 1 286 11 view .LVU328
 1203              		.loc 1 286 20 is_stmt 0 view .LVU329
 1204 0042 4CF25030 		movw	r0, #50000
 1205 0046 174B     		ldr	r3, .L105+4
 1206 0048 9847     		blx	r3
 1207              	.LVL98:
 1208              		.loc 1 289 11 is_stmt 1 view .LVU330
 1209 004a 184A     		ldr	r2, .L105+12
 1210 004c 1369     		ldr	r3, [r2, #16]
 1211 004e 23F00203 		bic	r3, r3, #2
 1212 0052 1361     		str	r3, [r2, #16]
 1213              		.loc 1 291 11 view .LVU331
 1214              		.loc 1 291 14 is_stmt 0 view .LVU332
 1215 0054 0146     		mov	r1, r0
 1216 0056 B8B9     		cbnz	r0, .L103
 1217              		.loc 1 281 13 is_stmt 1 view .LVU333
 1218              		.loc 1 281 21 is_stmt 0 view .LVU334
 1219 0058 04F58064 		add	r4, r4, #1024
 1220              	.LVL99:
 1221              		.loc 1 281 21 view .LVU335
 1222 005c E8E7     		b	.L92
 1223              	.LVL100:
 1224              	.L102:
 1225              		.loc 1 216 7 is_stmt 1 view .LVU336
ARM GAS  C:\Users\Test\AppData\Local\Temp\cczdDOgc.s 			page 22


 1226              		.loc 1 216 11 is_stmt 0 view .LVU337
 1227 005e 4CF25030 		movw	r0, #50000
 1228              	.LVL101:
 1229              		.loc 1 216 11 view .LVU338
 1230 0062 104B     		ldr	r3, .L105+4
 1231 0064 9847     		blx	r3
 1232              	.LVL102:
 1233              		.loc 1 216 10 view .LVU339
 1234 0066 08B1     		cbz	r0, .L104
 1235              		.loc 1 161 21 view .LVU340
 1236 0068 0121     		movs	r1, #1
 1237 006a 10E0     		b	.L91
 1238              	.L104:
 1239              		.loc 1 219 9 is_stmt 1 view .LVU341
 1240 006c 0120     		movs	r0, #1
 1241 006e 104B     		ldr	r3, .L105+16
 1242 0070 9847     		blx	r3
 1243              	.LVL103:
 1244              		.loc 1 222 9 view .LVU342
 1245              		.loc 1 222 18 is_stmt 0 view .LVU343
 1246 0072 4CF25030 		movw	r0, #50000
 1247 0076 0B4B     		ldr	r3, .L105+4
 1248 0078 9847     		blx	r3
 1249              	.LVL104:
 1250 007a 0146     		mov	r1, r0
 1251              	.LVL105:
 1252              		.loc 1 225 9 is_stmt 1 view .LVU344
 1253 007c 0B4A     		ldr	r2, .L105+12
 1254 007e 1369     		ldr	r3, [r2, #16]
 1255 0080 23F00403 		bic	r3, r3, #4
 1256 0084 1361     		str	r3, [r2, #16]
 1257 0086 02E0     		b	.L91
 1258              	.LVL106:
 1259              	.L103:
 1260              		.loc 1 294 13 view .LVU345
 1261              		.loc 1 294 24 is_stmt 0 view .LVU346
 1262 0088 3460     		str	r4, [r6]
 1263              		.loc 1 295 13 is_stmt 1 view .LVU347
 1264 008a 00E0     		b	.L91
 1265              	.LVL107:
 1266              	.L97:
 1267              		.loc 1 161 21 is_stmt 0 view .LVU348
 1268 008c 0121     		movs	r1, #1
 1269              	.LVL108:
 1270              	.L91:
 1271              		.loc 1 303 3 is_stmt 1 view .LVU349
 1272              		.loc 1 303 3 view .LVU350
 1273 008e 044B     		ldr	r3, .L105
 1274 0090 0022     		movs	r2, #0
 1275 0092 1A76     		strb	r2, [r3, #24]
 1276              		.loc 1 303 3 view .LVU351
 1277              		.loc 1 305 3 view .LVU352
 1278              		.loc 1 306 1 is_stmt 0 view .LVU353
 1279 0094 0846     		mov	r0, r1
 1280 0096 70BD     		pop	{r4, r5, r6, pc}
 1281              	.LVL109:
 1282              	.L95:
ARM GAS  C:\Users\Test\AppData\Local\Temp\cczdDOgc.s 			page 23


 1283              	.LCFI10:
 1284              		.cfi_def_cfa_offset 0
 1285              		.cfi_restore 4
 1286              		.cfi_restore 5
 1287              		.cfi_restore 6
 1288              		.cfi_restore 14
 1289              		.loc 1 165 3 view .LVU354
 1290 0098 0221     		movs	r1, #2
 1291              	.LVL110:
 1292              		.loc 1 306 1 view .LVU355
 1293 009a 0846     		mov	r0, r1
 1294              	.LVL111:
 1295              		.loc 1 306 1 view .LVU356
 1296 009c 7047     		bx	lr
 1297              	.L106:
 1298 009e 00BF     		.align	2
 1299              	.L105:
 1300 00a0 00000000 		.word	pFlash
 1301 00a4 00000000 		.word	FLASH_WaitForLastOperation
 1302 00a8 00000000 		.word	FLASH_PageErase
 1303 00ac 00200240 		.word	1073881088
 1304 00b0 00000000 		.word	FLASH_MassErase
 1305              		.cfi_endproc
 1306              	.LFE65:
 1308              		.section	.text.HAL_FLASHEx_Erase_IT,"ax",%progbits
 1309              		.align	1
 1310              		.global	HAL_FLASHEx_Erase_IT
 1311              		.syntax unified
 1312              		.thumb
 1313              		.thumb_func
 1314              		.fpu softvfp
 1316              	HAL_FLASHEx_Erase_IT:
 1317              	.LVL112:
 1318              	.LFB66:
 1319              		.loc 1 320 1 is_stmt 1 view -0
 1320              		.cfi_startproc
 1321              		@ args = 0, pretend = 0, frame = 0
 1322              		@ frame_needed = 0, uses_anonymous_args = 0
 1323              		.loc 1 320 1 is_stmt 0 view .LVU358
 1324 0000 10B5     		push	{r4, lr}
 1325              	.LCFI11:
 1326              		.cfi_def_cfa_offset 8
 1327              		.cfi_offset 4, -8
 1328              		.cfi_offset 14, -4
 1329              		.loc 1 321 3 is_stmt 1 view .LVU359
 1330              	.LVL113:
 1331              		.loc 1 324 3 view .LVU360
 1332              		.loc 1 324 3 view .LVU361
 1333 0002 154B     		ldr	r3, .L114
 1334 0004 1B7E     		ldrb	r3, [r3, #24]	@ zero_extendqisi2
 1335 0006 012B     		cmp	r3, #1
 1336 0008 21D0     		beq	.L110
 1337              		.loc 1 324 3 discriminator 2 view .LVU362
 1338 000a 134B     		ldr	r3, .L114
 1339 000c 0122     		movs	r2, #1
 1340 000e 1A76     		strb	r2, [r3, #24]
 1341              		.loc 1 324 3 discriminator 2 view .LVU363
ARM GAS  C:\Users\Test\AppData\Local\Temp\cczdDOgc.s 			page 24


 1342              		.loc 1 327 3 discriminator 2 view .LVU364
 1343              		.loc 1 327 13 is_stmt 0 discriminator 2 view .LVU365
 1344 0010 1B78     		ldrb	r3, [r3]	@ zero_extendqisi2
 1345              		.loc 1 327 6 discriminator 2 view .LVU366
 1346 0012 03F0FF04 		and	r4, r3, #255
 1347 0016 E3B9     		cbnz	r3, .L111
 1348              		.loc 1 333 3 is_stmt 1 view .LVU367
 1349              		.loc 1 336 3 view .LVU368
 1350 0018 104A     		ldr	r2, .L114+4
 1351 001a 1369     		ldr	r3, [r2, #16]
 1352 001c 43F4A053 		orr	r3, r3, #5120
 1353 0020 1361     		str	r3, [r2, #16]
 1354              		.loc 1 343 3 view .LVU369
 1355              		.loc 1 343 17 is_stmt 0 view .LVU370
 1356 0022 0368     		ldr	r3, [r0]
 1357              		.loc 1 343 6 view .LVU371
 1358 0024 022B     		cmp	r3, #2
 1359 0026 0BD0     		beq	.L113
 1360              		.loc 1 354 5 is_stmt 1 view .LVU372
 1361              		.loc 1 355 5 view .LVU373
 1362              		.loc 1 357 5 view .LVU374
 1363              		.loc 1 357 29 is_stmt 0 view .LVU375
 1364 0028 0B4B     		ldr	r3, .L114
 1365 002a 0122     		movs	r2, #1
 1366 002c 1A70     		strb	r2, [r3]
 1367              		.loc 1 358 5 is_stmt 1 view .LVU376
 1368              		.loc 1 358 38 is_stmt 0 view .LVU377
 1369 002e C268     		ldr	r2, [r0, #12]
 1370              		.loc 1 358 26 view .LVU378
 1371 0030 5A60     		str	r2, [r3, #4]
 1372              		.loc 1 359 5 is_stmt 1 view .LVU379
 1373              		.loc 1 359 32 is_stmt 0 view .LVU380
 1374 0032 8268     		ldr	r2, [r0, #8]
 1375              		.loc 1 359 20 view .LVU381
 1376 0034 9A60     		str	r2, [r3, #8]
 1377              		.loc 1 362 5 is_stmt 1 view .LVU382
 1378 0036 8068     		ldr	r0, [r0, #8]
 1379              	.LVL114:
 1380              		.loc 1 362 5 is_stmt 0 view .LVU383
 1381 0038 094B     		ldr	r3, .L114+8
 1382 003a 9847     		blx	r3
 1383              	.LVL115:
 1384              	.L108:
 1385              		.loc 1 366 1 view .LVU384
 1386 003c 2046     		mov	r0, r4
 1387 003e 10BD     		pop	{r4, pc}
 1388              	.LVL116:
 1389              	.L113:
 1390              		.loc 1 346 5 is_stmt 1 view .LVU385
 1391              		.loc 1 346 29 is_stmt 0 view .LVU386
 1392 0040 054B     		ldr	r3, .L114
 1393 0042 0222     		movs	r2, #2
 1394 0044 1A70     		strb	r2, [r3]
 1395              		.loc 1 347 9 is_stmt 1 view .LVU387
 1396 0046 4068     		ldr	r0, [r0, #4]
 1397              	.LVL117:
 1398              		.loc 1 347 9 is_stmt 0 view .LVU388
ARM GAS  C:\Users\Test\AppData\Local\Temp\cczdDOgc.s 			page 25


 1399 0048 064B     		ldr	r3, .L114+12
 1400 004a 9847     		blx	r3
 1401              	.LVL118:
 1402 004c F6E7     		b	.L108
 1403              	.LVL119:
 1404              	.L110:
 1405              		.loc 1 324 3 view .LVU389
 1406 004e 0224     		movs	r4, #2
 1407 0050 F4E7     		b	.L108
 1408              	.L111:
 1409              		.loc 1 329 12 view .LVU390
 1410 0052 0124     		movs	r4, #1
 1411 0054 F2E7     		b	.L108
 1412              	.L115:
 1413 0056 00BF     		.align	2
 1414              	.L114:
 1415 0058 00000000 		.word	pFlash
 1416 005c 00200240 		.word	1073881088
 1417 0060 00000000 		.word	FLASH_PageErase
 1418 0064 00000000 		.word	FLASH_MassErase
 1419              		.cfi_endproc
 1420              	.LFE66:
 1422              		.text
 1423              	.Letext0:
 1424              		.file 2 "../c:\\users\\test\\desktop\\gnu mcu\\arm-none-eabi-gcc-10.2.1-1.1\\arm-none-eabi\\includ
 1425              		.file 3 "../c:\\users\\test\\desktop\\gnu mcu\\arm-none-eabi-gcc-10.2.1-1.1\\arm-none-eabi\\includ
 1426              		.file 4 "../Drivers/CMSIS/Device/ST/STM32F1xx/Include/stm32f103x6.h"
 1427              		.file 5 "../Drivers/STM32F1xx_HAL_Driver/Inc/stm32f1xx_hal_def.h"
 1428              		.file 6 "../Drivers/STM32F1xx_HAL_Driver/Inc/stm32f1xx_hal_flash.h"
 1429              		.file 7 "../Drivers/STM32F1xx_HAL_Driver/Inc/stm32f1xx_hal_flash_ex.h"
ARM GAS  C:\Users\Test\AppData\Local\Temp\cczdDOgc.s 			page 26


DEFINED SYMBOLS
                            *ABS*:0000000000000000 stm32f1xx_hal_flash_ex.c
C:\Users\Test\AppData\Local\Temp\cczdDOgc.s:16     .text.FLASH_MassErase:0000000000000000 $t
C:\Users\Test\AppData\Local\Temp\cczdDOgc.s:23     .text.FLASH_MassErase:0000000000000000 FLASH_MassErase
C:\Users\Test\AppData\Local\Temp\cczdDOgc.s:53     .text.FLASH_MassErase:000000000000001c $d
C:\Users\Test\AppData\Local\Temp\cczdDOgc.s:59     .text.FLASH_OB_GetWRP:0000000000000000 $t
C:\Users\Test\AppData\Local\Temp\cczdDOgc.s:65     .text.FLASH_OB_GetWRP:0000000000000000 FLASH_OB_GetWRP
C:\Users\Test\AppData\Local\Temp\cczdDOgc.s:81     .text.FLASH_OB_GetWRP:0000000000000008 $d
C:\Users\Test\AppData\Local\Temp\cczdDOgc.s:86     .text.FLASH_OB_GetRDP:0000000000000000 $t
C:\Users\Test\AppData\Local\Temp\cczdDOgc.s:92     .text.FLASH_OB_GetRDP:0000000000000000 FLASH_OB_GetRDP
C:\Users\Test\AppData\Local\Temp\cczdDOgc.s:123    .text.FLASH_OB_GetRDP:0000000000000014 $d
C:\Users\Test\AppData\Local\Temp\cczdDOgc.s:128    .text.FLASH_OB_GetUser:0000000000000000 $t
C:\Users\Test\AppData\Local\Temp\cczdDOgc.s:134    .text.FLASH_OB_GetUser:0000000000000000 FLASH_OB_GetUser
C:\Users\Test\AppData\Local\Temp\cczdDOgc.s:151    .text.FLASH_OB_GetUser:000000000000000c $d
C:\Users\Test\AppData\Local\Temp\cczdDOgc.s:156    .text.FLASH_OB_RDP_LevelConfig:0000000000000000 $t
C:\Users\Test\AppData\Local\Temp\cczdDOgc.s:162    .text.FLASH_OB_RDP_LevelConfig:0000000000000000 FLASH_OB_RDP_LevelConfig
C:\Users\Test\AppData\Local\Temp\cczdDOgc.s:253    .text.FLASH_OB_RDP_LevelConfig:000000000000005c $d
C:\Users\Test\AppData\Local\Temp\cczdDOgc.s:261    .text.FLASH_OB_UserConfig:0000000000000000 $t
C:\Users\Test\AppData\Local\Temp\cczdDOgc.s:267    .text.FLASH_OB_UserConfig:0000000000000000 FLASH_OB_UserConfig
C:\Users\Test\AppData\Local\Temp\cczdDOgc.s:337    .text.FLASH_OB_UserConfig:000000000000003c $d
C:\Users\Test\AppData\Local\Temp\cczdDOgc.s:345    .text.FLASH_OB_ProgramData:0000000000000000 $t
C:\Users\Test\AppData\Local\Temp\cczdDOgc.s:351    .text.FLASH_OB_ProgramData:0000000000000000 FLASH_OB_ProgramData
C:\Users\Test\AppData\Local\Temp\cczdDOgc.s:419    .text.FLASH_OB_ProgramData:0000000000000038 $d
C:\Users\Test\AppData\Local\Temp\cczdDOgc.s:426    .text.HAL_FLASHEx_OBErase:0000000000000000 $t
C:\Users\Test\AppData\Local\Temp\cczdDOgc.s:433    .text.HAL_FLASHEx_OBErase:0000000000000000 HAL_FLASHEx_OBErase
C:\Users\Test\AppData\Local\Temp\cczdDOgc.s:516    .text.HAL_FLASHEx_OBErase:0000000000000048 $d
C:\Users\Test\AppData\Local\Temp\cczdDOgc.s:525    .text.FLASH_OB_EnableWRP:0000000000000000 $t
C:\Users\Test\AppData\Local\Temp\cczdDOgc.s:531    .text.FLASH_OB_EnableWRP:0000000000000000 FLASH_OB_EnableWRP
C:\Users\Test\AppData\Local\Temp\cczdDOgc.s:629    .text.FLASH_OB_EnableWRP:0000000000000054 $d
C:\Users\Test\AppData\Local\Temp\cczdDOgc.s:639    .text.FLASH_OB_DisableWRP:0000000000000000 $t
C:\Users\Test\AppData\Local\Temp\cczdDOgc.s:645    .text.FLASH_OB_DisableWRP:0000000000000000 FLASH_OB_DisableWRP
C:\Users\Test\AppData\Local\Temp\cczdDOgc.s:744    .text.FLASH_OB_DisableWRP:0000000000000054 $d
C:\Users\Test\AppData\Local\Temp\cczdDOgc.s:754    .text.HAL_FLASHEx_OBProgram:0000000000000000 $t
C:\Users\Test\AppData\Local\Temp\cczdDOgc.s:761    .text.HAL_FLASHEx_OBProgram:0000000000000000 HAL_FLASHEx_OBProgram
C:\Users\Test\AppData\Local\Temp\cczdDOgc.s:953    .text.HAL_FLASHEx_OBProgram:0000000000000098 $d
C:\Users\Test\AppData\Local\Temp\cczdDOgc.s:963    .text.HAL_FLASHEx_OBGetConfig:0000000000000000 $t
C:\Users\Test\AppData\Local\Temp\cczdDOgc.s:970    .text.HAL_FLASHEx_OBGetConfig:0000000000000000 HAL_FLASHEx_OBGetConfig
C:\Users\Test\AppData\Local\Temp\cczdDOgc.s:1016   .text.HAL_FLASHEx_OBGetConfig:000000000000001c $d
C:\Users\Test\AppData\Local\Temp\cczdDOgc.s:1023   .text.HAL_FLASHEx_OBGetUserData:0000000000000000 $t
C:\Users\Test\AppData\Local\Temp\cczdDOgc.s:1030   .text.HAL_FLASHEx_OBGetUserData:0000000000000000 HAL_FLASHEx_OBGetUserData
C:\Users\Test\AppData\Local\Temp\cczdDOgc.s:1070   .text.HAL_FLASHEx_OBGetUserData:000000000000001c $d
C:\Users\Test\AppData\Local\Temp\cczdDOgc.s:1076   .text.FLASH_PageErase:0000000000000000 $t
C:\Users\Test\AppData\Local\Temp\cczdDOgc.s:1083   .text.FLASH_PageErase:0000000000000000 FLASH_PageErase
C:\Users\Test\AppData\Local\Temp\cczdDOgc.s:1112   .text.FLASH_PageErase:000000000000001c $d
C:\Users\Test\AppData\Local\Temp\cczdDOgc.s:1118   .text.HAL_FLASHEx_Erase:0000000000000000 $t
C:\Users\Test\AppData\Local\Temp\cczdDOgc.s:1125   .text.HAL_FLASHEx_Erase:0000000000000000 HAL_FLASHEx_Erase
C:\Users\Test\AppData\Local\Temp\cczdDOgc.s:1300   .text.HAL_FLASHEx_Erase:00000000000000a0 $d
C:\Users\Test\AppData\Local\Temp\cczdDOgc.s:1309   .text.HAL_FLASHEx_Erase_IT:0000000000000000 $t
C:\Users\Test\AppData\Local\Temp\cczdDOgc.s:1316   .text.HAL_FLASHEx_Erase_IT:0000000000000000 HAL_FLASHEx_Erase_IT
C:\Users\Test\AppData\Local\Temp\cczdDOgc.s:1415   .text.HAL_FLASHEx_Erase_IT:0000000000000058 $d

UNDEFINED SYMBOLS
pFlash
FLASH_WaitForLastOperation
