ARM GAS  C:\Users\Test\AppData\Local\Temp\cc2m8V5A.s 			page 1


   1              		.cpu cortex-m3
   2              		.eabi_attribute 20, 1
   3              		.eabi_attribute 21, 1
   4              		.eabi_attribute 23, 3
   5              		.eabi_attribute 24, 1
   6              		.eabi_attribute 25, 1
   7              		.eabi_attribute 26, 1
   8              		.eabi_attribute 30, 1
   9              		.eabi_attribute 34, 1
  10              		.eabi_attribute 18, 4
  11              		.file	"stm32f1xx_hal_cortex.c"
  12              		.text
  13              	.Ltext0:
  14              		.cfi_sections	.debug_frame
  15              		.section	.text.HAL_NVIC_SetPriorityGrouping,"ax",%progbits
  16              		.align	1
  17              		.global	HAL_NVIC_SetPriorityGrouping
  18              		.arch armv7-m
  19              		.syntax unified
  20              		.thumb
  21              		.thumb_func
  22              		.fpu softvfp
  24              	HAL_NVIC_SetPriorityGrouping:
  25              	.LVL0:
  26              	.LFB65:
  27              		.file 1 "../Drivers/STM32F1xx_HAL_Driver/Src/stm32f1xx_hal_cortex.c"
   1:../Drivers/STM32F1xx_HAL_Driver/Src/stm32f1xx_hal_cortex.c **** 
  28              		.loc 1 144 1 view -0
  29              		.cfi_startproc
  30              		@ args = 0, pretend = 0, frame = 0
  31              		@ frame_needed = 0, uses_anonymous_args = 0
  32              		@ link register save eliminated.
  33              		.loc 1 146 3 view .LVU1
  34              		.loc 1 149 3 view .LVU2
  35              	.LBB32:
  36              	.LBI32:
  37              		.file 2 "../Drivers/CMSIS/Include/core_cm3.h"
   1:../Drivers/CMSIS/Include/core_cm3.h **** 
  38              		.loc 2 1480 22 view .LVU3
  39              	.LBB33:
  40              		.loc 2 1482 3 view .LVU4
  41              		.loc 2 1483 3 view .LVU5
  42              		.loc 2 1485 3 view .LVU6
  43              		.loc 2 1485 14 is_stmt 0 view .LVU7
  44 0000 074A     		ldr	r2, .L2
  45 0002 D368     		ldr	r3, [r2, #12]
  46              	.LVL1:
  47              		.loc 2 1486 3 is_stmt 1 view .LVU8
  48              		.loc 2 1486 13 is_stmt 0 view .LVU9
  49 0004 23F4E063 		bic	r3, r3, #1792
  50              	.LVL2:
  51              		.loc 2 1486 13 view .LVU10
  52 0008 1B04     		lsls	r3, r3, #16
  53 000a 1B0C     		lsrs	r3, r3, #16
  54              	.LVL3:
  55              		.loc 2 1487 3 is_stmt 1 view .LVU11
  56              		.loc 2 1489 35 is_stmt 0 view .LVU12
ARM GAS  C:\Users\Test\AppData\Local\Temp\cc2m8V5A.s 			page 2


  57 000c 0002     		lsls	r0, r0, #8
  58              	.LVL4:
  59              		.loc 2 1489 35 view .LVU13
  60 000e 00F4E060 		and	r0, r0, #1792
  61              		.loc 2 1488 62 view .LVU14
  62 0012 0343     		orrs	r3, r3, r0
  63              	.LVL5:
  64              		.loc 2 1487 14 view .LVU15
  65 0014 43F0BF63 		orr	r3, r3, #100139008
  66 0018 43F40033 		orr	r3, r3, #131072
  67              	.LVL6:
  68              		.loc 2 1490 3 is_stmt 1 view .LVU16
  69              		.loc 2 1490 14 is_stmt 0 view .LVU17
  70 001c D360     		str	r3, [r2, #12]
  71              	.LVL7:
  72              		.loc 2 1490 14 view .LVU18
  73              	.LBE33:
  74              	.LBE32:
  75              		.loc 1 150 1 view .LVU19
  76 001e 7047     		bx	lr
  77              	.L3:
  78              		.align	2
  79              	.L2:
  80 0020 00ED00E0 		.word	-536810240
  81              		.cfi_endproc
  82              	.LFE65:
  84              		.section	.text.HAL_NVIC_SetPriority,"ax",%progbits
  85              		.align	1
  86              		.global	HAL_NVIC_SetPriority
  87              		.syntax unified
  88              		.thumb
  89              		.thumb_func
  90              		.fpu softvfp
  92              	HAL_NVIC_SetPriority:
  93              	.LVL8:
  94              	.LFB66:
  95              		.loc 1 166 1 is_stmt 1 view -0
  96              		.cfi_startproc
  97              		@ args = 0, pretend = 0, frame = 0
  98              		@ frame_needed = 0, uses_anonymous_args = 0
  99              		.loc 1 166 1 is_stmt 0 view .LVU21
 100 0000 00B5     		push	{lr}
 101              	.LCFI0:
 102              		.cfi_def_cfa_offset 4
 103              		.cfi_offset 14, -4
 104              		.loc 1 167 3 is_stmt 1 view .LVU22
 105              	.LVL9:
 106              		.loc 1 170 3 view .LVU23
 107              		.loc 1 171 3 view .LVU24
 108              		.loc 1 173 3 view .LVU25
 109              	.LBB40:
 110              	.LBI40:
 111              		.loc 2 1499 26 view .LVU26
 112              	.LBB41:
 113              		.loc 2 1501 3 view .LVU27
 114              		.loc 2 1501 26 is_stmt 0 view .LVU28
 115 0002 194B     		ldr	r3, .L10
ARM GAS  C:\Users\Test\AppData\Local\Temp\cc2m8V5A.s 			page 3


 116 0004 DB68     		ldr	r3, [r3, #12]
 117              		.loc 2 1501 11 view .LVU29
 118 0006 C3F30223 		ubfx	r3, r3, #8, #3
 119              	.LVL10:
 120              		.loc 2 1501 11 view .LVU30
 121              	.LBE41:
 122              	.LBE40:
 123              		.loc 1 175 3 is_stmt 1 view .LVU31
 124              	.LBB42:
 125              	.LBI42:
 126              		.loc 2 1686 26 view .LVU32
 127              	.LBB43:
 128              		.loc 2 1688 3 view .LVU33
 129              		.loc 2 1689 3 view .LVU34
 130              		.loc 2 1690 3 view .LVU35
 131              		.loc 2 1692 3 view .LVU36
 132              		.loc 2 1692 31 is_stmt 0 view .LVU37
 133 000a C3F1070C 		rsb	ip, r3, #7
 134              		.loc 2 1692 23 view .LVU38
 135 000e BCF1040F 		cmp	ip, #4
 136 0012 28BF     		it	cs
 137 0014 4FF0040C 		movcs	ip, #4
 138              	.LVL11:
 139              		.loc 2 1693 3 is_stmt 1 view .LVU39
 140              		.loc 2 1693 44 is_stmt 0 view .LVU40
 141 0018 03F1040E 		add	lr, r3, #4
 142              		.loc 2 1693 109 view .LVU41
 143 001c BEF1060F 		cmp	lr, #6
 144 0020 18D9     		bls	.L8
 145 0022 033B     		subs	r3, r3, #3
 146              	.LVL12:
 147              	.L5:
 148              		.loc 2 1695 3 is_stmt 1 view .LVU42
 149              		.loc 2 1696 30 is_stmt 0 view .LVU43
 150 0024 4FF0FF3E 		mov	lr, #-1
 151              	.LVL13:
 152              		.loc 2 1696 30 view .LVU44
 153 0028 0EFA0CFC 		lsl	ip, lr, ip
 154              	.LVL14:
 155              		.loc 2 1696 30 view .LVU45
 156 002c 21EA0C01 		bic	r1, r1, ip
 157              	.LVL15:
 158              		.loc 2 1696 82 view .LVU46
 159 0030 9940     		lsls	r1, r1, r3
 160              		.loc 2 1697 30 view .LVU47
 161 0032 0EFA03F3 		lsl	r3, lr, r3
 162              	.LVL16:
 163              		.loc 2 1697 30 view .LVU48
 164 0036 22EA0303 		bic	r3, r2, r3
 165              		.loc 2 1696 102 view .LVU49
 166 003a 1943     		orrs	r1, r1, r3
 167              	.LVL17:
 168              		.loc 2 1696 102 view .LVU50
 169              	.LBE43:
 170              	.LBE42:
 171              	.LBB45:
 172              	.LBI45:
ARM GAS  C:\Users\Test\AppData\Local\Temp\cc2m8V5A.s 			page 4


 173              		.loc 2 1639 22 is_stmt 1 view .LVU51
 174              	.LBB46:
 175              		.loc 2 1641 3 view .LVU52
 176              		.loc 2 1641 6 is_stmt 0 view .LVU53
 177 003c 0028     		cmp	r0, #0
 178 003e 0BDB     		blt	.L6
 179              		.loc 2 1643 5 is_stmt 1 view .LVU54
 180              		.loc 2 1643 48 is_stmt 0 view .LVU55
 181 0040 0901     		lsls	r1, r1, #4
 182              	.LVL18:
 183              		.loc 2 1643 48 view .LVU56
 184 0042 C9B2     		uxtb	r1, r1
 185              		.loc 2 1643 46 view .LVU57
 186 0044 00F16040 		add	r0, r0, #-536870912
 187              	.LVL19:
 188              		.loc 2 1643 46 view .LVU58
 189 0048 00F56140 		add	r0, r0, #57600
 190 004c 80F80013 		strb	r1, [r0, #768]
 191              	.LVL20:
 192              	.L4:
 193              		.loc 2 1643 46 view .LVU59
 194              	.LBE46:
 195              	.LBE45:
 196              		.loc 1 176 1 view .LVU60
 197 0050 5DF804FB 		ldr	pc, [sp], #4
 198              	.LVL21:
 199              	.L8:
 200              	.LBB48:
 201              	.LBB44:
 202              		.loc 2 1693 109 view .LVU61
 203 0054 0023     		movs	r3, #0
 204              	.LVL22:
 205              		.loc 2 1693 109 view .LVU62
 206 0056 E5E7     		b	.L5
 207              	.LVL23:
 208              	.L6:
 209              		.loc 2 1693 109 view .LVU63
 210              	.LBE44:
 211              	.LBE48:
 212              	.LBB49:
 213              	.LBB47:
 214              		.loc 2 1647 5 is_stmt 1 view .LVU64
 215              		.loc 2 1647 32 is_stmt 0 view .LVU65
 216 0058 00F00F00 		and	r0, r0, #15
 217              	.LVL24:
 218              		.loc 2 1647 48 view .LVU66
 219 005c 0901     		lsls	r1, r1, #4
 220              	.LVL25:
 221              		.loc 2 1647 48 view .LVU67
 222 005e C9B2     		uxtb	r1, r1
 223              		.loc 2 1647 46 view .LVU68
 224 0060 024B     		ldr	r3, .L10+4
 225 0062 1954     		strb	r1, [r3, r0]
 226              	.LVL26:
 227              		.loc 2 1647 46 view .LVU69
 228              	.LBE47:
 229              	.LBE49:
ARM GAS  C:\Users\Test\AppData\Local\Temp\cc2m8V5A.s 			page 5


 230              		.loc 1 176 1 view .LVU70
 231 0064 F4E7     		b	.L4
 232              	.L11:
 233 0066 00BF     		.align	2
 234              	.L10:
 235 0068 00ED00E0 		.word	-536810240
 236 006c 14ED00E0 		.word	-536810220
 237              		.cfi_endproc
 238              	.LFE66:
 240              		.section	.text.HAL_NVIC_EnableIRQ,"ax",%progbits
 241              		.align	1
 242              		.global	HAL_NVIC_EnableIRQ
 243              		.syntax unified
 244              		.thumb
 245              		.thumb_func
 246              		.fpu softvfp
 248              	HAL_NVIC_EnableIRQ:
 249              	.LVL27:
 250              	.LFB67:
 251              		.loc 1 188 1 is_stmt 1 view -0
 252              		.cfi_startproc
 253              		@ args = 0, pretend = 0, frame = 0
 254              		@ frame_needed = 0, uses_anonymous_args = 0
 255              		@ link register save eliminated.
 256              		.loc 1 190 3 view .LVU72
 257              		.loc 1 193 3 view .LVU73
 258              	.LBB50:
 259              	.LBI50:
 260              		.loc 2 1511 22 view .LVU74
 261              	.LBB51:
 262              		.loc 2 1513 3 view .LVU75
 263              		.loc 2 1513 6 is_stmt 0 view .LVU76
 264 0000 0028     		cmp	r0, #0
 265              	.LVL28:
 266              		.loc 2 1513 6 view .LVU77
 267 0002 07DB     		blt	.L12
 268              		.loc 2 1515 5 is_stmt 1 view .LVU78
 269              		.loc 2 1515 81 is_stmt 0 view .LVU79
 270 0004 00F01F02 		and	r2, r0, #31
 271              		.loc 2 1515 34 view .LVU80
 272 0008 4009     		lsrs	r0, r0, #5
 273              		.loc 2 1515 45 view .LVU81
 274 000a 0123     		movs	r3, #1
 275 000c 9340     		lsls	r3, r3, r2
 276              		.loc 2 1515 43 view .LVU82
 277 000e 024A     		ldr	r2, .L14
 278 0010 42F82030 		str	r3, [r2, r0, lsl #2]
 279              	.LVL29:
 280              	.L12:
 281              		.loc 2 1515 43 view .LVU83
 282              	.LBE51:
 283              	.LBE50:
 284              		.loc 1 194 1 view .LVU84
 285 0014 7047     		bx	lr
 286              	.L15:
 287 0016 00BF     		.align	2
 288              	.L14:
ARM GAS  C:\Users\Test\AppData\Local\Temp\cc2m8V5A.s 			page 6


 289 0018 00E100E0 		.word	-536813312
 290              		.cfi_endproc
 291              	.LFE67:
 293              		.section	.text.HAL_NVIC_DisableIRQ,"ax",%progbits
 294              		.align	1
 295              		.global	HAL_NVIC_DisableIRQ
 296              		.syntax unified
 297              		.thumb
 298              		.thumb_func
 299              		.fpu softvfp
 301              	HAL_NVIC_DisableIRQ:
 302              	.LVL30:
 303              	.LFB68:
 304              		.loc 1 204 1 is_stmt 1 view -0
 305              		.cfi_startproc
 306              		@ args = 0, pretend = 0, frame = 0
 307              		@ frame_needed = 0, uses_anonymous_args = 0
 308              		@ link register save eliminated.
 309              		.loc 1 206 3 view .LVU86
 310              		.loc 1 209 3 view .LVU87
 311              	.LBB58:
 312              	.LBI58:
 313              		.loc 2 1547 22 view .LVU88
 314              	.LBB59:
 315              		.loc 2 1549 3 view .LVU89
 316              		.loc 2 1549 6 is_stmt 0 view .LVU90
 317 0000 0028     		cmp	r0, #0
 318              	.LVL31:
 319              		.loc 2 1549 6 view .LVU91
 320 0002 0CDB     		blt	.L16
 321              		.loc 2 1551 5 is_stmt 1 view .LVU92
 322              		.loc 2 1551 81 is_stmt 0 view .LVU93
 323 0004 00F01F02 		and	r2, r0, #31
 324              		.loc 2 1551 34 view .LVU94
 325 0008 4009     		lsrs	r0, r0, #5
 326              		.loc 2 1551 45 view .LVU95
 327 000a 0123     		movs	r3, #1
 328 000c 9340     		lsls	r3, r3, r2
 329              		.loc 2 1551 43 view .LVU96
 330 000e 2030     		adds	r0, r0, #32
 331 0010 034A     		ldr	r2, .L18
 332 0012 42F82030 		str	r3, [r2, r0, lsl #2]
 333              		.loc 2 1552 5 is_stmt 1 view .LVU97
 334              	.LBB60:
 335              	.LBI60:
 336              		.file 3 "../Drivers/CMSIS/Include/cmsis_gcc.h"
   1:../Drivers/CMSIS/Include/cmsis_gcc.h **** 
 337              		.loc 3 877 27 view .LVU98
 338              	.LBB61:
 339              		.loc 3 879 3 view .LVU99
 340              		.syntax unified
 341              	@ 879 "Drivers/CMSIS/Include/cmsis_gcc.h" 1
 342 0016 BFF34F8F 		dsb 0xF
 343              	@ 0 "" 2
 344              		.thumb
 345              		.syntax unified
 346              	.LBE61:
ARM GAS  C:\Users\Test\AppData\Local\Temp\cc2m8V5A.s 			page 7


 347              	.LBE60:
 348              		.loc 2 1553 5 view .LVU100
 349              	.LBB62:
 350              	.LBI62:
 351              		.loc 3 866 27 view .LVU101
 352              	.LBB63:
 353              		.loc 3 868 3 view .LVU102
 354              		.syntax unified
 355              	@ 868 "Drivers/CMSIS/Include/cmsis_gcc.h" 1
 356 001a BFF36F8F 		isb 0xF
 357              	@ 0 "" 2
 358              	.LVL32:
 359              		.thumb
 360              		.syntax unified
 361              	.L16:
 362              		.loc 3 868 3 is_stmt 0 view .LVU103
 363              	.LBE63:
 364              	.LBE62:
 365              	.LBE59:
 366              	.LBE58:
 367              		.loc 1 210 1 view .LVU104
 368 001e 7047     		bx	lr
 369              	.L19:
 370              		.align	2
 371              	.L18:
 372 0020 00E100E0 		.word	-536813312
 373              		.cfi_endproc
 374              	.LFE68:
 376              		.section	.text.HAL_NVIC_SystemReset,"ax",%progbits
 377              		.align	1
 378              		.global	HAL_NVIC_SystemReset
 379              		.syntax unified
 380              		.thumb
 381              		.thumb_func
 382              		.fpu softvfp
 384              	HAL_NVIC_SystemReset:
 385              	.LFB69:
 386              		.loc 1 217 1 is_stmt 1 view -0
 387              		.cfi_startproc
 388              		@ Volatile: function does not return.
 389              		@ args = 0, pretend = 0, frame = 0
 390              		@ frame_needed = 0, uses_anonymous_args = 0
 391              		@ link register save eliminated.
 392              		.loc 1 219 3 view .LVU106
 393              	.LBB70:
 394              	.LBI70:
 395              		.loc 2 1762 34 view .LVU107
 396              	.LBB71:
 397              		.loc 2 1764 3 view .LVU108
 398              	.LBB72:
 399              	.LBI72:
 400              		.loc 3 877 27 view .LVU109
 401              	.LBB73:
 402              		.loc 3 879 3 view .LVU110
 403              		.syntax unified
 404              	@ 879 "Drivers/CMSIS/Include/cmsis_gcc.h" 1
 405 0000 BFF34F8F 		dsb 0xF
ARM GAS  C:\Users\Test\AppData\Local\Temp\cc2m8V5A.s 			page 8


 406              	@ 0 "" 2
 407              		.thumb
 408              		.syntax unified
 409              	.LBE73:
 410              	.LBE72:
 411              		.loc 2 1766 3 view .LVU111
 412              		.loc 2 1767 32 is_stmt 0 view .LVU112
 413 0004 0549     		ldr	r1, .L22
 414 0006 CA68     		ldr	r2, [r1, #12]
 415              		.loc 2 1767 40 view .LVU113
 416 0008 02F4E062 		and	r2, r2, #1792
 417              		.loc 2 1766 17 view .LVU114
 418 000c 044B     		ldr	r3, .L22+4
 419 000e 1343     		orrs	r3, r3, r2
 420              		.loc 2 1766 15 view .LVU115
 421 0010 CB60     		str	r3, [r1, #12]
 422              		.loc 2 1769 3 is_stmt 1 view .LVU116
 423              	.LBB74:
 424              	.LBI74:
 425              		.loc 3 877 27 view .LVU117
 426              	.LBB75:
 427              		.loc 3 879 3 view .LVU118
 428              		.syntax unified
 429              	@ 879 "Drivers/CMSIS/Include/cmsis_gcc.h" 1
 430 0012 BFF34F8F 		dsb 0xF
 431              	@ 0 "" 2
 432              		.thumb
 433              		.syntax unified
 434              	.L21:
 435              	.LBE75:
 436              	.LBE74:
 437              		.loc 2 1771 3 view .LVU119
 438              		.loc 2 1773 5 view .LVU120
 439              		.syntax unified
 440              	@ 1773 "Drivers/CMSIS/Include/core_cm3.h" 1
 441 0016 00BF     		nop
 442              	@ 0 "" 2
 443              		.loc 2 1771 8 view .LVU121
 444              		.thumb
 445              		.syntax unified
 446 0018 FDE7     		b	.L21
 447              	.L23:
 448 001a 00BF     		.align	2
 449              	.L22:
 450 001c 00ED00E0 		.word	-536810240
 451 0020 0400FA05 		.word	100270084
 452              	.LBE71:
 453              	.LBE70:
 454              		.cfi_endproc
 455              	.LFE69:
 457              		.section	.text.HAL_SYSTICK_Config,"ax",%progbits
 458              		.align	1
 459              		.global	HAL_SYSTICK_Config
 460              		.syntax unified
 461              		.thumb
 462              		.thumb_func
 463              		.fpu softvfp
ARM GAS  C:\Users\Test\AppData\Local\Temp\cc2m8V5A.s 			page 9


 465              	HAL_SYSTICK_Config:
 466              	.LVL33:
 467              	.LFB70:
 468              		.loc 1 230 1 view -0
 469              		.cfi_startproc
 470              		@ args = 0, pretend = 0, frame = 0
 471              		@ frame_needed = 0, uses_anonymous_args = 0
 472              		@ link register save eliminated.
 473              		.loc 1 231 4 view .LVU123
 474              	.LBB76:
 475              	.LBI76:
 476              		.loc 2 1834 26 view .LVU124
 477              	.LBB77:
 478              		.loc 2 1836 3 view .LVU125
 479              		.loc 2 1836 14 is_stmt 0 view .LVU126
 480 0000 0138     		subs	r0, r0, #1
 481              	.LVL34:
 482              		.loc 2 1836 6 view .LVU127
 483 0002 B0F1807F 		cmp	r0, #16777216
 484 0006 0BD2     		bcs	.L26
 485              		.loc 2 1841 3 is_stmt 1 view .LVU128
 486              		.loc 2 1841 18 is_stmt 0 view .LVU129
 487 0008 4FF0E023 		mov	r3, #-536813568
 488 000c 5861     		str	r0, [r3, #20]
 489              		.loc 2 1842 3 is_stmt 1 view .LVU130
 490              	.LVL35:
 491              	.LBB78:
 492              	.LBI78:
 493              		.loc 2 1639 22 view .LVU131
 494              	.LBB79:
 495              		.loc 2 1641 3 view .LVU132
 496              		.loc 2 1647 5 view .LVU133
 497              		.loc 2 1647 46 is_stmt 0 view .LVU134
 498 000e 054A     		ldr	r2, .L27
 499 0010 F021     		movs	r1, #240
 500 0012 82F82310 		strb	r1, [r2, #35]
 501              	.LVL36:
 502              		.loc 2 1647 46 view .LVU135
 503              	.LBE79:
 504              	.LBE78:
 505              		.loc 2 1843 3 is_stmt 1 view .LVU136
 506              		.loc 2 1843 18 is_stmt 0 view .LVU137
 507 0016 0020     		movs	r0, #0
 508              	.LVL37:
 509              		.loc 2 1843 18 view .LVU138
 510 0018 9861     		str	r0, [r3, #24]
 511              		.loc 2 1844 3 is_stmt 1 view .LVU139
 512              		.loc 2 1844 18 is_stmt 0 view .LVU140
 513 001a 0722     		movs	r2, #7
 514 001c 1A61     		str	r2, [r3, #16]
 515              		.loc 2 1847 3 is_stmt 1 view .LVU141
 516              		.loc 2 1847 10 is_stmt 0 view .LVU142
 517 001e 7047     		bx	lr
 518              	.L26:
 519              		.loc 2 1838 12 view .LVU143
 520 0020 0120     		movs	r0, #1
 521              	.LVL38:
ARM GAS  C:\Users\Test\AppData\Local\Temp\cc2m8V5A.s 			page 10


 522              		.loc 2 1838 12 view .LVU144
 523              	.LBE77:
 524              	.LBE76:
 525              		.loc 1 232 1 view .LVU145
 526 0022 7047     		bx	lr
 527              	.L28:
 528              		.align	2
 529              	.L27:
 530 0024 00ED00E0 		.word	-536810240
 531              		.cfi_endproc
 532              	.LFE70:
 534              		.section	.text.HAL_NVIC_GetPriorityGrouping,"ax",%progbits
 535              		.align	1
 536              		.global	HAL_NVIC_GetPriorityGrouping
 537              		.syntax unified
 538              		.thumb
 539              		.thumb_func
 540              		.fpu softvfp
 542              	HAL_NVIC_GetPriorityGrouping:
 543              	.LFB71:
 544              		.loc 1 345 1 is_stmt 1 view -0
 545              		.cfi_startproc
 546              		@ args = 0, pretend = 0, frame = 0
 547              		@ frame_needed = 0, uses_anonymous_args = 0
 548              		@ link register save eliminated.
 549              		.loc 1 347 3 view .LVU147
 550              	.LBB80:
 551              	.LBI80:
 552              		.loc 2 1499 26 view .LVU148
 553              	.LBB81:
 554              		.loc 2 1501 3 view .LVU149
 555              		.loc 2 1501 26 is_stmt 0 view .LVU150
 556 0000 024B     		ldr	r3, .L30
 557 0002 D868     		ldr	r0, [r3, #12]
 558              	.LBE81:
 559              	.LBE80:
 560              		.loc 1 348 1 view .LVU151
 561 0004 C0F30220 		ubfx	r0, r0, #8, #3
 562 0008 7047     		bx	lr
 563              	.L31:
 564 000a 00BF     		.align	2
 565              	.L30:
 566 000c 00ED00E0 		.word	-536810240
 567              		.cfi_endproc
 568              	.LFE71:
 570              		.section	.text.HAL_NVIC_GetPriority,"ax",%progbits
 571              		.align	1
 572              		.global	HAL_NVIC_GetPriority
 573              		.syntax unified
 574              		.thumb
 575              		.thumb_func
 576              		.fpu softvfp
 578              	HAL_NVIC_GetPriority:
 579              	.LVL39:
 580              	.LFB72:
 581              		.loc 1 372 1 is_stmt 1 view -0
 582              		.cfi_startproc
ARM GAS  C:\Users\Test\AppData\Local\Temp\cc2m8V5A.s 			page 11


 583              		@ args = 0, pretend = 0, frame = 0
 584              		@ frame_needed = 0, uses_anonymous_args = 0
 585              		.loc 1 372 1 is_stmt 0 view .LVU153
 586 0000 10B5     		push	{r4, lr}
 587              	.LCFI1:
 588              		.cfi_def_cfa_offset 8
 589              		.cfi_offset 4, -8
 590              		.cfi_offset 14, -4
 591              		.loc 1 374 3 is_stmt 1 view .LVU154
 592              		.loc 1 376 3 view .LVU155
 593              	.LVL40:
 594              	.LBB86:
 595              	.LBI86:
 596              		.loc 2 1661 26 view .LVU156
 597              	.LBB87:
 598              		.loc 2 1664 3 view .LVU157
 599              		.loc 2 1664 6 is_stmt 0 view .LVU158
 600 0002 0028     		cmp	r0, #0
 601              	.LVL41:
 602              		.loc 2 1664 6 view .LVU159
 603 0004 22DB     		blt	.L33
 604              		.loc 2 1666 5 is_stmt 1 view .LVU160
 605              		.loc 2 1666 31 is_stmt 0 view .LVU161
 606 0006 00F16040 		add	r0, r0, #-536870912
 607 000a 00F56140 		add	r0, r0, #57600
 608 000e 90F80003 		ldrb	r0, [r0, #768]	@ zero_extendqisi2
 609              		.loc 2 1666 64 view .LVU162
 610 0012 0009     		lsrs	r0, r0, #4
 611              	.L34:
 612              	.LVL42:
 613              		.loc 2 1666 64 view .LVU163
 614              	.LBE87:
 615              	.LBE86:
 616              	.LBB89:
 617              	.LBI89:
 618              		.loc 2 1713 22 is_stmt 1 view .LVU164
 619              	.LBB90:
 620              		.loc 2 1715 3 view .LVU165
 621              		.loc 2 1715 12 is_stmt 0 view .LVU166
 622 0014 01F00701 		and	r1, r1, #7
 623              	.LVL43:
 624              		.loc 2 1716 3 is_stmt 1 view .LVU167
 625              		.loc 2 1717 3 view .LVU168
 626              		.loc 2 1719 3 view .LVU169
 627              		.loc 2 1719 31 is_stmt 0 view .LVU170
 628 0018 C1F1070C 		rsb	ip, r1, #7
 629              		.loc 2 1719 23 view .LVU171
 630 001c BCF1040F 		cmp	ip, #4
 631 0020 28BF     		it	cs
 632 0022 4FF0040C 		movcs	ip, #4
 633              	.LVL44:
 634              		.loc 2 1720 3 is_stmt 1 view .LVU172
 635              		.loc 2 1720 44 is_stmt 0 view .LVU173
 636 0026 0C1D     		adds	r4, r1, #4
 637              		.loc 2 1720 109 view .LVU174
 638 0028 062C     		cmp	r4, #6
 639 002a 15D9     		bls	.L36
ARM GAS  C:\Users\Test\AppData\Local\Temp\cc2m8V5A.s 			page 12


 640 002c 0339     		subs	r1, r1, #3
 641              	.LVL45:
 642              	.L35:
 643              		.loc 2 1722 3 is_stmt 1 view .LVU175
 644              		.loc 2 1722 33 is_stmt 0 view .LVU176
 645 002e 20FA01F4 		lsr	r4, r0, r1
 646              	.LVL46:
 647              		.loc 2 1722 53 view .LVU177
 648 0032 4FF0FF3E 		mov	lr, #-1
 649 0036 0EFA0CFC 		lsl	ip, lr, ip
 650              	.LVL47:
 651              		.loc 2 1722 53 view .LVU178
 652 003a 24EA0C04 		bic	r4, r4, ip
 653              		.loc 2 1722 21 view .LVU179
 654 003e 1460     		str	r4, [r2]
 655              		.loc 2 1723 3 is_stmt 1 view .LVU180
 656              		.loc 2 1723 53 is_stmt 0 view .LVU181
 657 0040 0EFA01F1 		lsl	r1, lr, r1
 658              	.LVL48:
 659              		.loc 2 1723 53 view .LVU182
 660 0044 20EA0100 		bic	r0, r0, r1
 661              	.LVL49:
 662              		.loc 2 1723 21 view .LVU183
 663 0048 1860     		str	r0, [r3]
 664              	.LVL50:
 665              		.loc 2 1723 21 view .LVU184
 666              	.LBE90:
 667              	.LBE89:
 668              		.loc 1 377 1 view .LVU185
 669 004a 10BD     		pop	{r4, pc}
 670              	.LVL51:
 671              	.L33:
 672              	.LBB92:
 673              	.LBB88:
 674              		.loc 2 1670 5 is_stmt 1 view .LVU186
 675              		.loc 2 1670 50 is_stmt 0 view .LVU187
 676 004c 00F00F00 		and	r0, r0, #15
 677              		.loc 2 1670 31 view .LVU188
 678 0050 024C     		ldr	r4, .L38
 679 0052 205C     		ldrb	r0, [r4, r0]	@ zero_extendqisi2
 680              		.loc 2 1670 64 view .LVU189
 681 0054 0009     		lsrs	r0, r0, #4
 682 0056 DDE7     		b	.L34
 683              	.LVL52:
 684              	.L36:
 685              		.loc 2 1670 64 view .LVU190
 686              	.LBE88:
 687              	.LBE92:
 688              	.LBB93:
 689              	.LBB91:
 690              		.loc 2 1720 109 view .LVU191
 691 0058 0021     		movs	r1, #0
 692              	.LVL53:
 693              		.loc 2 1720 109 view .LVU192
 694 005a E8E7     		b	.L35
 695              	.L39:
 696              		.align	2
ARM GAS  C:\Users\Test\AppData\Local\Temp\cc2m8V5A.s 			page 13


 697              	.L38:
 698 005c 14ED00E0 		.word	-536810220
 699              	.LBE91:
 700              	.LBE93:
 701              		.cfi_endproc
 702              	.LFE72:
 704              		.section	.text.HAL_NVIC_SetPendingIRQ,"ax",%progbits
 705              		.align	1
 706              		.global	HAL_NVIC_SetPendingIRQ
 707              		.syntax unified
 708              		.thumb
 709              		.thumb_func
 710              		.fpu softvfp
 712              	HAL_NVIC_SetPendingIRQ:
 713              	.LVL54:
 714              	.LFB73:
 715              		.loc 1 387 1 is_stmt 1 view -0
 716              		.cfi_startproc
 717              		@ args = 0, pretend = 0, frame = 0
 718              		@ frame_needed = 0, uses_anonymous_args = 0
 719              		@ link register save eliminated.
 720              		.loc 1 389 3 view .LVU194
 721              		.loc 1 392 3 view .LVU195
 722              	.LBB94:
 723              	.LBI94:
 724              		.loc 2 1585 22 view .LVU196
 725              	.LBB95:
 726              		.loc 2 1587 3 view .LVU197
 727              		.loc 2 1587 6 is_stmt 0 view .LVU198
 728 0000 0028     		cmp	r0, #0
 729              	.LVL55:
 730              		.loc 2 1587 6 view .LVU199
 731 0002 08DB     		blt	.L40
 732              		.loc 2 1589 5 is_stmt 1 view .LVU200
 733              		.loc 2 1589 81 is_stmt 0 view .LVU201
 734 0004 00F01F02 		and	r2, r0, #31
 735              		.loc 2 1589 34 view .LVU202
 736 0008 4009     		lsrs	r0, r0, #5
 737              		.loc 2 1589 45 view .LVU203
 738 000a 0123     		movs	r3, #1
 739 000c 9340     		lsls	r3, r3, r2
 740              		.loc 2 1589 43 view .LVU204
 741 000e 4030     		adds	r0, r0, #64
 742 0010 014A     		ldr	r2, .L42
 743 0012 42F82030 		str	r3, [r2, r0, lsl #2]
 744              	.LVL56:
 745              	.L40:
 746              		.loc 2 1589 43 view .LVU205
 747              	.LBE95:
 748              	.LBE94:
 749              		.loc 1 393 1 view .LVU206
 750 0016 7047     		bx	lr
 751              	.L43:
 752              		.align	2
 753              	.L42:
 754 0018 00E100E0 		.word	-536813312
 755              		.cfi_endproc
ARM GAS  C:\Users\Test\AppData\Local\Temp\cc2m8V5A.s 			page 14


 756              	.LFE73:
 758              		.section	.text.HAL_NVIC_GetPendingIRQ,"ax",%progbits
 759              		.align	1
 760              		.global	HAL_NVIC_GetPendingIRQ
 761              		.syntax unified
 762              		.thumb
 763              		.thumb_func
 764              		.fpu softvfp
 766              	HAL_NVIC_GetPendingIRQ:
 767              	.LVL57:
 768              	.LFB74:
 769              		.loc 1 405 1 is_stmt 1 view -0
 770              		.cfi_startproc
 771              		@ args = 0, pretend = 0, frame = 0
 772              		@ frame_needed = 0, uses_anonymous_args = 0
 773              		@ link register save eliminated.
 774              		.loc 1 407 3 view .LVU208
 775              		.loc 1 410 3 view .LVU209
 776              	.LBB96:
 777              	.LBI96:
 778              		.loc 2 1566 26 view .LVU210
 779              	.LBB97:
 780              		.loc 2 1568 3 view .LVU211
 781              		.loc 2 1568 6 is_stmt 0 view .LVU212
 782 0000 0028     		cmp	r0, #0
 783              	.LVL58:
 784              		.loc 2 1568 6 view .LVU213
 785 0002 0BDB     		blt	.L46
 786              		.loc 2 1570 5 is_stmt 1 view .LVU214
 787              		.loc 2 1570 54 is_stmt 0 view .LVU215
 788 0004 4309     		lsrs	r3, r0, #5
 789              		.loc 2 1570 35 view .LVU216
 790 0006 4033     		adds	r3, r3, #64
 791 0008 054A     		ldr	r2, .L47
 792 000a 52F82330 		ldr	r3, [r2, r3, lsl #2]
 793              		.loc 2 1570 91 view .LVU217
 794 000e 00F01F00 		and	r0, r0, #31
 795              		.loc 2 1570 103 view .LVU218
 796 0012 23FA00F0 		lsr	r0, r3, r0
 797              		.loc 2 1570 12 view .LVU219
 798 0016 00F00100 		and	r0, r0, #1
 799 001a 7047     		bx	lr
 800              	.L46:
 801              		.loc 2 1574 11 view .LVU220
 802 001c 0020     		movs	r0, #0
 803              	.LVL59:
 804              		.loc 2 1574 11 view .LVU221
 805              	.LBE97:
 806              	.LBE96:
 807              		.loc 1 411 1 view .LVU222
 808 001e 7047     		bx	lr
 809              	.L48:
 810              		.align	2
 811              	.L47:
 812 0020 00E100E0 		.word	-536813312
 813              		.cfi_endproc
 814              	.LFE74:
ARM GAS  C:\Users\Test\AppData\Local\Temp\cc2m8V5A.s 			page 15


 816              		.section	.text.HAL_NVIC_ClearPendingIRQ,"ax",%progbits
 817              		.align	1
 818              		.global	HAL_NVIC_ClearPendingIRQ
 819              		.syntax unified
 820              		.thumb
 821              		.thumb_func
 822              		.fpu softvfp
 824              	HAL_NVIC_ClearPendingIRQ:
 825              	.LVL60:
 826              	.LFB75:
 827              		.loc 1 421 1 is_stmt 1 view -0
 828              		.cfi_startproc
 829              		@ args = 0, pretend = 0, frame = 0
 830              		@ frame_needed = 0, uses_anonymous_args = 0
 831              		@ link register save eliminated.
 832              		.loc 1 423 3 view .LVU224
 833              		.loc 1 426 3 view .LVU225
 834              	.LBB98:
 835              	.LBI98:
 836              		.loc 2 1600 22 view .LVU226
 837              	.LBB99:
 838              		.loc 2 1602 3 view .LVU227
 839              		.loc 2 1602 6 is_stmt 0 view .LVU228
 840 0000 0028     		cmp	r0, #0
 841              	.LVL61:
 842              		.loc 2 1602 6 view .LVU229
 843 0002 08DB     		blt	.L49
 844              		.loc 2 1604 5 is_stmt 1 view .LVU230
 845              		.loc 2 1604 81 is_stmt 0 view .LVU231
 846 0004 00F01F02 		and	r2, r0, #31
 847              		.loc 2 1604 34 view .LVU232
 848 0008 4009     		lsrs	r0, r0, #5
 849              		.loc 2 1604 45 view .LVU233
 850 000a 0123     		movs	r3, #1
 851 000c 9340     		lsls	r3, r3, r2
 852              		.loc 2 1604 43 view .LVU234
 853 000e 6030     		adds	r0, r0, #96
 854 0010 014A     		ldr	r2, .L51
 855 0012 42F82030 		str	r3, [r2, r0, lsl #2]
 856              	.LVL62:
 857              	.L49:
 858              		.loc 2 1604 43 view .LVU235
 859              	.LBE99:
 860              	.LBE98:
 861              		.loc 1 427 1 view .LVU236
 862 0016 7047     		bx	lr
 863              	.L52:
 864              		.align	2
 865              	.L51:
 866 0018 00E100E0 		.word	-536813312
 867              		.cfi_endproc
 868              	.LFE75:
 870              		.section	.text.HAL_NVIC_GetActive,"ax",%progbits
 871              		.align	1
 872              		.global	HAL_NVIC_GetActive
 873              		.syntax unified
 874              		.thumb
ARM GAS  C:\Users\Test\AppData\Local\Temp\cc2m8V5A.s 			page 16


 875              		.thumb_func
 876              		.fpu softvfp
 878              	HAL_NVIC_GetActive:
 879              	.LVL63:
 880              	.LFB76:
 881              		.loc 1 438 1 is_stmt 1 view -0
 882              		.cfi_startproc
 883              		@ args = 0, pretend = 0, frame = 0
 884              		@ frame_needed = 0, uses_anonymous_args = 0
 885              		@ link register save eliminated.
 886              		.loc 1 440 3 view .LVU238
 887              		.loc 1 443 3 view .LVU239
 888              	.LBB100:
 889              	.LBI100:
 890              		.loc 2 1617 26 view .LVU240
 891              	.LBB101:
 892              		.loc 2 1619 3 view .LVU241
 893              		.loc 2 1619 6 is_stmt 0 view .LVU242
 894 0000 0028     		cmp	r0, #0
 895              	.LVL64:
 896              		.loc 2 1619 6 view .LVU243
 897 0002 0BDB     		blt	.L55
 898              		.loc 2 1621 5 is_stmt 1 view .LVU244
 899              		.loc 2 1621 54 is_stmt 0 view .LVU245
 900 0004 4309     		lsrs	r3, r0, #5
 901              		.loc 2 1621 35 view .LVU246
 902 0006 8033     		adds	r3, r3, #128
 903 0008 054A     		ldr	r2, .L56
 904 000a 52F82330 		ldr	r3, [r2, r3, lsl #2]
 905              		.loc 2 1621 91 view .LVU247
 906 000e 00F01F00 		and	r0, r0, #31
 907              		.loc 2 1621 103 view .LVU248
 908 0012 23FA00F0 		lsr	r0, r3, r0
 909              		.loc 2 1621 12 view .LVU249
 910 0016 00F00100 		and	r0, r0, #1
 911 001a 7047     		bx	lr
 912              	.L55:
 913              		.loc 2 1625 11 view .LVU250
 914 001c 0020     		movs	r0, #0
 915              	.LVL65:
 916              		.loc 2 1625 11 view .LVU251
 917              	.LBE101:
 918              	.LBE100:
 919              		.loc 1 444 1 view .LVU252
 920 001e 7047     		bx	lr
 921              	.L57:
 922              		.align	2
 923              	.L56:
 924 0020 00E100E0 		.word	-536813312
 925              		.cfi_endproc
 926              	.LFE76:
 928              		.section	.text.HAL_SYSTICK_CLKSourceConfig,"ax",%progbits
 929              		.align	1
 930              		.global	HAL_SYSTICK_CLKSourceConfig
 931              		.syntax unified
 932              		.thumb
 933              		.thumb_func
ARM GAS  C:\Users\Test\AppData\Local\Temp\cc2m8V5A.s 			page 17


 934              		.fpu softvfp
 936              	HAL_SYSTICK_CLKSourceConfig:
 937              	.LVL66:
 938              	.LFB77:
 939              		.loc 1 455 1 is_stmt 1 view -0
 940              		.cfi_startproc
 941              		@ args = 0, pretend = 0, frame = 0
 942              		@ frame_needed = 0, uses_anonymous_args = 0
 943              		@ link register save eliminated.
 944              		.loc 1 457 3 view .LVU254
 945              		.loc 1 458 3 view .LVU255
 946              		.loc 1 458 6 is_stmt 0 view .LVU256
 947 0000 0428     		cmp	r0, #4
 948 0002 06D0     		beq	.L61
 949              		.loc 1 464 5 is_stmt 1 view .LVU257
 950              		.loc 1 464 19 is_stmt 0 view .LVU258
 951 0004 4FF0E022 		mov	r2, #-536813568
 952 0008 1369     		ldr	r3, [r2, #16]
 953 000a 23F00403 		bic	r3, r3, #4
 954 000e 1361     		str	r3, [r2, #16]
 955              		.loc 1 466 1 view .LVU259
 956 0010 7047     		bx	lr
 957              	.L61:
 958              		.loc 1 460 5 is_stmt 1 view .LVU260
 959              		.loc 1 460 19 is_stmt 0 view .LVU261
 960 0012 4FF0E022 		mov	r2, #-536813568
 961 0016 1369     		ldr	r3, [r2, #16]
 962 0018 43F00403 		orr	r3, r3, #4
 963 001c 1361     		str	r3, [r2, #16]
 964 001e 7047     		bx	lr
 965              		.cfi_endproc
 966              	.LFE77:
 968              		.section	.text.HAL_SYSTICK_Callback,"ax",%progbits
 969              		.align	1
 970              		.weak	HAL_SYSTICK_Callback
 971              		.syntax unified
 972              		.thumb
 973              		.thumb_func
 974              		.fpu softvfp
 976              	HAL_SYSTICK_Callback:
 977              	.LFB79:
 978              		.loc 1 482 1 is_stmt 1 view -0
 979              		.cfi_startproc
 980              		@ args = 0, pretend = 0, frame = 0
 981              		@ frame_needed = 0, uses_anonymous_args = 0
 982              		@ link register save eliminated.
 983              		.loc 1 486 1 view .LVU263
 984 0000 7047     		bx	lr
 985              		.cfi_endproc
 986              	.LFE79:
 988              		.section	.text.HAL_SYSTICK_IRQHandler,"ax",%progbits
 989              		.align	1
 990              		.global	HAL_SYSTICK_IRQHandler
 991              		.syntax unified
 992              		.thumb
 993              		.thumb_func
 994              		.fpu softvfp
ARM GAS  C:\Users\Test\AppData\Local\Temp\cc2m8V5A.s 			page 18


 996              	HAL_SYSTICK_IRQHandler:
 997              	.LFB78:
 998              		.loc 1 473 1 view -0
 999              		.cfi_startproc
 1000              		@ args = 0, pretend = 0, frame = 0
 1001              		@ frame_needed = 0, uses_anonymous_args = 0
 1002 0000 08B5     		push	{r3, lr}
 1003              	.LCFI2:
 1004              		.cfi_def_cfa_offset 8
 1005              		.cfi_offset 3, -8
 1006              		.cfi_offset 14, -4
 1007              		.loc 1 474 3 view .LVU265
 1008 0002 014B     		ldr	r3, .L65
 1009 0004 9847     		blx	r3
 1010              	.LVL67:
 1011              		.loc 1 475 1 is_stmt 0 view .LVU266
 1012 0006 08BD     		pop	{r3, pc}
 1013              	.L66:
 1014              		.align	2
 1015              	.L65:
 1016 0008 00000000 		.word	HAL_SYSTICK_Callback
 1017              		.cfi_endproc
 1018              	.LFE78:
 1020              		.text
 1021              	.Letext0:
 1022              		.file 4 "../Drivers/CMSIS/Device/ST/STM32F1xx/Include/stm32f103x6.h"
 1023              		.file 5 "../c:\\users\\test\\desktop\\gnu mcu\\arm-none-eabi-gcc-10.2.1-1.1\\arm-none-eabi\\includ
 1024              		.file 6 "../c:\\users\\test\\desktop\\gnu mcu\\arm-none-eabi-gcc-10.2.1-1.1\\arm-none-eabi\\includ
ARM GAS  C:\Users\Test\AppData\Local\Temp\cc2m8V5A.s 			page 19


DEFINED SYMBOLS
                            *ABS*:0000000000000000 stm32f1xx_hal_cortex.c
C:\Users\Test\AppData\Local\Temp\cc2m8V5A.s:16     .text.HAL_NVIC_SetPriorityGrouping:0000000000000000 $t
C:\Users\Test\AppData\Local\Temp\cc2m8V5A.s:24     .text.HAL_NVIC_SetPriorityGrouping:0000000000000000 HAL_NVIC_SetPriorityGrouping
C:\Users\Test\AppData\Local\Temp\cc2m8V5A.s:80     .text.HAL_NVIC_SetPriorityGrouping:0000000000000020 $d
C:\Users\Test\AppData\Local\Temp\cc2m8V5A.s:85     .text.HAL_NVIC_SetPriority:0000000000000000 $t
C:\Users\Test\AppData\Local\Temp\cc2m8V5A.s:92     .text.HAL_NVIC_SetPriority:0000000000000000 HAL_NVIC_SetPriority
C:\Users\Test\AppData\Local\Temp\cc2m8V5A.s:235    .text.HAL_NVIC_SetPriority:0000000000000068 $d
C:\Users\Test\AppData\Local\Temp\cc2m8V5A.s:241    .text.HAL_NVIC_EnableIRQ:0000000000000000 $t
C:\Users\Test\AppData\Local\Temp\cc2m8V5A.s:248    .text.HAL_NVIC_EnableIRQ:0000000000000000 HAL_NVIC_EnableIRQ
C:\Users\Test\AppData\Local\Temp\cc2m8V5A.s:289    .text.HAL_NVIC_EnableIRQ:0000000000000018 $d
C:\Users\Test\AppData\Local\Temp\cc2m8V5A.s:294    .text.HAL_NVIC_DisableIRQ:0000000000000000 $t
C:\Users\Test\AppData\Local\Temp\cc2m8V5A.s:301    .text.HAL_NVIC_DisableIRQ:0000000000000000 HAL_NVIC_DisableIRQ
C:\Users\Test\AppData\Local\Temp\cc2m8V5A.s:372    .text.HAL_NVIC_DisableIRQ:0000000000000020 $d
C:\Users\Test\AppData\Local\Temp\cc2m8V5A.s:377    .text.HAL_NVIC_SystemReset:0000000000000000 $t
C:\Users\Test\AppData\Local\Temp\cc2m8V5A.s:384    .text.HAL_NVIC_SystemReset:0000000000000000 HAL_NVIC_SystemReset
C:\Users\Test\AppData\Local\Temp\cc2m8V5A.s:450    .text.HAL_NVIC_SystemReset:000000000000001c $d
C:\Users\Test\AppData\Local\Temp\cc2m8V5A.s:458    .text.HAL_SYSTICK_Config:0000000000000000 $t
C:\Users\Test\AppData\Local\Temp\cc2m8V5A.s:465    .text.HAL_SYSTICK_Config:0000000000000000 HAL_SYSTICK_Config
C:\Users\Test\AppData\Local\Temp\cc2m8V5A.s:530    .text.HAL_SYSTICK_Config:0000000000000024 $d
C:\Users\Test\AppData\Local\Temp\cc2m8V5A.s:535    .text.HAL_NVIC_GetPriorityGrouping:0000000000000000 $t
C:\Users\Test\AppData\Local\Temp\cc2m8V5A.s:542    .text.HAL_NVIC_GetPriorityGrouping:0000000000000000 HAL_NVIC_GetPriorityGrouping
C:\Users\Test\AppData\Local\Temp\cc2m8V5A.s:566    .text.HAL_NVIC_GetPriorityGrouping:000000000000000c $d
C:\Users\Test\AppData\Local\Temp\cc2m8V5A.s:571    .text.HAL_NVIC_GetPriority:0000000000000000 $t
C:\Users\Test\AppData\Local\Temp\cc2m8V5A.s:578    .text.HAL_NVIC_GetPriority:0000000000000000 HAL_NVIC_GetPriority
C:\Users\Test\AppData\Local\Temp\cc2m8V5A.s:698    .text.HAL_NVIC_GetPriority:000000000000005c $d
C:\Users\Test\AppData\Local\Temp\cc2m8V5A.s:705    .text.HAL_NVIC_SetPendingIRQ:0000000000000000 $t
C:\Users\Test\AppData\Local\Temp\cc2m8V5A.s:712    .text.HAL_NVIC_SetPendingIRQ:0000000000000000 HAL_NVIC_SetPendingIRQ
C:\Users\Test\AppData\Local\Temp\cc2m8V5A.s:754    .text.HAL_NVIC_SetPendingIRQ:0000000000000018 $d
C:\Users\Test\AppData\Local\Temp\cc2m8V5A.s:759    .text.HAL_NVIC_GetPendingIRQ:0000000000000000 $t
C:\Users\Test\AppData\Local\Temp\cc2m8V5A.s:766    .text.HAL_NVIC_GetPendingIRQ:0000000000000000 HAL_NVIC_GetPendingIRQ
C:\Users\Test\AppData\Local\Temp\cc2m8V5A.s:812    .text.HAL_NVIC_GetPendingIRQ:0000000000000020 $d
C:\Users\Test\AppData\Local\Temp\cc2m8V5A.s:817    .text.HAL_NVIC_ClearPendingIRQ:0000000000000000 $t
C:\Users\Test\AppData\Local\Temp\cc2m8V5A.s:824    .text.HAL_NVIC_ClearPendingIRQ:0000000000000000 HAL_NVIC_ClearPendingIRQ
C:\Users\Test\AppData\Local\Temp\cc2m8V5A.s:866    .text.HAL_NVIC_ClearPendingIRQ:0000000000000018 $d
C:\Users\Test\AppData\Local\Temp\cc2m8V5A.s:871    .text.HAL_NVIC_GetActive:0000000000000000 $t
C:\Users\Test\AppData\Local\Temp\cc2m8V5A.s:878    .text.HAL_NVIC_GetActive:0000000000000000 HAL_NVIC_GetActive
C:\Users\Test\AppData\Local\Temp\cc2m8V5A.s:924    .text.HAL_NVIC_GetActive:0000000000000020 $d
C:\Users\Test\AppData\Local\Temp\cc2m8V5A.s:929    .text.HAL_SYSTICK_CLKSourceConfig:0000000000000000 $t
C:\Users\Test\AppData\Local\Temp\cc2m8V5A.s:936    .text.HAL_SYSTICK_CLKSourceConfig:0000000000000000 HAL_SYSTICK_CLKSourceConfig
C:\Users\Test\AppData\Local\Temp\cc2m8V5A.s:969    .text.HAL_SYSTICK_Callback:0000000000000000 $t
C:\Users\Test\AppData\Local\Temp\cc2m8V5A.s:976    .text.HAL_SYSTICK_Callback:0000000000000000 HAL_SYSTICK_Callback
C:\Users\Test\AppData\Local\Temp\cc2m8V5A.s:989    .text.HAL_SYSTICK_IRQHandler:0000000000000000 $t
C:\Users\Test\AppData\Local\Temp\cc2m8V5A.s:996    .text.HAL_SYSTICK_IRQHandler:0000000000000000 HAL_SYSTICK_IRQHandler
C:\Users\Test\AppData\Local\Temp\cc2m8V5A.s:1016   .text.HAL_SYSTICK_IRQHandler:0000000000000008 $d

NO UNDEFINED SYMBOLS
