ARM GAS  C:\Users\Test\AppData\Local\Temp\ccShyuSj.s 			page 1


   1              		.cpu cortex-m3
   2              		.eabi_attribute 20, 1
   3              		.eabi_attribute 21, 1
   4              		.eabi_attribute 23, 3
   5              		.eabi_attribute 24, 1
   6              		.eabi_attribute 25, 1
   7              		.eabi_attribute 26, 1
   8              		.eabi_attribute 30, 1
   9              		.eabi_attribute 34, 1
  10              		.eabi_attribute 18, 4
  11              		.file	"stm32f1xx_hal_dma.c"
  12              		.text
  13              	.Ltext0:
  14              		.cfi_sections	.debug_frame
  15              		.section	.text.DMA_SetConfig,"ax",%progbits
  16              		.align	1
  17              		.arch armv7-m
  18              		.syntax unified
  19              		.thumb
  20              		.thumb_func
  21              		.fpu softvfp
  23              	DMA_SetConfig:
  24              	.LVL0:
  25              	.LFB77:
  26              		.file 1 "../Drivers/STM32F1xx_HAL_Driver/Src/stm32f1xx_hal_dma.c"
   1:../Drivers/STM32F1xx_HAL_Driver/Src/stm32f1xx_hal_dma.c **** 
  27              		.loc 1 859 1 view -0
  28              		.cfi_startproc
  29              		@ args = 0, pretend = 0, frame = 0
  30              		@ frame_needed = 0, uses_anonymous_args = 0
  31              		@ link register save eliminated.
  32              		.loc 1 859 1 is_stmt 0 view .LVU1
  33 0000 30B4     		push	{r4, r5}
  34              	.LCFI0:
  35              		.cfi_def_cfa_offset 8
  36              		.cfi_offset 4, -8
  37              		.cfi_offset 5, -4
  38              		.loc 1 861 3 is_stmt 1 view .LVU2
  39              		.loc 1 861 46 is_stmt 0 view .LVU3
  40 0002 0124     		movs	r4, #1
  41 0004 056C     		ldr	r5, [r0, #64]
  42 0006 AC40     		lsls	r4, r4, r5
  43              		.loc 1 861 30 view .LVU4
  44 0008 C56B     		ldr	r5, [r0, #60]
  45 000a 6C60     		str	r4, [r5, #4]
  46              		.loc 1 864 3 is_stmt 1 view .LVU5
  47              		.loc 1 864 7 is_stmt 0 view .LVU6
  48 000c 0468     		ldr	r4, [r0]
  49              		.loc 1 864 25 view .LVU7
  50 000e 6360     		str	r3, [r4, #4]
  51              		.loc 1 867 3 is_stmt 1 view .LVU8
  52              		.loc 1 867 17 is_stmt 0 view .LVU9
  53 0010 4368     		ldr	r3, [r0, #4]
  54              	.LVL1:
  55              		.loc 1 867 5 view .LVU10
  56 0012 102B     		cmp	r3, #16
  57 0014 05D0     		beq	.L5
ARM GAS  C:\Users\Test\AppData\Local\Temp\ccShyuSj.s 			page 2


  58              		.loc 1 879 5 is_stmt 1 view .LVU11
  59              		.loc 1 879 9 is_stmt 0 view .LVU12
  60 0016 0368     		ldr	r3, [r0]
  61              		.loc 1 879 26 view .LVU13
  62 0018 9960     		str	r1, [r3, #8]
  63              	.LVL2:
  64              		.loc 1 882 5 is_stmt 1 view .LVU14
  65              		.loc 1 882 9 is_stmt 0 view .LVU15
  66 001a 0368     		ldr	r3, [r0]
  67              		.loc 1 882 26 view .LVU16
  68 001c DA60     		str	r2, [r3, #12]
  69              	.L1:
  70              		.loc 1 884 1 view .LVU17
  71 001e 30BC     		pop	{r4, r5}
  72              	.LCFI1:
  73              		.cfi_remember_state
  74              		.cfi_restore 5
  75              		.cfi_restore 4
  76              		.cfi_def_cfa_offset 0
  77 0020 7047     		bx	lr
  78              	.LVL3:
  79              	.L5:
  80              	.LCFI2:
  81              		.cfi_restore_state
  82              		.loc 1 870 5 is_stmt 1 view .LVU18
  83              		.loc 1 870 9 is_stmt 0 view .LVU19
  84 0022 0368     		ldr	r3, [r0]
  85              		.loc 1 870 26 view .LVU20
  86 0024 9A60     		str	r2, [r3, #8]
  87              	.LVL4:
  88              		.loc 1 873 5 is_stmt 1 view .LVU21
  89              		.loc 1 873 9 is_stmt 0 view .LVU22
  90 0026 0368     		ldr	r3, [r0]
  91              		.loc 1 873 26 view .LVU23
  92 0028 D960     		str	r1, [r3, #12]
  93 002a F8E7     		b	.L1
  94              		.cfi_endproc
  95              	.LFE77:
  97              		.section	.text.HAL_DMA_Init,"ax",%progbits
  98              		.align	1
  99              		.global	HAL_DMA_Init
 100              		.syntax unified
 101              		.thumb
 102              		.thumb_func
 103              		.fpu softvfp
 105              	HAL_DMA_Init:
 106              	.LVL5:
 107              	.LFB65:
 108              		.loc 1 144 1 is_stmt 1 view -0
 109              		.cfi_startproc
 110              		@ args = 0, pretend = 0, frame = 0
 111              		@ frame_needed = 0, uses_anonymous_args = 0
 112              		@ link register save eliminated.
 113              		.loc 1 145 3 view .LVU25
 114              		.loc 1 148 3 view .LVU26
 115              		.loc 1 148 5 is_stmt 0 view .LVU27
 116 0000 60B3     		cbz	r0, .L8
ARM GAS  C:\Users\Test\AppData\Local\Temp\ccShyuSj.s 			page 3


 117              		.loc 1 144 1 view .LVU28
 118 0002 10B4     		push	{r4}
 119              	.LCFI3:
 120              		.cfi_def_cfa_offset 4
 121              		.cfi_offset 4, -4
 122 0004 0246     		mov	r2, r0
 123              		.loc 1 154 3 is_stmt 1 view .LVU29
 124              		.loc 1 155 3 view .LVU30
 125              		.loc 1 156 3 view .LVU31
 126              		.loc 1 157 3 view .LVU32
 127              		.loc 1 158 3 view .LVU33
 128              		.loc 1 159 3 view .LVU34
 129              		.loc 1 160 3 view .LVU35
 130              		.loc 1 161 3 view .LVU36
 131              		.loc 1 179 3 view .LVU37
 132              		.loc 1 179 40 is_stmt 0 view .LVU38
 133 0006 0168     		ldr	r1, [r0]
 134              		.loc 1 179 51 view .LVU39
 135 0008 154B     		ldr	r3, .L13
 136 000a 0B44     		add	r3, r3, r1
 137              		.loc 1 179 78 view .LVU40
 138 000c 1548     		ldr	r0, .L13+4
 139              	.LVL6:
 140              		.loc 1 179 78 view .LVU41
 141 000e A0FB0303 		umull	r0, r3, r0, r3
 142 0012 1B09     		lsrs	r3, r3, #4
 143              		.loc 1 179 133 view .LVU42
 144 0014 9B00     		lsls	r3, r3, #2
 145              		.loc 1 179 22 view .LVU43
 146 0016 1364     		str	r3, [r2, #64]
 147              		.loc 1 180 3 is_stmt 1 view .LVU44
 148              		.loc 1 180 24 is_stmt 0 view .LVU45
 149 0018 134B     		ldr	r3, .L13+8
 150 001a D363     		str	r3, [r2, #60]
 151              		.loc 1 184 3 is_stmt 1 view .LVU46
 152              		.loc 1 184 15 is_stmt 0 view .LVU47
 153 001c 0223     		movs	r3, #2
 154 001e 82F82130 		strb	r3, [r2, #33]
 155              		.loc 1 187 3 is_stmt 1 view .LVU48
 156              		.loc 1 187 7 is_stmt 0 view .LVU49
 157 0022 0868     		ldr	r0, [r1]
 158              	.LVL7:
 159              		.loc 1 190 3 is_stmt 1 view .LVU50
 160              		.loc 1 190 7 is_stmt 0 view .LVU51
 161 0024 20F47F50 		bic	r0, r0, #16320
 162              	.LVL8:
 163              		.loc 1 190 7 view .LVU52
 164 0028 20F03000 		bic	r0, r0, #48
 165              	.LVL9:
 166              		.loc 1 195 3 is_stmt 1 view .LVU53
 167              		.loc 1 195 21 is_stmt 0 view .LVU54
 168 002c 5368     		ldr	r3, [r2, #4]
 169              		.loc 1 195 39 view .LVU55
 170 002e 9468     		ldr	r4, [r2, #8]
 171 0030 2343     		orrs	r3, r3, r4
 172              		.loc 1 196 42 view .LVU56
 173 0032 D468     		ldr	r4, [r2, #12]
ARM GAS  C:\Users\Test\AppData\Local\Temp\ccShyuSj.s 			page 4


 174 0034 2343     		orrs	r3, r3, r4
 175              		.loc 1 196 72 view .LVU57
 176 0036 1469     		ldr	r4, [r2, #16]
 177 0038 2343     		orrs	r3, r3, r4
 178              		.loc 1 197 42 view .LVU58
 179 003a 5469     		ldr	r4, [r2, #20]
 180 003c 2343     		orrs	r3, r3, r4
 181              		.loc 1 197 72 view .LVU59
 182 003e 9469     		ldr	r4, [r2, #24]
 183 0040 2343     		orrs	r3, r3, r4
 184              		.loc 1 198 42 view .LVU60
 185 0042 D469     		ldr	r4, [r2, #28]
 186 0044 2343     		orrs	r3, r3, r4
 187              		.loc 1 195 7 view .LVU61
 188 0046 0343     		orrs	r3, r3, r0
 189              	.LVL10:
 190              		.loc 1 201 3 is_stmt 1 view .LVU62
 191              		.loc 1 201 23 is_stmt 0 view .LVU63
 192 0048 0B60     		str	r3, [r1]
 193              		.loc 1 204 3 is_stmt 1 view .LVU64
 194              		.loc 1 204 19 is_stmt 0 view .LVU65
 195 004a 0020     		movs	r0, #0
 196 004c 9063     		str	r0, [r2, #56]
 197              		.loc 1 207 3 is_stmt 1 view .LVU66
 198              		.loc 1 207 15 is_stmt 0 view .LVU67
 199 004e 0123     		movs	r3, #1
 200              	.LVL11:
 201              		.loc 1 207 15 view .LVU68
 202 0050 82F82130 		strb	r3, [r2, #33]
 203              		.loc 1 209 3 is_stmt 1 view .LVU69
 204              		.loc 1 209 14 is_stmt 0 view .LVU70
 205 0054 82F82000 		strb	r0, [r2, #32]
 206              		.loc 1 211 3 is_stmt 1 view .LVU71
 207              		.loc 1 212 1 is_stmt 0 view .LVU72
 208 0058 10BC     		pop	{r4}
 209              	.LCFI4:
 210              		.cfi_restore 4
 211              		.cfi_def_cfa_offset 0
 212 005a 7047     		bx	lr
 213              	.LVL12:
 214              	.L8:
 215              		.loc 1 150 12 view .LVU73
 216 005c 0120     		movs	r0, #1
 217              	.LVL13:
 218              		.loc 1 212 1 view .LVU74
 219 005e 7047     		bx	lr
 220              	.L14:
 221              		.align	2
 222              	.L13:
 223 0060 F8FFFDBF 		.word	-1073872904
 224 0064 CDCCCCCC 		.word	-858993459
 225 0068 00000240 		.word	1073872896
 226              		.cfi_endproc
 227              	.LFE65:
 229              		.section	.text.HAL_DMA_DeInit,"ax",%progbits
 230              		.align	1
 231              		.global	HAL_DMA_DeInit
ARM GAS  C:\Users\Test\AppData\Local\Temp\ccShyuSj.s 			page 5


 232              		.syntax unified
 233              		.thumb
 234              		.thumb_func
 235              		.fpu softvfp
 237              	HAL_DMA_DeInit:
 238              	.LVL14:
 239              	.LFB66:
 240              		.loc 1 221 1 is_stmt 1 view -0
 241              		.cfi_startproc
 242              		@ args = 0, pretend = 0, frame = 0
 243              		@ frame_needed = 0, uses_anonymous_args = 0
 244              		@ link register save eliminated.
 245              		.loc 1 223 3 view .LVU76
 246              		.loc 1 223 5 is_stmt 0 view .LVU77
 247 0000 0028     		cmp	r0, #0
 248 0002 29D0     		beq	.L17
 249              		.loc 1 221 1 view .LVU78
 250 0004 10B4     		push	{r4}
 251              	.LCFI5:
 252              		.cfi_def_cfa_offset 4
 253              		.cfi_offset 4, -4
 254 0006 0346     		mov	r3, r0
 255              		.loc 1 229 3 is_stmt 1 view .LVU79
 256              		.loc 1 232 3 view .LVU80
 257 0008 0168     		ldr	r1, [r0]
 258 000a 0A68     		ldr	r2, [r1]
 259 000c 22F00102 		bic	r2, r2, #1
 260 0010 0A60     		str	r2, [r1]
 261              		.loc 1 235 3 view .LVU81
 262              		.loc 1 235 7 is_stmt 0 view .LVU82
 263 0012 0268     		ldr	r2, [r0]
 264              		.loc 1 235 24 view .LVU83
 265 0014 0020     		movs	r0, #0
 266              	.LVL15:
 267              		.loc 1 235 24 view .LVU84
 268 0016 1060     		str	r0, [r2]
 269              		.loc 1 238 3 is_stmt 1 view .LVU85
 270              		.loc 1 238 7 is_stmt 0 view .LVU86
 271 0018 1A68     		ldr	r2, [r3]
 272              		.loc 1 238 25 view .LVU87
 273 001a 5060     		str	r0, [r2, #4]
 274              		.loc 1 241 3 is_stmt 1 view .LVU88
 275              		.loc 1 241 7 is_stmt 0 view .LVU89
 276 001c 1A68     		ldr	r2, [r3]
 277              		.loc 1 241 25 view .LVU90
 278 001e 9060     		str	r0, [r2, #8]
 279              		.loc 1 244 3 is_stmt 1 view .LVU91
 280              		.loc 1 244 7 is_stmt 0 view .LVU92
 281 0020 1A68     		ldr	r2, [r3]
 282              		.loc 1 244 24 view .LVU93
 283 0022 D060     		str	r0, [r2, #12]
 284              		.loc 1 262 3 is_stmt 1 view .LVU94
 285              		.loc 1 262 40 is_stmt 0 view .LVU95
 286 0024 1968     		ldr	r1, [r3]
 287              		.loc 1 262 51 view .LVU96
 288 0026 0D4A     		ldr	r2, .L22
 289 0028 0A44     		add	r2, r2, r1
ARM GAS  C:\Users\Test\AppData\Local\Temp\ccShyuSj.s 			page 6


 290              		.loc 1 262 78 view .LVU97
 291 002a 0D49     		ldr	r1, .L22+4
 292 002c A1FB0212 		umull	r1, r2, r1, r2
 293 0030 1209     		lsrs	r2, r2, #4
 294              		.loc 1 262 133 view .LVU98
 295 0032 9200     		lsls	r2, r2, #2
 296              		.loc 1 262 22 view .LVU99
 297 0034 1A64     		str	r2, [r3, #64]
 298              		.loc 1 263 3 is_stmt 1 view .LVU100
 299              		.loc 1 263 24 is_stmt 0 view .LVU101
 300 0036 0B4C     		ldr	r4, .L22+8
 301 0038 DC63     		str	r4, [r3, #60]
 302              		.loc 1 267 3 is_stmt 1 view .LVU102
 303              		.loc 1 267 46 is_stmt 0 view .LVU103
 304 003a 0121     		movs	r1, #1
 305 003c 01FA02F2 		lsl	r2, r1, r2
 306              		.loc 1 267 30 view .LVU104
 307 0040 6260     		str	r2, [r4, #4]
 308              		.loc 1 270 3 is_stmt 1 view .LVU105
 309              		.loc 1 270 26 is_stmt 0 view .LVU106
 310 0042 9862     		str	r0, [r3, #40]
 311              		.loc 1 271 3 is_stmt 1 view .LVU107
 312              		.loc 1 271 30 is_stmt 0 view .LVU108
 313 0044 D862     		str	r0, [r3, #44]
 314              		.loc 1 272 3 is_stmt 1 view .LVU109
 315              		.loc 1 272 27 is_stmt 0 view .LVU110
 316 0046 1863     		str	r0, [r3, #48]
 317              		.loc 1 273 3 is_stmt 1 view .LVU111
 318              		.loc 1 273 27 is_stmt 0 view .LVU112
 319 0048 5863     		str	r0, [r3, #52]
 320              		.loc 1 276 3 is_stmt 1 view .LVU113
 321              		.loc 1 276 19 is_stmt 0 view .LVU114
 322 004a 9863     		str	r0, [r3, #56]
 323              		.loc 1 279 3 is_stmt 1 view .LVU115
 324              		.loc 1 279 15 is_stmt 0 view .LVU116
 325 004c 83F82100 		strb	r0, [r3, #33]
 326              		.loc 1 282 3 is_stmt 1 view .LVU117
 327              		.loc 1 282 3 view .LVU118
 328 0050 83F82000 		strb	r0, [r3, #32]
 329              		.loc 1 282 3 view .LVU119
 330              		.loc 1 284 3 view .LVU120
 331              		.loc 1 285 1 is_stmt 0 view .LVU121
 332 0054 10BC     		pop	{r4}
 333              	.LCFI6:
 334              		.cfi_restore 4
 335              		.cfi_def_cfa_offset 0
 336 0056 7047     		bx	lr
 337              	.LVL16:
 338              	.L17:
 339              		.loc 1 225 12 view .LVU122
 340 0058 0120     		movs	r0, #1
 341              	.LVL17:
 342              		.loc 1 285 1 view .LVU123
 343 005a 7047     		bx	lr
 344              	.L23:
 345              		.align	2
 346              	.L22:
ARM GAS  C:\Users\Test\AppData\Local\Temp\ccShyuSj.s 			page 7


 347 005c F8FFFDBF 		.word	-1073872904
 348 0060 CDCCCCCC 		.word	-858993459
 349 0064 00000240 		.word	1073872896
 350              		.cfi_endproc
 351              	.LFE66:
 353              		.section	.text.HAL_DMA_Start,"ax",%progbits
 354              		.align	1
 355              		.global	HAL_DMA_Start
 356              		.syntax unified
 357              		.thumb
 358              		.thumb_func
 359              		.fpu softvfp
 361              	HAL_DMA_Start:
 362              	.LVL18:
 363              	.LFB67:
 364              		.loc 1 320 1 is_stmt 1 view -0
 365              		.cfi_startproc
 366              		@ args = 0, pretend = 0, frame = 0
 367              		@ frame_needed = 0, uses_anonymous_args = 0
 368              		.loc 1 320 1 is_stmt 0 view .LVU125
 369 0000 70B5     		push	{r4, r5, r6, lr}
 370              	.LCFI7:
 371              		.cfi_def_cfa_offset 16
 372              		.cfi_offset 4, -16
 373              		.cfi_offset 5, -12
 374              		.cfi_offset 6, -8
 375              		.cfi_offset 14, -4
 376 0002 0446     		mov	r4, r0
 377              		.loc 1 321 3 is_stmt 1 view .LVU126
 378              	.LVL19:
 379              		.loc 1 324 3 view .LVU127
 380              		.loc 1 327 3 view .LVU128
 381              		.loc 1 327 3 view .LVU129
 382 0004 90F82000 		ldrb	r0, [r0, #32]	@ zero_extendqisi2
 383              	.LVL20:
 384              		.loc 1 327 3 is_stmt 0 view .LVU130
 385 0008 0128     		cmp	r0, #1
 386 000a 1FD0     		beq	.L27
 387              		.loc 1 327 3 is_stmt 1 discriminator 2 view .LVU131
 388 000c 0120     		movs	r0, #1
 389 000e 84F82000 		strb	r0, [r4, #32]
 390              		.loc 1 327 3 discriminator 2 view .LVU132
 391              		.loc 1 329 3 discriminator 2 view .LVU133
 392              		.loc 1 329 33 is_stmt 0 discriminator 2 view .LVU134
 393 0012 94F82100 		ldrb	r0, [r4, #33]	@ zero_extendqisi2
 394              		.loc 1 329 5 discriminator 2 view .LVU135
 395 0016 0128     		cmp	r0, #1
 396 0018 04D0     		beq	.L29
 397              		.loc 1 347 4 is_stmt 1 view .LVU136
 398              		.loc 1 347 4 view .LVU137
 399 001a 0023     		movs	r3, #0
 400              	.LVL21:
 401              		.loc 1 347 4 is_stmt 0 view .LVU138
 402 001c 84F82030 		strb	r3, [r4, #32]
 403              		.loc 1 347 4 is_stmt 1 view .LVU139
 404              		.loc 1 348 4 view .LVU140
 405              	.LVL22:
ARM GAS  C:\Users\Test\AppData\Local\Temp\ccShyuSj.s 			page 8


 406              		.loc 1 348 11 is_stmt 0 view .LVU141
 407 0020 0220     		movs	r0, #2
 408              	.LVL23:
 409              	.L25:
 410              		.loc 1 351 1 view .LVU142
 411 0022 70BD     		pop	{r4, r5, r6, pc}
 412              	.LVL24:
 413              	.L29:
 414              		.loc 1 332 5 is_stmt 1 view .LVU143
 415              		.loc 1 332 17 is_stmt 0 view .LVU144
 416 0024 0220     		movs	r0, #2
 417 0026 84F82100 		strb	r0, [r4, #33]
 418              		.loc 1 333 5 is_stmt 1 view .LVU145
 419              		.loc 1 333 21 is_stmt 0 view .LVU146
 420 002a 0025     		movs	r5, #0
 421 002c A563     		str	r5, [r4, #56]
 422              		.loc 1 336 5 is_stmt 1 view .LVU147
 423 002e 2668     		ldr	r6, [r4]
 424 0030 3068     		ldr	r0, [r6]
 425 0032 20F00100 		bic	r0, r0, #1
 426 0036 3060     		str	r0, [r6]
 427              		.loc 1 339 5 view .LVU148
 428 0038 2046     		mov	r0, r4
 429 003a 054E     		ldr	r6, .L30
 430 003c B047     		blx	r6
 431              	.LVL25:
 432              		.loc 1 342 5 view .LVU149
 433 003e 2268     		ldr	r2, [r4]
 434 0040 1368     		ldr	r3, [r2]
 435 0042 43F00103 		orr	r3, r3, #1
 436 0046 1360     		str	r3, [r2]
 437              		.loc 1 321 21 is_stmt 0 view .LVU150
 438 0048 2846     		mov	r0, r5
 439 004a EAE7     		b	.L25
 440              	.LVL26:
 441              	.L27:
 442              		.loc 1 327 3 view .LVU151
 443 004c 0220     		movs	r0, #2
 444 004e E8E7     		b	.L25
 445              	.L31:
 446              		.align	2
 447              	.L30:
 448 0050 00000000 		.word	DMA_SetConfig
 449              		.cfi_endproc
 450              	.LFE67:
 452              		.section	.text.HAL_DMA_Start_IT,"ax",%progbits
 453              		.align	1
 454              		.global	HAL_DMA_Start_IT
 455              		.syntax unified
 456              		.thumb
 457              		.thumb_func
 458              		.fpu softvfp
 460              	HAL_DMA_Start_IT:
 461              	.LVL27:
 462              	.LFB68:
 463              		.loc 1 363 1 is_stmt 1 view -0
 464              		.cfi_startproc
ARM GAS  C:\Users\Test\AppData\Local\Temp\ccShyuSj.s 			page 9


 465              		@ args = 0, pretend = 0, frame = 0
 466              		@ frame_needed = 0, uses_anonymous_args = 0
 467              		.loc 1 363 1 is_stmt 0 view .LVU153
 468 0000 38B5     		push	{r3, r4, r5, lr}
 469              	.LCFI8:
 470              		.cfi_def_cfa_offset 16
 471              		.cfi_offset 3, -16
 472              		.cfi_offset 4, -12
 473              		.cfi_offset 5, -8
 474              		.cfi_offset 14, -4
 475 0002 0446     		mov	r4, r0
 476              		.loc 1 364 3 is_stmt 1 view .LVU154
 477              	.LVL28:
 478              		.loc 1 367 3 view .LVU155
 479              		.loc 1 370 3 view .LVU156
 480              		.loc 1 370 3 view .LVU157
 481 0004 90F82000 		ldrb	r0, [r0, #32]	@ zero_extendqisi2
 482              	.LVL29:
 483              		.loc 1 370 3 is_stmt 0 view .LVU158
 484 0008 0128     		cmp	r0, #1
 485 000a 31D0     		beq	.L37
 486              		.loc 1 370 3 is_stmt 1 discriminator 2 view .LVU159
 487 000c 0120     		movs	r0, #1
 488 000e 84F82000 		strb	r0, [r4, #32]
 489              		.loc 1 370 3 discriminator 2 view .LVU160
 490              		.loc 1 372 3 discriminator 2 view .LVU161
 491              		.loc 1 372 33 is_stmt 0 discriminator 2 view .LVU162
 492 0012 94F82100 		ldrb	r0, [r4, #33]	@ zero_extendqisi2
 493              		.loc 1 372 5 discriminator 2 view .LVU163
 494 0016 0128     		cmp	r0, #1
 495 0018 04D0     		beq	.L39
 496              		.loc 1 402 5 is_stmt 1 view .LVU164
 497              		.loc 1 402 5 view .LVU165
 498 001a 0023     		movs	r3, #0
 499              	.LVL30:
 500              		.loc 1 402 5 is_stmt 0 view .LVU166
 501 001c 84F82030 		strb	r3, [r4, #32]
 502              		.loc 1 402 5 is_stmt 1 view .LVU167
 503              		.loc 1 405 5 view .LVU168
 504              	.LVL31:
 505              		.loc 1 405 12 is_stmt 0 view .LVU169
 506 0020 0220     		movs	r0, #2
 507              	.LVL32:
 508              	.L33:
 509              		.loc 1 408 1 view .LVU170
 510 0022 38BD     		pop	{r3, r4, r5, pc}
 511              	.LVL33:
 512              	.L39:
 513              		.loc 1 375 5 is_stmt 1 view .LVU171
 514              		.loc 1 375 17 is_stmt 0 view .LVU172
 515 0024 0220     		movs	r0, #2
 516 0026 84F82100 		strb	r0, [r4, #33]
 517              		.loc 1 376 5 is_stmt 1 view .LVU173
 518              		.loc 1 376 21 is_stmt 0 view .LVU174
 519 002a 0020     		movs	r0, #0
 520 002c A063     		str	r0, [r4, #56]
 521              		.loc 1 379 5 is_stmt 1 view .LVU175
ARM GAS  C:\Users\Test\AppData\Local\Temp\ccShyuSj.s 			page 10


 522 002e 2568     		ldr	r5, [r4]
 523 0030 2868     		ldr	r0, [r5]
 524 0032 20F00100 		bic	r0, r0, #1
 525 0036 2860     		str	r0, [r5]
 526              		.loc 1 382 5 view .LVU176
 527 0038 2046     		mov	r0, r4
 528 003a 0E4D     		ldr	r5, .L40
 529 003c A847     		blx	r5
 530              	.LVL34:
 531              		.loc 1 386 5 view .LVU177
 532              		.loc 1 386 20 is_stmt 0 view .LVU178
 533 003e E36A     		ldr	r3, [r4, #44]
 534              		.loc 1 386 7 view .LVU179
 535 0040 5BB1     		cbz	r3, .L35
 536              		.loc 1 389 7 is_stmt 1 view .LVU180
 537 0042 2268     		ldr	r2, [r4]
 538 0044 1368     		ldr	r3, [r2]
 539 0046 43F00E03 		orr	r3, r3, #14
 540 004a 1360     		str	r3, [r2]
 541              	.L36:
 542              		.loc 1 397 5 view .LVU181
 543 004c 2268     		ldr	r2, [r4]
 544 004e 1368     		ldr	r3, [r2]
 545 0050 43F00103 		orr	r3, r3, #1
 546 0054 1360     		str	r3, [r2]
 547              		.loc 1 364 21 is_stmt 0 view .LVU182
 548 0056 0020     		movs	r0, #0
 549 0058 E3E7     		b	.L33
 550              	.L35:
 551              		.loc 1 393 7 is_stmt 1 view .LVU183
 552 005a 2268     		ldr	r2, [r4]
 553 005c 1368     		ldr	r3, [r2]
 554 005e 23F00403 		bic	r3, r3, #4
 555 0062 1360     		str	r3, [r2]
 556              		.loc 1 394 7 view .LVU184
 557 0064 2268     		ldr	r2, [r4]
 558 0066 1368     		ldr	r3, [r2]
 559 0068 43F00A03 		orr	r3, r3, #10
 560 006c 1360     		str	r3, [r2]
 561 006e EDE7     		b	.L36
 562              	.LVL35:
 563              	.L37:
 564              		.loc 1 370 3 is_stmt 0 view .LVU185
 565 0070 0220     		movs	r0, #2
 566 0072 D6E7     		b	.L33
 567              	.L41:
 568              		.align	2
 569              	.L40:
 570 0074 00000000 		.word	DMA_SetConfig
 571              		.cfi_endproc
 572              	.LFE68:
 574              		.section	.text.HAL_DMA_Abort,"ax",%progbits
 575              		.align	1
 576              		.global	HAL_DMA_Abort
 577              		.syntax unified
 578              		.thumb
 579              		.thumb_func
ARM GAS  C:\Users\Test\AppData\Local\Temp\ccShyuSj.s 			page 11


 580              		.fpu softvfp
 582              	HAL_DMA_Abort:
 583              	.LVL36:
 584              	.LFB69:
 585              		.loc 1 417 1 is_stmt 1 view -0
 586              		.cfi_startproc
 587              		@ args = 0, pretend = 0, frame = 0
 588              		@ frame_needed = 0, uses_anonymous_args = 0
 589              		@ link register save eliminated.
 590              		.loc 1 418 3 view .LVU187
 591              		.loc 1 420 3 view .LVU188
 592              		.loc 1 420 10 is_stmt 0 view .LVU189
 593 0000 90F82130 		ldrb	r3, [r0, #33]	@ zero_extendqisi2
 594              		.loc 1 420 5 view .LVU190
 595 0004 022B     		cmp	r3, #2
 596 0006 06D0     		beq	.L43
 597              		.loc 1 423 5 is_stmt 1 view .LVU191
 598              		.loc 1 423 21 is_stmt 0 view .LVU192
 599 0008 0423     		movs	r3, #4
 600 000a 8363     		str	r3, [r0, #56]
 601              		.loc 1 426 5 is_stmt 1 view .LVU193
 602              		.loc 1 426 5 view .LVU194
 603 000c 0023     		movs	r3, #0
 604 000e 80F82030 		strb	r3, [r0, #32]
 605              		.loc 1 426 5 view .LVU195
 606              		.loc 1 428 5 view .LVU196
 607              		.loc 1 428 12 is_stmt 0 view .LVU197
 608 0012 0120     		movs	r0, #1
 609              	.LVL37:
 610              		.loc 1 428 12 view .LVU198
 611 0014 7047     		bx	lr
 612              	.LVL38:
 613              	.L43:
 614              		.loc 1 434 5 is_stmt 1 view .LVU199
 615 0016 0268     		ldr	r2, [r0]
 616 0018 1368     		ldr	r3, [r2]
 617 001a 23F00E03 		bic	r3, r3, #14
 618 001e 1360     		str	r3, [r2]
 619              		.loc 1 437 5 view .LVU200
 620 0020 0268     		ldr	r2, [r0]
 621 0022 1368     		ldr	r3, [r2]
 622 0024 23F00103 		bic	r3, r3, #1
 623 0028 1360     		str	r3, [r2]
 624              		.loc 1 440 5 view .LVU201
 625              		.loc 1 440 55 is_stmt 0 view .LVU202
 626 002a 036C     		ldr	r3, [r0, #64]
 627              		.loc 1 440 9 view .LVU203
 628 002c C16B     		ldr	r1, [r0, #60]
 629              		.loc 1 440 48 view .LVU204
 630 002e 0122     		movs	r2, #1
 631 0030 02FA03F3 		lsl	r3, r2, r3
 632              		.loc 1 440 32 view .LVU205
 633 0034 4B60     		str	r3, [r1, #4]
 634              		.loc 1 443 3 is_stmt 1 view .LVU206
 635              		.loc 1 443 15 is_stmt 0 view .LVU207
 636 0036 80F82120 		strb	r2, [r0, #33]
 637              		.loc 1 446 3 is_stmt 1 view .LVU208
ARM GAS  C:\Users\Test\AppData\Local\Temp\ccShyuSj.s 			page 12


 638              		.loc 1 446 3 view .LVU209
 639 003a 0023     		movs	r3, #0
 640 003c 80F82030 		strb	r3, [r0, #32]
 641              		.loc 1 446 3 view .LVU210
 642              		.loc 1 448 3 view .LVU211
 643              		.loc 1 448 10 is_stmt 0 view .LVU212
 644 0040 1846     		mov	r0, r3
 645              	.LVL39:
 646              		.loc 1 449 1 view .LVU213
 647 0042 7047     		bx	lr
 648              		.cfi_endproc
 649              	.LFE69:
 651              		.section	.text.HAL_DMA_Abort_IT,"ax",%progbits
 652              		.align	1
 653              		.global	HAL_DMA_Abort_IT
 654              		.syntax unified
 655              		.thumb
 656              		.thumb_func
 657              		.fpu softvfp
 659              	HAL_DMA_Abort_IT:
 660              	.LVL40:
 661              	.LFB70:
 662              		.loc 1 458 1 is_stmt 1 view -0
 663              		.cfi_startproc
 664              		@ args = 0, pretend = 0, frame = 0
 665              		@ frame_needed = 0, uses_anonymous_args = 0
 666              		.loc 1 458 1 is_stmt 0 view .LVU215
 667 0000 08B5     		push	{r3, lr}
 668              	.LCFI9:
 669              		.cfi_def_cfa_offset 8
 670              		.cfi_offset 3, -8
 671              		.cfi_offset 14, -4
 672              		.loc 1 459 3 is_stmt 1 view .LVU216
 673              	.LVL41:
 674              		.loc 1 461 3 view .LVU217
 675              		.loc 1 461 32 is_stmt 0 view .LVU218
 676 0002 90F82130 		ldrb	r3, [r0, #33]	@ zero_extendqisi2
 677              		.loc 1 461 5 view .LVU219
 678 0006 022B     		cmp	r3, #2
 679 0008 03D0     		beq	.L46
 680              		.loc 1 464 5 is_stmt 1 view .LVU220
 681              		.loc 1 464 21 is_stmt 0 view .LVU221
 682 000a 0423     		movs	r3, #4
 683 000c 8363     		str	r3, [r0, #56]
 684              		.loc 1 466 5 is_stmt 1 view .LVU222
 685              	.LVL42:
 686              		.loc 1 466 12 is_stmt 0 view .LVU223
 687 000e 0120     		movs	r0, #1
 688              	.LVL43:
 689              	.L47:
 690              		.loc 1 491 3 is_stmt 1 view .LVU224
 691              		.loc 1 492 1 is_stmt 0 view .LVU225
 692 0010 08BD     		pop	{r3, pc}
 693              	.LVL44:
 694              	.L46:
 695              		.loc 1 471 5 is_stmt 1 view .LVU226
 696 0012 0268     		ldr	r2, [r0]
ARM GAS  C:\Users\Test\AppData\Local\Temp\ccShyuSj.s 			page 13


 697 0014 1368     		ldr	r3, [r2]
 698 0016 23F00E03 		bic	r3, r3, #14
 699 001a 1360     		str	r3, [r2]
 700              		.loc 1 474 5 view .LVU227
 701 001c 0268     		ldr	r2, [r0]
 702 001e 1368     		ldr	r3, [r2]
 703 0020 23F00103 		bic	r3, r3, #1
 704 0024 1360     		str	r3, [r2]
 705              		.loc 1 477 5 view .LVU228
 706 0026 0368     		ldr	r3, [r0]
 707 0028 194A     		ldr	r2, .L58
 708 002a 9342     		cmp	r3, r2
 709 002c 14D0     		beq	.L49
 710              		.loc 1 477 5 is_stmt 0 discriminator 1 view .LVU229
 711 002e 1432     		adds	r2, r2, #20
 712 0030 9342     		cmp	r3, r2
 713 0032 1FD0     		beq	.L50
 714              		.loc 1 477 5 discriminator 3 view .LVU230
 715 0034 1432     		adds	r2, r2, #20
 716 0036 9342     		cmp	r3, r2
 717 0038 1ED0     		beq	.L51
 718              		.loc 1 477 5 discriminator 5 view .LVU231
 719 003a 1432     		adds	r2, r2, #20
 720 003c 9342     		cmp	r3, r2
 721 003e 1ED0     		beq	.L52
 722              		.loc 1 477 5 discriminator 7 view .LVU232
 723 0040 1432     		adds	r2, r2, #20
 724 0042 9342     		cmp	r3, r2
 725 0044 1ED0     		beq	.L53
 726              		.loc 1 477 5 discriminator 9 view .LVU233
 727 0046 1432     		adds	r2, r2, #20
 728 0048 9342     		cmp	r3, r2
 729 004a 02D0     		beq	.L57
 730              		.loc 1 477 5 view .LVU234
 731 004c 4FF08072 		mov	r2, #16777216
 732 0050 03E0     		b	.L48
 733              	.L57:
 734 0052 4FF48012 		mov	r2, #1048576
 735 0056 00E0     		b	.L48
 736              	.L49:
 737 0058 0122     		movs	r2, #1
 738              	.L48:
 739              		.loc 1 477 5 discriminator 24 view .LVU235
 740 005a 0E4B     		ldr	r3, .L58+4
 741 005c 5A60     		str	r2, [r3, #4]
 742              		.loc 1 480 5 is_stmt 1 discriminator 24 view .LVU236
 743              		.loc 1 480 17 is_stmt 0 discriminator 24 view .LVU237
 744 005e 0123     		movs	r3, #1
 745 0060 80F82130 		strb	r3, [r0, #33]
 746              		.loc 1 483 5 is_stmt 1 discriminator 24 view .LVU238
 747              		.loc 1 483 5 discriminator 24 view .LVU239
 748 0064 0023     		movs	r3, #0
 749 0066 80F82030 		strb	r3, [r0, #32]
 750              		.loc 1 483 5 discriminator 24 view .LVU240
 751              		.loc 1 486 5 discriminator 24 view .LVU241
 752              		.loc 1 486 12 is_stmt 0 discriminator 24 view .LVU242
 753 006a 436B     		ldr	r3, [r0, #52]
ARM GAS  C:\Users\Test\AppData\Local\Temp\ccShyuSj.s 			page 14


 754              		.loc 1 486 7 discriminator 24 view .LVU243
 755 006c 6BB1     		cbz	r3, .L55
 756              		.loc 1 488 7 is_stmt 1 view .LVU244
 757 006e 9847     		blx	r3
 758              	.LVL45:
 759              		.loc 1 459 21 is_stmt 0 view .LVU245
 760 0070 0020     		movs	r0, #0
 761 0072 CDE7     		b	.L47
 762              	.LVL46:
 763              	.L50:
 764              		.loc 1 477 5 view .LVU246
 765 0074 1022     		movs	r2, #16
 766 0076 F0E7     		b	.L48
 767              	.L51:
 768 0078 4FF48072 		mov	r2, #256
 769 007c EDE7     		b	.L48
 770              	.L52:
 771 007e 4FF48052 		mov	r2, #4096
 772 0082 EAE7     		b	.L48
 773              	.L53:
 774 0084 4FF48032 		mov	r2, #65536
 775 0088 E7E7     		b	.L48
 776              	.L55:
 777              		.loc 1 459 21 view .LVU247
 778 008a 0020     		movs	r0, #0
 779              	.LVL47:
 780              		.loc 1 459 21 view .LVU248
 781 008c C0E7     		b	.L47
 782              	.L59:
 783 008e 00BF     		.align	2
 784              	.L58:
 785 0090 08000240 		.word	1073872904
 786 0094 00000240 		.word	1073872896
 787              		.cfi_endproc
 788              	.LFE70:
 790              		.section	.text.HAL_DMA_PollForTransfer,"ax",%progbits
 791              		.align	1
 792              		.global	HAL_DMA_PollForTransfer
 793              		.syntax unified
 794              		.thumb
 795              		.thumb_func
 796              		.fpu softvfp
 798              	HAL_DMA_PollForTransfer:
 799              	.LVL48:
 800              	.LFB71:
 801              		.loc 1 503 1 is_stmt 1 view -0
 802              		.cfi_startproc
 803              		@ args = 0, pretend = 0, frame = 0
 804              		@ frame_needed = 0, uses_anonymous_args = 0
 805              		.loc 1 503 1 is_stmt 0 view .LVU250
 806 0000 2DE9F041 		push	{r4, r5, r6, r7, r8, lr}
 807              	.LCFI10:
 808              		.cfi_def_cfa_offset 24
 809              		.cfi_offset 4, -24
 810              		.cfi_offset 5, -20
 811              		.cfi_offset 6, -16
 812              		.cfi_offset 7, -12
ARM GAS  C:\Users\Test\AppData\Local\Temp\ccShyuSj.s 			page 15


 813              		.cfi_offset 8, -8
 814              		.cfi_offset 14, -4
 815 0004 0446     		mov	r4, r0
 816              		.loc 1 504 3 is_stmt 1 view .LVU251
 817              		.loc 1 505 3 view .LVU252
 818              	.LVL49:
 819              		.loc 1 507 3 view .LVU253
 820              		.loc 1 507 32 is_stmt 0 view .LVU254
 821 0006 90F82130 		ldrb	r3, [r0, #33]	@ zero_extendqisi2
 822              		.loc 1 507 5 view .LVU255
 823 000a 022B     		cmp	r3, #2
 824 000c 07D0     		beq	.L61
 825              		.loc 1 510 5 is_stmt 1 view .LVU256
 826              		.loc 1 510 21 is_stmt 0 view .LVU257
 827 000e 0423     		movs	r3, #4
 828 0010 8363     		str	r3, [r0, #56]
 829              		.loc 1 511 5 is_stmt 1 view .LVU258
 830              		.loc 1 511 5 view .LVU259
 831 0012 0023     		movs	r3, #0
 832 0014 80F82030 		strb	r3, [r0, #32]
 833              		.loc 1 511 5 view .LVU260
 834              		.loc 1 512 5 view .LVU261
 835              		.loc 1 512 12 is_stmt 0 view .LVU262
 836 0018 0120     		movs	r0, #1
 837              	.LVL50:
 838              	.L62:
 839              		.loc 1 595 1 view .LVU263
 840 001a BDE8F081 		pop	{r4, r5, r6, r7, r8, pc}
 841              	.LVL51:
 842              	.L61:
 843              		.loc 1 595 1 view .LVU264
 844 001e 0F46     		mov	r7, r1
 845 0020 1546     		mov	r5, r2
 846              		.loc 1 516 3 is_stmt 1 view .LVU265
 847              		.loc 1 516 21 is_stmt 0 view .LVU266
 848 0022 0368     		ldr	r3, [r0]
 849              		.loc 1 516 31 view .LVU267
 850 0024 1A68     		ldr	r2, [r3]
 851              	.LVL52:
 852              		.loc 1 516 6 view .LVU268
 853 0026 12F0200F 		tst	r2, #32
 854 002a 15D1     		bne	.L107
 855              		.loc 1 523 3 is_stmt 1 view .LVU269
 856              		.loc 1 523 5 is_stmt 0 view .LVU270
 857 002c E1B9     		cbnz	r1, .L64
 858              		.loc 1 526 5 is_stmt 1 view .LVU271
 859              		.loc 1 526 12 is_stmt 0 view .LVU272
 860 002e 7D4A     		ldr	r2, .L116
 861 0030 9342     		cmp	r3, r2
 862 0032 31D0     		beq	.L76
 863              		.loc 1 526 12 discriminator 1 view .LVU273
 864 0034 1432     		adds	r2, r2, #20
 865 0036 9342     		cmp	r3, r2
 866 0038 33D0     		beq	.L77
 867              		.loc 1 526 12 discriminator 3 view .LVU274
 868 003a 1432     		adds	r2, r2, #20
 869 003c 9342     		cmp	r3, r2
ARM GAS  C:\Users\Test\AppData\Local\Temp\ccShyuSj.s 			page 16


 870 003e 32D0     		beq	.L78
 871              		.loc 1 526 12 discriminator 5 view .LVU275
 872 0040 1432     		adds	r2, r2, #20
 873 0042 9342     		cmp	r3, r2
 874 0044 32D0     		beq	.L79
 875              		.loc 1 526 12 discriminator 7 view .LVU276
 876 0046 1432     		adds	r2, r2, #20
 877 0048 9342     		cmp	r3, r2
 878 004a 32D0     		beq	.L80
 879              		.loc 1 526 12 discriminator 9 view .LVU277
 880 004c 1432     		adds	r2, r2, #20
 881 004e 9342     		cmp	r3, r2
 882 0050 07D0     		beq	.L108
 883              		.loc 1 526 12 view .LVU278
 884 0052 4FF00076 		mov	r6, #33554432
 885 0056 20E0     		b	.L65
 886              	.L107:
 887              		.loc 1 518 5 is_stmt 1 view .LVU279
 888              		.loc 1 518 21 is_stmt 0 view .LVU280
 889 0058 4FF48073 		mov	r3, #256
 890 005c 8363     		str	r3, [r0, #56]
 891              		.loc 1 519 5 is_stmt 1 view .LVU281
 892              		.loc 1 519 12 is_stmt 0 view .LVU282
 893 005e 0120     		movs	r0, #1
 894              	.LVL53:
 895              		.loc 1 519 12 view .LVU283
 896 0060 DBE7     		b	.L62
 897              	.LVL54:
 898              	.L108:
 899              		.loc 1 526 12 view .LVU284
 900 0062 4FF40016 		mov	r6, #2097152
 901 0066 18E0     		b	.L65
 902              	.L64:
 903              		.loc 1 531 5 is_stmt 1 view .LVU285
 904              		.loc 1 531 12 is_stmt 0 view .LVU286
 905 0068 6E4A     		ldr	r2, .L116
 906 006a 9342     		cmp	r3, r2
 907 006c 24D0     		beq	.L82
 908              		.loc 1 531 12 discriminator 1 view .LVU287
 909 006e 1432     		adds	r2, r2, #20
 910 0070 9342     		cmp	r3, r2
 911 0072 23D0     		beq	.L83
 912              		.loc 1 531 12 discriminator 3 view .LVU288
 913 0074 1432     		adds	r2, r2, #20
 914 0076 9342     		cmp	r3, r2
 915 0078 22D0     		beq	.L84
 916              		.loc 1 531 12 discriminator 5 view .LVU289
 917 007a 1432     		adds	r2, r2, #20
 918 007c 9342     		cmp	r3, r2
 919 007e 22D0     		beq	.L85
 920              		.loc 1 531 12 discriminator 7 view .LVU290
 921 0080 1432     		adds	r2, r2, #20
 922 0082 9342     		cmp	r3, r2
 923 0084 22D0     		beq	.L86
 924              		.loc 1 531 12 discriminator 9 view .LVU291
 925 0086 1432     		adds	r2, r2, #20
 926 0088 9342     		cmp	r3, r2
ARM GAS  C:\Users\Test\AppData\Local\Temp\ccShyuSj.s 			page 17


 927 008a 02D0     		beq	.L109
 928              		.loc 1 531 12 view .LVU292
 929 008c 4FF08066 		mov	r6, #67108864
 930 0090 03E0     		b	.L65
 931              	.L109:
 932 0092 4FF48006 		mov	r6, #4194304
 933 0096 00E0     		b	.L65
 934              	.L76:
 935              		.loc 1 526 12 view .LVU293
 936 0098 0226     		movs	r6, #2
 937              	.L65:
 938              	.LVL55:
 939              		.loc 1 535 3 is_stmt 1 view .LVU294
 940              		.loc 1 535 15 is_stmt 0 view .LVU295
 941 009a 634B     		ldr	r3, .L116+4
 942 009c 9847     		blx	r3
 943              	.LVL56:
 944              		.loc 1 535 15 view .LVU296
 945 009e 8046     		mov	r8, r0
 946              	.LVL57:
 947              		.loc 1 537 3 is_stmt 1 view .LVU297
 948              		.loc 1 537 8 is_stmt 0 view .LVU298
 949 00a0 20E0     		b	.L69
 950              	.LVL58:
 951              	.L77:
 952              		.loc 1 526 12 view .LVU299
 953 00a2 2026     		movs	r6, #32
 954 00a4 F9E7     		b	.L65
 955              	.L78:
 956 00a6 4FF40076 		mov	r6, #512
 957 00aa F6E7     		b	.L65
 958              	.L79:
 959 00ac 4FF40056 		mov	r6, #8192
 960 00b0 F3E7     		b	.L65
 961              	.L80:
 962 00b2 4FF40036 		mov	r6, #131072
 963 00b6 F0E7     		b	.L65
 964              	.L82:
 965              		.loc 1 531 12 view .LVU300
 966 00b8 0426     		movs	r6, #4
 967 00ba EEE7     		b	.L65
 968              	.L83:
 969 00bc 4026     		movs	r6, #64
 970 00be ECE7     		b	.L65
 971              	.L84:
 972 00c0 4FF48066 		mov	r6, #1024
 973 00c4 E9E7     		b	.L65
 974              	.L85:
 975 00c6 4FF48046 		mov	r6, #16384
 976 00ca E6E7     		b	.L65
 977              	.L86:
 978 00cc 4FF48026 		mov	r6, #262144
 979 00d0 E3E7     		b	.L65
 980              	.LVL59:
 981              	.L113:
 982              		.loc 1 539 9 view .LVU301
 983 00d2 4FF40003 		mov	r3, #8388608
ARM GAS  C:\Users\Test\AppData\Local\Temp\ccShyuSj.s 			page 18


 984 00d6 00E0     		b	.L67
 985              	.L88:
 986 00d8 0823     		movs	r3, #8
 987              	.L67:
 988              		.loc 1 539 7 discriminator 24 view .LVU302
 989 00da 1A42     		tst	r2, r3
 990 00dc 29D1     		bne	.L110
 991              		.loc 1 558 5 is_stmt 1 view .LVU303
 992              		.loc 1 558 7 is_stmt 0 view .LVU304
 993 00de B5F1FF3F 		cmp	r5, #-1
 994 00e2 35D1     		bne	.L111
 995              	.L69:
 996              		.loc 1 537 8 is_stmt 1 view .LVU305
 997              		.loc 1 537 9 is_stmt 0 view .LVU306
 998 00e4 514B     		ldr	r3, .L116+8
 999 00e6 1B68     		ldr	r3, [r3]
 1000              		.loc 1 537 8 view .LVU307
 1001 00e8 3342     		tst	r3, r6
 1002 00ea 43D1     		bne	.L112
 1003              		.loc 1 539 5 is_stmt 1 view .LVU308
 1004              		.loc 1 539 9 is_stmt 0 view .LVU309
 1005 00ec 4F4B     		ldr	r3, .L116+8
 1006 00ee 1A68     		ldr	r2, [r3]
 1007 00f0 2368     		ldr	r3, [r4]
 1008 00f2 4C49     		ldr	r1, .L116
 1009 00f4 8B42     		cmp	r3, r1
 1010 00f6 EFD0     		beq	.L88
 1011              		.loc 1 539 9 discriminator 1 view .LVU310
 1012 00f8 1431     		adds	r1, r1, #20
 1013 00fa 8B42     		cmp	r3, r1
 1014 00fc 0ED0     		beq	.L89
 1015              		.loc 1 539 9 discriminator 3 view .LVU311
 1016 00fe 1431     		adds	r1, r1, #20
 1017 0100 8B42     		cmp	r3, r1
 1018 0102 0DD0     		beq	.L90
 1019              		.loc 1 539 9 discriminator 5 view .LVU312
 1020 0104 1431     		adds	r1, r1, #20
 1021 0106 8B42     		cmp	r3, r1
 1022 0108 0DD0     		beq	.L91
 1023              		.loc 1 539 9 discriminator 7 view .LVU313
 1024 010a 1431     		adds	r1, r1, #20
 1025 010c 8B42     		cmp	r3, r1
 1026 010e 0DD0     		beq	.L92
 1027              		.loc 1 539 9 discriminator 9 view .LVU314
 1028 0110 1431     		adds	r1, r1, #20
 1029 0112 8B42     		cmp	r3, r1
 1030 0114 DDD0     		beq	.L113
 1031              		.loc 1 539 9 view .LVU315
 1032 0116 4FF00063 		mov	r3, #134217728
 1033 011a DEE7     		b	.L67
 1034              	.L89:
 1035 011c 8023     		movs	r3, #128
 1036 011e DCE7     		b	.L67
 1037              	.L90:
 1038 0120 4FF40063 		mov	r3, #2048
 1039 0124 D9E7     		b	.L67
 1040              	.L91:
ARM GAS  C:\Users\Test\AppData\Local\Temp\ccShyuSj.s 			page 19


 1041 0126 4FF40043 		mov	r3, #32768
 1042 012a D6E7     		b	.L67
 1043              	.L92:
 1044 012c 4FF40023 		mov	r3, #524288
 1045 0130 D3E7     		b	.L67
 1046              	.L110:
 1047              		.loc 1 544 7 is_stmt 1 view .LVU316
 1048              		.loc 1 544 57 is_stmt 0 view .LVU317
 1049 0132 236C     		ldr	r3, [r4, #64]
 1050              		.loc 1 544 11 view .LVU318
 1051 0134 E26B     		ldr	r2, [r4, #60]
 1052              		.loc 1 544 50 view .LVU319
 1053 0136 0120     		movs	r0, #1
 1054 0138 00FA03F3 		lsl	r3, r0, r3
 1055              		.loc 1 544 34 view .LVU320
 1056 013c 5360     		str	r3, [r2, #4]
 1057              		.loc 1 547 7 is_stmt 1 view .LVU321
 1058 013e A36B     		ldr	r3, [r4, #56]
 1059 0140 0343     		orrs	r3, r3, r0
 1060 0142 A363     		str	r3, [r4, #56]
 1061              		.loc 1 550 7 view .LVU322
 1062              		.loc 1 550 18 is_stmt 0 view .LVU323
 1063 0144 84F82100 		strb	r0, [r4, #33]
 1064              		.loc 1 553 7 is_stmt 1 view .LVU324
 1065              		.loc 1 553 7 view .LVU325
 1066 0148 0023     		movs	r3, #0
 1067 014a 84F82030 		strb	r3, [r4, #32]
 1068              		.loc 1 553 7 view .LVU326
 1069              		.loc 1 555 7 view .LVU327
 1070              		.loc 1 555 14 is_stmt 0 view .LVU328
 1071 014e 64E7     		b	.L62
 1072              	.L111:
 1073              		.loc 1 560 7 is_stmt 1 view .LVU329
 1074              		.loc 1 560 9 is_stmt 0 view .LVU330
 1075 0150 2DB1     		cbz	r5, .L70
 1076              		.loc 1 560 31 discriminator 1 view .LVU331
 1077 0152 354B     		ldr	r3, .L116+4
 1078 0154 9847     		blx	r3
 1079              	.LVL60:
 1080              		.loc 1 560 45 discriminator 1 view .LVU332
 1081 0156 A0EB0800 		sub	r0, r0, r8
 1082              		.loc 1 560 26 discriminator 1 view .LVU333
 1083 015a A842     		cmp	r0, r5
 1084 015c C2D9     		bls	.L69
 1085              	.L70:
 1086              		.loc 1 563 9 is_stmt 1 view .LVU334
 1087 015e A36B     		ldr	r3, [r4, #56]
 1088 0160 43F02003 		orr	r3, r3, #32
 1089 0164 A363     		str	r3, [r4, #56]
 1090              		.loc 1 566 9 view .LVU335
 1091              		.loc 1 566 21 is_stmt 0 view .LVU336
 1092 0166 0120     		movs	r0, #1
 1093 0168 84F82100 		strb	r0, [r4, #33]
 1094              		.loc 1 569 9 is_stmt 1 view .LVU337
 1095              		.loc 1 569 9 view .LVU338
 1096 016c 0023     		movs	r3, #0
 1097 016e 84F82030 		strb	r3, [r4, #32]
ARM GAS  C:\Users\Test\AppData\Local\Temp\ccShyuSj.s 			page 20


 1098              		.loc 1 569 9 view .LVU339
 1099              		.loc 1 571 9 view .LVU340
 1100              		.loc 1 571 16 is_stmt 0 view .LVU341
 1101 0172 52E7     		b	.L62
 1102              	.L112:
 1103              		.loc 1 576 3 is_stmt 1 view .LVU342
 1104              		.loc 1 576 5 is_stmt 0 view .LVU343
 1105 0174 6FBB     		cbnz	r7, .L72
 1106              		.loc 1 579 5 is_stmt 1 view .LVU344
 1107 0176 2368     		ldr	r3, [r4]
 1108 0178 2A4A     		ldr	r2, .L116
 1109 017a 9342     		cmp	r3, r2
 1110 017c 14D0     		beq	.L94
 1111              		.loc 1 579 5 is_stmt 0 discriminator 1 view .LVU345
 1112 017e 1432     		adds	r2, r2, #20
 1113 0180 9342     		cmp	r3, r2
 1114 0182 1BD0     		beq	.L95
 1115              		.loc 1 579 5 discriminator 3 view .LVU346
 1116 0184 1432     		adds	r2, r2, #20
 1117 0186 9342     		cmp	r3, r2
 1118 0188 1AD0     		beq	.L96
 1119              		.loc 1 579 5 discriminator 5 view .LVU347
 1120 018a 1432     		adds	r2, r2, #20
 1121 018c 9342     		cmp	r3, r2
 1122 018e 1AD0     		beq	.L97
 1123              		.loc 1 579 5 discriminator 7 view .LVU348
 1124 0190 1432     		adds	r2, r2, #20
 1125 0192 9342     		cmp	r3, r2
 1126 0194 1AD0     		beq	.L98
 1127              		.loc 1 579 5 discriminator 9 view .LVU349
 1128 0196 1432     		adds	r2, r2, #20
 1129 0198 9342     		cmp	r3, r2
 1130 019a 02D0     		beq	.L114
 1131              		.loc 1 579 5 view .LVU350
 1132 019c 4FF00072 		mov	r2, #33554432
 1133 01a0 03E0     		b	.L73
 1134              	.L114:
 1135 01a2 4FF40012 		mov	r2, #2097152
 1136 01a6 00E0     		b	.L73
 1137              	.L94:
 1138 01a8 0222     		movs	r2, #2
 1139              	.L73:
 1140              		.loc 1 579 5 discriminator 24 view .LVU351
 1141 01aa 204B     		ldr	r3, .L116+8
 1142 01ac 5A60     		str	r2, [r3, #4]
 1143              		.loc 1 583 5 is_stmt 1 discriminator 24 view .LVU352
 1144              		.loc 1 583 17 is_stmt 0 discriminator 24 view .LVU353
 1145 01ae 0123     		movs	r3, #1
 1146 01b0 84F82130 		strb	r3, [r4, #33]
 1147              	.L74:
 1148              		.loc 1 592 3 is_stmt 1 view .LVU354
 1149              		.loc 1 592 3 view .LVU355
 1150 01b4 0020     		movs	r0, #0
 1151 01b6 84F82000 		strb	r0, [r4, #32]
 1152              		.loc 1 592 3 view .LVU356
 1153              		.loc 1 594 3 view .LVU357
 1154              		.loc 1 594 10 is_stmt 0 view .LVU358
ARM GAS  C:\Users\Test\AppData\Local\Temp\ccShyuSj.s 			page 21


 1155 01ba 2EE7     		b	.L62
 1156              	.L95:
 1157              		.loc 1 579 5 view .LVU359
 1158 01bc 2022     		movs	r2, #32
 1159 01be F4E7     		b	.L73
 1160              	.L96:
 1161 01c0 4FF40072 		mov	r2, #512
 1162 01c4 F1E7     		b	.L73
 1163              	.L97:
 1164 01c6 4FF40052 		mov	r2, #8192
 1165 01ca EEE7     		b	.L73
 1166              	.L98:
 1167 01cc 4FF40032 		mov	r2, #131072
 1168 01d0 EBE7     		b	.L73
 1169              	.L72:
 1170              		.loc 1 588 5 is_stmt 1 view .LVU360
 1171 01d2 2368     		ldr	r3, [r4]
 1172 01d4 134A     		ldr	r2, .L116
 1173 01d6 9342     		cmp	r3, r2
 1174 01d8 14D0     		beq	.L100
 1175              		.loc 1 588 5 is_stmt 0 discriminator 1 view .LVU361
 1176 01da 1432     		adds	r2, r2, #20
 1177 01dc 9342     		cmp	r3, r2
 1178 01de 15D0     		beq	.L101
 1179              		.loc 1 588 5 discriminator 3 view .LVU362
 1180 01e0 1432     		adds	r2, r2, #20
 1181 01e2 9342     		cmp	r3, r2
 1182 01e4 14D0     		beq	.L102
 1183              		.loc 1 588 5 discriminator 5 view .LVU363
 1184 01e6 1432     		adds	r2, r2, #20
 1185 01e8 9342     		cmp	r3, r2
 1186 01ea 14D0     		beq	.L103
 1187              		.loc 1 588 5 discriminator 7 view .LVU364
 1188 01ec 1432     		adds	r2, r2, #20
 1189 01ee 9342     		cmp	r3, r2
 1190 01f0 14D0     		beq	.L104
 1191              		.loc 1 588 5 discriminator 9 view .LVU365
 1192 01f2 1432     		adds	r2, r2, #20
 1193 01f4 9342     		cmp	r3, r2
 1194 01f6 02D0     		beq	.L115
 1195              		.loc 1 588 5 view .LVU366
 1196 01f8 4FF08062 		mov	r2, #67108864
 1197 01fc 03E0     		b	.L75
 1198              	.L115:
 1199 01fe 4FF48002 		mov	r2, #4194304
 1200 0202 00E0     		b	.L75
 1201              	.L100:
 1202 0204 0422     		movs	r2, #4
 1203              	.L75:
 1204              		.loc 1 588 5 discriminator 24 view .LVU367
 1205 0206 094B     		ldr	r3, .L116+8
 1206 0208 5A60     		str	r2, [r3, #4]
 1207 020a D3E7     		b	.L74
 1208              	.L101:
 1209              		.loc 1 588 5 view .LVU368
 1210 020c 4022     		movs	r2, #64
 1211 020e FAE7     		b	.L75
ARM GAS  C:\Users\Test\AppData\Local\Temp\ccShyuSj.s 			page 22


 1212              	.L102:
 1213 0210 4FF48062 		mov	r2, #1024
 1214 0214 F7E7     		b	.L75
 1215              	.L103:
 1216 0216 4FF48042 		mov	r2, #16384
 1217 021a F4E7     		b	.L75
 1218              	.L104:
 1219 021c 4FF48022 		mov	r2, #262144
 1220 0220 F1E7     		b	.L75
 1221              	.L117:
 1222 0222 00BF     		.align	2
 1223              	.L116:
 1224 0224 08000240 		.word	1073872904
 1225 0228 00000000 		.word	HAL_GetTick
 1226 022c 00000240 		.word	1073872896
 1227              		.cfi_endproc
 1228              	.LFE71:
 1230              		.section	.text.HAL_DMA_IRQHandler,"ax",%progbits
 1231              		.align	1
 1232              		.global	HAL_DMA_IRQHandler
 1233              		.syntax unified
 1234              		.thumb
 1235              		.thumb_func
 1236              		.fpu softvfp
 1238              	HAL_DMA_IRQHandler:
 1239              	.LVL61:
 1240              	.LFB72:
 1241              		.loc 1 604 1 is_stmt 1 view -0
 1242              		.cfi_startproc
 1243              		@ args = 0, pretend = 0, frame = 0
 1244              		@ frame_needed = 0, uses_anonymous_args = 0
 1245              		.loc 1 604 1 is_stmt 0 view .LVU370
 1246 0000 38B5     		push	{r3, r4, r5, lr}
 1247              	.LCFI11:
 1248              		.cfi_def_cfa_offset 16
 1249              		.cfi_offset 3, -16
 1250              		.cfi_offset 4, -12
 1251              		.cfi_offset 5, -8
 1252              		.cfi_offset 14, -4
 1253              		.loc 1 605 3 is_stmt 1 view .LVU371
 1254              		.loc 1 605 26 is_stmt 0 view .LVU372
 1255 0002 C36B     		ldr	r3, [r0, #60]
 1256              		.loc 1 605 12 view .LVU373
 1257 0004 1A68     		ldr	r2, [r3]
 1258              	.LVL62:
 1259              		.loc 1 606 3 is_stmt 1 view .LVU374
 1260              		.loc 1 606 28 is_stmt 0 view .LVU375
 1261 0006 0468     		ldr	r4, [r0]
 1262              		.loc 1 606 12 view .LVU376
 1263 0008 2568     		ldr	r5, [r4]
 1264              	.LVL63:
 1265              		.loc 1 609 3 is_stmt 1 view .LVU377
 1266              		.loc 1 609 40 is_stmt 0 view .LVU378
 1267 000a 016C     		ldr	r1, [r0, #64]
 1268              		.loc 1 609 33 view .LVU379
 1269 000c 0423     		movs	r3, #4
 1270 000e 8B40     		lsls	r3, r3, r1
ARM GAS  C:\Users\Test\AppData\Local\Temp\ccShyuSj.s 			page 23


 1271              		.loc 1 609 6 view .LVU380
 1272 0010 1342     		tst	r3, r2
 1273 0012 35D0     		beq	.L119
 1274              		.loc 1 609 67 discriminator 1 view .LVU381
 1275 0014 15F0040F 		tst	r5, #4
 1276 0018 32D0     		beq	.L119
 1277              		.loc 1 612 5 is_stmt 1 view .LVU382
 1278              		.loc 1 612 23 is_stmt 0 view .LVU383
 1279 001a 2368     		ldr	r3, [r4]
 1280              		.loc 1 612 7 view .LVU384
 1281 001c 13F0200F 		tst	r3, #32
 1282 0020 03D1     		bne	.L120
 1283              		.loc 1 615 7 is_stmt 1 view .LVU385
 1284 0022 2368     		ldr	r3, [r4]
 1285 0024 23F00403 		bic	r3, r3, #4
 1286 0028 2360     		str	r3, [r4]
 1287              	.L120:
 1288              		.loc 1 618 5 view .LVU386
 1289 002a 0368     		ldr	r3, [r0]
 1290 002c 434A     		ldr	r2, .L141
 1291              	.LVL64:
 1292              		.loc 1 618 5 is_stmt 0 view .LVU387
 1293 002e 9342     		cmp	r3, r2
 1294 0030 14D0     		beq	.L126
 1295              		.loc 1 618 5 discriminator 1 view .LVU388
 1296 0032 1432     		adds	r2, r2, #20
 1297 0034 9342     		cmp	r3, r2
 1298 0036 18D0     		beq	.L127
 1299              		.loc 1 618 5 discriminator 3 view .LVU389
 1300 0038 1432     		adds	r2, r2, #20
 1301 003a 9342     		cmp	r3, r2
 1302 003c 17D0     		beq	.L128
 1303              		.loc 1 618 5 discriminator 5 view .LVU390
 1304 003e 1432     		adds	r2, r2, #20
 1305 0040 9342     		cmp	r3, r2
 1306 0042 17D0     		beq	.L129
 1307              		.loc 1 618 5 discriminator 7 view .LVU391
 1308 0044 1432     		adds	r2, r2, #20
 1309 0046 9342     		cmp	r3, r2
 1310 0048 17D0     		beq	.L130
 1311              		.loc 1 618 5 discriminator 9 view .LVU392
 1312 004a 1432     		adds	r2, r2, #20
 1313 004c 9342     		cmp	r3, r2
 1314 004e 02D0     		beq	.L139
 1315              		.loc 1 618 5 view .LVU393
 1316 0050 4FF08062 		mov	r2, #67108864
 1317 0054 03E0     		b	.L121
 1318              	.L139:
 1319 0056 4FF48002 		mov	r2, #4194304
 1320 005a 00E0     		b	.L121
 1321              	.L126:
 1322 005c 0422     		movs	r2, #4
 1323              	.L121:
 1324              		.loc 1 618 5 discriminator 24 view .LVU394
 1325 005e 384B     		ldr	r3, .L141+4
 1326 0060 5A60     		str	r2, [r3, #4]
 1327              		.loc 1 623 5 is_stmt 1 discriminator 24 view .LVU395
ARM GAS  C:\Users\Test\AppData\Local\Temp\ccShyuSj.s 			page 24


 1328              		.loc 1 623 12 is_stmt 0 discriminator 24 view .LVU396
 1329 0062 C36A     		ldr	r3, [r0, #44]
 1330              		.loc 1 623 7 discriminator 24 view .LVU397
 1331 0064 03B1     		cbz	r3, .L118
 1332              		.loc 1 626 7 is_stmt 1 view .LVU398
 1333 0066 9847     		blx	r3
 1334              	.LVL65:
 1335              	.L118:
 1336              		.loc 1 681 1 is_stmt 0 view .LVU399
 1337 0068 38BD     		pop	{r3, r4, r5, pc}
 1338              	.LVL66:
 1339              	.L127:
 1340              		.loc 1 618 5 view .LVU400
 1341 006a 4022     		movs	r2, #64
 1342 006c F7E7     		b	.L121
 1343              	.L128:
 1344 006e 4FF48062 		mov	r2, #1024
 1345 0072 F4E7     		b	.L121
 1346              	.L129:
 1347 0074 4FF48042 		mov	r2, #16384
 1348 0078 F1E7     		b	.L121
 1349              	.L130:
 1350 007a 4FF48022 		mov	r2, #262144
 1351 007e EEE7     		b	.L121
 1352              	.LVL67:
 1353              	.L119:
 1354              		.loc 1 631 8 is_stmt 1 view .LVU401
 1355              		.loc 1 631 38 is_stmt 0 view .LVU402
 1356 0080 0223     		movs	r3, #2
 1357 0082 8B40     		lsls	r3, r3, r1
 1358              		.loc 1 631 11 view .LVU403
 1359 0084 1342     		tst	r3, r2
 1360 0086 3CD0     		beq	.L123
 1361              		.loc 1 631 72 discriminator 1 view .LVU404
 1362 0088 15F0020F 		tst	r5, #2
 1363 008c 39D0     		beq	.L123
 1364              		.loc 1 633 5 is_stmt 1 view .LVU405
 1365              		.loc 1 633 23 is_stmt 0 view .LVU406
 1366 008e 2368     		ldr	r3, [r4]
 1367              		.loc 1 633 7 view .LVU407
 1368 0090 13F0200F 		tst	r3, #32
 1369 0094 06D1     		bne	.L124
 1370              		.loc 1 636 7 is_stmt 1 view .LVU408
 1371 0096 2368     		ldr	r3, [r4]
 1372 0098 23F00A03 		bic	r3, r3, #10
 1373 009c 2360     		str	r3, [r4]
 1374              		.loc 1 639 7 view .LVU409
 1375              		.loc 1 639 19 is_stmt 0 view .LVU410
 1376 009e 0123     		movs	r3, #1
 1377 00a0 80F82130 		strb	r3, [r0, #33]
 1378              	.L124:
 1379              		.loc 1 642 7 is_stmt 1 view .LVU411
 1380 00a4 0368     		ldr	r3, [r0]
 1381 00a6 254A     		ldr	r2, .L141
 1382              	.LVL68:
 1383              		.loc 1 642 7 is_stmt 0 view .LVU412
 1384 00a8 9342     		cmp	r3, r2
ARM GAS  C:\Users\Test\AppData\Local\Temp\ccShyuSj.s 			page 25


 1385 00aa 14D0     		beq	.L132
 1386              		.loc 1 642 7 discriminator 1 view .LVU413
 1387 00ac 1432     		adds	r2, r2, #20
 1388 00ae 9342     		cmp	r3, r2
 1389 00b0 1CD0     		beq	.L133
 1390              		.loc 1 642 7 discriminator 3 view .LVU414
 1391 00b2 1432     		adds	r2, r2, #20
 1392 00b4 9342     		cmp	r3, r2
 1393 00b6 1BD0     		beq	.L134
 1394              		.loc 1 642 7 discriminator 5 view .LVU415
 1395 00b8 1432     		adds	r2, r2, #20
 1396 00ba 9342     		cmp	r3, r2
 1397 00bc 1BD0     		beq	.L135
 1398              		.loc 1 642 7 discriminator 7 view .LVU416
 1399 00be 1432     		adds	r2, r2, #20
 1400 00c0 9342     		cmp	r3, r2
 1401 00c2 1BD0     		beq	.L136
 1402              		.loc 1 642 7 discriminator 9 view .LVU417
 1403 00c4 1432     		adds	r2, r2, #20
 1404 00c6 9342     		cmp	r3, r2
 1405 00c8 02D0     		beq	.L140
 1406              		.loc 1 642 7 view .LVU418
 1407 00ca 4FF00072 		mov	r2, #33554432
 1408 00ce 03E0     		b	.L125
 1409              	.L140:
 1410 00d0 4FF40012 		mov	r2, #2097152
 1411 00d4 00E0     		b	.L125
 1412              	.L132:
 1413 00d6 0222     		movs	r2, #2
 1414              	.L125:
 1415              		.loc 1 642 7 discriminator 24 view .LVU419
 1416 00d8 194B     		ldr	r3, .L141+4
 1417 00da 5A60     		str	r2, [r3, #4]
 1418              		.loc 1 645 5 is_stmt 1 discriminator 24 view .LVU420
 1419              		.loc 1 645 5 discriminator 24 view .LVU421
 1420 00dc 0023     		movs	r3, #0
 1421 00de 80F82030 		strb	r3, [r0, #32]
 1422              		.loc 1 645 5 discriminator 24 view .LVU422
 1423              		.loc 1 647 5 discriminator 24 view .LVU423
 1424              		.loc 1 647 12 is_stmt 0 discriminator 24 view .LVU424
 1425 00e2 836A     		ldr	r3, [r0, #40]
 1426              		.loc 1 647 7 discriminator 24 view .LVU425
 1427 00e4 002B     		cmp	r3, #0
 1428 00e6 BFD0     		beq	.L118
 1429              		.loc 1 650 7 is_stmt 1 view .LVU426
 1430 00e8 9847     		blx	r3
 1431              	.LVL69:
 1432              		.loc 1 650 7 is_stmt 0 view .LVU427
 1433 00ea BDE7     		b	.L118
 1434              	.LVL70:
 1435              	.L133:
 1436              		.loc 1 642 7 view .LVU428
 1437 00ec 2022     		movs	r2, #32
 1438 00ee F3E7     		b	.L125
 1439              	.L134:
 1440 00f0 4FF40072 		mov	r2, #512
 1441 00f4 F0E7     		b	.L125
ARM GAS  C:\Users\Test\AppData\Local\Temp\ccShyuSj.s 			page 26


 1442              	.L135:
 1443 00f6 4FF40052 		mov	r2, #8192
 1444 00fa EDE7     		b	.L125
 1445              	.L136:
 1446 00fc 4FF40032 		mov	r2, #131072
 1447 0100 EAE7     		b	.L125
 1448              	.LVL71:
 1449              	.L123:
 1450              		.loc 1 655 8 is_stmt 1 view .LVU429
 1451              		.loc 1 655 48 is_stmt 0 view .LVU430
 1452 0102 0823     		movs	r3, #8
 1453 0104 03FA01F1 		lsl	r1, r3, r1
 1454              		.loc 1 655 11 view .LVU431
 1455 0108 1142     		tst	r1, r2
 1456 010a ADD0     		beq	.L118
 1457              		.loc 1 655 73 discriminator 1 view .LVU432
 1458 010c 15F0080F 		tst	r5, #8
 1459 0110 AAD0     		beq	.L118
 1460              		.loc 1 660 5 is_stmt 1 view .LVU433
 1461 0112 2368     		ldr	r3, [r4]
 1462 0114 23F00E03 		bic	r3, r3, #14
 1463 0118 2360     		str	r3, [r4]
 1464              		.loc 1 663 5 view .LVU434
 1465              		.loc 1 663 55 is_stmt 0 view .LVU435
 1466 011a 026C     		ldr	r2, [r0, #64]
 1467              	.LVL72:
 1468              		.loc 1 663 9 view .LVU436
 1469 011c C16B     		ldr	r1, [r0, #60]
 1470              		.loc 1 663 48 view .LVU437
 1471 011e 0123     		movs	r3, #1
 1472 0120 03FA02F2 		lsl	r2, r3, r2
 1473              		.loc 1 663 32 view .LVU438
 1474 0124 4A60     		str	r2, [r1, #4]
 1475              		.loc 1 666 5 is_stmt 1 view .LVU439
 1476              		.loc 1 666 21 is_stmt 0 view .LVU440
 1477 0126 8363     		str	r3, [r0, #56]
 1478              		.loc 1 669 5 is_stmt 1 view .LVU441
 1479              		.loc 1 669 17 is_stmt 0 view .LVU442
 1480 0128 80F82130 		strb	r3, [r0, #33]
 1481              		.loc 1 672 5 is_stmt 1 view .LVU443
 1482              		.loc 1 672 5 view .LVU444
 1483 012c 0023     		movs	r3, #0
 1484 012e 80F82030 		strb	r3, [r0, #32]
 1485              		.loc 1 672 5 view .LVU445
 1486              		.loc 1 674 5 view .LVU446
 1487              		.loc 1 674 13 is_stmt 0 view .LVU447
 1488 0132 036B     		ldr	r3, [r0, #48]
 1489              		.loc 1 674 8 view .LVU448
 1490 0134 002B     		cmp	r3, #0
 1491 0136 97D0     		beq	.L118
 1492              		.loc 1 677 7 is_stmt 1 view .LVU449
 1493 0138 9847     		blx	r3
 1494              	.LVL73:
 1495              		.loc 1 680 3 view .LVU450
 1496 013a 95E7     		b	.L118
 1497              	.L142:
 1498              		.align	2
ARM GAS  C:\Users\Test\AppData\Local\Temp\ccShyuSj.s 			page 27


 1499              	.L141:
 1500 013c 08000240 		.word	1073872904
 1501 0140 00000240 		.word	1073872896
 1502              		.cfi_endproc
 1503              	.LFE72:
 1505              		.section	.text.HAL_DMA_RegisterCallback,"ax",%progbits
 1506              		.align	1
 1507              		.global	HAL_DMA_RegisterCallback
 1508              		.syntax unified
 1509              		.thumb
 1510              		.thumb_func
 1511              		.fpu softvfp
 1513              	HAL_DMA_RegisterCallback:
 1514              	.LVL74:
 1515              	.LFB73:
 1516              		.loc 1 694 1 view -0
 1517              		.cfi_startproc
 1518              		@ args = 0, pretend = 0, frame = 0
 1519              		@ frame_needed = 0, uses_anonymous_args = 0
 1520              		@ link register save eliminated.
 1521              		.loc 1 694 1 is_stmt 0 view .LVU452
 1522 0000 0346     		mov	r3, r0
 1523              		.loc 1 695 3 is_stmt 1 view .LVU453
 1524              	.LVL75:
 1525              		.loc 1 698 3 view .LVU454
 1526              		.loc 1 698 3 view .LVU455
 1527 0002 90F82000 		ldrb	r0, [r0, #32]	@ zero_extendqisi2
 1528              	.LVL76:
 1529              		.loc 1 698 3 is_stmt 0 view .LVU456
 1530 0006 0128     		cmp	r0, #1
 1531 0008 1DD0     		beq	.L151
 1532              		.loc 1 698 3 is_stmt 1 discriminator 2 view .LVU457
 1533 000a 0120     		movs	r0, #1
 1534 000c 83F82000 		strb	r0, [r3, #32]
 1535              		.loc 1 698 3 discriminator 2 view .LVU458
 1536              		.loc 1 700 3 discriminator 2 view .LVU459
 1537              		.loc 1 700 33 is_stmt 0 discriminator 2 view .LVU460
 1538 0010 93F82100 		ldrb	r0, [r3, #33]	@ zero_extendqisi2
 1539              		.loc 1 700 5 discriminator 2 view .LVU461
 1540 0014 0128     		cmp	r0, #1
 1541 0016 04D0     		beq	.L153
 1542              		.loc 1 727 12 view .LVU462
 1543 0018 0120     		movs	r0, #1
 1544              	.L145:
 1545              	.LVL77:
 1546              		.loc 1 731 3 is_stmt 1 view .LVU463
 1547              		.loc 1 731 3 view .LVU464
 1548 001a 0022     		movs	r2, #0
 1549              	.LVL78:
 1550              		.loc 1 731 3 is_stmt 0 view .LVU465
 1551 001c 83F82020 		strb	r2, [r3, #32]
 1552              		.loc 1 731 3 is_stmt 1 view .LVU466
 1553              		.loc 1 733 3 view .LVU467
 1554              		.loc 1 733 10 is_stmt 0 view .LVU468
 1555 0020 7047     		bx	lr
 1556              	.LVL79:
 1557              	.L153:
ARM GAS  C:\Users\Test\AppData\Local\Temp\ccShyuSj.s 			page 28


 1558              		.loc 1 702 5 is_stmt 1 view .LVU469
 1559 0022 0329     		cmp	r1, #3
 1560 0024 F9D8     		bhi	.L145
 1561 0026 DFE801F0 		tbb	[pc, r1]
 1562              	.L147:
 1563 002a 02       		.byte	(.L150-.L147)/2
 1564 002b 05       		.byte	(.L149-.L147)/2
 1565 002c 08       		.byte	(.L148-.L147)/2
 1566 002d 0B       		.byte	(.L146-.L147)/2
 1567              		.p2align 1
 1568              	.L150:
 1569              		.loc 1 705 7 view .LVU470
 1570              		.loc 1 705 30 is_stmt 0 view .LVU471
 1571 002e 9A62     		str	r2, [r3, #40]
 1572              		.loc 1 706 7 is_stmt 1 view .LVU472
 1573              		.loc 1 695 21 is_stmt 0 view .LVU473
 1574 0030 0846     		mov	r0, r1
 1575              		.loc 1 706 7 view .LVU474
 1576 0032 F2E7     		b	.L145
 1577              	.L149:
 1578              		.loc 1 709 7 is_stmt 1 view .LVU475
 1579              		.loc 1 709 34 is_stmt 0 view .LVU476
 1580 0034 DA62     		str	r2, [r3, #44]
 1581              		.loc 1 710 7 is_stmt 1 view .LVU477
 1582              		.loc 1 695 21 is_stmt 0 view .LVU478
 1583 0036 0020     		movs	r0, #0
 1584              		.loc 1 710 7 view .LVU479
 1585 0038 EFE7     		b	.L145
 1586              	.L148:
 1587              		.loc 1 713 7 is_stmt 1 view .LVU480
 1588              		.loc 1 713 31 is_stmt 0 view .LVU481
 1589 003a 1A63     		str	r2, [r3, #48]
 1590              		.loc 1 714 7 is_stmt 1 view .LVU482
 1591              		.loc 1 695 21 is_stmt 0 view .LVU483
 1592 003c 0020     		movs	r0, #0
 1593              		.loc 1 714 7 view .LVU484
 1594 003e ECE7     		b	.L145
 1595              	.L146:
 1596              		.loc 1 717 7 is_stmt 1 view .LVU485
 1597              		.loc 1 717 31 is_stmt 0 view .LVU486
 1598 0040 5A63     		str	r2, [r3, #52]
 1599              		.loc 1 718 7 is_stmt 1 view .LVU487
 1600              		.loc 1 695 21 is_stmt 0 view .LVU488
 1601 0042 0020     		movs	r0, #0
 1602              		.loc 1 718 7 view .LVU489
 1603 0044 E9E7     		b	.L145
 1604              	.L151:
 1605              		.loc 1 698 3 view .LVU490
 1606 0046 0220     		movs	r0, #2
 1607              		.loc 1 734 1 view .LVU491
 1608 0048 7047     		bx	lr
 1609              		.cfi_endproc
 1610              	.LFE73:
 1612              		.section	.text.HAL_DMA_UnRegisterCallback,"ax",%progbits
 1613              		.align	1
 1614              		.global	HAL_DMA_UnRegisterCallback
 1615              		.syntax unified
ARM GAS  C:\Users\Test\AppData\Local\Temp\ccShyuSj.s 			page 29


 1616              		.thumb
 1617              		.thumb_func
 1618              		.fpu softvfp
 1620              	HAL_DMA_UnRegisterCallback:
 1621              	.LVL80:
 1622              	.LFB74:
 1623              		.loc 1 745 1 is_stmt 1 view -0
 1624              		.cfi_startproc
 1625              		@ args = 0, pretend = 0, frame = 0
 1626              		@ frame_needed = 0, uses_anonymous_args = 0
 1627              		@ link register save eliminated.
 1628              		.loc 1 745 1 is_stmt 0 view .LVU493
 1629 0000 0346     		mov	r3, r0
 1630              		.loc 1 746 3 is_stmt 1 view .LVU494
 1631              	.LVL81:
 1632              		.loc 1 749 3 view .LVU495
 1633              		.loc 1 749 3 view .LVU496
 1634 0002 90F82020 		ldrb	r2, [r0, #32]	@ zero_extendqisi2
 1635 0006 012A     		cmp	r2, #1
 1636 0008 25D0     		beq	.L163
 1637              		.loc 1 749 3 discriminator 2 view .LVU497
 1638 000a 0122     		movs	r2, #1
 1639 000c 80F82020 		strb	r2, [r0, #32]
 1640              		.loc 1 749 3 discriminator 2 view .LVU498
 1641              		.loc 1 751 3 discriminator 2 view .LVU499
 1642              		.loc 1 751 33 is_stmt 0 discriminator 2 view .LVU500
 1643 0010 90F82100 		ldrb	r0, [r0, #33]	@ zero_extendqisi2
 1644              	.LVL82:
 1645              		.loc 1 751 5 discriminator 2 view .LVU501
 1646 0014 9042     		cmp	r0, r2
 1647 0016 04D0     		beq	.L165
 1648              		.loc 1 785 12 view .LVU502
 1649 0018 0120     		movs	r0, #1
 1650              	.L156:
 1651              	.LVL83:
 1652              		.loc 1 789 3 is_stmt 1 view .LVU503
 1653              		.loc 1 789 3 view .LVU504
 1654 001a 0022     		movs	r2, #0
 1655 001c 83F82020 		strb	r2, [r3, #32]
 1656              		.loc 1 789 3 view .LVU505
 1657              		.loc 1 791 3 view .LVU506
 1658              		.loc 1 791 10 is_stmt 0 view .LVU507
 1659 0020 7047     		bx	lr
 1660              	.LVL84:
 1661              	.L165:
 1662              		.loc 1 753 5 is_stmt 1 view .LVU508
 1663 0022 0429     		cmp	r1, #4
 1664 0024 F9D8     		bhi	.L156
 1665 0026 DFE801F0 		tbb	[pc, r1]
 1666              	.L158:
 1667 002a 03       		.byte	(.L162-.L158)/2
 1668 002b 07       		.byte	(.L161-.L158)/2
 1669 002c 0A       		.byte	(.L160-.L158)/2
 1670 002d 0D       		.byte	(.L159-.L158)/2
 1671 002e 10       		.byte	(.L157-.L158)/2
 1672 002f 00       		.p2align 1
 1673              	.L162:
ARM GAS  C:\Users\Test\AppData\Local\Temp\ccShyuSj.s 			page 30


 1674              		.loc 1 756 7 view .LVU509
 1675              		.loc 1 756 30 is_stmt 0 view .LVU510
 1676 0030 0022     		movs	r2, #0
 1677 0032 9A62     		str	r2, [r3, #40]
 1678              		.loc 1 757 7 is_stmt 1 view .LVU511
 1679              		.loc 1 746 21 is_stmt 0 view .LVU512
 1680 0034 0846     		mov	r0, r1
 1681              		.loc 1 757 7 view .LVU513
 1682 0036 F0E7     		b	.L156
 1683              	.L161:
 1684              		.loc 1 760 7 is_stmt 1 view .LVU514
 1685              		.loc 1 760 34 is_stmt 0 view .LVU515
 1686 0038 0020     		movs	r0, #0
 1687 003a D862     		str	r0, [r3, #44]
 1688              		.loc 1 761 7 is_stmt 1 view .LVU516
 1689 003c EDE7     		b	.L156
 1690              	.L160:
 1691              		.loc 1 764 7 view .LVU517
 1692              		.loc 1 764 31 is_stmt 0 view .LVU518
 1693 003e 0020     		movs	r0, #0
 1694 0040 1863     		str	r0, [r3, #48]
 1695              		.loc 1 765 7 is_stmt 1 view .LVU519
 1696 0042 EAE7     		b	.L156
 1697              	.L159:
 1698              		.loc 1 768 7 view .LVU520
 1699              		.loc 1 768 31 is_stmt 0 view .LVU521
 1700 0044 0020     		movs	r0, #0
 1701 0046 5863     		str	r0, [r3, #52]
 1702              		.loc 1 769 7 is_stmt 1 view .LVU522
 1703 0048 E7E7     		b	.L156
 1704              	.L157:
 1705              		.loc 1 772 7 view .LVU523
 1706              		.loc 1 772 30 is_stmt 0 view .LVU524
 1707 004a 0020     		movs	r0, #0
 1708 004c 9862     		str	r0, [r3, #40]
 1709              		.loc 1 773 7 is_stmt 1 view .LVU525
 1710              		.loc 1 773 34 is_stmt 0 view .LVU526
 1711 004e D862     		str	r0, [r3, #44]
 1712              		.loc 1 774 7 is_stmt 1 view .LVU527
 1713              		.loc 1 774 31 is_stmt 0 view .LVU528
 1714 0050 1863     		str	r0, [r3, #48]
 1715              		.loc 1 775 7 is_stmt 1 view .LVU529
 1716              		.loc 1 775 31 is_stmt 0 view .LVU530
 1717 0052 5863     		str	r0, [r3, #52]
 1718              		.loc 1 776 7 is_stmt 1 view .LVU531
 1719 0054 E1E7     		b	.L156
 1720              	.LVL85:
 1721              	.L163:
 1722              		.loc 1 749 3 is_stmt 0 view .LVU532
 1723 0056 0220     		movs	r0, #2
 1724              	.LVL86:
 1725              		.loc 1 792 1 view .LVU533
 1726 0058 7047     		bx	lr
 1727              		.cfi_endproc
 1728              	.LFE74:
 1730              		.section	.text.HAL_DMA_GetState,"ax",%progbits
 1731              		.align	1
ARM GAS  C:\Users\Test\AppData\Local\Temp\ccShyuSj.s 			page 31


 1732              		.global	HAL_DMA_GetState
 1733              		.syntax unified
 1734              		.thumb
 1735              		.thumb_func
 1736              		.fpu softvfp
 1738              	HAL_DMA_GetState:
 1739              	.LVL87:
 1740              	.LFB75:
 1741              		.loc 1 821 1 is_stmt 1 view -0
 1742              		.cfi_startproc
 1743              		@ args = 0, pretend = 0, frame = 0
 1744              		@ frame_needed = 0, uses_anonymous_args = 0
 1745              		@ link register save eliminated.
 1746              		.loc 1 823 3 view .LVU535
 1747              		.loc 1 824 1 is_stmt 0 view .LVU536
 1748 0000 90F82100 		ldrb	r0, [r0, #33]	@ zero_extendqisi2
 1749              	.LVL88:
 1750              		.loc 1 824 1 view .LVU537
 1751 0004 7047     		bx	lr
 1752              		.cfi_endproc
 1753              	.LFE75:
 1755              		.section	.text.HAL_DMA_GetError,"ax",%progbits
 1756              		.align	1
 1757              		.global	HAL_DMA_GetError
 1758              		.syntax unified
 1759              		.thumb
 1760              		.thumb_func
 1761              		.fpu softvfp
 1763              	HAL_DMA_GetError:
 1764              	.LVL89:
 1765              	.LFB76:
 1766              		.loc 1 833 1 is_stmt 1 view -0
 1767              		.cfi_startproc
 1768              		@ args = 0, pretend = 0, frame = 0
 1769              		@ frame_needed = 0, uses_anonymous_args = 0
 1770              		@ link register save eliminated.
 1771              		.loc 1 834 3 view .LVU539
 1772              		.loc 1 834 14 is_stmt 0 view .LVU540
 1773 0000 806B     		ldr	r0, [r0, #56]
 1774              	.LVL90:
 1775              		.loc 1 835 1 view .LVU541
 1776 0002 7047     		bx	lr
 1777              		.cfi_endproc
 1778              	.LFE76:
 1780              		.text
 1781              	.Letext0:
 1782              		.file 2 "../c:\\users\\test\\desktop\\gnu mcu\\arm-none-eabi-gcc-10.2.1-1.1\\arm-none-eabi\\includ
 1783              		.file 3 "../c:\\users\\test\\desktop\\gnu mcu\\arm-none-eabi-gcc-10.2.1-1.1\\arm-none-eabi\\includ
 1784              		.file 4 "../Drivers/CMSIS/Device/ST/STM32F1xx/Include/stm32f103x6.h"
 1785              		.file 5 "../Drivers/CMSIS/Device/ST/STM32F1xx/Include/stm32f1xx.h"
 1786              		.file 6 "../Drivers/STM32F1xx_HAL_Driver/Inc/stm32f1xx_hal_def.h"
 1787              		.file 7 "../Drivers/STM32F1xx_HAL_Driver/Inc/stm32f1xx_hal_dma.h"
 1788              		.file 8 "../Drivers/STM32F1xx_HAL_Driver/Inc/stm32f1xx_hal.h"
ARM GAS  C:\Users\Test\AppData\Local\Temp\ccShyuSj.s 			page 32


DEFINED SYMBOLS
                            *ABS*:0000000000000000 stm32f1xx_hal_dma.c
C:\Users\Test\AppData\Local\Temp\ccShyuSj.s:16     .text.DMA_SetConfig:0000000000000000 $t
C:\Users\Test\AppData\Local\Temp\ccShyuSj.s:23     .text.DMA_SetConfig:0000000000000000 DMA_SetConfig
C:\Users\Test\AppData\Local\Temp\ccShyuSj.s:98     .text.HAL_DMA_Init:0000000000000000 $t
C:\Users\Test\AppData\Local\Temp\ccShyuSj.s:105    .text.HAL_DMA_Init:0000000000000000 HAL_DMA_Init
C:\Users\Test\AppData\Local\Temp\ccShyuSj.s:223    .text.HAL_DMA_Init:0000000000000060 $d
C:\Users\Test\AppData\Local\Temp\ccShyuSj.s:230    .text.HAL_DMA_DeInit:0000000000000000 $t
C:\Users\Test\AppData\Local\Temp\ccShyuSj.s:237    .text.HAL_DMA_DeInit:0000000000000000 HAL_DMA_DeInit
C:\Users\Test\AppData\Local\Temp\ccShyuSj.s:347    .text.HAL_DMA_DeInit:000000000000005c $d
C:\Users\Test\AppData\Local\Temp\ccShyuSj.s:354    .text.HAL_DMA_Start:0000000000000000 $t
C:\Users\Test\AppData\Local\Temp\ccShyuSj.s:361    .text.HAL_DMA_Start:0000000000000000 HAL_DMA_Start
C:\Users\Test\AppData\Local\Temp\ccShyuSj.s:448    .text.HAL_DMA_Start:0000000000000050 $d
C:\Users\Test\AppData\Local\Temp\ccShyuSj.s:453    .text.HAL_DMA_Start_IT:0000000000000000 $t
C:\Users\Test\AppData\Local\Temp\ccShyuSj.s:460    .text.HAL_DMA_Start_IT:0000000000000000 HAL_DMA_Start_IT
C:\Users\Test\AppData\Local\Temp\ccShyuSj.s:570    .text.HAL_DMA_Start_IT:0000000000000074 $d
C:\Users\Test\AppData\Local\Temp\ccShyuSj.s:575    .text.HAL_DMA_Abort:0000000000000000 $t
C:\Users\Test\AppData\Local\Temp\ccShyuSj.s:582    .text.HAL_DMA_Abort:0000000000000000 HAL_DMA_Abort
C:\Users\Test\AppData\Local\Temp\ccShyuSj.s:652    .text.HAL_DMA_Abort_IT:0000000000000000 $t
C:\Users\Test\AppData\Local\Temp\ccShyuSj.s:659    .text.HAL_DMA_Abort_IT:0000000000000000 HAL_DMA_Abort_IT
C:\Users\Test\AppData\Local\Temp\ccShyuSj.s:785    .text.HAL_DMA_Abort_IT:0000000000000090 $d
C:\Users\Test\AppData\Local\Temp\ccShyuSj.s:791    .text.HAL_DMA_PollForTransfer:0000000000000000 $t
C:\Users\Test\AppData\Local\Temp\ccShyuSj.s:798    .text.HAL_DMA_PollForTransfer:0000000000000000 HAL_DMA_PollForTransfer
C:\Users\Test\AppData\Local\Temp\ccShyuSj.s:1224   .text.HAL_DMA_PollForTransfer:0000000000000224 $d
C:\Users\Test\AppData\Local\Temp\ccShyuSj.s:1231   .text.HAL_DMA_IRQHandler:0000000000000000 $t
C:\Users\Test\AppData\Local\Temp\ccShyuSj.s:1238   .text.HAL_DMA_IRQHandler:0000000000000000 HAL_DMA_IRQHandler
C:\Users\Test\AppData\Local\Temp\ccShyuSj.s:1500   .text.HAL_DMA_IRQHandler:000000000000013c $d
C:\Users\Test\AppData\Local\Temp\ccShyuSj.s:1506   .text.HAL_DMA_RegisterCallback:0000000000000000 $t
C:\Users\Test\AppData\Local\Temp\ccShyuSj.s:1513   .text.HAL_DMA_RegisterCallback:0000000000000000 HAL_DMA_RegisterCallback
C:\Users\Test\AppData\Local\Temp\ccShyuSj.s:1563   .text.HAL_DMA_RegisterCallback:000000000000002a $d
C:\Users\Test\AppData\Local\Temp\ccShyuSj.s:1567   .text.HAL_DMA_RegisterCallback:000000000000002e $t
C:\Users\Test\AppData\Local\Temp\ccShyuSj.s:1613   .text.HAL_DMA_UnRegisterCallback:0000000000000000 $t
C:\Users\Test\AppData\Local\Temp\ccShyuSj.s:1620   .text.HAL_DMA_UnRegisterCallback:0000000000000000 HAL_DMA_UnRegisterCallback
C:\Users\Test\AppData\Local\Temp\ccShyuSj.s:1667   .text.HAL_DMA_UnRegisterCallback:000000000000002a $d
C:\Users\Test\AppData\Local\Temp\ccShyuSj.s:1731   .text.HAL_DMA_GetState:0000000000000000 $t
C:\Users\Test\AppData\Local\Temp\ccShyuSj.s:1738   .text.HAL_DMA_GetState:0000000000000000 HAL_DMA_GetState
C:\Users\Test\AppData\Local\Temp\ccShyuSj.s:1756   .text.HAL_DMA_GetError:0000000000000000 $t
C:\Users\Test\AppData\Local\Temp\ccShyuSj.s:1763   .text.HAL_DMA_GetError:0000000000000000 HAL_DMA_GetError
C:\Users\Test\AppData\Local\Temp\ccShyuSj.s:1672   .text.HAL_DMA_UnRegisterCallback:000000000000002f $d
C:\Users\Test\AppData\Local\Temp\ccShyuSj.s:1672   .text.HAL_DMA_UnRegisterCallback:0000000000000030 $t

UNDEFINED SYMBOLS
HAL_GetTick
