ARM GAS  C:\Users\Test\AppData\Local\Temp\ccYNjHHQ.s 			page 1


   1              		.cpu cortex-m3
   2              		.eabi_attribute 20, 1
   3              		.eabi_attribute 21, 1
   4              		.eabi_attribute 23, 3
   5              		.eabi_attribute 24, 1
   6              		.eabi_attribute 25, 1
   7              		.eabi_attribute 26, 1
   8              		.eabi_attribute 30, 1
   9              		.eabi_attribute 34, 1
  10              		.eabi_attribute 18, 4
  11              		.file	"stm32f1xx_hal_gpio_ex.c"
  12              		.text
  13              	.Ltext0:
  14              		.cfi_sections	.debug_frame
  15              		.section	.text.HAL_GPIOEx_ConfigEventout,"ax",%progbits
  16              		.align	1
  17              		.global	HAL_GPIOEx_ConfigEventout
  18              		.arch armv7-m
  19              		.syntax unified
  20              		.thumb
  21              		.thumb_func
  22              		.fpu softvfp
  24              	HAL_GPIOEx_ConfigEventout:
  25              	.LVL0:
  26              	.LFB65:
  27              		.file 1 "../Drivers/STM32F1xx_HAL_Driver/Src/stm32f1xx_hal_gpio_ex.c"
   1:../Drivers/STM32F1xx_HAL_Driver/Src/stm32f1xx_hal_gpio_ex.c **** 
  28              		.loc 1 82 1 view -0
  29              		.cfi_startproc
  30              		@ args = 0, pretend = 0, frame = 0
  31              		@ frame_needed = 0, uses_anonymous_args = 0
  32              		@ link register save eliminated.
  33              		.loc 1 84 3 view .LVU1
  34              		.loc 1 85 3 view .LVU2
  35              		.loc 1 88 3 view .LVU3
  36 0000 034A     		ldr	r2, .L2
  37 0002 1368     		ldr	r3, [r2]
  38 0004 23F07F03 		bic	r3, r3, #127
  39 0008 0843     		orrs	r0, r0, r1
  40              	.LVL1:
  41              		.loc 1 88 3 is_stmt 0 view .LVU4
  42 000a 0343     		orrs	r3, r3, r0
  43 000c 1360     		str	r3, [r2]
  44              		.loc 1 89 1 view .LVU5
  45 000e 7047     		bx	lr
  46              	.L3:
  47              		.align	2
  48              	.L2:
  49 0010 00000140 		.word	1073807360
  50              		.cfi_endproc
  51              	.LFE65:
  53              		.section	.text.HAL_GPIOEx_EnableEventout,"ax",%progbits
  54              		.align	1
  55              		.global	HAL_GPIOEx_EnableEventout
  56              		.syntax unified
  57              		.thumb
  58              		.thumb_func
ARM GAS  C:\Users\Test\AppData\Local\Temp\ccYNjHHQ.s 			page 2


  59              		.fpu softvfp
  61              	HAL_GPIOEx_EnableEventout:
  62              	.LFB66:
  63              		.loc 1 96 1 is_stmt 1 view -0
  64              		.cfi_startproc
  65              		@ args = 0, pretend = 0, frame = 0
  66              		@ frame_needed = 0, uses_anonymous_args = 0
  67              		@ link register save eliminated.
  68              		.loc 1 97 3 view .LVU7
  69 0000 024A     		ldr	r2, .L5
  70 0002 1368     		ldr	r3, [r2]
  71 0004 43F08003 		orr	r3, r3, #128
  72 0008 1360     		str	r3, [r2]
  73              		.loc 1 98 1 is_stmt 0 view .LVU8
  74 000a 7047     		bx	lr
  75              	.L6:
  76              		.align	2
  77              	.L5:
  78 000c 00000140 		.word	1073807360
  79              		.cfi_endproc
  80              	.LFE66:
  82              		.section	.text.HAL_GPIOEx_DisableEventout,"ax",%progbits
  83              		.align	1
  84              		.global	HAL_GPIOEx_DisableEventout
  85              		.syntax unified
  86              		.thumb
  87              		.thumb_func
  88              		.fpu softvfp
  90              	HAL_GPIOEx_DisableEventout:
  91              	.LFB67:
  92              		.loc 1 105 1 is_stmt 1 view -0
  93              		.cfi_startproc
  94              		@ args = 0, pretend = 0, frame = 0
  95              		@ frame_needed = 0, uses_anonymous_args = 0
  96              		@ link register save eliminated.
  97              		.loc 1 106 3 view .LVU10
  98 0000 024A     		ldr	r2, .L8
  99 0002 1368     		ldr	r3, [r2]
 100 0004 23F08003 		bic	r3, r3, #128
 101 0008 1360     		str	r3, [r2]
 102              		.loc 1 107 1 is_stmt 0 view .LVU11
 103 000a 7047     		bx	lr
 104              	.L9:
 105              		.align	2
 106              	.L8:
 107 000c 00000140 		.word	1073807360
 108              		.cfi_endproc
 109              	.LFE67:
 111              		.text
 112              	.Letext0:
 113              		.file 2 "../c:\\users\\test\\desktop\\gnu mcu\\arm-none-eabi-gcc-10.2.1-1.1\\arm-none-eabi\\includ
 114              		.file 3 "../c:\\users\\test\\desktop\\gnu mcu\\arm-none-eabi-gcc-10.2.1-1.1\\arm-none-eabi\\includ
 115              		.file 4 "../Drivers/CMSIS/Device/ST/STM32F1xx/Include/stm32f103x6.h"
ARM GAS  C:\Users\Test\AppData\Local\Temp\ccYNjHHQ.s 			page 3


DEFINED SYMBOLS
                            *ABS*:0000000000000000 stm32f1xx_hal_gpio_ex.c
C:\Users\Test\AppData\Local\Temp\ccYNjHHQ.s:16     .text.HAL_GPIOEx_ConfigEventout:0000000000000000 $t
C:\Users\Test\AppData\Local\Temp\ccYNjHHQ.s:24     .text.HAL_GPIOEx_ConfigEventout:0000000000000000 HAL_GPIOEx_ConfigEventout
C:\Users\Test\AppData\Local\Temp\ccYNjHHQ.s:49     .text.HAL_GPIOEx_ConfigEventout:0000000000000010 $d
C:\Users\Test\AppData\Local\Temp\ccYNjHHQ.s:54     .text.HAL_GPIOEx_EnableEventout:0000000000000000 $t
C:\Users\Test\AppData\Local\Temp\ccYNjHHQ.s:61     .text.HAL_GPIOEx_EnableEventout:0000000000000000 HAL_GPIOEx_EnableEventout
C:\Users\Test\AppData\Local\Temp\ccYNjHHQ.s:78     .text.HAL_GPIOEx_EnableEventout:000000000000000c $d
C:\Users\Test\AppData\Local\Temp\ccYNjHHQ.s:83     .text.HAL_GPIOEx_DisableEventout:0000000000000000 $t
C:\Users\Test\AppData\Local\Temp\ccYNjHHQ.s:90     .text.HAL_GPIOEx_DisableEventout:0000000000000000 HAL_GPIOEx_DisableEventout
C:\Users\Test\AppData\Local\Temp\ccYNjHHQ.s:107    .text.HAL_GPIOEx_DisableEventout:000000000000000c $d

NO UNDEFINED SYMBOLS
