ARM GAS  C:\Users\Test\AppData\Local\Temp\ccNt31eg.s 			page 1


   1              		.cpu cortex-m3
   2              		.eabi_attribute 20, 1
   3              		.eabi_attribute 21, 1
   4              		.eabi_attribute 23, 3
   5              		.eabi_attribute 24, 1
   6              		.eabi_attribute 25, 1
   7              		.eabi_attribute 26, 1
   8              		.eabi_attribute 30, 1
   9              		.eabi_attribute 34, 1
  10              		.eabi_attribute 18, 4
  11              		.file	"stm32f1xx_hal_adc_ex.c"
  12              		.text
  13              	.Ltext0:
  14              		.cfi_sections	.debug_frame
  15              		.section	.text.HAL_ADCEx_Calibration_Start,"ax",%progbits
  16              		.align	1
  17              		.global	HAL_ADCEx_Calibration_Start
  18              		.arch armv7-m
  19              		.syntax unified
  20              		.thumb
  21              		.thumb_func
  22              		.fpu softvfp
  24              	HAL_ADCEx_Calibration_Start:
  25              	.LVL0:
  26              	.LFB65:
  27              		.file 1 "../Drivers/STM32F1xx_HAL_Driver/Src/stm32f1xx_hal_adc_ex.c"
   1:../Drivers/STM32F1xx_HAL_Driver/Src/stm32f1xx_hal_adc_ex.c **** 
  28              		.loc 1 127 1 view -0
  29              		.cfi_startproc
  30              		@ args = 0, pretend = 0, frame = 8
  31              		@ frame_needed = 0, uses_anonymous_args = 0
  32              		.loc 1 127 1 is_stmt 0 view .LVU1
  33 0000 70B5     		push	{r4, r5, r6, lr}
  34              	.LCFI0:
  35              		.cfi_def_cfa_offset 16
  36              		.cfi_offset 4, -16
  37              		.cfi_offset 5, -12
  38              		.cfi_offset 6, -8
  39              		.cfi_offset 14, -4
  40 0002 82B0     		sub	sp, sp, #8
  41              	.LCFI1:
  42              		.cfi_def_cfa_offset 24
  43              		.loc 1 128 3 is_stmt 1 view .LVU2
  44              	.LVL1:
  45              		.loc 1 129 3 view .LVU3
  46              		.loc 1 130 3 view .LVU4
  47              		.loc 1 130 17 is_stmt 0 view .LVU5
  48 0004 0023     		movs	r3, #0
  49 0006 0193     		str	r3, [sp, #4]
  50              		.loc 1 133 3 is_stmt 1 view .LVU6
  51              		.loc 1 136 3 view .LVU7
  52              		.loc 1 136 3 view .LVU8
  53 0008 90F82430 		ldrb	r3, [r0, #36]	@ zero_extendqisi2
  54 000c 012B     		cmp	r3, #1
  55 000e 72D0     		beq	.L10
  56 0010 0446     		mov	r4, r0
  57              		.loc 1 136 3 discriminator 2 view .LVU9
ARM GAS  C:\Users\Test\AppData\Local\Temp\ccNt31eg.s 			page 2


  58 0012 0123     		movs	r3, #1
  59 0014 80F82430 		strb	r3, [r0, #36]
  60              		.loc 1 136 3 discriminator 2 view .LVU10
  61              		.loc 1 143 3 discriminator 2 view .LVU11
  62              		.loc 1 143 20 is_stmt 0 discriminator 2 view .LVU12
  63 0018 384B     		ldr	r3, .L15
  64 001a 9847     		blx	r3
  65              	.LVL2:
  66              		.loc 1 146 3 is_stmt 1 discriminator 2 view .LVU13
  67              		.loc 1 146 6 is_stmt 0 discriminator 2 view .LVU14
  68 001c 0546     		mov	r5, r0
  69 001e 28B1     		cbz	r0, .L12
  70              	.LVL3:
  71              	.L3:
  72              		.loc 1 227 3 is_stmt 1 view .LVU15
  73              		.loc 1 227 3 view .LVU16
  74 0020 0023     		movs	r3, #0
  75 0022 84F82430 		strb	r3, [r4, #36]
  76              		.loc 1 227 3 view .LVU17
  77              		.loc 1 230 3 view .LVU18
  78              	.LVL4:
  79              	.L2:
  80              		.loc 1 231 1 is_stmt 0 view .LVU19
  81 0026 2846     		mov	r0, r5
  82 0028 02B0     		add	sp, sp, #8
  83              	.LCFI2:
  84              		.cfi_remember_state
  85              		.cfi_def_cfa_offset 16
  86              		@ sp needed
  87 002a 70BD     		pop	{r4, r5, r6, pc}
  88              	.LVL5:
  89              	.L12:
  90              	.LCFI3:
  91              		.cfi_restore_state
  92              		.loc 1 149 5 is_stmt 1 view .LVU20
  93 002c A36A     		ldr	r3, [r4, #40]
  94 002e 23F48853 		bic	r3, r3, #4352
  95 0032 23F00203 		bic	r3, r3, #2
  96 0036 43F00203 		orr	r3, r3, #2
  97 003a A362     		str	r3, [r4, #40]
  98              		.loc 1 156 5 view .LVU21
  99              		.loc 1 157 25 is_stmt 0 view .LVU22
 100 003c 304B     		ldr	r3, .L15+4
 101 003e 1E68     		ldr	r6, [r3]
 102              		.loc 1 157 27 view .LVU23
 103 0040 0220     		movs	r0, #2
 104              	.LVL6:
 105              		.loc 1 157 27 view .LVU24
 106 0042 304B     		ldr	r3, .L15+8
 107 0044 9847     		blx	r3
 108              	.LVL7:
 109              		.loc 1 157 25 view .LVU25
 110 0046 B6FBF0F6 		udiv	r6, r6, r0
 111              		.loc 1 158 24 view .LVU26
 112 004a 7600     		lsls	r6, r6, #1
 113              		.loc 1 156 21 view .LVU27
 114 004c 0196     		str	r6, [sp, #4]
ARM GAS  C:\Users\Test\AppData\Local\Temp\ccNt31eg.s 			page 3


 115              		.loc 1 160 5 is_stmt 1 view .LVU28
 116              		.loc 1 160 10 is_stmt 0 view .LVU29
 117 004e 02E0     		b	.L4
 118              	.L5:
 119              		.loc 1 162 7 is_stmt 1 view .LVU30
 120              		.loc 1 162 22 is_stmt 0 view .LVU31
 121 0050 019B     		ldr	r3, [sp, #4]
 122 0052 013B     		subs	r3, r3, #1
 123 0054 0193     		str	r3, [sp, #4]
 124              	.L4:
 125              		.loc 1 160 10 is_stmt 1 view .LVU32
 126              		.loc 1 160 27 is_stmt 0 view .LVU33
 127 0056 019B     		ldr	r3, [sp, #4]
 128              		.loc 1 160 10 view .LVU34
 129 0058 002B     		cmp	r3, #0
 130 005a F9D1     		bne	.L5
 131              		.loc 1 166 5 is_stmt 1 view .LVU35
 132 005c 2046     		mov	r0, r4
 133 005e 2A4B     		ldr	r3, .L15+12
 134 0060 9847     		blx	r3
 135              	.LVL8:
 136              		.loc 1 169 5 view .LVU36
 137 0062 2268     		ldr	r2, [r4]
 138 0064 9368     		ldr	r3, [r2, #8]
 139 0066 43F00803 		orr	r3, r3, #8
 140 006a 9360     		str	r3, [r2, #8]
 141              		.loc 1 171 5 view .LVU37
 142              		.loc 1 171 17 is_stmt 0 view .LVU38
 143 006c 274B     		ldr	r3, .L15+16
 144 006e 9847     		blx	r3
 145              	.LVL9:
 146 0070 0646     		mov	r6, r0
 147              	.LVL10:
 148              		.loc 1 174 5 is_stmt 1 view .LVU39
 149              	.L6:
 150              		.loc 1 174 10 view .LVU40
 151              		.loc 1 174 11 is_stmt 0 view .LVU41
 152 0072 2368     		ldr	r3, [r4]
 153 0074 9A68     		ldr	r2, [r3, #8]
 154              		.loc 1 174 10 view .LVU42
 155 0076 12F0080F 		tst	r2, #8
 156 007a 14D0     		beq	.L13
 157              		.loc 1 176 7 is_stmt 1 view .LVU43
 158              		.loc 1 176 11 is_stmt 0 view .LVU44
 159 007c 234B     		ldr	r3, .L15+16
 160 007e 9847     		blx	r3
 161              	.LVL11:
 162              		.loc 1 176 25 view .LVU45
 163 0080 801B     		subs	r0, r0, r6
 164              		.loc 1 176 9 view .LVU46
 165 0082 0A28     		cmp	r0, #10
 166 0084 F5D9     		bls	.L6
 167              		.loc 1 179 9 is_stmt 1 view .LVU47
 168              		.loc 1 179 12 is_stmt 0 view .LVU48
 169 0086 2368     		ldr	r3, [r4]
 170 0088 9B68     		ldr	r3, [r3, #8]
 171              		.loc 1 179 11 view .LVU49
ARM GAS  C:\Users\Test\AppData\Local\Temp\ccNt31eg.s 			page 4


 172 008a 13F0080F 		tst	r3, #8
 173 008e F0D0     		beq	.L6
 174              		.loc 1 182 11 is_stmt 1 view .LVU50
 175 0090 A36A     		ldr	r3, [r4, #40]
 176 0092 23F01203 		bic	r3, r3, #18
 177 0096 43F01003 		orr	r3, r3, #16
 178 009a A362     		str	r3, [r4, #40]
 179              		.loc 1 187 11 view .LVU51
 180              		.loc 1 187 11 view .LVU52
 181 009c 0023     		movs	r3, #0
 182 009e 84F82430 		strb	r3, [r4, #36]
 183              		.loc 1 187 11 view .LVU53
 184              		.loc 1 189 11 view .LVU54
 185              		.loc 1 189 18 is_stmt 0 view .LVU55
 186 00a2 0125     		movs	r5, #1
 187 00a4 BFE7     		b	.L2
 188              	.L13:
 189              		.loc 1 195 5 is_stmt 1 view .LVU56
 190 00a6 9A68     		ldr	r2, [r3, #8]
 191 00a8 42F00402 		orr	r2, r2, #4
 192 00ac 9A60     		str	r2, [r3, #8]
 193              		.loc 1 197 5 view .LVU57
 194              		.loc 1 197 17 is_stmt 0 view .LVU58
 195 00ae 174B     		ldr	r3, .L15+16
 196 00b0 9847     		blx	r3
 197              	.LVL12:
 198 00b2 0646     		mov	r6, r0
 199              	.LVL13:
 200              		.loc 1 200 5 is_stmt 1 view .LVU59
 201              	.L8:
 202              		.loc 1 200 10 view .LVU60
 203              		.loc 1 200 11 is_stmt 0 view .LVU61
 204 00b4 2368     		ldr	r3, [r4]
 205 00b6 9B68     		ldr	r3, [r3, #8]
 206              		.loc 1 200 10 view .LVU62
 207 00b8 13F0040F 		tst	r3, #4
 208 00bc 14D0     		beq	.L14
 209              		.loc 1 202 7 is_stmt 1 view .LVU63
 210              		.loc 1 202 11 is_stmt 0 view .LVU64
 211 00be 134B     		ldr	r3, .L15+16
 212 00c0 9847     		blx	r3
 213              	.LVL14:
 214              		.loc 1 202 25 view .LVU65
 215 00c2 801B     		subs	r0, r0, r6
 216              		.loc 1 202 9 view .LVU66
 217 00c4 0A28     		cmp	r0, #10
 218 00c6 F5D9     		bls	.L8
 219              		.loc 1 205 9 is_stmt 1 view .LVU67
 220              		.loc 1 205 12 is_stmt 0 view .LVU68
 221 00c8 2368     		ldr	r3, [r4]
 222 00ca 9B68     		ldr	r3, [r3, #8]
 223              		.loc 1 205 11 view .LVU69
 224 00cc 13F0040F 		tst	r3, #4
 225 00d0 F0D0     		beq	.L8
 226              		.loc 1 208 11 is_stmt 1 view .LVU70
 227 00d2 A36A     		ldr	r3, [r4, #40]
 228 00d4 23F01203 		bic	r3, r3, #18
ARM GAS  C:\Users\Test\AppData\Local\Temp\ccNt31eg.s 			page 5


 229 00d8 43F01003 		orr	r3, r3, #16
 230 00dc A362     		str	r3, [r4, #40]
 231              		.loc 1 213 11 view .LVU71
 232              		.loc 1 213 11 view .LVU72
 233 00de 0023     		movs	r3, #0
 234 00e0 84F82430 		strb	r3, [r4, #36]
 235              		.loc 1 213 11 view .LVU73
 236              		.loc 1 215 11 view .LVU74
 237              		.loc 1 215 18 is_stmt 0 view .LVU75
 238 00e4 0125     		movs	r5, #1
 239 00e6 9EE7     		b	.L2
 240              	.L14:
 241              		.loc 1 221 5 is_stmt 1 view .LVU76
 242 00e8 A36A     		ldr	r3, [r4, #40]
 243 00ea 23F00303 		bic	r3, r3, #3
 244 00ee 43F00103 		orr	r3, r3, #1
 245 00f2 A362     		str	r3, [r4, #40]
 246 00f4 94E7     		b	.L3
 247              	.LVL15:
 248              	.L10:
 249              		.loc 1 136 3 is_stmt 0 view .LVU77
 250 00f6 0225     		movs	r5, #2
 251 00f8 95E7     		b	.L2
 252              	.L16:
 253 00fa 00BF     		.align	2
 254              	.L15:
 255 00fc 00000000 		.word	ADC_ConversionStop_Disable
 256 0100 00000000 		.word	SystemCoreClock
 257 0104 00000000 		.word	HAL_RCCEx_GetPeriphCLKFreq
 258 0108 00000000 		.word	ADC_Enable
 259 010c 00000000 		.word	HAL_GetTick
 260              		.cfi_endproc
 261              	.LFE65:
 263              		.section	.text.HAL_ADCEx_InjectedStart,"ax",%progbits
 264              		.align	1
 265              		.global	HAL_ADCEx_InjectedStart
 266              		.syntax unified
 267              		.thumb
 268              		.thumb_func
 269              		.fpu softvfp
 271              	HAL_ADCEx_InjectedStart:
 272              	.LVL16:
 273              	.LFB66:
 274              		.loc 1 240 1 is_stmt 1 view -0
 275              		.cfi_startproc
 276              		@ args = 0, pretend = 0, frame = 0
 277              		@ frame_needed = 0, uses_anonymous_args = 0
 278              		.loc 1 241 3 view .LVU79
 279              		.loc 1 244 3 view .LVU80
 280              		.loc 1 247 3 view .LVU81
 281              		.loc 1 247 3 view .LVU82
 282 0000 90F82430 		ldrb	r3, [r0, #36]	@ zero_extendqisi2
 283 0004 012B     		cmp	r3, #1
 284 0006 52D0     		beq	.L26
 285              		.loc 1 240 1 is_stmt 0 discriminator 2 view .LVU83
 286 0008 10B5     		push	{r4, lr}
 287              	.LCFI4:
ARM GAS  C:\Users\Test\AppData\Local\Temp\ccNt31eg.s 			page 6


 288              		.cfi_def_cfa_offset 8
 289              		.cfi_offset 4, -8
 290              		.cfi_offset 14, -4
 291 000a 0446     		mov	r4, r0
 292              		.loc 1 247 3 is_stmt 1 discriminator 2 view .LVU84
 293 000c 0123     		movs	r3, #1
 294 000e 80F82430 		strb	r3, [r0, #36]
 295              		.loc 1 247 3 discriminator 2 view .LVU85
 296              		.loc 1 250 3 discriminator 2 view .LVU86
 297              		.loc 1 250 20 is_stmt 0 discriminator 2 view .LVU87
 298 0012 284B     		ldr	r3, .L34
 299 0014 9847     		blx	r3
 300              	.LVL17:
 301              		.loc 1 253 3 is_stmt 1 discriminator 2 view .LVU88
 302              		.loc 1 253 6 is_stmt 0 discriminator 2 view .LVU89
 303 0016 0028     		cmp	r0, #0
 304 0018 45D1     		bne	.L19
 305              		.loc 1 258 5 is_stmt 1 view .LVU90
 306 001a A36A     		ldr	r3, [r4, #40]
 307 001c 23F44053 		bic	r3, r3, #12288
 308 0020 23F00103 		bic	r3, r3, #1
 309 0024 43F48053 		orr	r3, r3, #4096
 310 0028 A362     		str	r3, [r4, #40]
 311              		.loc 1 264 5 view .LVU91
 312              		.loc 1 264 9 is_stmt 0 view .LVU92
 313 002a 2268     		ldr	r2, [r4]
 314              		.loc 1 264 8 view .LVU93
 315 002c 224B     		ldr	r3, .L34+4
 316 002e 9A42     		cmp	r2, r3
 317 0030 1FD0     		beq	.L31
 318              	.L20:
 319              		.loc 1 266 7 is_stmt 1 view .LVU94
 320 0032 A36A     		ldr	r3, [r4, #40]
 321 0034 23F48013 		bic	r3, r3, #1048576
 322 0038 A362     		str	r3, [r4, #40]
 323              	.L22:
 324              		.loc 1 277 5 view .LVU95
 325              		.loc 1 277 9 is_stmt 0 view .LVU96
 326 003a A36A     		ldr	r3, [r4, #40]
 327              		.loc 1 277 8 view .LVU97
 328 003c 13F4807F 		tst	r3, #256
 329 0040 01D1     		bne	.L23
 330              		.loc 1 280 7 is_stmt 1 view .LVU98
 331 0042 0023     		movs	r3, #0
 332 0044 E362     		str	r3, [r4, #44]
 333              	.L23:
 334              		.loc 1 286 5 view .LVU99
 335              		.loc 1 286 5 view .LVU100
 336 0046 0023     		movs	r3, #0
 337 0048 84F82430 		strb	r3, [r4, #36]
 338              		.loc 1 286 5 view .LVU101
 339              		.loc 1 290 5 view .LVU102
 340 004c 6FF00403 		mvn	r3, #4
 341 0050 1360     		str	r3, [r2]
 342              		.loc 1 301 5 view .LVU103
 343              		.loc 1 301 9 is_stmt 0 view .LVU104
 344 0052 2368     		ldr	r3, [r4]
ARM GAS  C:\Users\Test\AppData\Local\Temp\ccNt31eg.s 			page 7


 345 0054 5A68     		ldr	r2, [r3, #4]
 346              		.loc 1 301 8 view .LVU105
 347 0056 12F4806F 		tst	r2, #1024
 348 005a 27D1     		bne	.L18
 349              		.loc 1 303 7 is_stmt 1 view .LVU106
 350              		.loc 1 303 11 is_stmt 0 view .LVU107
 351 005c 9A68     		ldr	r2, [r3, #8]
 352 005e 02F4E042 		and	r2, r2, #28672
 353              		.loc 1 303 10 view .LVU108
 354 0062 B2F5E04F 		cmp	r2, #28672
 355 0066 0FD0     		beq	.L32
 356              	.L24:
 357              		.loc 1 312 9 is_stmt 1 view .LVU109
 358 0068 9A68     		ldr	r2, [r3, #8]
 359 006a 42F40042 		orr	r2, r2, #32768
 360 006e 9A60     		str	r2, [r3, #8]
 361 0070 1CE0     		b	.L18
 362              	.L31:
 363              		.loc 1 264 9 is_stmt 0 discriminator 1 view .LVU110
 364 0072 A3F58063 		sub	r3, r3, #1024
 365 0076 5B68     		ldr	r3, [r3, #4]
 366 0078 13F4702F 		tst	r3, #983040
 367 007c D9D0     		beq	.L20
 368              		.loc 1 270 7 is_stmt 1 view .LVU111
 369 007e A36A     		ldr	r3, [r4, #40]
 370 0080 43F48013 		orr	r3, r3, #1048576
 371 0084 A362     		str	r3, [r4, #40]
 372 0086 D8E7     		b	.L22
 373              	.L32:
 374              		.loc 1 303 52 is_stmt 0 discriminator 1 view .LVU112
 375 0088 0B4A     		ldr	r2, .L34+4
 376 008a 9342     		cmp	r3, r2
 377 008c 04D0     		beq	.L33
 378              	.L25:
 379              		.loc 1 307 9 is_stmt 1 view .LVU113
 380 008e 9A68     		ldr	r2, [r3, #8]
 381 0090 42F40212 		orr	r2, r2, #2129920
 382 0094 9A60     		str	r2, [r3, #8]
 383 0096 09E0     		b	.L18
 384              	.L33:
 385              		.loc 1 304 11 is_stmt 0 discriminator 2 view .LVU114
 386 0098 A2F58062 		sub	r2, r2, #1024
 387 009c 5268     		ldr	r2, [r2, #4]
 388              		.loc 1 303 52 discriminator 2 view .LVU115
 389 009e 12F4702F 		tst	r2, #983040
 390 00a2 E1D1     		bne	.L24
 391 00a4 F3E7     		b	.L25
 392              	.L19:
 393              		.loc 1 319 5 is_stmt 1 view .LVU116
 394              		.loc 1 319 5 view .LVU117
 395 00a6 0023     		movs	r3, #0
 396 00a8 84F82430 		strb	r3, [r4, #36]
 397              	.L18:
 398              		.loc 1 324 1 is_stmt 0 view .LVU118
 399 00ac 10BD     		pop	{r4, pc}
 400              	.LVL18:
 401              	.L26:
ARM GAS  C:\Users\Test\AppData\Local\Temp\ccNt31eg.s 			page 8


 402              	.LCFI5:
 403              		.cfi_def_cfa_offset 0
 404              		.cfi_restore 4
 405              		.cfi_restore 14
 406              		.loc 1 247 3 view .LVU119
 407 00ae 0220     		movs	r0, #2
 408              	.LVL19:
 409              		.loc 1 324 1 view .LVU120
 410 00b0 7047     		bx	lr
 411              	.L35:
 412 00b2 00BF     		.align	2
 413              	.L34:
 414 00b4 00000000 		.word	ADC_Enable
 415 00b8 00280140 		.word	1073817600
 416              		.cfi_endproc
 417              	.LFE66:
 419              		.section	.text.HAL_ADCEx_InjectedStop,"ax",%progbits
 420              		.align	1
 421              		.global	HAL_ADCEx_InjectedStop
 422              		.syntax unified
 423              		.thumb
 424              		.thumb_func
 425              		.fpu softvfp
 427              	HAL_ADCEx_InjectedStop:
 428              	.LVL20:
 429              	.LFB67:
 430              		.loc 1 339 1 is_stmt 1 view -0
 431              		.cfi_startproc
 432              		@ args = 0, pretend = 0, frame = 0
 433              		@ frame_needed = 0, uses_anonymous_args = 0
 434              		.loc 1 340 3 view .LVU122
 435              		.loc 1 343 3 view .LVU123
 436              		.loc 1 346 3 view .LVU124
 437              		.loc 1 346 3 view .LVU125
 438 0000 90F82430 		ldrb	r3, [r0, #36]	@ zero_extendqisi2
 439 0004 012B     		cmp	r3, #1
 440 0006 23D0     		beq	.L40
 441              		.loc 1 339 1 is_stmt 0 discriminator 2 view .LVU126
 442 0008 10B5     		push	{r4, lr}
 443              	.LCFI6:
 444              		.cfi_def_cfa_offset 8
 445              		.cfi_offset 4, -8
 446              		.cfi_offset 14, -4
 447 000a 0446     		mov	r4, r0
 448              		.loc 1 346 3 is_stmt 1 discriminator 2 view .LVU127
 449 000c 0123     		movs	r3, #1
 450 000e 80F82430 		strb	r3, [r0, #36]
 451              		.loc 1 346 3 discriminator 2 view .LVU128
 452              		.loc 1 354 3 discriminator 2 view .LVU129
 453              		.loc 1 354 12 is_stmt 0 discriminator 2 view .LVU130
 454 0012 836A     		ldr	r3, [r0, #40]
 455              		.loc 1 354 5 discriminator 2 view .LVU131
 456 0014 13F4807F 		tst	r3, #256
 457 0018 04D1     		bne	.L38
 458              		.loc 1 355 6 discriminator 1 view .LVU132
 459 001a 0368     		ldr	r3, [r0]
 460 001c 5B68     		ldr	r3, [r3, #4]
ARM GAS  C:\Users\Test\AppData\Local\Temp\ccNt31eg.s 			page 9


 461              		.loc 1 354 57 discriminator 1 view .LVU133
 462 001e 13F4806F 		tst	r3, #1024
 463 0022 08D0     		beq	.L45
 464              	.L38:
 465              		.loc 1 373 5 is_stmt 1 view .LVU134
 466 0024 A36A     		ldr	r3, [r4, #40]
 467 0026 43F02003 		orr	r3, r3, #32
 468 002a A362     		str	r3, [r4, #40]
 469              		.loc 1 375 5 view .LVU135
 470              	.LVL21:
 471              		.loc 1 375 20 is_stmt 0 view .LVU136
 472 002c 0120     		movs	r0, #1
 473              	.LVL22:
 474              	.L39:
 475              		.loc 1 379 3 is_stmt 1 view .LVU137
 476              		.loc 1 379 3 view .LVU138
 477 002e 0023     		movs	r3, #0
 478 0030 84F82430 		strb	r3, [r4, #36]
 479              		.loc 1 379 3 view .LVU139
 480              		.loc 1 382 3 view .LVU140
 481              		.loc 1 383 1 is_stmt 0 view .LVU141
 482 0034 10BD     		pop	{r4, pc}
 483              	.LVL23:
 484              	.L45:
 485              		.loc 1 359 5 is_stmt 1 view .LVU142
 486              		.loc 1 359 22 is_stmt 0 view .LVU143
 487 0036 074B     		ldr	r3, .L46
 488 0038 9847     		blx	r3
 489              	.LVL24:
 490              		.loc 1 362 5 is_stmt 1 view .LVU144
 491              		.loc 1 362 8 is_stmt 0 view .LVU145
 492 003a 0028     		cmp	r0, #0
 493 003c F7D1     		bne	.L39
 494              		.loc 1 365 7 is_stmt 1 view .LVU146
 495 003e A36A     		ldr	r3, [r4, #40]
 496 0040 23F48853 		bic	r3, r3, #4352
 497 0044 23F00103 		bic	r3, r3, #1
 498 0048 43F00103 		orr	r3, r3, #1
 499 004c A362     		str	r3, [r4, #40]
 500 004e EEE7     		b	.L39
 501              	.LVL25:
 502              	.L40:
 503              	.LCFI7:
 504              		.cfi_def_cfa_offset 0
 505              		.cfi_restore 4
 506              		.cfi_restore 14
 507              		.loc 1 346 3 is_stmt 0 view .LVU147
 508 0050 0220     		movs	r0, #2
 509              	.LVL26:
 510              		.loc 1 383 1 view .LVU148
 511 0052 7047     		bx	lr
 512              	.L47:
 513              		.align	2
 514              	.L46:
 515 0054 00000000 		.word	ADC_ConversionStop_Disable
 516              		.cfi_endproc
 517              	.LFE67:
ARM GAS  C:\Users\Test\AppData\Local\Temp\ccNt31eg.s 			page 10


 519              		.section	.text.HAL_ADCEx_InjectedPollForConversion,"ax",%progbits
 520              		.align	1
 521              		.global	HAL_ADCEx_InjectedPollForConversion
 522              		.syntax unified
 523              		.thumb
 524              		.thumb_func
 525              		.fpu softvfp
 527              	HAL_ADCEx_InjectedPollForConversion:
 528              	.LVL27:
 529              	.LFB68:
 530              		.loc 1 392 1 is_stmt 1 view -0
 531              		.cfi_startproc
 532              		@ args = 0, pretend = 0, frame = 8
 533              		@ frame_needed = 0, uses_anonymous_args = 0
 534              		.loc 1 392 1 is_stmt 0 view .LVU150
 535 0000 F0B5     		push	{r4, r5, r6, r7, lr}
 536              	.LCFI8:
 537              		.cfi_def_cfa_offset 20
 538              		.cfi_offset 4, -20
 539              		.cfi_offset 5, -16
 540              		.cfi_offset 6, -12
 541              		.cfi_offset 7, -8
 542              		.cfi_offset 14, -4
 543 0002 83B0     		sub	sp, sp, #12
 544              	.LCFI9:
 545              		.cfi_def_cfa_offset 32
 546 0004 0546     		mov	r5, r0
 547 0006 0C46     		mov	r4, r1
 548              		.loc 1 393 3 is_stmt 1 view .LVU151
 549              		.loc 1 397 3 view .LVU152
 550              		.loc 1 397 17 is_stmt 0 view .LVU153
 551 0008 0023     		movs	r3, #0
 552 000a 0193     		str	r3, [sp, #4]
 553              		.loc 1 398 3 is_stmt 1 view .LVU154
 554              	.LVL28:
 555              		.loc 1 401 3 view .LVU155
 556              		.loc 1 404 3 view .LVU156
 557              		.loc 1 404 15 is_stmt 0 view .LVU157
 558 000c 564B     		ldr	r3, .L80
 559 000e 9847     		blx	r3
 560              	.LVL29:
 561              		.loc 1 404 15 view .LVU158
 562 0010 0646     		mov	r6, r0
 563              	.LVL30:
 564              		.loc 1 422 3 is_stmt 1 view .LVU159
 565              		.loc 1 422 12 is_stmt 0 view .LVU160
 566 0012 2B68     		ldr	r3, [r5]
 567              		.loc 1 422 22 view .LVU161
 568 0014 9B6B     		ldr	r3, [r3, #56]
 569              		.loc 1 422 6 view .LVU162
 570 0016 13F4401F 		tst	r3, #3145728
 571 001a 1CD1     		bne	.L76
 572              	.LVL31:
 573              	.L51:
 574              		.loc 1 425 10 is_stmt 1 view .LVU163
 575              		.loc 1 425 11 is_stmt 0 view .LVU164
 576 001c 2B68     		ldr	r3, [r5]
ARM GAS  C:\Users\Test\AppData\Local\Temp\ccNt31eg.s 			page 11


 577 001e 1B68     		ldr	r3, [r3]
 578              		.loc 1 425 10 view .LVU165
 579 0020 13F0040F 		tst	r3, #4
 580 0024 6ED1     		bne	.L56
 581              		.loc 1 428 7 is_stmt 1 view .LVU166
 582              		.loc 1 428 9 is_stmt 0 view .LVU167
 583 0026 B4F1FF3F 		cmp	r4, #-1
 584 002a F7D0     		beq	.L51
 585              		.loc 1 430 9 is_stmt 1 view .LVU168
 586              		.loc 1 430 11 is_stmt 0 view .LVU169
 587 002c 6CB9     		cbnz	r4, .L77
 588              	.L52:
 589              		.loc 1 433 11 is_stmt 1 view .LVU170
 590              		.loc 1 433 14 is_stmt 0 view .LVU171
 591 002e 2B68     		ldr	r3, [r5]
 592 0030 1B68     		ldr	r3, [r3]
 593              		.loc 1 433 13 view .LVU172
 594 0032 13F0040F 		tst	r3, #4
 595 0036 F1D1     		bne	.L51
 596              		.loc 1 436 13 is_stmt 1 view .LVU173
 597 0038 AB6A     		ldr	r3, [r5, #40]
 598 003a 43F00403 		orr	r3, r3, #4
 599 003e AB62     		str	r3, [r5, #40]
 600              		.loc 1 439 13 view .LVU174
 601              		.loc 1 439 13 view .LVU175
 602 0040 0023     		movs	r3, #0
 603 0042 85F82430 		strb	r3, [r5, #36]
 604              		.loc 1 439 13 view .LVU176
 605              		.loc 1 441 13 view .LVU177
 606              		.loc 1 441 20 is_stmt 0 view .LVU178
 607 0046 0320     		movs	r0, #3
 608 0048 88E0     		b	.L54
 609              	.L77:
 610              		.loc 1 430 33 discriminator 1 view .LVU179
 611 004a 474B     		ldr	r3, .L80
 612 004c 9847     		blx	r3
 613              	.LVL32:
 614              		.loc 1 430 47 discriminator 1 view .LVU180
 615 004e 801B     		subs	r0, r0, r6
 616              		.loc 1 430 28 discriminator 1 view .LVU181
 617 0050 A042     		cmp	r0, r4
 618 0052 E3D9     		bls	.L51
 619 0054 EBE7     		b	.L52
 620              	.LVL33:
 621              	.L76:
 622              		.loc 1 453 5 is_stmt 1 view .LVU182
 623              		.loc 1 454 43 is_stmt 0 view .LVU183
 624 0056 454B     		ldr	r3, .L80+4
 625 0058 1F68     		ldr	r7, [r3]
 626              		.loc 1 454 45 view .LVU184
 627 005a 0220     		movs	r0, #2
 628              	.LVL34:
 629              		.loc 1 454 45 view .LVU185
 630 005c 444B     		ldr	r3, .L80+8
 631 005e 9847     		blx	r3
 632              	.LVL35:
 633              		.loc 1 454 43 view .LVU186
ARM GAS  C:\Users\Test\AppData\Local\Temp\ccNt31eg.s 			page 12


 634 0060 B7FBF0F7 		udiv	r7, r7, r0
 635              		.loc 1 455 44 view .LVU187
 636 0064 2B68     		ldr	r3, [r5]
 637 0066 1969     		ldr	r1, [r3, #16]
 638 0068 424A     		ldr	r2, .L80+12
 639 006a 1142     		tst	r1, r2
 640 006c 0ED1     		bne	.L57
 641              		.loc 1 455 44 discriminator 1 view .LVU188
 642 006e D968     		ldr	r1, [r3, #12]
 643 0070 02F15C42 		add	r2, r2, #-603979776
 644 0074 1142     		tst	r1, r2
 645 0076 09D1     		bne	.L57
 646              		.loc 1 455 44 discriminator 3 view .LVU189
 647 0078 1969     		ldr	r1, [r3, #16]
 648 007a 3F4A     		ldr	r2, .L80+16
 649 007c 1142     		tst	r1, r2
 650 007e 18D1     		bne	.L65
 651              		.loc 1 455 44 discriminator 5 view .LVU190
 652 0080 DA68     		ldr	r2, [r3, #12]
 653 0082 3E4B     		ldr	r3, .L80+20
 654 0084 1A42     		tst	r2, r3
 655 0086 16D0     		beq	.L66
 656              		.loc 1 455 44 view .LVU191
 657 0088 2923     		movs	r3, #41
 658 008a 19E0     		b	.L58
 659              	.L57:
 660              		.loc 1 455 44 discriminator 4 view .LVU192
 661 008c 1969     		ldr	r1, [r3, #16]
 662 008e 3A4A     		ldr	r2, .L80+16
 663 0090 1142     		tst	r1, r2
 664 0092 04D1     		bne	.L59
 665              		.loc 1 455 44 discriminator 11 view .LVU193
 666 0094 D968     		ldr	r1, [r3, #12]
 667 0096 02F16E42 		add	r2, r2, #-301989888
 668 009a 1142     		tst	r1, r2
 669 009c 0DD0     		beq	.L67
 670              	.L59:
 671              		.loc 1 455 44 discriminator 14 view .LVU194
 672 009e 1969     		ldr	r1, [r3, #16]
 673 00a0 374A     		ldr	r2, .L80+24
 674 00a2 0A40     		ands	r2, r2, r1
 675 00a4 5AB9     		cbnz	r2, .L68
 676              		.loc 1 455 44 discriminator 15 view .LVU195
 677 00a6 DA68     		ldr	r2, [r3, #12]
 678 00a8 354B     		ldr	r3, .L80+24
 679 00aa 1340     		ands	r3, r3, r2
 680 00ac 5BB1     		cbz	r3, .L69
 681              		.loc 1 455 44 view .LVU196
 682 00ae FC23     		movs	r3, #252
 683 00b0 06E0     		b	.L58
 684              	.L65:
 685 00b2 2923     		movs	r3, #41
 686 00b4 04E0     		b	.L58
 687              	.L66:
 688 00b6 1423     		movs	r3, #20
 689 00b8 02E0     		b	.L58
 690              	.L67:
ARM GAS  C:\Users\Test\AppData\Local\Temp\ccNt31eg.s 			page 13


 691 00ba 5423     		movs	r3, #84
 692 00bc 00E0     		b	.L58
 693              	.L68:
 694 00be FC23     		movs	r3, #252
 695              	.L58:
 696              		.loc 1 453 39 view .LVU197
 697 00c0 03FB07F7 		mul	r7, r3, r7
 698              	.LVL36:
 699              		.loc 1 457 5 is_stmt 1 view .LVU198
 700              		.loc 1 457 10 is_stmt 0 view .LVU199
 701 00c4 07E0     		b	.L60
 702              	.LVL37:
 703              	.L69:
 704              		.loc 1 455 44 view .LVU200
 705 00c6 5423     		movs	r3, #84
 706 00c8 FAE7     		b	.L58
 707              	.LVL38:
 708              	.L62:
 709              		.loc 1 465 11 is_stmt 1 view .LVU201
 710              		.loc 1 465 44 is_stmt 0 view .LVU202
 711 00ca 019B     		ldr	r3, [sp, #4]
 712              		.loc 1 465 13 view .LVU203
 713 00cc BB42     		cmp	r3, r7
 714 00ce 10D3     		bcc	.L78
 715              	.L61:
 716              		.loc 1 477 7 is_stmt 1 view .LVU204
 717              		.loc 1 477 37 is_stmt 0 view .LVU205
 718 00d0 019B     		ldr	r3, [sp, #4]
 719 00d2 0133     		adds	r3, r3, #1
 720 00d4 0193     		str	r3, [sp, #4]
 721              	.L60:
 722              		.loc 1 457 10 is_stmt 1 view .LVU206
 723              		.loc 1 457 41 is_stmt 0 view .LVU207
 724 00d6 019B     		ldr	r3, [sp, #4]
 725              		.loc 1 457 10 view .LVU208
 726 00d8 BB42     		cmp	r3, r7
 727 00da 13D2     		bcs	.L56
 728              		.loc 1 460 7 is_stmt 1 view .LVU209
 729              		.loc 1 460 9 is_stmt 0 view .LVU210
 730 00dc B4F1FF3F 		cmp	r4, #-1
 731 00e0 F6D0     		beq	.L61
 732              		.loc 1 462 9 is_stmt 1 view .LVU211
 733              		.loc 1 462 11 is_stmt 0 view .LVU212
 734 00e2 002C     		cmp	r4, #0
 735 00e4 F1D0     		beq	.L62
 736              		.loc 1 462 30 discriminator 1 view .LVU213
 737 00e6 204B     		ldr	r3, .L80
 738 00e8 9847     		blx	r3
 739              	.LVL39:
 740              		.loc 1 462 44 discriminator 1 view .LVU214
 741 00ea 801B     		subs	r0, r0, r6
 742              		.loc 1 462 26 discriminator 1 view .LVU215
 743 00ec A042     		cmp	r0, r4
 744 00ee EFD9     		bls	.L61
 745 00f0 EBE7     		b	.L62
 746              	.L78:
 747              		.loc 1 468 13 is_stmt 1 view .LVU216
ARM GAS  C:\Users\Test\AppData\Local\Temp\ccNt31eg.s 			page 14


 748 00f2 AB6A     		ldr	r3, [r5, #40]
 749 00f4 43F00403 		orr	r3, r3, #4
 750 00f8 AB62     		str	r3, [r5, #40]
 751              		.loc 1 471 13 view .LVU217
 752              		.loc 1 471 13 view .LVU218
 753 00fa 0023     		movs	r3, #0
 754 00fc 85F82430 		strb	r3, [r5, #36]
 755              		.loc 1 471 13 view .LVU219
 756              		.loc 1 473 13 view .LVU220
 757              		.loc 1 473 20 is_stmt 0 view .LVU221
 758 0100 0320     		movs	r0, #3
 759 0102 2BE0     		b	.L54
 760              	.LVL40:
 761              	.L56:
 762              		.loc 1 484 3 is_stmt 1 view .LVU222
 763 0104 2B68     		ldr	r3, [r5]
 764 0106 6FF00E02 		mvn	r2, #14
 765 010a 1A60     		str	r2, [r3]
 766              		.loc 1 487 3 view .LVU223
 767 010c AB6A     		ldr	r3, [r5, #40]
 768 010e 43F40053 		orr	r3, r3, #8192
 769 0112 AB62     		str	r3, [r5, #40]
 770              		.loc 1 492 3 view .LVU224
 771              		.loc 1 492 6 is_stmt 0 view .LVU225
 772 0114 2A68     		ldr	r2, [r5]
 773 0116 9368     		ldr	r3, [r2, #8]
 774 0118 03F4E043 		and	r3, r3, #28672
 775              		.loc 1 492 5 view .LVU226
 776 011c B3F5E04F 		cmp	r3, #28672
 777 0120 0DD0     		beq	.L64
 778              		.loc 1 493 7 discriminator 1 view .LVU227
 779 0122 5368     		ldr	r3, [r2, #4]
 780              		.loc 1 492 63 discriminator 1 view .LVU228
 781 0124 13F4806F 		tst	r3, #1024
 782 0128 17D1     		bne	.L70
 783              		.loc 1 494 7 view .LVU229
 784 012a 9368     		ldr	r3, [r2, #8]
 785 012c 03F46023 		and	r3, r3, #917504
 786              		.loc 1 493 58 view .LVU230
 787 0130 B3F5602F 		cmp	r3, #917504
 788 0134 01D0     		beq	.L79
 789              		.loc 1 507 10 view .LVU231
 790 0136 0020     		movs	r0, #0
 791 0138 10E0     		b	.L54
 792              	.L79:
 793              		.loc 1 495 18 view .LVU232
 794 013a 2B7B     		ldrb	r3, [r5, #12]	@ zero_extendqisi2
 795              		.loc 1 494 50 view .LVU233
 796 013c 83B9     		cbnz	r3, .L72
 797              	.L64:
 798              		.loc 1 498 5 is_stmt 1 view .LVU234
 799 013e AB6A     		ldr	r3, [r5, #40]
 800 0140 23F48053 		bic	r3, r3, #4096
 801 0144 AB62     		str	r3, [r5, #40]
 802              		.loc 1 500 5 view .LVU235
 803              		.loc 1 500 9 is_stmt 0 view .LVU236
 804 0146 AB6A     		ldr	r3, [r5, #40]
ARM GAS  C:\Users\Test\AppData\Local\Temp\ccNt31eg.s 			page 15


 805              		.loc 1 500 8 view .LVU237
 806 0148 13F4807F 		tst	r3, #256
 807 014c 0AD1     		bne	.L73
 808              		.loc 1 502 7 is_stmt 1 view .LVU238
 809 014e AB6A     		ldr	r3, [r5, #40]
 810 0150 43F00103 		orr	r3, r3, #1
 811 0154 AB62     		str	r3, [r5, #40]
 812              		.loc 1 507 10 is_stmt 0 view .LVU239
 813 0156 0020     		movs	r0, #0
 814 0158 00E0     		b	.L54
 815              	.L70:
 816              		.loc 1 507 10 view .LVU240
 817 015a 0020     		movs	r0, #0
 818              	.L54:
 819              		.loc 1 508 1 view .LVU241
 820 015c 03B0     		add	sp, sp, #12
 821              	.LCFI10:
 822              		.cfi_remember_state
 823              		.cfi_def_cfa_offset 20
 824              		@ sp needed
 825 015e F0BD     		pop	{r4, r5, r6, r7, pc}
 826              	.LVL41:
 827              	.L72:
 828              	.LCFI11:
 829              		.cfi_restore_state
 830              		.loc 1 507 10 view .LVU242
 831 0160 0020     		movs	r0, #0
 832 0162 FBE7     		b	.L54
 833              	.L73:
 834              		.loc 1 507 10 view .LVU243
 835 0164 0020     		movs	r0, #0
 836 0166 F9E7     		b	.L54
 837              	.L81:
 838              		.align	2
 839              	.L80:
 840 0168 00000000 		.word	HAL_GetTick
 841 016c 00000000 		.word	SystemCoreClock
 842 0170 00000000 		.word	HAL_RCCEx_GetPeriphCLKFreq
 843 0174 24499224 		.word	613566756
 844 0178 92244912 		.word	306783378
 845 017c 92244900 		.word	4793490
 846 0180 49922400 		.word	2396745
 847              		.cfi_endproc
 848              	.LFE68:
 850              		.section	.text.HAL_ADCEx_InjectedStart_IT,"ax",%progbits
 851              		.align	1
 852              		.global	HAL_ADCEx_InjectedStart_IT
 853              		.syntax unified
 854              		.thumb
 855              		.thumb_func
 856              		.fpu softvfp
 858              	HAL_ADCEx_InjectedStart_IT:
 859              	.LVL42:
 860              	.LFB69:
 861              		.loc 1 518 1 is_stmt 1 view -0
 862              		.cfi_startproc
 863              		@ args = 0, pretend = 0, frame = 0
ARM GAS  C:\Users\Test\AppData\Local\Temp\ccNt31eg.s 			page 16


 864              		@ frame_needed = 0, uses_anonymous_args = 0
 865              		.loc 1 519 3 view .LVU245
 866              		.loc 1 522 3 view .LVU246
 867              		.loc 1 525 3 view .LVU247
 868              		.loc 1 525 3 view .LVU248
 869 0000 90F82430 		ldrb	r3, [r0, #36]	@ zero_extendqisi2
 870 0004 012B     		cmp	r3, #1
 871 0006 57D0     		beq	.L91
 872              		.loc 1 518 1 is_stmt 0 discriminator 2 view .LVU249
 873 0008 10B5     		push	{r4, lr}
 874              	.LCFI12:
 875              		.cfi_def_cfa_offset 8
 876              		.cfi_offset 4, -8
 877              		.cfi_offset 14, -4
 878 000a 0446     		mov	r4, r0
 879              		.loc 1 525 3 is_stmt 1 discriminator 2 view .LVU250
 880 000c 0123     		movs	r3, #1
 881 000e 80F82430 		strb	r3, [r0, #36]
 882              		.loc 1 525 3 discriminator 2 view .LVU251
 883              		.loc 1 528 3 discriminator 2 view .LVU252
 884              		.loc 1 528 20 is_stmt 0 discriminator 2 view .LVU253
 885 0012 2A4B     		ldr	r3, .L99
 886 0014 9847     		blx	r3
 887              	.LVL43:
 888              		.loc 1 531 3 is_stmt 1 discriminator 2 view .LVU254
 889              		.loc 1 531 6 is_stmt 0 discriminator 2 view .LVU255
 890 0016 0028     		cmp	r0, #0
 891 0018 4AD1     		bne	.L84
 892              		.loc 1 536 5 is_stmt 1 view .LVU256
 893 001a A36A     		ldr	r3, [r4, #40]
 894 001c 23F44053 		bic	r3, r3, #12288
 895 0020 23F00103 		bic	r3, r3, #1
 896 0024 43F48053 		orr	r3, r3, #4096
 897 0028 A362     		str	r3, [r4, #40]
 898              		.loc 1 542 5 view .LVU257
 899              		.loc 1 542 9 is_stmt 0 view .LVU258
 900 002a 2268     		ldr	r2, [r4]
 901              		.loc 1 542 8 view .LVU259
 902 002c 244B     		ldr	r3, .L99+4
 903 002e 9A42     		cmp	r2, r3
 904 0030 24D0     		beq	.L96
 905              	.L85:
 906              		.loc 1 544 7 is_stmt 1 view .LVU260
 907 0032 A36A     		ldr	r3, [r4, #40]
 908 0034 23F48013 		bic	r3, r3, #1048576
 909 0038 A362     		str	r3, [r4, #40]
 910              	.L87:
 911              		.loc 1 555 5 view .LVU261
 912              		.loc 1 555 9 is_stmt 0 view .LVU262
 913 003a A36A     		ldr	r3, [r4, #40]
 914              		.loc 1 555 8 view .LVU263
 915 003c 13F4807F 		tst	r3, #256
 916 0040 01D1     		bne	.L88
 917              		.loc 1 558 7 is_stmt 1 view .LVU264
 918 0042 0023     		movs	r3, #0
 919 0044 E362     		str	r3, [r4, #44]
 920              	.L88:
ARM GAS  C:\Users\Test\AppData\Local\Temp\ccNt31eg.s 			page 17


 921              		.loc 1 564 5 view .LVU265
 922              		.loc 1 564 5 view .LVU266
 923 0046 0023     		movs	r3, #0
 924 0048 84F82430 		strb	r3, [r4, #36]
 925              		.loc 1 564 5 view .LVU267
 926              		.loc 1 568 5 view .LVU268
 927 004c 6FF00403 		mvn	r3, #4
 928 0050 1360     		str	r3, [r2]
 929              		.loc 1 571 5 view .LVU269
 930 0052 2268     		ldr	r2, [r4]
 931 0054 5368     		ldr	r3, [r2, #4]
 932 0056 43F08003 		orr	r3, r3, #128
 933 005a 5360     		str	r3, [r2, #4]
 934              		.loc 1 579 5 view .LVU270
 935              		.loc 1 579 9 is_stmt 0 view .LVU271
 936 005c 2368     		ldr	r3, [r4]
 937 005e 5A68     		ldr	r2, [r3, #4]
 938              		.loc 1 579 8 view .LVU272
 939 0060 12F4806F 		tst	r2, #1024
 940 0064 27D1     		bne	.L83
 941              		.loc 1 581 7 is_stmt 1 view .LVU273
 942              		.loc 1 581 11 is_stmt 0 view .LVU274
 943 0066 9A68     		ldr	r2, [r3, #8]
 944 0068 02F4E042 		and	r2, r2, #28672
 945              		.loc 1 581 10 view .LVU275
 946 006c B2F5E04F 		cmp	r2, #28672
 947 0070 0FD0     		beq	.L97
 948              	.L89:
 949              		.loc 1 590 9 is_stmt 1 view .LVU276
 950 0072 9A68     		ldr	r2, [r3, #8]
 951 0074 42F40042 		orr	r2, r2, #32768
 952 0078 9A60     		str	r2, [r3, #8]
 953 007a 1CE0     		b	.L83
 954              	.L96:
 955              		.loc 1 542 9 is_stmt 0 discriminator 1 view .LVU277
 956 007c A3F58063 		sub	r3, r3, #1024
 957 0080 5B68     		ldr	r3, [r3, #4]
 958 0082 13F4702F 		tst	r3, #983040
 959 0086 D4D0     		beq	.L85
 960              		.loc 1 548 7 is_stmt 1 view .LVU278
 961 0088 A36A     		ldr	r3, [r4, #40]
 962 008a 43F48013 		orr	r3, r3, #1048576
 963 008e A362     		str	r3, [r4, #40]
 964 0090 D3E7     		b	.L87
 965              	.L97:
 966              		.loc 1 581 52 is_stmt 0 discriminator 1 view .LVU279
 967 0092 0B4A     		ldr	r2, .L99+4
 968 0094 9342     		cmp	r3, r2
 969 0096 04D0     		beq	.L98
 970              	.L90:
 971              		.loc 1 585 9 is_stmt 1 view .LVU280
 972 0098 9A68     		ldr	r2, [r3, #8]
 973 009a 42F40212 		orr	r2, r2, #2129920
 974 009e 9A60     		str	r2, [r3, #8]
 975 00a0 09E0     		b	.L83
 976              	.L98:
 977              		.loc 1 582 11 is_stmt 0 discriminator 2 view .LVU281
ARM GAS  C:\Users\Test\AppData\Local\Temp\ccNt31eg.s 			page 18


 978 00a2 A2F58062 		sub	r2, r2, #1024
 979 00a6 5268     		ldr	r2, [r2, #4]
 980              		.loc 1 581 52 discriminator 2 view .LVU282
 981 00a8 12F4702F 		tst	r2, #983040
 982 00ac E1D1     		bne	.L89
 983 00ae F3E7     		b	.L90
 984              	.L84:
 985              		.loc 1 597 5 is_stmt 1 view .LVU283
 986              		.loc 1 597 5 view .LVU284
 987 00b0 0023     		movs	r3, #0
 988 00b2 84F82430 		strb	r3, [r4, #36]
 989              	.L83:
 990              		.loc 1 602 1 is_stmt 0 view .LVU285
 991 00b6 10BD     		pop	{r4, pc}
 992              	.LVL44:
 993              	.L91:
 994              	.LCFI13:
 995              		.cfi_def_cfa_offset 0
 996              		.cfi_restore 4
 997              		.cfi_restore 14
 998              		.loc 1 525 3 view .LVU286
 999 00b8 0220     		movs	r0, #2
 1000              	.LVL45:
 1001              		.loc 1 602 1 view .LVU287
 1002 00ba 7047     		bx	lr
 1003              	.L100:
 1004              		.align	2
 1005              	.L99:
 1006 00bc 00000000 		.word	ADC_Enable
 1007 00c0 00280140 		.word	1073817600
 1008              		.cfi_endproc
 1009              	.LFE69:
 1011              		.section	.text.HAL_ADCEx_InjectedStop_IT,"ax",%progbits
 1012              		.align	1
 1013              		.global	HAL_ADCEx_InjectedStop_IT
 1014              		.syntax unified
 1015              		.thumb
 1016              		.thumb_func
 1017              		.fpu softvfp
 1019              	HAL_ADCEx_InjectedStop_IT:
 1020              	.LVL46:
 1021              	.LFB70:
 1022              		.loc 1 617 1 is_stmt 1 view -0
 1023              		.cfi_startproc
 1024              		@ args = 0, pretend = 0, frame = 0
 1025              		@ frame_needed = 0, uses_anonymous_args = 0
 1026              		.loc 1 618 3 view .LVU289
 1027              		.loc 1 621 3 view .LVU290
 1028              		.loc 1 624 3 view .LVU291
 1029              		.loc 1 624 3 view .LVU292
 1030 0000 90F82430 		ldrb	r3, [r0, #36]	@ zero_extendqisi2
 1031 0004 012B     		cmp	r3, #1
 1032 0006 28D0     		beq	.L105
 1033              		.loc 1 617 1 is_stmt 0 discriminator 2 view .LVU293
 1034 0008 10B5     		push	{r4, lr}
 1035              	.LCFI14:
 1036              		.cfi_def_cfa_offset 8
ARM GAS  C:\Users\Test\AppData\Local\Temp\ccNt31eg.s 			page 19


 1037              		.cfi_offset 4, -8
 1038              		.cfi_offset 14, -4
 1039 000a 0446     		mov	r4, r0
 1040              		.loc 1 624 3 is_stmt 1 discriminator 2 view .LVU294
 1041 000c 0123     		movs	r3, #1
 1042 000e 80F82430 		strb	r3, [r0, #36]
 1043              		.loc 1 624 3 discriminator 2 view .LVU295
 1044              		.loc 1 632 3 discriminator 2 view .LVU296
 1045              		.loc 1 632 12 is_stmt 0 discriminator 2 view .LVU297
 1046 0012 836A     		ldr	r3, [r0, #40]
 1047              		.loc 1 632 5 discriminator 2 view .LVU298
 1048 0014 13F4807F 		tst	r3, #256
 1049 0018 04D1     		bne	.L103
 1050              		.loc 1 633 6 discriminator 1 view .LVU299
 1051 001a 0368     		ldr	r3, [r0]
 1052 001c 5B68     		ldr	r3, [r3, #4]
 1053              		.loc 1 632 57 discriminator 1 view .LVU300
 1054 001e 13F4806F 		tst	r3, #1024
 1055 0022 08D0     		beq	.L110
 1056              	.L103:
 1057              		.loc 1 654 5 is_stmt 1 view .LVU301
 1058 0024 A36A     		ldr	r3, [r4, #40]
 1059 0026 43F02003 		orr	r3, r3, #32
 1060 002a A362     		str	r3, [r4, #40]
 1061              		.loc 1 656 5 view .LVU302
 1062              	.LVL47:
 1063              		.loc 1 656 20 is_stmt 0 view .LVU303
 1064 002c 0120     		movs	r0, #1
 1065              	.LVL48:
 1066              	.L104:
 1067              		.loc 1 660 3 is_stmt 1 view .LVU304
 1068              		.loc 1 660 3 view .LVU305
 1069 002e 0023     		movs	r3, #0
 1070 0030 84F82430 		strb	r3, [r4, #36]
 1071              		.loc 1 660 3 view .LVU306
 1072              		.loc 1 663 3 view .LVU307
 1073              		.loc 1 664 1 is_stmt 0 view .LVU308
 1074 0034 10BD     		pop	{r4, pc}
 1075              	.LVL49:
 1076              	.L110:
 1077              		.loc 1 637 5 is_stmt 1 view .LVU309
 1078              		.loc 1 637 22 is_stmt 0 view .LVU310
 1079 0036 0A4B     		ldr	r3, .L111
 1080 0038 9847     		blx	r3
 1081              	.LVL50:
 1082              		.loc 1 640 5 is_stmt 1 view .LVU311
 1083              		.loc 1 640 8 is_stmt 0 view .LVU312
 1084 003a 0028     		cmp	r0, #0
 1085 003c F7D1     		bne	.L104
 1086              		.loc 1 643 7 is_stmt 1 view .LVU313
 1087 003e 2268     		ldr	r2, [r4]
 1088 0040 5368     		ldr	r3, [r2, #4]
 1089 0042 23F08003 		bic	r3, r3, #128
 1090 0046 5360     		str	r3, [r2, #4]
 1091              		.loc 1 646 7 view .LVU314
 1092 0048 A36A     		ldr	r3, [r4, #40]
 1093 004a 23F48853 		bic	r3, r3, #4352
ARM GAS  C:\Users\Test\AppData\Local\Temp\ccNt31eg.s 			page 20


 1094 004e 23F00103 		bic	r3, r3, #1
 1095 0052 43F00103 		orr	r3, r3, #1
 1096 0056 A362     		str	r3, [r4, #40]
 1097 0058 E9E7     		b	.L104
 1098              	.LVL51:
 1099              	.L105:
 1100              	.LCFI15:
 1101              		.cfi_def_cfa_offset 0
 1102              		.cfi_restore 4
 1103              		.cfi_restore 14
 1104              		.loc 1 624 3 is_stmt 0 view .LVU315
 1105 005a 0220     		movs	r0, #2
 1106              	.LVL52:
 1107              		.loc 1 664 1 view .LVU316
 1108 005c 7047     		bx	lr
 1109              	.L112:
 1110 005e 00BF     		.align	2
 1111              	.L111:
 1112 0060 00000000 		.word	ADC_ConversionStop_Disable
 1113              		.cfi_endproc
 1114              	.LFE70:
 1116              		.section	.text.HAL_ADCEx_MultiModeStart_DMA,"ax",%progbits
 1117              		.align	1
 1118              		.global	HAL_ADCEx_MultiModeStart_DMA
 1119              		.syntax unified
 1120              		.thumb
 1121              		.thumb_func
 1122              		.fpu softvfp
 1124              	HAL_ADCEx_MultiModeStart_DMA:
 1125              	.LVL53:
 1126              	.LFB71:
 1127              		.loc 1 686 1 is_stmt 1 view -0
 1128              		.cfi_startproc
 1129              		@ args = 0, pretend = 0, frame = 48
 1130              		@ frame_needed = 0, uses_anonymous_args = 0
 1131              		.loc 1 686 1 is_stmt 0 view .LVU318
 1132 0000 F0B5     		push	{r4, r5, r6, r7, lr}
 1133              	.LCFI16:
 1134              		.cfi_def_cfa_offset 20
 1135              		.cfi_offset 4, -20
 1136              		.cfi_offset 5, -16
 1137              		.cfi_offset 6, -12
 1138              		.cfi_offset 7, -8
 1139              		.cfi_offset 14, -4
 1140 0002 8DB0     		sub	sp, sp, #52
 1141              	.LCFI17:
 1142              		.cfi_def_cfa_offset 72
 1143 0004 0446     		mov	r4, r0
 1144 0006 0D46     		mov	r5, r1
 1145 0008 1646     		mov	r6, r2
 1146              		.loc 1 687 3 is_stmt 1 view .LVU319
 1147              	.LVL54:
 1148              		.loc 1 688 3 view .LVU320
 1149              		.loc 1 688 21 is_stmt 0 view .LVU321
 1150 000a 3022     		movs	r2, #48
 1151              	.LVL55:
 1152              		.loc 1 688 21 view .LVU322
ARM GAS  C:\Users\Test\AppData\Local\Temp\ccNt31eg.s 			page 21


 1153 000c 0021     		movs	r1, #0
 1154              	.LVL56:
 1155              		.loc 1 688 21 view .LVU323
 1156 000e 6846     		mov	r0, sp
 1157              	.LVL57:
 1158              		.loc 1 688 21 view .LVU324
 1159 0010 364B     		ldr	r3, .L124
 1160 0012 9847     		blx	r3
 1161              	.LVL58:
 1162              		.loc 1 691 3 is_stmt 1 view .LVU325
 1163              		.loc 1 692 3 view .LVU326
 1164              		.loc 1 695 3 view .LVU327
 1165              		.loc 1 695 3 view .LVU328
 1166 0014 94F82430 		ldrb	r3, [r4, #36]	@ zero_extendqisi2
 1167 0018 012B     		cmp	r3, #1
 1168 001a 65D0     		beq	.L120
 1169              		.loc 1 695 3 discriminator 2 view .LVU329
 1170 001c 0123     		movs	r3, #1
 1171 001e 84F82430 		strb	r3, [r4, #36]
 1172              		.loc 1 695 3 discriminator 2 view .LVU330
 1173              		.loc 1 698 3 discriminator 2 view .LVU331
 1174 0022 334B     		ldr	r3, .L124+4
 1175 0024 0093     		str	r3, [sp]
 1176              		.loc 1 704 3 discriminator 2 view .LVU332
 1177              		.loc 1 704 7 is_stmt 0 discriminator 2 view .LVU333
 1178 0026 9868     		ldr	r0, [r3, #8]
 1179 0028 00F46020 		and	r0, r0, #917504
 1180              		.loc 1 704 5 discriminator 2 view .LVU334
 1181 002c B0F5602F 		cmp	r0, #917504
 1182 0030 0AD0     		beq	.L115
 1183              		.loc 1 707 5 is_stmt 1 view .LVU335
 1184 0032 A36A     		ldr	r3, [r4, #40]
 1185 0034 43F02003 		orr	r3, r3, #32
 1186 0038 A362     		str	r3, [r4, #40]
 1187              		.loc 1 710 5 view .LVU336
 1188              		.loc 1 710 5 view .LVU337
 1189 003a 0023     		movs	r3, #0
 1190 003c 84F82430 		strb	r3, [r4, #36]
 1191              		.loc 1 710 5 view .LVU338
 1192              		.loc 1 712 5 view .LVU339
 1193              		.loc 1 712 12 is_stmt 0 view .LVU340
 1194 0040 0127     		movs	r7, #1
 1195              	.LVL59:
 1196              	.L114:
 1197              		.loc 1 796 1 view .LVU341
 1198 0042 3846     		mov	r0, r7
 1199 0044 0DB0     		add	sp, sp, #52
 1200              	.LCFI18:
 1201              		.cfi_remember_state
 1202              		.cfi_def_cfa_offset 20
 1203              		@ sp needed
 1204 0046 F0BD     		pop	{r4, r5, r6, r7, pc}
 1205              	.LVL60:
 1206              	.L115:
 1207              	.LCFI19:
 1208              		.cfi_restore_state
 1209              		.loc 1 717 3 is_stmt 1 view .LVU342
ARM GAS  C:\Users\Test\AppData\Local\Temp\ccNt31eg.s 			page 22


 1210              		.loc 1 717 20 is_stmt 0 view .LVU343
 1211 0048 2046     		mov	r0, r4
 1212 004a 2A4B     		ldr	r3, .L124+8
 1213 004c 9847     		blx	r3
 1214              	.LVL61:
 1215              		.loc 1 718 3 is_stmt 1 view .LVU344
 1216              		.loc 1 718 6 is_stmt 0 view .LVU345
 1217 004e 0746     		mov	r7, r0
 1218 0050 0028     		cmp	r0, #0
 1219 0052 3BD0     		beq	.L122
 1220              	.LVL62:
 1221              	.L116:
 1222              		.loc 1 724 3 is_stmt 1 view .LVU346
 1223              		.loc 1 724 6 is_stmt 0 view .LVU347
 1224 0054 002F     		cmp	r7, #0
 1225 0056 43D1     		bne	.L117
 1226              		.loc 1 729 5 is_stmt 1 view .LVU348
 1227 0058 A26A     		ldr	r2, [r4, #40]
 1228 005a 274B     		ldr	r3, .L124+12
 1229 005c 1340     		ands	r3, r3, r2
 1230 005e 43F48073 		orr	r3, r3, #256
 1231 0062 A362     		str	r3, [r4, #40]
 1232              		.loc 1 735 5 view .LVU349
 1233              		.loc 1 735 9 is_stmt 0 view .LVU350
 1234 0064 2368     		ldr	r3, [r4]
 1235 0066 5B68     		ldr	r3, [r3, #4]
 1236              		.loc 1 735 8 view .LVU351
 1237 0068 13F4806F 		tst	r3, #1024
 1238 006c 05D0     		beq	.L118
 1239              		.loc 1 737 7 is_stmt 1 view .LVU352
 1240 006e A36A     		ldr	r3, [r4, #40]
 1241 0070 23F44053 		bic	r3, r3, #12288
 1242 0074 43F48053 		orr	r3, r3, #4096
 1243 0078 A362     		str	r3, [r4, #40]
 1244              	.L118:
 1245              		.loc 1 743 5 view .LVU353
 1246              		.loc 1 743 5 view .LVU354
 1247 007a 0023     		movs	r3, #0
 1248 007c 84F82430 		strb	r3, [r4, #36]
 1249              		.loc 1 743 5 view .LVU355
 1250              		.loc 1 746 5 view .LVU356
 1251 0080 E362     		str	r3, [r4, #44]
 1252              		.loc 1 750 5 view .LVU357
 1253              		.loc 1 750 9 is_stmt 0 view .LVU358
 1254 0082 236A     		ldr	r3, [r4, #32]
 1255              		.loc 1 750 40 view .LVU359
 1256 0084 1D4A     		ldr	r2, .L124+16
 1257 0086 9A62     		str	r2, [r3, #40]
 1258              		.loc 1 753 5 is_stmt 1 view .LVU360
 1259              		.loc 1 753 9 is_stmt 0 view .LVU361
 1260 0088 236A     		ldr	r3, [r4, #32]
 1261              		.loc 1 753 44 view .LVU362
 1262 008a 1D4A     		ldr	r2, .L124+20
 1263 008c DA62     		str	r2, [r3, #44]
 1264              		.loc 1 756 5 is_stmt 1 view .LVU363
 1265              		.loc 1 756 9 is_stmt 0 view .LVU364
 1266 008e 236A     		ldr	r3, [r4, #32]
ARM GAS  C:\Users\Test\AppData\Local\Temp\ccNt31eg.s 			page 23


 1267              		.loc 1 756 41 view .LVU365
 1268 0090 1C4A     		ldr	r2, .L124+24
 1269 0092 1A63     		str	r2, [r3, #48]
 1270              		.loc 1 764 5 is_stmt 1 view .LVU366
 1271 0094 2368     		ldr	r3, [r4]
 1272 0096 6FF00202 		mvn	r2, #2
 1273 009a 1A60     		str	r2, [r3]
 1274              		.loc 1 767 5 view .LVU367
 1275 009c 2268     		ldr	r2, [r4]
 1276 009e 9368     		ldr	r3, [r2, #8]
 1277 00a0 43F48073 		orr	r3, r3, #256
 1278 00a4 9360     		str	r3, [r2, #8]
 1279              		.loc 1 770 5 view .LVU368
 1280              		.loc 1 770 55 is_stmt 0 view .LVU369
 1281 00a6 2168     		ldr	r1, [r4]
 1282              		.loc 1 770 5 view .LVU370
 1283 00a8 3346     		mov	r3, r6
 1284 00aa 2A46     		mov	r2, r5
 1285 00ac 4C31     		adds	r1, r1, #76
 1286 00ae 206A     		ldr	r0, [r4, #32]
 1287 00b0 154D     		ldr	r5, .L124+28
 1288              	.LVL63:
 1289              		.loc 1 770 5 view .LVU371
 1290 00b2 A847     		blx	r5
 1291              	.LVL64:
 1292              		.loc 1 777 5 is_stmt 1 view .LVU372
 1293              		.loc 1 777 9 is_stmt 0 view .LVU373
 1294 00b4 2368     		ldr	r3, [r4]
 1295 00b6 9A68     		ldr	r2, [r3, #8]
 1296 00b8 02F46022 		and	r2, r2, #917504
 1297              		.loc 1 777 8 view .LVU374
 1298 00bc B2F5602F 		cmp	r2, #917504
 1299 00c0 09D0     		beq	.L123
 1300              		.loc 1 785 7 is_stmt 1 view .LVU375
 1301 00c2 9A68     		ldr	r2, [r3, #8]
 1302 00c4 42F48012 		orr	r2, r2, #1048576
 1303 00c8 9A60     		str	r2, [r3, #8]
 1304 00ca BAE7     		b	.L114
 1305              	.LVL65:
 1306              	.L122:
 1307              		.loc 1 720 5 view .LVU376
 1308              		.loc 1 720 22 is_stmt 0 view .LVU377
 1309 00cc 6846     		mov	r0, sp
 1310              	.LVL66:
 1311              		.loc 1 720 22 view .LVU378
 1312 00ce 094B     		ldr	r3, .L124+8
 1313 00d0 9847     		blx	r3
 1314              	.LVL67:
 1315 00d2 0746     		mov	r7, r0
 1316              	.LVL68:
 1317              		.loc 1 720 22 view .LVU379
 1318 00d4 BEE7     		b	.L116
 1319              	.LVL69:
 1320              	.L123:
 1321              		.loc 1 780 7 is_stmt 1 view .LVU380
 1322 00d6 9A68     		ldr	r2, [r3, #8]
 1323 00d8 42F4A002 		orr	r2, r2, #5242880
ARM GAS  C:\Users\Test\AppData\Local\Temp\ccNt31eg.s 			page 24


 1324 00dc 9A60     		str	r2, [r3, #8]
 1325 00de B0E7     		b	.L114
 1326              	.LVL70:
 1327              	.L117:
 1328              		.loc 1 791 5 view .LVU381
 1329              		.loc 1 791 5 view .LVU382
 1330 00e0 0023     		movs	r3, #0
 1331 00e2 84F82430 		strb	r3, [r4, #36]
 1332 00e6 ACE7     		b	.L114
 1333              	.LVL71:
 1334              	.L120:
 1335              		.loc 1 695 3 is_stmt 0 view .LVU383
 1336 00e8 0227     		movs	r7, #2
 1337 00ea AAE7     		b	.L114
 1338              	.L125:
 1339              		.align	2
 1340              	.L124:
 1341 00ec 00000000 		.word	memset
 1342 00f0 00280140 		.word	1073817600
 1343 00f4 00000000 		.word	ADC_Enable
 1344 00f8 FEFCEFFF 		.word	-1049346
 1345 00fc 00000000 		.word	ADC_DMAConvCplt
 1346 0100 00000000 		.word	ADC_DMAHalfConvCplt
 1347 0104 00000000 		.word	ADC_DMAError
 1348 0108 00000000 		.word	HAL_DMA_Start_IT
 1349              		.cfi_endproc
 1350              	.LFE71:
 1352              		.section	.text.HAL_ADCEx_MultiModeStop_DMA,"ax",%progbits
 1353              		.align	1
 1354              		.global	HAL_ADCEx_MultiModeStop_DMA
 1355              		.syntax unified
 1356              		.thumb
 1357              		.thumb_func
 1358              		.fpu softvfp
 1360              	HAL_ADCEx_MultiModeStop_DMA:
 1361              	.LVL72:
 1362              	.LFB72:
 1363              		.loc 1 812 1 is_stmt 1 view -0
 1364              		.cfi_startproc
 1365              		@ args = 0, pretend = 0, frame = 48
 1366              		@ frame_needed = 0, uses_anonymous_args = 0
 1367              		.loc 1 812 1 is_stmt 0 view .LVU385
 1368 0000 10B5     		push	{r4, lr}
 1369              	.LCFI20:
 1370              		.cfi_def_cfa_offset 8
 1371              		.cfi_offset 4, -8
 1372              		.cfi_offset 14, -4
 1373 0002 8CB0     		sub	sp, sp, #48
 1374              	.LCFI21:
 1375              		.cfi_def_cfa_offset 56
 1376 0004 0446     		mov	r4, r0
 1377              		.loc 1 813 3 is_stmt 1 view .LVU386
 1378              	.LVL73:
 1379              		.loc 1 814 3 view .LVU387
 1380              		.loc 1 814 21 is_stmt 0 view .LVU388
 1381 0006 3022     		movs	r2, #48
 1382 0008 0021     		movs	r1, #0
ARM GAS  C:\Users\Test\AppData\Local\Temp\ccNt31eg.s 			page 25


 1383 000a 6846     		mov	r0, sp
 1384              	.LVL74:
 1385              		.loc 1 814 21 view .LVU389
 1386 000c 1C4B     		ldr	r3, .L133
 1387 000e 9847     		blx	r3
 1388              	.LVL75:
 1389              		.loc 1 817 3 is_stmt 1 view .LVU390
 1390              		.loc 1 820 3 view .LVU391
 1391              		.loc 1 820 3 view .LVU392
 1392 0010 94F82430 		ldrb	r3, [r4, #36]	@ zero_extendqisi2
 1393 0014 012B     		cmp	r3, #1
 1394 0016 30D0     		beq	.L130
 1395              		.loc 1 820 3 discriminator 2 view .LVU393
 1396 0018 0123     		movs	r3, #1
 1397 001a 84F82430 		strb	r3, [r4, #36]
 1398              		.loc 1 820 3 discriminator 2 view .LVU394
 1399              		.loc 1 824 3 discriminator 2 view .LVU395
 1400              		.loc 1 824 20 is_stmt 0 discriminator 2 view .LVU396
 1401 001e 2046     		mov	r0, r4
 1402 0020 184B     		ldr	r3, .L133+4
 1403 0022 9847     		blx	r3
 1404              	.LVL76:
 1405              		.loc 1 827 3 is_stmt 1 discriminator 2 view .LVU397
 1406              		.loc 1 827 5 is_stmt 0 discriminator 2 view .LVU398
 1407 0024 20B1     		cbz	r0, .L132
 1408              	.L128:
 1409              		.loc 1 864 3 is_stmt 1 view .LVU399
 1410              		.loc 1 864 3 view .LVU400
 1411 0026 0023     		movs	r3, #0
 1412 0028 84F82430 		strb	r3, [r4, #36]
 1413              		.loc 1 864 3 view .LVU401
 1414              		.loc 1 867 3 view .LVU402
 1415              	.LVL77:
 1416              	.L127:
 1417              		.loc 1 868 1 is_stmt 0 view .LVU403
 1418 002c 0CB0     		add	sp, sp, #48
 1419              	.LCFI22:
 1420              		.cfi_remember_state
 1421              		.cfi_def_cfa_offset 8
 1422              		@ sp needed
 1423 002e 10BD     		pop	{r4, pc}
 1424              	.LVL78:
 1425              	.L132:
 1426              	.LCFI23:
 1427              		.cfi_restore_state
 1428              		.loc 1 830 5 is_stmt 1 view .LVU404
 1429 0030 154B     		ldr	r3, .L133+8
 1430 0032 0093     		str	r3, [sp]
 1431              		.loc 1 833 5 view .LVU405
 1432              		.loc 1 833 22 is_stmt 0 view .LVU406
 1433 0034 6846     		mov	r0, sp
 1434              	.LVL79:
 1435              		.loc 1 833 22 view .LVU407
 1436 0036 134B     		ldr	r3, .L133+4
 1437 0038 9847     		blx	r3
 1438              	.LVL80:
 1439              		.loc 1 836 5 is_stmt 1 view .LVU408
ARM GAS  C:\Users\Test\AppData\Local\Temp\ccNt31eg.s 			page 26


 1440              		.loc 1 836 7 is_stmt 0 view .LVU409
 1441 003a 40B1     		cbz	r0, .L129
 1442              		.loc 1 839 7 is_stmt 1 view .LVU410
 1443 003c A36A     		ldr	r3, [r4, #40]
 1444 003e 43F01003 		orr	r3, r3, #16
 1445 0042 A362     		str	r3, [r4, #40]
 1446              		.loc 1 842 7 view .LVU411
 1447              		.loc 1 842 7 view .LVU412
 1448 0044 0023     		movs	r3, #0
 1449 0046 84F82430 		strb	r3, [r4, #36]
 1450              		.loc 1 842 7 view .LVU413
 1451              		.loc 1 844 7 view .LVU414
 1452              		.loc 1 844 14 is_stmt 0 view .LVU415
 1453 004a 0120     		movs	r0, #1
 1454              	.LVL81:
 1455              		.loc 1 844 14 view .LVU416
 1456 004c EEE7     		b	.L127
 1457              	.LVL82:
 1458              	.L129:
 1459              		.loc 1 848 5 is_stmt 1 view .LVU417
 1460 004e 2268     		ldr	r2, [r4]
 1461 0050 9368     		ldr	r3, [r2, #8]
 1462 0052 23F48073 		bic	r3, r3, #256
 1463 0056 9360     		str	r3, [r2, #8]
 1464              		.loc 1 851 5 view .LVU418
 1465 0058 2268     		ldr	r2, [r4]
 1466 005a 5368     		ldr	r3, [r2, #4]
 1467 005c 23F47023 		bic	r3, r3, #983040
 1468 0060 5360     		str	r3, [r2, #4]
 1469              		.loc 1 855 5 view .LVU419
 1470              		.loc 1 855 22 is_stmt 0 view .LVU420
 1471 0062 206A     		ldr	r0, [r4, #32]
 1472              	.LVL83:
 1473              		.loc 1 855 22 view .LVU421
 1474 0064 094B     		ldr	r3, .L133+12
 1475 0066 9847     		blx	r3
 1476              	.LVL84:
 1477              		.loc 1 858 5 is_stmt 1 view .LVU422
 1478 0068 A36A     		ldr	r3, [r4, #40]
 1479 006a 23F48853 		bic	r3, r3, #4352
 1480 006e 23F00103 		bic	r3, r3, #1
 1481 0072 43F00103 		orr	r3, r3, #1
 1482 0076 A362     		str	r3, [r4, #40]
 1483 0078 D5E7     		b	.L128
 1484              	.LVL85:
 1485              	.L130:
 1486              		.loc 1 820 3 is_stmt 0 view .LVU423
 1487 007a 0220     		movs	r0, #2
 1488 007c D6E7     		b	.L127
 1489              	.L134:
 1490 007e 00BF     		.align	2
 1491              	.L133:
 1492 0080 00000000 		.word	memset
 1493 0084 00000000 		.word	ADC_ConversionStop_Disable
 1494 0088 00280140 		.word	1073817600
 1495 008c 00000000 		.word	HAL_DMA_Abort
 1496              		.cfi_endproc
ARM GAS  C:\Users\Test\AppData\Local\Temp\ccNt31eg.s 			page 27


 1497              	.LFE72:
 1499              		.section	.text.HAL_ADCEx_InjectedGetValue,"ax",%progbits
 1500              		.align	1
 1501              		.global	HAL_ADCEx_InjectedGetValue
 1502              		.syntax unified
 1503              		.thumb
 1504              		.thumb_func
 1505              		.fpu softvfp
 1507              	HAL_ADCEx_InjectedGetValue:
 1508              	.LVL86:
 1509              	.LFB73:
 1510              		.loc 1 900 1 is_stmt 1 view -0
 1511              		.cfi_startproc
 1512              		@ args = 0, pretend = 0, frame = 0
 1513              		@ frame_needed = 0, uses_anonymous_args = 0
 1514              		@ link register save eliminated.
 1515              		.loc 1 901 3 view .LVU425
 1516              		.loc 1 904 3 view .LVU426
 1517              		.loc 1 905 3 view .LVU427
 1518              		.loc 1 908 3 view .LVU428
 1519 0000 0329     		cmp	r1, #3
 1520 0002 09D0     		beq	.L136
 1521 0004 0429     		cmp	r1, #4
 1522 0006 04D0     		beq	.L137
 1523 0008 0229     		cmp	r1, #2
 1524 000a 08D0     		beq	.L142
 1525              		.loc 1 921 7 view .LVU429
 1526              		.loc 1 921 21 is_stmt 0 view .LVU430
 1527 000c 0368     		ldr	r3, [r0]
 1528              		.loc 1 921 15 view .LVU431
 1529 000e D86B     		ldr	r0, [r3, #60]
 1530              	.LVL87:
 1531              		.loc 1 922 7 is_stmt 1 view .LVU432
 1532              		.loc 1 926 3 view .LVU433
 1533              		.loc 1 927 1 is_stmt 0 view .LVU434
 1534 0010 7047     		bx	lr
 1535              	.LVL88:
 1536              	.L137:
 1537              		.loc 1 911 7 is_stmt 1 view .LVU435
 1538              		.loc 1 911 21 is_stmt 0 view .LVU436
 1539 0012 0368     		ldr	r3, [r0]
 1540              		.loc 1 911 15 view .LVU437
 1541 0014 986C     		ldr	r0, [r3, #72]
 1542              	.LVL89:
 1543              		.loc 1 912 7 is_stmt 1 view .LVU438
 1544 0016 7047     		bx	lr
 1545              	.LVL90:
 1546              	.L136:
 1547              		.loc 1 914 7 view .LVU439
 1548              		.loc 1 914 21 is_stmt 0 view .LVU440
 1549 0018 0368     		ldr	r3, [r0]
 1550              		.loc 1 914 15 view .LVU441
 1551 001a 586C     		ldr	r0, [r3, #68]
 1552              	.LVL91:
 1553              		.loc 1 915 7 is_stmt 1 view .LVU442
 1554 001c 7047     		bx	lr
 1555              	.LVL92:
ARM GAS  C:\Users\Test\AppData\Local\Temp\ccNt31eg.s 			page 28


 1556              	.L142:
 1557              		.loc 1 917 7 view .LVU443
 1558              		.loc 1 917 21 is_stmt 0 view .LVU444
 1559 001e 0368     		ldr	r3, [r0]
 1560              		.loc 1 917 15 view .LVU445
 1561 0020 186C     		ldr	r0, [r3, #64]
 1562              	.LVL93:
 1563              		.loc 1 918 7 is_stmt 1 view .LVU446
 1564 0022 7047     		bx	lr
 1565              		.cfi_endproc
 1566              	.LFE73:
 1568              		.section	.text.HAL_ADCEx_MultiModeGetValue,"ax",%progbits
 1569              		.align	1
 1570              		.global	HAL_ADCEx_MultiModeGetValue
 1571              		.syntax unified
 1572              		.thumb
 1573              		.thumb_func
 1574              		.fpu softvfp
 1576              	HAL_ADCEx_MultiModeGetValue:
 1577              	.LVL94:
 1578              	.LFB74:
 1579              		.loc 1 937 1 view -0
 1580              		.cfi_startproc
 1581              		@ args = 0, pretend = 0, frame = 0
 1582              		@ frame_needed = 0, uses_anonymous_args = 0
 1583              		@ link register save eliminated.
 1584              		.loc 1 938 3 view .LVU448
 1585              		.loc 1 941 3 view .LVU449
 1586              		.loc 1 944 3 view .LVU450
 1587              		.loc 1 951 3 view .LVU451
 1588              		.loc 1 951 15 is_stmt 0 view .LVU452
 1589 0000 0368     		ldr	r3, [r0]
 1590              		.loc 1 951 9 view .LVU453
 1591 0002 D86C     		ldr	r0, [r3, #76]
 1592              	.LVL95:
 1593              		.loc 1 953 3 is_stmt 1 view .LVU454
 1594              		.loc 1 953 7 is_stmt 0 view .LVU455
 1595 0004 044B     		ldr	r3, .L145
 1596 0006 9B68     		ldr	r3, [r3, #8]
 1597              		.loc 1 953 6 view .LVU456
 1598 0008 13F4807F 		tst	r3, #256
 1599 000c 03D1     		bne	.L143
 1600              		.loc 1 955 5 is_stmt 1 view .LVU457
 1601              		.loc 1 955 19 is_stmt 0 view .LVU458
 1602 000e 034B     		ldr	r3, .L145+4
 1603 0010 DB6C     		ldr	r3, [r3, #76]
 1604              		.loc 1 955 11 view .LVU459
 1605 0012 40EA0340 		orr	r0, r0, r3, lsl #16
 1606              	.LVL96:
 1607              		.loc 1 959 3 is_stmt 1 view .LVU460
 1608              	.L143:
 1609              		.loc 1 960 1 is_stmt 0 view .LVU461
 1610 0016 7047     		bx	lr
 1611              	.L146:
 1612              		.align	2
 1613              	.L145:
 1614 0018 00240140 		.word	1073816576
ARM GAS  C:\Users\Test\AppData\Local\Temp\ccNt31eg.s 			page 29


 1615 001c 00280140 		.word	1073817600
 1616              		.cfi_endproc
 1617              	.LFE74:
 1619              		.section	.text.HAL_ADCEx_InjectedConvCpltCallback,"ax",%progbits
 1620              		.align	1
 1621              		.weak	HAL_ADCEx_InjectedConvCpltCallback
 1622              		.syntax unified
 1623              		.thumb
 1624              		.thumb_func
 1625              		.fpu softvfp
 1627              	HAL_ADCEx_InjectedConvCpltCallback:
 1628              	.LVL97:
 1629              	.LFB75:
 1630              		.loc 1 969 1 is_stmt 1 view -0
 1631              		.cfi_startproc
 1632              		@ args = 0, pretend = 0, frame = 0
 1633              		@ frame_needed = 0, uses_anonymous_args = 0
 1634              		@ link register save eliminated.
 1635              		.loc 1 971 3 view .LVU463
 1636              		.loc 1 975 1 is_stmt 0 view .LVU464
 1637 0000 7047     		bx	lr
 1638              		.cfi_endproc
 1639              	.LFE75:
 1641              		.section	.text.HAL_ADCEx_InjectedConfigChannel,"ax",%progbits
 1642              		.align	1
 1643              		.global	HAL_ADCEx_InjectedConfigChannel
 1644              		.syntax unified
 1645              		.thumb
 1646              		.thumb_func
 1647              		.fpu softvfp
 1649              	HAL_ADCEx_InjectedConfigChannel:
 1650              	.LVL98:
 1651              	.LFB76:
 1652              		.loc 1 1011 1 is_stmt 1 view -0
 1653              		.cfi_startproc
 1654              		@ args = 0, pretend = 0, frame = 8
 1655              		@ frame_needed = 0, uses_anonymous_args = 0
 1656              		@ link register save eliminated.
 1657              		.loc 1 1011 1 is_stmt 0 view .LVU466
 1658 0000 70B4     		push	{r4, r5, r6}
 1659              	.LCFI24:
 1660              		.cfi_def_cfa_offset 12
 1661              		.cfi_offset 4, -12
 1662              		.cfi_offset 5, -8
 1663              		.cfi_offset 6, -4
 1664 0002 83B0     		sub	sp, sp, #12
 1665              	.LCFI25:
 1666              		.cfi_def_cfa_offset 24
 1667 0004 0346     		mov	r3, r0
 1668              		.loc 1 1012 3 is_stmt 1 view .LVU467
 1669              	.LVL99:
 1670              		.loc 1 1013 3 view .LVU468
 1671              		.loc 1 1013 17 is_stmt 0 view .LVU469
 1672 0006 0022     		movs	r2, #0
 1673 0008 0192     		str	r2, [sp, #4]
 1674              		.loc 1 1016 3 is_stmt 1 view .LVU470
 1675              		.loc 1 1017 3 view .LVU471
ARM GAS  C:\Users\Test\AppData\Local\Temp\ccNt31eg.s 			page 30


 1676              		.loc 1 1018 3 view .LVU472
 1677              		.loc 1 1019 3 view .LVU473
 1678              		.loc 1 1020 3 view .LVU474
 1679              		.loc 1 1021 3 view .LVU475
 1680              		.loc 1 1023 3 view .LVU476
 1681              		.loc 1 1023 16 is_stmt 0 view .LVU477
 1682 000a 8068     		ldr	r0, [r0, #8]
 1683              	.LVL100:
 1684              		.loc 1 1025 5 is_stmt 1 view .LVU478
 1685              		.loc 1 1026 5 view .LVU479
 1686              		.loc 1 1027 5 view .LVU480
 1687              		.loc 1 1031 3 view .LVU481
 1688              		.loc 1 1031 3 view .LVU482
 1689 000c 93F82420 		ldrb	r2, [r3, #36]	@ zero_extendqisi2
 1690 0010 012A     		cmp	r2, #1
 1691 0012 00F00181 		beq	.L170
 1692              		.loc 1 1031 3 discriminator 2 view .LVU483
 1693 0016 0122     		movs	r2, #1
 1694 0018 83F82420 		strb	r2, [r3, #36]
 1695              		.loc 1 1031 3 discriminator 2 view .LVU484
 1696              		.loc 1 1042 3 discriminator 2 view .LVU485
 1697              		.loc 1 1042 6 is_stmt 0 discriminator 2 view .LVU486
 1698 001c 0028     		cmp	r0, #0
 1699 001e 4ED1     		bne	.L150
 1700              		.loc 1 1044 5 is_stmt 1 view .LVU487
 1701              		.loc 1 1044 24 is_stmt 0 view .LVU488
 1702 0020 4A68     		ldr	r2, [r1, #4]
 1703              		.loc 1 1044 8 view .LVU489
 1704 0022 012A     		cmp	r2, #1
 1705 0024 41D0     		beq	.L172
 1706              		.loc 1 1062 7 is_stmt 1 view .LVU490
 1707 0026 9A6A     		ldr	r2, [r3, #40]
 1708 0028 42F02002 		orr	r2, r2, #32
 1709 002c 9A62     		str	r2, [r3, #40]
 1710              		.loc 1 1064 7 view .LVU491
 1711              	.LVL101:
 1712              		.loc 1 1064 22 is_stmt 0 view .LVU492
 1713 002e 0120     		movs	r0, #1
 1714              	.LVL102:
 1715              	.L152:
 1716              		.loc 1 1111 3 is_stmt 1 view .LVU493
 1717              		.loc 1 1111 7 is_stmt 0 view .LVU494
 1718 0030 1C68     		ldr	r4, [r3]
 1719 0032 A268     		ldr	r2, [r4, #8]
 1720              		.loc 1 1111 6 view .LVU495
 1721 0034 12F0010F 		tst	r2, #1
 1722 0038 07D1     		bne	.L154
 1723              		.loc 1 1113 5 is_stmt 1 view .LVU496
 1724 003a A268     		ldr	r2, [r4, #8]
 1725 003c 22F4E042 		bic	r2, r2, #28672
 1726 0040 22F00102 		bic	r2, r2, #1
 1727 0044 8D69     		ldr	r5, [r1, #24]
 1728 0046 2A43     		orrs	r2, r2, r5
 1729 0048 A260     		str	r2, [r4, #8]
 1730              	.L154:
 1731              		.loc 1 1126 5 view .LVU497
 1732              		.loc 1 1126 24 is_stmt 0 view .LVU498
ARM GAS  C:\Users\Test\AppData\Local\Temp\ccNt31eg.s 			page 31


 1733 004a 4A7D     		ldrb	r2, [r1, #21]	@ zero_extendqisi2
 1734              		.loc 1 1126 8 view .LVU499
 1735 004c 012A     		cmp	r2, #1
 1736 004e 61D0     		beq	.L173
 1737              	.LVL103:
 1738              	.L155:
 1739              		.loc 1 1143 5 is_stmt 1 view .LVU500
 1740              		.loc 1 1143 24 is_stmt 0 view .LVU501
 1741 0050 0A7D     		ldrb	r2, [r1, #20]	@ zero_extendqisi2
 1742              		.loc 1 1143 8 view .LVU502
 1743 0052 012A     		cmp	r2, #1
 1744 0054 6ED0     		beq	.L174
 1745              	.LVL104:
 1746              	.L157:
 1747              		.loc 1 1161 3 is_stmt 1 view .LVU503
 1748              		.loc 1 1161 22 is_stmt 0 view .LVU504
 1749 0056 0A68     		ldr	r2, [r1]
 1750              		.loc 1 1161 6 view .LVU505
 1751 0058 092A     		cmp	r2, #9
 1752 005a 79D9     		bls	.L159
 1753              		.loc 1 1163 5 is_stmt 1 view .LVU506
 1754 005c 1D68     		ldr	r5, [r3]
 1755 005e EC68     		ldr	r4, [r5, #12]
 1756 0060 02EB4202 		add	r2, r2, r2, lsl #1
 1757 0064 1E3A     		subs	r2, r2, #30
 1758 0066 4FF0070C 		mov	ip, #7
 1759 006a 0CFA02FC 		lsl	ip, ip, r2
 1760 006e 24EA0C04 		bic	r4, r4, ip
 1761 0072 8E68     		ldr	r6, [r1, #8]
 1762 0074 06FA02F2 		lsl	r2, r6, r2
 1763 0078 2243     		orrs	r2, r2, r4
 1764 007a EA60     		str	r2, [r5, #12]
 1765              	.L160:
 1766              		.loc 1 1176 3 view .LVU507
 1767              		.loc 1 1176 23 is_stmt 0 view .LVU508
 1768 007c 0A68     		ldr	r2, [r1]
 1769              		.loc 1 1176 68 view .LVU509
 1770 007e 103A     		subs	r2, r2, #16
 1771              		.loc 1 1176 6 view .LVU510
 1772 0080 012A     		cmp	r2, #1
 1773 0082 75D9     		bls	.L175
 1774              	.L161:
 1775              		.loc 1 1184 3 is_stmt 1 view .LVU511
 1776              		.loc 1 1184 25 is_stmt 0 view .LVU512
 1777 0084 4A68     		ldr	r2, [r1, #4]
 1778              		.loc 1 1184 3 view .LVU513
 1779 0086 022A     		cmp	r2, #2
 1780 0088 00F08B80 		beq	.L162
 1781 008c 032A     		cmp	r2, #3
 1782 008e 00F09280 		beq	.L163
 1783 0092 012A     		cmp	r2, #1
 1784 0094 72D0     		beq	.L176
 1785              		.loc 1 1206 7 is_stmt 1 view .LVU514
 1786 0096 1C68     		ldr	r4, [r3]
 1787 0098 226A     		ldr	r2, [r4, #32]
 1788 009a 22F47F62 		bic	r2, r2, #4080
 1789 009e 22F00F02 		bic	r2, r2, #15
ARM GAS  C:\Users\Test\AppData\Local\Temp\ccNt31eg.s 			page 32


 1790 00a2 CD68     		ldr	r5, [r1, #12]
 1791 00a4 2A43     		orrs	r2, r2, r5
 1792 00a6 2262     		str	r2, [r4, #32]
 1793              		.loc 1 1209 7 view .LVU515
 1794 00a8 71E0     		b	.L165
 1795              	.LVL105:
 1796              	.L172:
 1797              		.loc 1 1047 7 view .LVU516
 1798 00aa 1868     		ldr	r0, [r3]
 1799 00ac 826B     		ldr	r2, [r0, #56]
 1800 00ae 920D     		lsrs	r2, r2, #22
 1801 00b0 9205     		lsls	r2, r2, #22
 1802 00b2 0C68     		ldr	r4, [r1]
 1803 00b4 42EAC432 		orr	r2, r2, r4, lsl #15
 1804 00b8 8263     		str	r2, [r0, #56]
 1805              		.loc 1 1012 21 is_stmt 0 view .LVU517
 1806 00ba 0020     		movs	r0, #0
 1807 00bc B8E7     		b	.L152
 1808              	.L150:
 1809              		.loc 1 1072 5 is_stmt 1 view .LVU518
 1810              		.loc 1 1072 24 is_stmt 0 view .LVU519
 1811 00be 4A68     		ldr	r2, [r1, #4]
 1812              		.loc 1 1072 57 view .LVU520
 1813 00c0 0C69     		ldr	r4, [r1, #16]
 1814              		.loc 1 1072 8 view .LVU521
 1815 00c2 A242     		cmp	r2, r4
 1816 00c4 16D8     		bhi	.L153
 1817              		.loc 1 1076 7 is_stmt 1 view .LVU522
 1818 00c6 1E68     		ldr	r6, [r3]
 1819 00c8 B56B     		ldr	r5, [r6, #56]
 1820 00ca 121B     		subs	r2, r2, r4
 1821 00cc 02EB8202 		add	r2, r2, r2, lsl #2
 1822 00d0 02F10F00 		add	r0, r2, #15
 1823 00d4 1F22     		movs	r2, #31
 1824 00d6 8240     		lsls	r2, r2, r0
 1825 00d8 42F44012 		orr	r2, r2, #3145728
 1826 00dc 25EA0205 		bic	r5, r5, r2
 1827 00e0 621E     		subs	r2, r4, #1
 1828 00e2 0C68     		ldr	r4, [r1]
 1829 00e4 04FA00F0 		lsl	r0, r4, r0
 1830 00e8 40EA0252 		orr	r2, r0, r2, lsl #20
 1831 00ec 2A43     		orrs	r2, r2, r5
 1832 00ee B263     		str	r2, [r6, #56]
 1833              		.loc 1 1012 21 is_stmt 0 view .LVU523
 1834 00f0 0020     		movs	r0, #0
 1835 00f2 9DE7     		b	.L152
 1836              	.L153:
 1837              		.loc 1 1091 7 is_stmt 1 view .LVU524
 1838 00f4 1E68     		ldr	r6, [r3]
 1839 00f6 B56B     		ldr	r5, [r6, #56]
 1840 00f8 121B     		subs	r2, r2, r4
 1841 00fa 02EB8202 		add	r2, r2, r2, lsl #2
 1842 00fe 0F32     		adds	r2, r2, #15
 1843 0100 1F20     		movs	r0, #31
 1844 0102 00FA02F2 		lsl	r2, r0, r2
 1845 0106 42F44012 		orr	r2, r2, #3145728
 1846 010a 25EA0202 		bic	r2, r5, r2
ARM GAS  C:\Users\Test\AppData\Local\Temp\ccNt31eg.s 			page 33


 1847 010e B263     		str	r2, [r6, #56]
 1848              		.loc 1 1012 21 is_stmt 0 view .LVU525
 1849 0110 0020     		movs	r0, #0
 1850 0112 8DE7     		b	.L152
 1851              	.LVL106:
 1852              	.L173:
 1853              		.loc 1 1128 7 is_stmt 1 view .LVU526
 1854              		.loc 1 1128 26 is_stmt 0 view .LVU527
 1855 0114 8C69     		ldr	r4, [r1, #24]
 1856              		.loc 1 1128 10 view .LVU528
 1857 0116 B4F5E04F 		cmp	r4, #28672
 1858 011a 05D0     		beq	.L177
 1859              		.loc 1 1135 9 is_stmt 1 view .LVU529
 1860 011c 986A     		ldr	r0, [r3, #40]
 1861              	.LVL107:
 1862              		.loc 1 1135 9 is_stmt 0 view .LVU530
 1863 011e 40F02000 		orr	r0, r0, #32
 1864 0122 9862     		str	r0, [r3, #40]
 1865              		.loc 1 1137 9 is_stmt 1 view .LVU531
 1866              	.LVL108:
 1867              		.loc 1 1137 24 is_stmt 0 view .LVU532
 1868 0124 1046     		mov	r0, r2
 1869 0126 93E7     		b	.L155
 1870              	.LVL109:
 1871              	.L177:
 1872              		.loc 1 1130 9 is_stmt 1 view .LVU533
 1873 0128 1C68     		ldr	r4, [r3]
 1874 012a 6268     		ldr	r2, [r4, #4]
 1875 012c 42F48062 		orr	r2, r2, #1024
 1876 0130 6260     		str	r2, [r4, #4]
 1877 0132 8DE7     		b	.L155
 1878              	.L174:
 1879              		.loc 1 1145 7 view .LVU534
 1880              		.loc 1 1145 26 is_stmt 0 view .LVU535
 1881 0134 4C7D     		ldrb	r4, [r1, #21]	@ zero_extendqisi2
 1882              		.loc 1 1145 10 view .LVU536
 1883 0136 2CB9     		cbnz	r4, .L158
 1884              		.loc 1 1147 9 is_stmt 1 view .LVU537
 1885 0138 1C68     		ldr	r4, [r3]
 1886 013a 6268     		ldr	r2, [r4, #4]
 1887 013c 42F48052 		orr	r2, r2, #4096
 1888 0140 6260     		str	r2, [r4, #4]
 1889 0142 88E7     		b	.L157
 1890              	.L158:
 1891              		.loc 1 1152 9 view .LVU538
 1892 0144 986A     		ldr	r0, [r3, #40]
 1893              	.LVL110:
 1894              		.loc 1 1152 9 is_stmt 0 view .LVU539
 1895 0146 40F02000 		orr	r0, r0, #32
 1896 014a 9862     		str	r0, [r3, #40]
 1897              		.loc 1 1154 9 is_stmt 1 view .LVU540
 1898              	.LVL111:
 1899              		.loc 1 1154 24 is_stmt 0 view .LVU541
 1900 014c 1046     		mov	r0, r2
 1901 014e 82E7     		b	.L157
 1902              	.LVL112:
 1903              	.L159:
ARM GAS  C:\Users\Test\AppData\Local\Temp\ccNt31eg.s 			page 34


 1904              		.loc 1 1169 5 is_stmt 1 view .LVU542
 1905 0150 1D68     		ldr	r5, [r3]
 1906 0152 2C69     		ldr	r4, [r5, #16]
 1907 0154 02EB4202 		add	r2, r2, r2, lsl #1
 1908 0158 4FF0070C 		mov	ip, #7
 1909 015c 0CFA02FC 		lsl	ip, ip, r2
 1910 0160 24EA0C04 		bic	r4, r4, ip
 1911 0164 8E68     		ldr	r6, [r1, #8]
 1912 0166 06FA02F2 		lsl	r2, r6, r2
 1913 016a 2243     		orrs	r2, r2, r4
 1914 016c 2A61     		str	r2, [r5, #16]
 1915 016e 85E7     		b	.L160
 1916              	.L175:
 1917              		.loc 1 1179 5 view .LVU543
 1918 0170 1C68     		ldr	r4, [r3]
 1919 0172 A268     		ldr	r2, [r4, #8]
 1920 0174 42F40002 		orr	r2, r2, #8388608
 1921 0178 A260     		str	r2, [r4, #8]
 1922 017a 83E7     		b	.L161
 1923              	.L176:
 1924              		.loc 1 1188 7 view .LVU544
 1925 017c 1C68     		ldr	r4, [r3]
 1926 017e 6269     		ldr	r2, [r4, #20]
 1927 0180 22F47F62 		bic	r2, r2, #4080
 1928 0184 22F00F02 		bic	r2, r2, #15
 1929 0188 CD68     		ldr	r5, [r1, #12]
 1930 018a 2A43     		orrs	r2, r2, r5
 1931 018c 6261     		str	r2, [r4, #20]
 1932              		.loc 1 1191 7 view .LVU545
 1933              	.L165:
 1934              		.loc 1 1214 3 view .LVU546
 1935              		.loc 1 1214 23 is_stmt 0 view .LVU547
 1936 018e 0A68     		ldr	r2, [r1]
 1937              		.loc 1 1214 68 view .LVU548
 1938 0190 103A     		subs	r2, r2, #16
 1939              		.loc 1 1214 6 view .LVU549
 1940 0192 012A     		cmp	r2, #1
 1941 0194 19D9     		bls	.L178
 1942              	.LVL113:
 1943              	.L166:
 1944              		.loc 1 1248 3 is_stmt 1 view .LVU550
 1945              		.loc 1 1248 3 view .LVU551
 1946 0196 0022     		movs	r2, #0
 1947 0198 83F82420 		strb	r2, [r3, #36]
 1948              		.loc 1 1248 3 view .LVU552
 1949              		.loc 1 1251 3 view .LVU553
 1950              	.LVL114:
 1951              	.L149:
 1952              		.loc 1 1252 1 is_stmt 0 view .LVU554
 1953 019c 03B0     		add	sp, sp, #12
 1954              	.LCFI26:
 1955              		.cfi_remember_state
 1956              		.cfi_def_cfa_offset 12
 1957              		@ sp needed
 1958 019e 70BC     		pop	{r4, r5, r6}
 1959              	.LCFI27:
 1960              		.cfi_restore 6
ARM GAS  C:\Users\Test\AppData\Local\Temp\ccNt31eg.s 			page 35


 1961              		.cfi_restore 5
 1962              		.cfi_restore 4
 1963              		.cfi_def_cfa_offset 0
 1964 01a0 7047     		bx	lr
 1965              	.LVL115:
 1966              	.L162:
 1967              	.LCFI28:
 1968              		.cfi_restore_state
 1969              		.loc 1 1194 7 is_stmt 1 view .LVU555
 1970 01a2 1C68     		ldr	r4, [r3]
 1971 01a4 A269     		ldr	r2, [r4, #24]
 1972 01a6 22F47F62 		bic	r2, r2, #4080
 1973 01aa 22F00F02 		bic	r2, r2, #15
 1974 01ae CD68     		ldr	r5, [r1, #12]
 1975 01b0 2A43     		orrs	r2, r2, r5
 1976 01b2 A261     		str	r2, [r4, #24]
 1977              		.loc 1 1197 7 view .LVU556
 1978 01b4 EBE7     		b	.L165
 1979              	.L163:
 1980              		.loc 1 1200 7 view .LVU557
 1981 01b6 1C68     		ldr	r4, [r3]
 1982 01b8 E269     		ldr	r2, [r4, #28]
 1983 01ba 22F47F62 		bic	r2, r2, #4080
 1984 01be 22F00F02 		bic	r2, r2, #15
 1985 01c2 CD68     		ldr	r5, [r1, #12]
 1986 01c4 2A43     		orrs	r2, r2, r5
 1987 01c6 E261     		str	r2, [r4, #28]
 1988              		.loc 1 1203 7 view .LVU558
 1989 01c8 E1E7     		b	.L165
 1990              	.L178:
 1991              		.loc 1 1220 5 view .LVU559
 1992              		.loc 1 1220 13 is_stmt 0 view .LVU560
 1993 01ca 1A68     		ldr	r2, [r3]
 1994              		.loc 1 1220 8 view .LVU561
 1995 01cc 134C     		ldr	r4, .L180
 1996 01ce A242     		cmp	r2, r4
 1997 01d0 05D0     		beq	.L179
 1998              		.loc 1 1241 7 is_stmt 1 view .LVU562
 1999 01d2 9A6A     		ldr	r2, [r3, #40]
 2000 01d4 42F02002 		orr	r2, r2, #32
 2001 01d8 9A62     		str	r2, [r3, #40]
 2002              		.loc 1 1243 7 view .LVU563
 2003              	.LVL116:
 2004              		.loc 1 1243 22 is_stmt 0 view .LVU564
 2005 01da 0120     		movs	r0, #1
 2006 01dc DBE7     		b	.L166
 2007              	.LVL117:
 2008              	.L179:
 2009              		.loc 1 1222 7 is_stmt 1 view .LVU565
 2010              		.loc 1 1222 11 is_stmt 0 view .LVU566
 2011 01de 9468     		ldr	r4, [r2, #8]
 2012              		.loc 1 1222 10 view .LVU567
 2013 01e0 14F4000F 		tst	r4, #8388608
 2014 01e4 D7D1     		bne	.L166
 2015              		.loc 1 1224 9 is_stmt 1 view .LVU568
 2016 01e6 9468     		ldr	r4, [r2, #8]
 2017 01e8 44F40004 		orr	r4, r4, #8388608
ARM GAS  C:\Users\Test\AppData\Local\Temp\ccNt31eg.s 			page 36


 2018 01ec 9460     		str	r4, [r2, #8]
 2019              		.loc 1 1226 9 view .LVU569
 2020              		.loc 1 1226 29 is_stmt 0 view .LVU570
 2021 01ee 0A68     		ldr	r2, [r1]
 2022              		.loc 1 1226 12 view .LVU571
 2023 01f0 102A     		cmp	r2, #16
 2024 01f2 D0D1     		bne	.L166
 2025              		.loc 1 1230 11 is_stmt 1 view .LVU572
 2026              		.loc 1 1230 73 is_stmt 0 view .LVU573
 2027 01f4 0A4A     		ldr	r2, .L180+4
 2028 01f6 1268     		ldr	r2, [r2]
 2029 01f8 0A49     		ldr	r1, .L180+8
 2030              	.LVL118:
 2031              		.loc 1 1230 73 view .LVU574
 2032 01fa A1FB0212 		umull	r1, r2, r1, r2
 2033 01fe 920C     		lsrs	r2, r2, #18
 2034              		.loc 1 1230 54 view .LVU575
 2035 0200 02EB8202 		add	r2, r2, r2, lsl #2
 2036 0204 5200     		lsls	r2, r2, #1
 2037              		.loc 1 1230 27 view .LVU576
 2038 0206 0192     		str	r2, [sp, #4]
 2039              		.loc 1 1231 11 is_stmt 1 view .LVU577
 2040              		.loc 1 1231 16 is_stmt 0 view .LVU578
 2041 0208 02E0     		b	.L168
 2042              	.L169:
 2043              		.loc 1 1233 13 is_stmt 1 view .LVU579
 2044              		.loc 1 1233 28 is_stmt 0 view .LVU580
 2045 020a 019A     		ldr	r2, [sp, #4]
 2046 020c 013A     		subs	r2, r2, #1
 2047 020e 0192     		str	r2, [sp, #4]
 2048              	.L168:
 2049              		.loc 1 1231 16 is_stmt 1 view .LVU581
 2050              		.loc 1 1231 33 is_stmt 0 view .LVU582
 2051 0210 019A     		ldr	r2, [sp, #4]
 2052              		.loc 1 1231 16 view .LVU583
 2053 0212 002A     		cmp	r2, #0
 2054 0214 F9D1     		bne	.L169
 2055 0216 BEE7     		b	.L166
 2056              	.LVL119:
 2057              	.L170:
 2058              		.loc 1 1031 3 view .LVU584
 2059 0218 0220     		movs	r0, #2
 2060 021a BFE7     		b	.L149
 2061              	.L181:
 2062              		.align	2
 2063              	.L180:
 2064 021c 00240140 		.word	1073816576
 2065 0220 00000000 		.word	SystemCoreClock
 2066 0224 83DE1B43 		.word	1125899907
 2067              		.cfi_endproc
 2068              	.LFE76:
 2070              		.section	.text.HAL_ADCEx_MultiModeConfigChannel,"ax",%progbits
 2071              		.align	1
 2072              		.global	HAL_ADCEx_MultiModeConfigChannel
 2073              		.syntax unified
 2074              		.thumb
 2075              		.thumb_func
ARM GAS  C:\Users\Test\AppData\Local\Temp\ccNt31eg.s 			page 37


 2076              		.fpu softvfp
 2078              	HAL_ADCEx_MultiModeConfigChannel:
 2079              	.LVL120:
 2080              	.LFB77:
 2081              		.loc 1 1272 1 is_stmt 1 view -0
 2082              		.cfi_startproc
 2083              		@ args = 0, pretend = 0, frame = 48
 2084              		@ frame_needed = 0, uses_anonymous_args = 0
 2085              		.loc 1 1272 1 is_stmt 0 view .LVU586
 2086 0000 30B5     		push	{r4, r5, lr}
 2087              	.LCFI29:
 2088              		.cfi_def_cfa_offset 12
 2089              		.cfi_offset 4, -12
 2090              		.cfi_offset 5, -8
 2091              		.cfi_offset 14, -4
 2092 0002 8DB0     		sub	sp, sp, #52
 2093              	.LCFI30:
 2094              		.cfi_def_cfa_offset 64
 2095 0004 0446     		mov	r4, r0
 2096 0006 0D46     		mov	r5, r1
 2097              		.loc 1 1273 3 is_stmt 1 view .LVU587
 2098              	.LVL121:
 2099              		.loc 1 1274 3 view .LVU588
 2100              		.loc 1 1274 21 is_stmt 0 view .LVU589
 2101 0008 3022     		movs	r2, #48
 2102 000a 0021     		movs	r1, #0
 2103              	.LVL122:
 2104              		.loc 1 1274 21 view .LVU590
 2105 000c 6846     		mov	r0, sp
 2106              	.LVL123:
 2107              		.loc 1 1274 21 view .LVU591
 2108 000e 164B     		ldr	r3, .L189
 2109 0010 9847     		blx	r3
 2110              	.LVL124:
 2111              		.loc 1 1277 3 is_stmt 1 view .LVU592
 2112              		.loc 1 1278 3 view .LVU593
 2113              		.loc 1 1281 3 view .LVU594
 2114              		.loc 1 1281 3 view .LVU595
 2115 0012 94F82430 		ldrb	r3, [r4, #36]	@ zero_extendqisi2
 2116 0016 012B     		cmp	r3, #1
 2117 0018 23D0     		beq	.L186
 2118              		.loc 1 1281 3 discriminator 2 view .LVU596
 2119 001a 0123     		movs	r3, #1
 2120 001c 84F82430 		strb	r3, [r4, #36]
 2121              		.loc 1 1281 3 discriminator 2 view .LVU597
 2122              		.loc 1 1284 3 discriminator 2 view .LVU598
 2123 0020 124B     		ldr	r3, .L189+4
 2124 0022 0093     		str	r3, [sp]
 2125              		.loc 1 1294 3 discriminator 2 view .LVU599
 2126              		.loc 1 1294 8 is_stmt 0 discriminator 2 view .LVU600
 2127 0024 2368     		ldr	r3, [r4]
 2128 0026 9A68     		ldr	r2, [r3, #8]
 2129              		.loc 1 1294 6 discriminator 2 view .LVU601
 2130 0028 12F0010F 		tst	r2, #1
 2131 002c 07D1     		bne	.L184
 2132              		.loc 1 1295 8 discriminator 1 view .LVU602
 2133 002e 0F4A     		ldr	r2, .L189+4
ARM GAS  C:\Users\Test\AppData\Local\Temp\ccNt31eg.s 			page 38


 2134 0030 9268     		ldr	r2, [r2, #8]
 2135              		.loc 1 1294 58 discriminator 1 view .LVU603
 2136 0032 12F0010F 		tst	r2, #1
 2137 0036 02D1     		bne	.L184
 2138              		.loc 1 1295 58 view .LVU604
 2139 0038 0D4A     		ldr	r2, .L189+8
 2140 003a 9342     		cmp	r3, r2
 2141 003c 09D0     		beq	.L188
 2142              	.L184:
 2143              		.loc 1 1307 5 is_stmt 1 view .LVU605
 2144 003e A36A     		ldr	r3, [r4, #40]
 2145 0040 43F02003 		orr	r3, r3, #32
 2146 0044 A362     		str	r3, [r4, #40]
 2147              		.loc 1 1309 5 view .LVU606
 2148              	.LVL125:
 2149              		.loc 1 1309 20 is_stmt 0 view .LVU607
 2150 0046 0120     		movs	r0, #1
 2151              	.LVL126:
 2152              	.L185:
 2153              		.loc 1 1314 3 is_stmt 1 view .LVU608
 2154              		.loc 1 1314 3 view .LVU609
 2155 0048 0023     		movs	r3, #0
 2156 004a 84F82430 		strb	r3, [r4, #36]
 2157              		.loc 1 1314 3 view .LVU610
 2158              		.loc 1 1317 3 view .LVU611
 2159              	.LVL127:
 2160              	.L183:
 2161              		.loc 1 1318 1 is_stmt 0 view .LVU612
 2162 004e 0DB0     		add	sp, sp, #52
 2163              	.LCFI31:
 2164              		.cfi_remember_state
 2165              		.cfi_def_cfa_offset 12
 2166              		@ sp needed
 2167 0050 30BD     		pop	{r4, r5, pc}
 2168              	.LVL128:
 2169              	.L188:
 2170              	.LCFI32:
 2171              		.cfi_restore_state
 2172              		.loc 1 1298 5 is_stmt 1 view .LVU613
 2173 0052 5A68     		ldr	r2, [r3, #4]
 2174 0054 22F47022 		bic	r2, r2, #983040
 2175 0058 2968     		ldr	r1, [r5]
 2176 005a 0A43     		orrs	r2, r2, r1
 2177 005c 5A60     		str	r2, [r3, #4]
 2178              		.loc 1 1273 21 is_stmt 0 view .LVU614
 2179 005e 0020     		movs	r0, #0
 2180              		.loc 1 1298 5 view .LVU615
 2181 0060 F2E7     		b	.L185
 2182              	.L186:
 2183              		.loc 1 1281 3 view .LVU616
 2184 0062 0220     		movs	r0, #2
 2185 0064 F3E7     		b	.L183
 2186              	.L190:
 2187 0066 00BF     		.align	2
 2188              	.L189:
 2189 0068 00000000 		.word	memset
 2190 006c 00280140 		.word	1073817600
ARM GAS  C:\Users\Test\AppData\Local\Temp\ccNt31eg.s 			page 39


 2191 0070 00240140 		.word	1073816576
 2192              		.cfi_endproc
 2193              	.LFE77:
 2195              		.text
 2196              	.Letext0:
 2197              		.file 2 "../c:\\users\\test\\desktop\\gnu mcu\\arm-none-eabi-gcc-10.2.1-1.1\\arm-none-eabi\\includ
 2198              		.file 3 "../c:\\users\\test\\desktop\\gnu mcu\\arm-none-eabi-gcc-10.2.1-1.1\\arm-none-eabi\\includ
 2199              		.file 4 "../Drivers/CMSIS/Device/ST/STM32F1xx/Include/stm32f103x6.h"
 2200              		.file 5 "../Drivers/CMSIS/Device/ST/STM32F1xx/Include/stm32f1xx.h"
 2201              		.file 6 "../Drivers/STM32F1xx_HAL_Driver/Inc/stm32f1xx_hal_def.h"
 2202              		.file 7 "../Drivers/STM32F1xx_HAL_Driver/Inc/stm32f1xx_hal_dma.h"
 2203              		.file 8 "../Drivers/STM32F1xx_HAL_Driver/Inc/stm32f1xx_hal_adc.h"
 2204              		.file 9 "../Drivers/STM32F1xx_HAL_Driver/Inc/stm32f1xx_hal_adc_ex.h"
 2205              		.file 10 "../Drivers/CMSIS/Device/ST/STM32F1xx/Include/system_stm32f1xx.h"
 2206              		.file 11 "../Drivers/STM32F1xx_HAL_Driver/Inc/stm32f1xx_hal.h"
 2207              		.file 12 "../Drivers/STM32F1xx_HAL_Driver/Inc/stm32f1xx_hal_rcc_ex.h"
 2208              		.file 13 "../<built-in>"
ARM GAS  C:\Users\Test\AppData\Local\Temp\ccNt31eg.s 			page 40


DEFINED SYMBOLS
                            *ABS*:0000000000000000 stm32f1xx_hal_adc_ex.c
C:\Users\Test\AppData\Local\Temp\ccNt31eg.s:16     .text.HAL_ADCEx_Calibration_Start:0000000000000000 $t
C:\Users\Test\AppData\Local\Temp\ccNt31eg.s:24     .text.HAL_ADCEx_Calibration_Start:0000000000000000 HAL_ADCEx_Calibration_Start
C:\Users\Test\AppData\Local\Temp\ccNt31eg.s:255    .text.HAL_ADCEx_Calibration_Start:00000000000000fc $d
C:\Users\Test\AppData\Local\Temp\ccNt31eg.s:264    .text.HAL_ADCEx_InjectedStart:0000000000000000 $t
C:\Users\Test\AppData\Local\Temp\ccNt31eg.s:271    .text.HAL_ADCEx_InjectedStart:0000000000000000 HAL_ADCEx_InjectedStart
C:\Users\Test\AppData\Local\Temp\ccNt31eg.s:414    .text.HAL_ADCEx_InjectedStart:00000000000000b4 $d
C:\Users\Test\AppData\Local\Temp\ccNt31eg.s:420    .text.HAL_ADCEx_InjectedStop:0000000000000000 $t
C:\Users\Test\AppData\Local\Temp\ccNt31eg.s:427    .text.HAL_ADCEx_InjectedStop:0000000000000000 HAL_ADCEx_InjectedStop
C:\Users\Test\AppData\Local\Temp\ccNt31eg.s:515    .text.HAL_ADCEx_InjectedStop:0000000000000054 $d
C:\Users\Test\AppData\Local\Temp\ccNt31eg.s:520    .text.HAL_ADCEx_InjectedPollForConversion:0000000000000000 $t
C:\Users\Test\AppData\Local\Temp\ccNt31eg.s:527    .text.HAL_ADCEx_InjectedPollForConversion:0000000000000000 HAL_ADCEx_InjectedPollForConversion
C:\Users\Test\AppData\Local\Temp\ccNt31eg.s:840    .text.HAL_ADCEx_InjectedPollForConversion:0000000000000168 $d
C:\Users\Test\AppData\Local\Temp\ccNt31eg.s:851    .text.HAL_ADCEx_InjectedStart_IT:0000000000000000 $t
C:\Users\Test\AppData\Local\Temp\ccNt31eg.s:858    .text.HAL_ADCEx_InjectedStart_IT:0000000000000000 HAL_ADCEx_InjectedStart_IT
C:\Users\Test\AppData\Local\Temp\ccNt31eg.s:1006   .text.HAL_ADCEx_InjectedStart_IT:00000000000000bc $d
C:\Users\Test\AppData\Local\Temp\ccNt31eg.s:1012   .text.HAL_ADCEx_InjectedStop_IT:0000000000000000 $t
C:\Users\Test\AppData\Local\Temp\ccNt31eg.s:1019   .text.HAL_ADCEx_InjectedStop_IT:0000000000000000 HAL_ADCEx_InjectedStop_IT
C:\Users\Test\AppData\Local\Temp\ccNt31eg.s:1112   .text.HAL_ADCEx_InjectedStop_IT:0000000000000060 $d
C:\Users\Test\AppData\Local\Temp\ccNt31eg.s:1117   .text.HAL_ADCEx_MultiModeStart_DMA:0000000000000000 $t
C:\Users\Test\AppData\Local\Temp\ccNt31eg.s:1124   .text.HAL_ADCEx_MultiModeStart_DMA:0000000000000000 HAL_ADCEx_MultiModeStart_DMA
C:\Users\Test\AppData\Local\Temp\ccNt31eg.s:1341   .text.HAL_ADCEx_MultiModeStart_DMA:00000000000000ec $d
C:\Users\Test\AppData\Local\Temp\ccNt31eg.s:1353   .text.HAL_ADCEx_MultiModeStop_DMA:0000000000000000 $t
C:\Users\Test\AppData\Local\Temp\ccNt31eg.s:1360   .text.HAL_ADCEx_MultiModeStop_DMA:0000000000000000 HAL_ADCEx_MultiModeStop_DMA
C:\Users\Test\AppData\Local\Temp\ccNt31eg.s:1492   .text.HAL_ADCEx_MultiModeStop_DMA:0000000000000080 $d
C:\Users\Test\AppData\Local\Temp\ccNt31eg.s:1500   .text.HAL_ADCEx_InjectedGetValue:0000000000000000 $t
C:\Users\Test\AppData\Local\Temp\ccNt31eg.s:1507   .text.HAL_ADCEx_InjectedGetValue:0000000000000000 HAL_ADCEx_InjectedGetValue
C:\Users\Test\AppData\Local\Temp\ccNt31eg.s:1569   .text.HAL_ADCEx_MultiModeGetValue:0000000000000000 $t
C:\Users\Test\AppData\Local\Temp\ccNt31eg.s:1576   .text.HAL_ADCEx_MultiModeGetValue:0000000000000000 HAL_ADCEx_MultiModeGetValue
C:\Users\Test\AppData\Local\Temp\ccNt31eg.s:1614   .text.HAL_ADCEx_MultiModeGetValue:0000000000000018 $d
C:\Users\Test\AppData\Local\Temp\ccNt31eg.s:1620   .text.HAL_ADCEx_InjectedConvCpltCallback:0000000000000000 $t
C:\Users\Test\AppData\Local\Temp\ccNt31eg.s:1627   .text.HAL_ADCEx_InjectedConvCpltCallback:0000000000000000 HAL_ADCEx_InjectedConvCpltCallback
C:\Users\Test\AppData\Local\Temp\ccNt31eg.s:1642   .text.HAL_ADCEx_InjectedConfigChannel:0000000000000000 $t
C:\Users\Test\AppData\Local\Temp\ccNt31eg.s:1649   .text.HAL_ADCEx_InjectedConfigChannel:0000000000000000 HAL_ADCEx_InjectedConfigChannel
C:\Users\Test\AppData\Local\Temp\ccNt31eg.s:2064   .text.HAL_ADCEx_InjectedConfigChannel:000000000000021c $d
C:\Users\Test\AppData\Local\Temp\ccNt31eg.s:2071   .text.HAL_ADCEx_MultiModeConfigChannel:0000000000000000 $t
C:\Users\Test\AppData\Local\Temp\ccNt31eg.s:2078   .text.HAL_ADCEx_MultiModeConfigChannel:0000000000000000 HAL_ADCEx_MultiModeConfigChannel
C:\Users\Test\AppData\Local\Temp\ccNt31eg.s:2189   .text.HAL_ADCEx_MultiModeConfigChannel:0000000000000068 $d

UNDEFINED SYMBOLS
ADC_ConversionStop_Disable
SystemCoreClock
HAL_RCCEx_GetPeriphCLKFreq
ADC_Enable
HAL_GetTick
memset
ADC_DMAConvCplt
ADC_DMAHalfConvCplt
ADC_DMAError
HAL_DMA_Start_IT
HAL_DMA_Abort
