ARM GAS  C:\Users\Test\AppData\Local\Temp\cc5T1yus.s 			page 1


   1              		.cpu cortex-m3
   2              		.eabi_attribute 20, 1
   3              		.eabi_attribute 21, 1
   4              		.eabi_attribute 23, 3
   5              		.eabi_attribute 24, 1
   6              		.eabi_attribute 25, 1
   7              		.eabi_attribute 26, 1
   8              		.eabi_attribute 30, 1
   9              		.eabi_attribute 34, 1
  10              		.eabi_attribute 18, 4
  11              		.file	"stm32f1xx_hal_exti.c"
  12              		.text
  13              	.Ltext0:
  14              		.cfi_sections	.debug_frame
  15              		.section	.text.HAL_EXTI_SetConfigLine,"ax",%progbits
  16              		.align	1
  17              		.global	HAL_EXTI_SetConfigLine
  18              		.arch armv7-m
  19              		.syntax unified
  20              		.thumb
  21              		.thumb_func
  22              		.fpu softvfp
  24              	HAL_EXTI_SetConfigLine:
  25              	.LVL0:
  26              	.LFB65:
  27              		.file 1 "../Drivers/STM32F1xx_HAL_Driver/Src/stm32f1xx_hal_exti.c"
   1:../Drivers/STM32F1xx_HAL_Driver/Src/stm32f1xx_hal_exti.c **** 
  28              		.loc 1 144 1 view -0
  29              		.cfi_startproc
  30              		@ args = 0, pretend = 0, frame = 0
  31              		@ frame_needed = 0, uses_anonymous_args = 0
  32              		@ link register save eliminated.
  33              		.loc 1 145 3 view .LVU1
  34              		.loc 1 146 3 view .LVU2
  35              		.loc 1 147 3 view .LVU3
  36              		.loc 1 150 3 view .LVU4
  37              		.loc 1 150 6 is_stmt 0 view .LVU5
  38 0000 0028     		cmp	r0, #0
  39 0002 60D0     		beq	.L11
  40              		.loc 1 150 23 discriminator 1 view .LVU6
  41 0004 0029     		cmp	r1, #0
  42 0006 60D0     		beq	.L12
  43              		.loc 1 144 1 view .LVU7
  44 0008 70B4     		push	{r4, r5, r6}
  45              	.LCFI0:
  46              		.cfi_def_cfa_offset 12
  47              		.cfi_offset 4, -12
  48              		.cfi_offset 5, -8
  49              		.cfi_offset 6, -4
  50              		.loc 1 156 3 is_stmt 1 view .LVU8
  51              		.loc 1 157 3 view .LVU9
  52              		.loc 1 160 3 view .LVU10
  53              		.loc 1 160 28 is_stmt 0 view .LVU11
  54 000a 0B68     		ldr	r3, [r1]
  55              		.loc 1 160 15 view .LVU12
  56 000c 0360     		str	r3, [r0]
  57              		.loc 1 163 3 is_stmt 1 view .LVU13
ARM GAS  C:\Users\Test\AppData\Local\Temp\cc5T1yus.s 			page 2


  58              		.loc 1 163 11 is_stmt 0 view .LVU14
  59 000e 03F01F02 		and	r2, r3, #31
  60              	.LVL1:
  61              		.loc 1 164 3 is_stmt 1 view .LVU15
  62              		.loc 1 164 12 is_stmt 0 view .LVU16
  63 0012 0120     		movs	r0, #1
  64              	.LVL2:
  65              		.loc 1 164 12 view .LVU17
  66 0014 9040     		lsls	r0, r0, r2
  67              	.LVL3:
  68              		.loc 1 167 3 is_stmt 1 view .LVU18
  69              		.loc 1 167 6 is_stmt 0 view .LVU19
  70 0016 13F0007F 		tst	r3, #33554432
  71 001a 15D0     		beq	.L3
  72              		.loc 1 169 5 is_stmt 1 view .LVU20
  73              		.loc 1 173 5 view .LVU21
  74              		.loc 1 173 8 is_stmt 0 view .LVU22
  75 001c 8C68     		ldr	r4, [r1, #8]
  76 001e 14F0010F 		tst	r4, #1
  77 0022 24D0     		beq	.L4
  78              		.loc 1 175 7 is_stmt 1 view .LVU23
  79              		.loc 1 175 18 is_stmt 0 view .LVU24
  80 0024 2A4D     		ldr	r5, .L18
  81 0026 AC68     		ldr	r4, [r5, #8]
  82 0028 0443     		orrs	r4, r4, r0
  83 002a AC60     		str	r4, [r5, #8]
  84              	.L5:
  85              		.loc 1 184 5 is_stmt 1 view .LVU25
  86              		.loc 1 184 8 is_stmt 0 view .LVU26
  87 002c 8C68     		ldr	r4, [r1, #8]
  88 002e 14F0020F 		tst	r4, #2
  89 0032 22D0     		beq	.L6
  90              		.loc 1 186 7 is_stmt 1 view .LVU27
  91              		.loc 1 186 18 is_stmt 0 view .LVU28
  92 0034 264D     		ldr	r5, .L18
  93 0036 EC68     		ldr	r4, [r5, #12]
  94 0038 0443     		orrs	r4, r4, r0
  95 003a EC60     		str	r4, [r5, #12]
  96              	.L7:
  97              		.loc 1 195 5 is_stmt 1 view .LVU29
  98              		.loc 1 195 28 is_stmt 0 view .LVU30
  99 003c 0C68     		ldr	r4, [r1]
 100 003e 04F0C06C 		and	ip, r4, #100663296
 101              		.loc 1 195 8 view .LVU31
 102 0042 BCF1C06F 		cmp	ip, #100663296
 103 0046 1ED0     		beq	.L17
 104              	.LVL4:
 105              	.L3:
 106              		.loc 1 209 3 is_stmt 1 view .LVU32
 107              		.loc 1 209 19 is_stmt 0 view .LVU33
 108 0048 4B68     		ldr	r3, [r1, #4]
 109              		.loc 1 209 6 view .LVU34
 110 004a 13F0010F 		tst	r3, #1
 111 004e 2DD0     		beq	.L8
 112              		.loc 1 211 5 is_stmt 1 view .LVU35
 113              		.loc 1 211 15 is_stmt 0 view .LVU36
 114 0050 1F4A     		ldr	r2, .L18
ARM GAS  C:\Users\Test\AppData\Local\Temp\cc5T1yus.s 			page 3


 115 0052 1368     		ldr	r3, [r2]
 116 0054 0343     		orrs	r3, r3, r0
 117 0056 1360     		str	r3, [r2]
 118              	.L9:
 119              		.loc 1 220 3 is_stmt 1 view .LVU37
 120              		.loc 1 220 19 is_stmt 0 view .LVU38
 121 0058 4B68     		ldr	r3, [r1, #4]
 122              		.loc 1 220 6 view .LVU39
 123 005a 13F0020F 		tst	r3, #2
 124 005e 2BD0     		beq	.L10
 125              		.loc 1 222 5 is_stmt 1 view .LVU40
 126              		.loc 1 222 15 is_stmt 0 view .LVU41
 127 0060 1B4A     		ldr	r2, .L18
 128 0062 5368     		ldr	r3, [r2, #4]
 129 0064 1843     		orrs	r0, r0, r3
 130              	.LVL5:
 131              		.loc 1 222 15 view .LVU42
 132 0066 5060     		str	r0, [r2, #4]
 133              		.loc 1 229 10 view .LVU43
 134 0068 0020     		movs	r0, #0
 135              	.L2:
 136              		.loc 1 230 1 view .LVU44
 137 006a 70BC     		pop	{r4, r5, r6}
 138              	.LCFI1:
 139              		.cfi_remember_state
 140              		.cfi_restore 6
 141              		.cfi_restore 5
 142              		.cfi_restore 4
 143              		.cfi_def_cfa_offset 0
 144 006c 7047     		bx	lr
 145              	.LVL6:
 146              	.L4:
 147              	.LCFI2:
 148              		.cfi_restore_state
 149              		.loc 1 179 7 is_stmt 1 view .LVU45
 150              		.loc 1 179 18 is_stmt 0 view .LVU46
 151 006e 184D     		ldr	r5, .L18
 152 0070 AC68     		ldr	r4, [r5, #8]
 153 0072 24EA0004 		bic	r4, r4, r0
 154 0076 AC60     		str	r4, [r5, #8]
 155 0078 D8E7     		b	.L5
 156              	.L6:
 157              		.loc 1 190 7 is_stmt 1 view .LVU47
 158              		.loc 1 190 18 is_stmt 0 view .LVU48
 159 007a 154D     		ldr	r5, .L18
 160 007c EC68     		ldr	r4, [r5, #12]
 161 007e 24EA0004 		bic	r4, r4, r0
 162 0082 EC60     		str	r4, [r5, #12]
 163 0084 DAE7     		b	.L7
 164              	.L17:
 165              		.loc 1 197 7 is_stmt 1 view .LVU49
 166              		.loc 1 198 7 view .LVU50
 167              		.loc 1 200 7 view .LVU51
 168              		.loc 1 200 37 is_stmt 0 view .LVU52
 169 0086 9208     		lsrs	r2, r2, #2
 170              	.LVL7:
 171              		.loc 1 200 14 view .LVU53
ARM GAS  C:\Users\Test\AppData\Local\Temp\cc5T1yus.s 			page 4


 172 0088 124E     		ldr	r6, .L18+4
 173 008a 0232     		adds	r2, r2, #2
 174 008c 56F82240 		ldr	r4, [r6, r2, lsl #2]
 175              	.LVL8:
 176              		.loc 1 201 7 is_stmt 1 view .LVU54
 177              		.loc 1 201 76 is_stmt 0 view .LVU55
 178 0090 03F00303 		and	r3, r3, #3
 179              	.LVL9:
 180              		.loc 1 201 65 view .LVU56
 181 0094 9B00     		lsls	r3, r3, #2
 182              		.loc 1 201 38 view .LVU57
 183 0096 0F25     		movs	r5, #15
 184 0098 9D40     		lsls	r5, r5, r3
 185              		.loc 1 201 14 view .LVU58
 186 009a 24EA0504 		bic	r4, r4, r5
 187              	.LVL10:
 188              		.loc 1 202 7 is_stmt 1 view .LVU59
 189              		.loc 1 202 39 is_stmt 0 view .LVU60
 190 009e CD68     		ldr	r5, [r1, #12]
 191 00a0 05FA03F3 		lsl	r3, r5, r3
 192              		.loc 1 202 14 view .LVU61
 193 00a4 2343     		orrs	r3, r3, r4
 194              	.LVL11:
 195              		.loc 1 203 7 is_stmt 1 view .LVU62
 196              		.loc 1 203 35 is_stmt 0 view .LVU63
 197 00a6 46F82230 		str	r3, [r6, r2, lsl #2]
 198 00aa CDE7     		b	.L3
 199              	.LVL12:
 200              	.L8:
 201              		.loc 1 215 5 is_stmt 1 view .LVU64
 202              		.loc 1 215 15 is_stmt 0 view .LVU65
 203 00ac 084A     		ldr	r2, .L18
 204 00ae 1368     		ldr	r3, [r2]
 205 00b0 23EA0003 		bic	r3, r3, r0
 206 00b4 1360     		str	r3, [r2]
 207 00b6 CFE7     		b	.L9
 208              	.L10:
 209              		.loc 1 226 5 is_stmt 1 view .LVU66
 210              		.loc 1 226 15 is_stmt 0 view .LVU67
 211 00b8 054A     		ldr	r2, .L18
 212 00ba 5368     		ldr	r3, [r2, #4]
 213 00bc 23EA0000 		bic	r0, r3, r0
 214              	.LVL13:
 215              		.loc 1 226 15 view .LVU68
 216 00c0 5060     		str	r0, [r2, #4]
 217              		.loc 1 229 10 view .LVU69
 218 00c2 0020     		movs	r0, #0
 219 00c4 D1E7     		b	.L2
 220              	.LVL14:
 221              	.L11:
 222              	.LCFI3:
 223              		.cfi_def_cfa_offset 0
 224              		.cfi_restore 4
 225              		.cfi_restore 5
 226              		.cfi_restore 6
 227              		.loc 1 152 12 view .LVU70
 228 00c6 0120     		movs	r0, #1
ARM GAS  C:\Users\Test\AppData\Local\Temp\cc5T1yus.s 			page 5


 229              	.LVL15:
 230              		.loc 1 152 12 view .LVU71
 231 00c8 7047     		bx	lr
 232              	.LVL16:
 233              	.L12:
 234              		.loc 1 152 12 view .LVU72
 235 00ca 0120     		movs	r0, #1
 236              	.LVL17:
 237              		.loc 1 230 1 view .LVU73
 238 00cc 7047     		bx	lr
 239              	.L19:
 240 00ce 00BF     		.align	2
 241              	.L18:
 242 00d0 00040140 		.word	1073808384
 243 00d4 00000140 		.word	1073807360
 244              		.cfi_endproc
 245              	.LFE65:
 247              		.section	.text.HAL_EXTI_GetConfigLine,"ax",%progbits
 248              		.align	1
 249              		.global	HAL_EXTI_GetConfigLine
 250              		.syntax unified
 251              		.thumb
 252              		.thumb_func
 253              		.fpu softvfp
 255              	HAL_EXTI_GetConfigLine:
 256              	.LVL18:
 257              	.LFB66:
 258              		.loc 1 239 1 is_stmt 1 view -0
 259              		.cfi_startproc
 260              		@ args = 0, pretend = 0, frame = 0
 261              		@ frame_needed = 0, uses_anonymous_args = 0
 262              		@ link register save eliminated.
 263              		.loc 1 240 3 view .LVU75
 264              		.loc 1 241 3 view .LVU76
 265              		.loc 1 242 3 view .LVU77
 266              		.loc 1 245 3 view .LVU78
 267              		.loc 1 245 6 is_stmt 0 view .LVU79
 268 0000 0028     		cmp	r0, #0
 269 0002 48D0     		beq	.L27
 270              		.loc 1 245 23 discriminator 1 view .LVU80
 271 0004 0029     		cmp	r1, #0
 272 0006 48D0     		beq	.L28
 273              		.loc 1 251 3 is_stmt 1 view .LVU81
 274              		.loc 1 254 3 view .LVU82
 275              		.loc 1 254 28 is_stmt 0 view .LVU83
 276 0008 0068     		ldr	r0, [r0]
 277              	.LVL19:
 278              		.loc 1 254 21 view .LVU84
 279 000a 0860     		str	r0, [r1]
 280              		.loc 1 257 3 is_stmt 1 view .LVU85
 281              		.loc 1 257 11 is_stmt 0 view .LVU86
 282 000c 00F01F0C 		and	ip, r0, #31
 283              	.LVL20:
 284              		.loc 1 258 3 is_stmt 1 view .LVU87
 285              		.loc 1 258 12 is_stmt 0 view .LVU88
 286 0010 0123     		movs	r3, #1
 287 0012 03FA0CF3 		lsl	r3, r3, ip
ARM GAS  C:\Users\Test\AppData\Local\Temp\cc5T1yus.s 			page 6


 288              	.LVL21:
 289              		.loc 1 263 3 is_stmt 1 view .LVU89
 290              		.loc 1 263 12 is_stmt 0 view .LVU90
 291 0016 234A     		ldr	r2, .L32
 292 0018 1268     		ldr	r2, [r2]
 293              		.loc 1 263 6 view .LVU91
 294 001a 1A42     		tst	r2, r3
 295 001c 27D0     		beq	.L22
 296              		.loc 1 265 5 is_stmt 1 view .LVU92
 297              		.loc 1 265 23 is_stmt 0 view .LVU93
 298 001e 0122     		movs	r2, #1
 299 0020 4A60     		str	r2, [r1, #4]
 300              	.L23:
 301              		.loc 1 274 3 is_stmt 1 view .LVU94
 302              		.loc 1 274 12 is_stmt 0 view .LVU95
 303 0022 204A     		ldr	r2, .L32
 304 0024 5268     		ldr	r2, [r2, #4]
 305              		.loc 1 274 6 view .LVU96
 306 0026 1A42     		tst	r2, r3
 307 0028 03D0     		beq	.L24
 308              		.loc 1 276 5 is_stmt 1 view .LVU97
 309              		.loc 1 276 23 is_stmt 0 view .LVU98
 310 002a 4A68     		ldr	r2, [r1, #4]
 311 002c 42F00202 		orr	r2, r2, #2
 312 0030 4A60     		str	r2, [r1, #4]
 313              	.L24:
 314              		.loc 1 280 3 is_stmt 1 view .LVU99
 315              		.loc 1 280 24 is_stmt 0 view .LVU100
 316 0032 0022     		movs	r2, #0
 317 0034 8A60     		str	r2, [r1, #8]
 318              		.loc 1 281 3 is_stmt 1 view .LVU101
 319              		.loc 1 281 24 is_stmt 0 view .LVU102
 320 0036 CA60     		str	r2, [r1, #12]
 321              		.loc 1 284 3 is_stmt 1 view .LVU103
 322              		.loc 1 284 6 is_stmt 0 view .LVU104
 323 0038 10F0007F 		tst	r0, #33554432
 324 003c 2FD0     		beq	.L29
 325              		.loc 1 287 5 is_stmt 1 view .LVU105
 326              		.loc 1 287 14 is_stmt 0 view .LVU106
 327 003e 02F18042 		add	r2, r2, #1073741824
 328 0042 02F58232 		add	r2, r2, #66560
 329 0046 9268     		ldr	r2, [r2, #8]
 330              		.loc 1 287 8 view .LVU107
 331 0048 1A42     		tst	r2, r3
 332 004a 01D0     		beq	.L25
 333              		.loc 1 289 7 is_stmt 1 view .LVU108
 334              		.loc 1 289 28 is_stmt 0 view .LVU109
 335 004c 0122     		movs	r2, #1
 336 004e 8A60     		str	r2, [r1, #8]
 337              	.L25:
 338              		.loc 1 294 5 is_stmt 1 view .LVU110
 339              		.loc 1 294 14 is_stmt 0 view .LVU111
 340 0050 144A     		ldr	r2, .L32
 341 0052 D268     		ldr	r2, [r2, #12]
 342              		.loc 1 294 8 view .LVU112
 343 0054 1A42     		tst	r2, r3
 344 0056 03D0     		beq	.L26
ARM GAS  C:\Users\Test\AppData\Local\Temp\cc5T1yus.s 			page 7


 345              		.loc 1 296 7 is_stmt 1 view .LVU113
 346              		.loc 1 296 28 is_stmt 0 view .LVU114
 347 0058 8B68     		ldr	r3, [r1, #8]
 348              	.LVL22:
 349              		.loc 1 296 28 view .LVU115
 350 005a 43F00203 		orr	r3, r3, #2
 351 005e 8B60     		str	r3, [r1, #8]
 352              	.L26:
 353              		.loc 1 300 5 is_stmt 1 view .LVU116
 354              		.loc 1 300 28 is_stmt 0 view .LVU117
 355 0060 00F0C063 		and	r3, r0, #100663296
 356              		.loc 1 300 8 view .LVU118
 357 0064 B3F1C06F 		cmp	r3, #100663296
 358 0068 04D0     		beq	.L31
 359              		.loc 1 309 10 view .LVU119
 360 006a 0020     		movs	r0, #0
 361              		.loc 1 310 1 view .LVU120
 362 006c 7047     		bx	lr
 363              	.LVL23:
 364              	.L22:
 365              		.loc 1 269 5 is_stmt 1 view .LVU121
 366              		.loc 1 269 23 is_stmt 0 view .LVU122
 367 006e 0022     		movs	r2, #0
 368 0070 4A60     		str	r2, [r1, #4]
 369 0072 D6E7     		b	.L23
 370              	.LVL24:
 371              	.L31:
 372              		.loc 1 302 7 is_stmt 1 view .LVU123
 373              		.loc 1 304 7 view .LVU124
 374              		.loc 1 304 37 is_stmt 0 view .LVU125
 375 0074 4FEA9C03 		lsr	r3, ip, #2
 376              		.loc 1 304 14 view .LVU126
 377 0078 0233     		adds	r3, r3, #2
 378 007a 0B4A     		ldr	r2, .L32+4
 379 007c 52F82320 		ldr	r2, [r2, r3, lsl #2]
 380              	.LVL25:
 381              		.loc 1 305 7 is_stmt 1 view .LVU127
 382              		.loc 1 305 73 is_stmt 0 view .LVU128
 383 0080 6FEA0C03 		mvn	r3, ip
 384 0084 03F00303 		and	r3, r3, #3
 385              		.loc 1 305 66 view .LVU129
 386 0088 9B00     		lsls	r3, r3, #2
 387              		.loc 1 305 39 view .LVU130
 388 008a 02FA03F3 		lsl	r3, r2, r3
 389              		.loc 1 305 96 view .LVU131
 390 008e 1B0E     		lsrs	r3, r3, #24
 391              		.loc 1 305 28 view .LVU132
 392 0090 CB60     		str	r3, [r1, #12]
 393              		.loc 1 309 10 view .LVU133
 394 0092 0020     		movs	r0, #0
 395 0094 7047     		bx	lr
 396              	.LVL26:
 397              	.L27:
 398              		.loc 1 247 12 view .LVU134
 399 0096 0120     		movs	r0, #1
 400              	.LVL27:
 401              		.loc 1 247 12 view .LVU135
ARM GAS  C:\Users\Test\AppData\Local\Temp\cc5T1yus.s 			page 8


 402 0098 7047     		bx	lr
 403              	.LVL28:
 404              	.L28:
 405              		.loc 1 247 12 view .LVU136
 406 009a 0120     		movs	r0, #1
 407              	.LVL29:
 408              		.loc 1 247 12 view .LVU137
 409 009c 7047     		bx	lr
 410              	.LVL30:
 411              	.L29:
 412              		.loc 1 309 10 view .LVU138
 413 009e 0020     		movs	r0, #0
 414 00a0 7047     		bx	lr
 415              	.L33:
 416 00a2 00BF     		.align	2
 417              	.L32:
 418 00a4 00040140 		.word	1073808384
 419 00a8 00000140 		.word	1073807360
 420              		.cfi_endproc
 421              	.LFE66:
 423              		.section	.text.HAL_EXTI_ClearConfigLine,"ax",%progbits
 424              		.align	1
 425              		.global	HAL_EXTI_ClearConfigLine
 426              		.syntax unified
 427              		.thumb
 428              		.thumb_func
 429              		.fpu softvfp
 431              	HAL_EXTI_ClearConfigLine:
 432              	.LVL31:
 433              	.LFB67:
 434              		.loc 1 318 1 is_stmt 1 view -0
 435              		.cfi_startproc
 436              		@ args = 0, pretend = 0, frame = 0
 437              		@ frame_needed = 0, uses_anonymous_args = 0
 438              		.loc 1 319 3 view .LVU140
 439              		.loc 1 320 3 view .LVU141
 440              		.loc 1 321 3 view .LVU142
 441              		.loc 1 324 3 view .LVU143
 442              		.loc 1 324 6 is_stmt 0 view .LVU144
 443 0000 0028     		cmp	r0, #0
 444 0002 38D0     		beq	.L36
 445              		.loc 1 318 1 view .LVU145
 446 0004 10B5     		push	{r4, lr}
 447              	.LCFI4:
 448              		.cfi_def_cfa_offset 8
 449              		.cfi_offset 4, -8
 450              		.cfi_offset 14, -4
 451 0006 8446     		mov	ip, r0
 452              		.loc 1 330 3 is_stmt 1 view .LVU146
 453              		.loc 1 333 3 view .LVU147
 454              		.loc 1 333 19 is_stmt 0 view .LVU148
 455 0008 0468     		ldr	r4, [r0]
 456              		.loc 1 333 11 view .LVU149
 457 000a 04F01F00 		and	r0, r4, #31
 458              	.LVL32:
 459              		.loc 1 334 3 is_stmt 1 view .LVU150
 460              		.loc 1 334 12 is_stmt 0 view .LVU151
ARM GAS  C:\Users\Test\AppData\Local\Temp\cc5T1yus.s 			page 9


 461 000e 0123     		movs	r3, #1
 462 0010 8340     		lsls	r3, r3, r0
 463              	.LVL33:
 464              		.loc 1 337 3 is_stmt 1 view .LVU152
 465              		.loc 1 337 20 is_stmt 0 view .LVU153
 466 0012 1B4A     		ldr	r2, .L44
 467 0014 1168     		ldr	r1, [r2]
 468              		.loc 1 337 28 view .LVU154
 469 0016 6FEA030E 		mvn	lr, r3
 470              		.loc 1 337 26 view .LVU155
 471 001a 21EA0301 		bic	r1, r1, r3
 472              		.loc 1 337 13 view .LVU156
 473 001e 1160     		str	r1, [r2]
 474              		.loc 1 340 3 is_stmt 1 view .LVU157
 475              		.loc 1 340 20 is_stmt 0 view .LVU158
 476 0020 5168     		ldr	r1, [r2, #4]
 477              		.loc 1 340 26 view .LVU159
 478 0022 21EA0303 		bic	r3, r1, r3
 479              	.LVL34:
 480              		.loc 1 340 13 view .LVU160
 481 0026 5360     		str	r3, [r2, #4]
 482              		.loc 1 343 3 is_stmt 1 view .LVU161
 483              		.loc 1 343 13 is_stmt 0 view .LVU162
 484 0028 DCF80030 		ldr	r3, [ip]
 485              		.loc 1 343 6 view .LVU163
 486 002c 13F0007F 		tst	r3, #33554432
 487 0030 23D0     		beq	.L37
 488              		.loc 1 345 5 is_stmt 1 view .LVU164
 489              		.loc 1 345 23 is_stmt 0 view .LVU165
 490 0032 9368     		ldr	r3, [r2, #8]
 491              		.loc 1 345 30 view .LVU166
 492 0034 0EEA0303 		and	r3, lr, r3
 493              		.loc 1 345 16 view .LVU167
 494 0038 9360     		str	r3, [r2, #8]
 495              		.loc 1 346 5 is_stmt 1 view .LVU168
 496              		.loc 1 346 23 is_stmt 0 view .LVU169
 497 003a D368     		ldr	r3, [r2, #12]
 498              		.loc 1 346 30 view .LVU170
 499 003c 0EEA0303 		and	r3, lr, r3
 500              		.loc 1 346 16 view .LVU171
 501 0040 D360     		str	r3, [r2, #12]
 502              		.loc 1 349 5 is_stmt 1 view .LVU172
 503              		.loc 1 349 15 is_stmt 0 view .LVU173
 504 0042 DCF80030 		ldr	r3, [ip]
 505              		.loc 1 349 22 view .LVU174
 506 0046 03F0C063 		and	r3, r3, #100663296
 507              		.loc 1 349 8 view .LVU175
 508 004a B3F1C06F 		cmp	r3, #100663296
 509 004e 01D0     		beq	.L43
 510              		.loc 1 359 10 view .LVU176
 511 0050 0020     		movs	r0, #0
 512              	.LVL35:
 513              		.loc 1 359 10 view .LVU177
 514 0052 13E0     		b	.L35
 515              	.LVL36:
 516              	.L43:
 517              		.loc 1 351 7 is_stmt 1 view .LVU178
ARM GAS  C:\Users\Test\AppData\Local\Temp\cc5T1yus.s 			page 10


 518              		.loc 1 353 7 view .LVU179
 519              		.loc 1 353 37 is_stmt 0 view .LVU180
 520 0054 8008     		lsrs	r0, r0, #2
 521              	.LVL37:
 522              		.loc 1 353 14 view .LVU181
 523 0056 0B49     		ldr	r1, .L44+4
 524 0058 0230     		adds	r0, r0, #2
 525 005a 51F82030 		ldr	r3, [r1, r0, lsl #2]
 526              	.LVL38:
 527              		.loc 1 354 7 is_stmt 1 view .LVU182
 528              		.loc 1 354 76 is_stmt 0 view .LVU183
 529 005e 04F00304 		and	r4, r4, #3
 530              	.LVL39:
 531              		.loc 1 354 65 view .LVU184
 532 0062 A400     		lsls	r4, r4, #2
 533              		.loc 1 354 38 view .LVU185
 534 0064 0F22     		movs	r2, #15
 535 0066 02FA04F4 		lsl	r4, r2, r4
 536              		.loc 1 354 14 view .LVU186
 537 006a 23EA0404 		bic	r4, r3, r4
 538              	.LVL40:
 539              		.loc 1 355 7 is_stmt 1 view .LVU187
 540              		.loc 1 355 35 is_stmt 0 view .LVU188
 541 006e 41F82040 		str	r4, [r1, r0, lsl #2]
 542              		.loc 1 359 10 view .LVU189
 543 0072 0020     		movs	r0, #0
 544 0074 02E0     		b	.L35
 545              	.LVL41:
 546              	.L36:
 547              	.LCFI5:
 548              		.cfi_def_cfa_offset 0
 549              		.cfi_restore 4
 550              		.cfi_restore 14
 551              		.loc 1 326 12 view .LVU190
 552 0076 0120     		movs	r0, #1
 553              	.LVL42:
 554              		.loc 1 360 1 view .LVU191
 555 0078 7047     		bx	lr
 556              	.LVL43:
 557              	.L37:
 558              	.LCFI6:
 559              		.cfi_def_cfa_offset 8
 560              		.cfi_offset 4, -8
 561              		.cfi_offset 14, -4
 562              		.loc 1 359 10 view .LVU192
 563 007a 0020     		movs	r0, #0
 564              	.LVL44:
 565              	.L35:
 566              		.loc 1 360 1 view .LVU193
 567 007c 10BD     		pop	{r4, pc}
 568              	.L45:
 569 007e 00BF     		.align	2
 570              	.L44:
 571 0080 00040140 		.word	1073808384
 572 0084 00000140 		.word	1073807360
 573              		.cfi_endproc
 574              	.LFE67:
ARM GAS  C:\Users\Test\AppData\Local\Temp\cc5T1yus.s 			page 11


 576              		.section	.text.HAL_EXTI_RegisterCallback,"ax",%progbits
 577              		.align	1
 578              		.global	HAL_EXTI_RegisterCallback
 579              		.syntax unified
 580              		.thumb
 581              		.thumb_func
 582              		.fpu softvfp
 584              	HAL_EXTI_RegisterCallback:
 585              	.LVL45:
 586              	.LFB68:
 587              		.loc 1 371 1 is_stmt 1 view -0
 588              		.cfi_startproc
 589              		@ args = 0, pretend = 0, frame = 0
 590              		@ frame_needed = 0, uses_anonymous_args = 0
 591              		@ link register save eliminated.
 592              		.loc 1 371 1 is_stmt 0 view .LVU195
 593 0000 0346     		mov	r3, r0
 594              		.loc 1 372 3 is_stmt 1 view .LVU196
 595              	.LVL46:
 596              		.loc 1 374 3 view .LVU197
 597 0002 0846     		mov	r0, r1
 598              	.LVL47:
 599              		.loc 1 374 3 is_stmt 0 view .LVU198
 600 0004 09B9     		cbnz	r1, .L48
 601              		.loc 1 377 7 is_stmt 1 view .LVU199
 602              		.loc 1 377 30 is_stmt 0 view .LVU200
 603 0006 5A60     		str	r2, [r3, #4]
 604              		.loc 1 378 7 is_stmt 1 view .LVU201
 605 0008 7047     		bx	lr
 606              	.L48:
 607              		.loc 1 381 14 is_stmt 0 view .LVU202
 608 000a 0120     		movs	r0, #1
 609              	.LVL48:
 610              		.loc 1 385 3 is_stmt 1 view .LVU203
 611              		.loc 1 386 1 is_stmt 0 view .LVU204
 612 000c 7047     		bx	lr
 613              		.cfi_endproc
 614              	.LFE68:
 616              		.section	.text.HAL_EXTI_GetHandle,"ax",%progbits
 617              		.align	1
 618              		.global	HAL_EXTI_GetHandle
 619              		.syntax unified
 620              		.thumb
 621              		.thumb_func
 622              		.fpu softvfp
 624              	HAL_EXTI_GetHandle:
 625              	.LVL49:
 626              	.LFB69:
 627              		.loc 1 396 1 is_stmt 1 view -0
 628              		.cfi_startproc
 629              		@ args = 0, pretend = 0, frame = 0
 630              		@ frame_needed = 0, uses_anonymous_args = 0
 631              		@ link register save eliminated.
 632              		.loc 1 398 3 view .LVU206
 633              		.loc 1 401 3 view .LVU207
 634              		.loc 1 401 6 is_stmt 0 view .LVU208
 635 0000 10B1     		cbz	r0, .L51
ARM GAS  C:\Users\Test\AppData\Local\Temp\cc5T1yus.s 			page 12


 636              		.loc 1 408 5 is_stmt 1 view .LVU209
 637              		.loc 1 408 17 is_stmt 0 view .LVU210
 638 0002 0160     		str	r1, [r0]
 639              		.loc 1 410 5 is_stmt 1 view .LVU211
 640              		.loc 1 410 12 is_stmt 0 view .LVU212
 641 0004 0020     		movs	r0, #0
 642              	.LVL50:
 643              		.loc 1 410 12 view .LVU213
 644 0006 7047     		bx	lr
 645              	.LVL51:
 646              	.L51:
 647              		.loc 1 403 12 view .LVU214
 648 0008 0120     		movs	r0, #1
 649              	.LVL52:
 650              		.loc 1 412 1 view .LVU215
 651 000a 7047     		bx	lr
 652              		.cfi_endproc
 653              	.LFE69:
 655              		.section	.text.HAL_EXTI_IRQHandler,"ax",%progbits
 656              		.align	1
 657              		.global	HAL_EXTI_IRQHandler
 658              		.syntax unified
 659              		.thumb
 660              		.thumb_func
 661              		.fpu softvfp
 663              	HAL_EXTI_IRQHandler:
 664              	.LVL53:
 665              	.LFB70:
 666              		.loc 1 436 1 is_stmt 1 view -0
 667              		.cfi_startproc
 668              		@ args = 0, pretend = 0, frame = 0
 669              		@ frame_needed = 0, uses_anonymous_args = 0
 670              		.loc 1 436 1 is_stmt 0 view .LVU217
 671 0000 08B5     		push	{r3, lr}
 672              	.LCFI7:
 673              		.cfi_def_cfa_offset 8
 674              		.cfi_offset 3, -8
 675              		.cfi_offset 14, -4
 676              		.loc 1 437 3 is_stmt 1 view .LVU218
 677              		.loc 1 438 3 view .LVU219
 678              		.loc 1 441 3 view .LVU220
 679              		.loc 1 441 28 is_stmt 0 view .LVU221
 680 0002 0368     		ldr	r3, [r0]
 681              		.loc 1 441 35 view .LVU222
 682 0004 03F01F02 		and	r2, r3, #31
 683              		.loc 1 441 12 view .LVU223
 684 0008 0123     		movs	r3, #1
 685 000a 9340     		lsls	r3, r3, r2
 686              	.LVL54:
 687              		.loc 1 444 3 is_stmt 1 view .LVU224
 688              		.loc 1 444 17 is_stmt 0 view .LVU225
 689 000c 044A     		ldr	r2, .L55
 690 000e 5269     		ldr	r2, [r2, #20]
 691              	.LVL55:
 692              		.loc 1 445 3 is_stmt 1 view .LVU226
 693              		.loc 1 445 6 is_stmt 0 view .LVU227
 694 0010 1A42     		tst	r2, r3
ARM GAS  C:\Users\Test\AppData\Local\Temp\cc5T1yus.s 			page 13


 695 0012 04D0     		beq	.L52
 696              		.loc 1 448 5 is_stmt 1 view .LVU228
 697              		.loc 1 448 14 is_stmt 0 view .LVU229
 698 0014 024A     		ldr	r2, .L55
 699              	.LVL56:
 700              		.loc 1 448 14 view .LVU230
 701 0016 5361     		str	r3, [r2, #20]
 702              		.loc 1 451 5 is_stmt 1 view .LVU231
 703              		.loc 1 451 14 is_stmt 0 view .LVU232
 704 0018 4368     		ldr	r3, [r0, #4]
 705              	.LVL57:
 706              		.loc 1 451 8 view .LVU233
 707 001a 03B1     		cbz	r3, .L52
 708              		.loc 1 453 7 is_stmt 1 view .LVU234
 709 001c 9847     		blx	r3
 710              	.LVL58:
 711              	.L52:
 712              		.loc 1 456 1 is_stmt 0 view .LVU235
 713 001e 08BD     		pop	{r3, pc}
 714              	.L56:
 715              		.align	2
 716              	.L55:
 717 0020 00040140 		.word	1073808384
 718              		.cfi_endproc
 719              	.LFE70:
 721              		.section	.text.HAL_EXTI_GetPending,"ax",%progbits
 722              		.align	1
 723              		.global	HAL_EXTI_GetPending
 724              		.syntax unified
 725              		.thumb
 726              		.thumb_func
 727              		.fpu softvfp
 729              	HAL_EXTI_GetPending:
 730              	.LVL59:
 731              	.LFB71:
 732              		.loc 1 468 1 is_stmt 1 view -0
 733              		.cfi_startproc
 734              		@ args = 0, pretend = 0, frame = 0
 735              		@ frame_needed = 0, uses_anonymous_args = 0
 736              		@ link register save eliminated.
 737              		.loc 1 469 3 view .LVU237
 738              		.loc 1 470 3 view .LVU238
 739              		.loc 1 471 3 view .LVU239
 740              		.loc 1 474 3 view .LVU240
 741              		.loc 1 475 3 view .LVU241
 742              		.loc 1 476 3 view .LVU242
 743              		.loc 1 479 3 view .LVU243
 744              		.loc 1 482 3 view .LVU244
 745              		.loc 1 482 19 is_stmt 0 view .LVU245
 746 0000 0368     		ldr	r3, [r0]
 747              		.loc 1 482 11 view .LVU246
 748 0002 03F01F03 		and	r3, r3, #31
 749              	.LVL60:
 750              		.loc 1 483 3 is_stmt 1 view .LVU247
 751              		.loc 1 483 12 is_stmt 0 view .LVU248
 752 0006 0120     		movs	r0, #1
 753              	.LVL61:
ARM GAS  C:\Users\Test\AppData\Local\Temp\cc5T1yus.s 			page 14


 754              		.loc 1 483 12 view .LVU249
 755 0008 00FA03F2 		lsl	r2, r0, r3
 756              	.LVL62:
 757              		.loc 1 486 3 is_stmt 1 view .LVU250
 758              		.loc 1 486 18 is_stmt 0 view .LVU251
 759 000c 0249     		ldr	r1, .L58
 760              	.LVL63:
 761              		.loc 1 486 18 view .LVU252
 762 000e 4869     		ldr	r0, [r1, #20]
 763              		.loc 1 486 23 view .LVU253
 764 0010 1040     		ands	r0, r0, r2
 765              	.LVL64:
 766              		.loc 1 487 3 is_stmt 1 view .LVU254
 767              		.loc 1 488 1 is_stmt 0 view .LVU255
 768 0012 D840     		lsrs	r0, r0, r3
 769              	.LVL65:
 770              		.loc 1 488 1 view .LVU256
 771 0014 7047     		bx	lr
 772              	.L59:
 773 0016 00BF     		.align	2
 774              	.L58:
 775 0018 00040140 		.word	1073808384
 776              		.cfi_endproc
 777              	.LFE71:
 779              		.section	.text.HAL_EXTI_ClearPending,"ax",%progbits
 780              		.align	1
 781              		.global	HAL_EXTI_ClearPending
 782              		.syntax unified
 783              		.thumb
 784              		.thumb_func
 785              		.fpu softvfp
 787              	HAL_EXTI_ClearPending:
 788              	.LVL66:
 789              	.LFB72:
 790              		.loc 1 500 1 is_stmt 1 view -0
 791              		.cfi_startproc
 792              		@ args = 0, pretend = 0, frame = 0
 793              		@ frame_needed = 0, uses_anonymous_args = 0
 794              		@ link register save eliminated.
 795              		.loc 1 501 3 view .LVU258
 796              		.loc 1 504 3 view .LVU259
 797              		.loc 1 505 3 view .LVU260
 798              		.loc 1 506 3 view .LVU261
 799              		.loc 1 509 3 view .LVU262
 800              		.loc 1 512 3 view .LVU263
 801              		.loc 1 512 28 is_stmt 0 view .LVU264
 802 0000 0268     		ldr	r2, [r0]
 803              		.loc 1 512 35 view .LVU265
 804 0002 02F01F02 		and	r2, r2, #31
 805              		.loc 1 512 12 view .LVU266
 806 0006 0123     		movs	r3, #1
 807 0008 9340     		lsls	r3, r3, r2
 808              	.LVL67:
 809              		.loc 1 515 3 is_stmt 1 view .LVU267
 810              		.loc 1 515 12 is_stmt 0 view .LVU268
 811 000a 014A     		ldr	r2, .L61
 812 000c 5361     		str	r3, [r2, #20]
ARM GAS  C:\Users\Test\AppData\Local\Temp\cc5T1yus.s 			page 15


 813              		.loc 1 516 1 view .LVU269
 814 000e 7047     		bx	lr
 815              	.L62:
 816              		.align	2
 817              	.L61:
 818 0010 00040140 		.word	1073808384
 819              		.cfi_endproc
 820              	.LFE72:
 822              		.section	.text.HAL_EXTI_GenerateSWI,"ax",%progbits
 823              		.align	1
 824              		.global	HAL_EXTI_GenerateSWI
 825              		.syntax unified
 826              		.thumb
 827              		.thumb_func
 828              		.fpu softvfp
 830              	HAL_EXTI_GenerateSWI:
 831              	.LVL68:
 832              	.LFB73:
 833              		.loc 1 524 1 is_stmt 1 view -0
 834              		.cfi_startproc
 835              		@ args = 0, pretend = 0, frame = 0
 836              		@ frame_needed = 0, uses_anonymous_args = 0
 837              		@ link register save eliminated.
 838              		.loc 1 525 3 view .LVU271
 839              		.loc 1 528 3 view .LVU272
 840              		.loc 1 529 3 view .LVU273
 841              		.loc 1 532 3 view .LVU274
 842              		.loc 1 532 28 is_stmt 0 view .LVU275
 843 0000 0268     		ldr	r2, [r0]
 844              		.loc 1 532 35 view .LVU276
 845 0002 02F01F02 		and	r2, r2, #31
 846              		.loc 1 532 12 view .LVU277
 847 0006 0123     		movs	r3, #1
 848 0008 9340     		lsls	r3, r3, r2
 849              	.LVL69:
 850              		.loc 1 535 3 is_stmt 1 view .LVU278
 851              		.loc 1 535 15 is_stmt 0 view .LVU279
 852 000a 014A     		ldr	r2, .L64
 853 000c 1361     		str	r3, [r2, #16]
 854              		.loc 1 536 1 view .LVU280
 855 000e 7047     		bx	lr
 856              	.L65:
 857              		.align	2
 858              	.L64:
 859 0010 00040140 		.word	1073808384
 860              		.cfi_endproc
 861              	.LFE73:
 863              		.text
 864              	.Letext0:
 865              		.file 2 "../c:\\users\\test\\desktop\\gnu mcu\\arm-none-eabi-gcc-10.2.1-1.1\\arm-none-eabi\\includ
 866              		.file 3 "../c:\\users\\test\\desktop\\gnu mcu\\arm-none-eabi-gcc-10.2.1-1.1\\arm-none-eabi\\includ
 867              		.file 4 "../Drivers/CMSIS/Device/ST/STM32F1xx/Include/stm32f103x6.h"
 868              		.file 5 "../Drivers/STM32F1xx_HAL_Driver/Inc/stm32f1xx_hal_def.h"
 869              		.file 6 "../Drivers/STM32F1xx_HAL_Driver/Inc/stm32f1xx_hal_exti.h"
ARM GAS  C:\Users\Test\AppData\Local\Temp\cc5T1yus.s 			page 16


DEFINED SYMBOLS
                            *ABS*:0000000000000000 stm32f1xx_hal_exti.c
C:\Users\Test\AppData\Local\Temp\cc5T1yus.s:16     .text.HAL_EXTI_SetConfigLine:0000000000000000 $t
C:\Users\Test\AppData\Local\Temp\cc5T1yus.s:24     .text.HAL_EXTI_SetConfigLine:0000000000000000 HAL_EXTI_SetConfigLine
C:\Users\Test\AppData\Local\Temp\cc5T1yus.s:242    .text.HAL_EXTI_SetConfigLine:00000000000000d0 $d
C:\Users\Test\AppData\Local\Temp\cc5T1yus.s:248    .text.HAL_EXTI_GetConfigLine:0000000000000000 $t
C:\Users\Test\AppData\Local\Temp\cc5T1yus.s:255    .text.HAL_EXTI_GetConfigLine:0000000000000000 HAL_EXTI_GetConfigLine
C:\Users\Test\AppData\Local\Temp\cc5T1yus.s:418    .text.HAL_EXTI_GetConfigLine:00000000000000a4 $d
C:\Users\Test\AppData\Local\Temp\cc5T1yus.s:424    .text.HAL_EXTI_ClearConfigLine:0000000000000000 $t
C:\Users\Test\AppData\Local\Temp\cc5T1yus.s:431    .text.HAL_EXTI_ClearConfigLine:0000000000000000 HAL_EXTI_ClearConfigLine
C:\Users\Test\AppData\Local\Temp\cc5T1yus.s:571    .text.HAL_EXTI_ClearConfigLine:0000000000000080 $d
C:\Users\Test\AppData\Local\Temp\cc5T1yus.s:577    .text.HAL_EXTI_RegisterCallback:0000000000000000 $t
C:\Users\Test\AppData\Local\Temp\cc5T1yus.s:584    .text.HAL_EXTI_RegisterCallback:0000000000000000 HAL_EXTI_RegisterCallback
C:\Users\Test\AppData\Local\Temp\cc5T1yus.s:617    .text.HAL_EXTI_GetHandle:0000000000000000 $t
C:\Users\Test\AppData\Local\Temp\cc5T1yus.s:624    .text.HAL_EXTI_GetHandle:0000000000000000 HAL_EXTI_GetHandle
C:\Users\Test\AppData\Local\Temp\cc5T1yus.s:656    .text.HAL_EXTI_IRQHandler:0000000000000000 $t
C:\Users\Test\AppData\Local\Temp\cc5T1yus.s:663    .text.HAL_EXTI_IRQHandler:0000000000000000 HAL_EXTI_IRQHandler
C:\Users\Test\AppData\Local\Temp\cc5T1yus.s:717    .text.HAL_EXTI_IRQHandler:0000000000000020 $d
C:\Users\Test\AppData\Local\Temp\cc5T1yus.s:722    .text.HAL_EXTI_GetPending:0000000000000000 $t
C:\Users\Test\AppData\Local\Temp\cc5T1yus.s:729    .text.HAL_EXTI_GetPending:0000000000000000 HAL_EXTI_GetPending
C:\Users\Test\AppData\Local\Temp\cc5T1yus.s:775    .text.HAL_EXTI_GetPending:0000000000000018 $d
C:\Users\Test\AppData\Local\Temp\cc5T1yus.s:780    .text.HAL_EXTI_ClearPending:0000000000000000 $t
C:\Users\Test\AppData\Local\Temp\cc5T1yus.s:787    .text.HAL_EXTI_ClearPending:0000000000000000 HAL_EXTI_ClearPending
C:\Users\Test\AppData\Local\Temp\cc5T1yus.s:818    .text.HAL_EXTI_ClearPending:0000000000000010 $d
C:\Users\Test\AppData\Local\Temp\cc5T1yus.s:823    .text.HAL_EXTI_GenerateSWI:0000000000000000 $t
C:\Users\Test\AppData\Local\Temp\cc5T1yus.s:830    .text.HAL_EXTI_GenerateSWI:0000000000000000 HAL_EXTI_GenerateSWI
C:\Users\Test\AppData\Local\Temp\cc5T1yus.s:859    .text.HAL_EXTI_GenerateSWI:0000000000000010 $d

NO UNDEFINED SYMBOLS
