ARM GAS  C:\Users\Test\AppData\Local\Temp\ccITaTHZ.s 			page 1


   1              		.cpu cortex-m3
   2              		.eabi_attribute 20, 1
   3              		.eabi_attribute 21, 1
   4              		.eabi_attribute 23, 3
   5              		.eabi_attribute 24, 1
   6              		.eabi_attribute 25, 1
   7              		.eabi_attribute 26, 1
   8              		.eabi_attribute 30, 1
   9              		.eabi_attribute 34, 1
  10              		.eabi_attribute 18, 4
  11              		.file	"usart.c"
  12              		.text
  13              	.Ltext0:
  14              		.cfi_sections	.debug_frame
  15              		.section	.text.MX_USART1_UART_Init,"ax",%progbits
  16              		.align	1
  17              		.global	MX_USART1_UART_Init
  18              		.arch armv7-m
  19              		.syntax unified
  20              		.thumb
  21              		.thumb_func
  22              		.fpu softvfp
  24              	MX_USART1_UART_Init:
  25              	.LFB65:
  26              		.file 1 "../Core/Src/usart.c"
   1:../Core/Src/usart.c **** 
  27              		.loc 1 32 1 view -0
  28              		.cfi_startproc
  29              		@ args = 0, pretend = 0, frame = 0
  30              		@ frame_needed = 0, uses_anonymous_args = 0
  31 0000 08B5     		push	{r3, lr}
  32              	.LCFI0:
  33              		.cfi_def_cfa_offset 8
  34              		.cfi_offset 3, -8
  35              		.cfi_offset 14, -4
  36              		.loc 1 41 3 view .LVU1
  37              		.loc 1 41 19 is_stmt 0 view .LVU2
  38 0002 0B48     		ldr	r0, .L5
  39 0004 0B4B     		ldr	r3, .L5+4
  40 0006 0360     		str	r3, [r0]
  41              		.loc 1 42 3 is_stmt 1 view .LVU3
  42              		.loc 1 42 24 is_stmt 0 view .LVU4
  43 0008 4FF41653 		mov	r3, #9600
  44 000c 4360     		str	r3, [r0, #4]
  45              		.loc 1 43 3 is_stmt 1 view .LVU5
  46              		.loc 1 43 26 is_stmt 0 view .LVU6
  47 000e 4FF48053 		mov	r3, #4096
  48 0012 8360     		str	r3, [r0, #8]
  49              		.loc 1 44 3 is_stmt 1 view .LVU7
  50              		.loc 1 44 24 is_stmt 0 view .LVU8
  51 0014 0023     		movs	r3, #0
  52 0016 C360     		str	r3, [r0, #12]
  53              		.loc 1 45 3 is_stmt 1 view .LVU9
  54              		.loc 1 45 22 is_stmt 0 view .LVU10
  55 0018 0361     		str	r3, [r0, #16]
  56              		.loc 1 46 3 is_stmt 1 view .LVU11
  57              		.loc 1 46 20 is_stmt 0 view .LVU12
ARM GAS  C:\Users\Test\AppData\Local\Temp\ccITaTHZ.s 			page 2


  58 001a 0C22     		movs	r2, #12
  59 001c 4261     		str	r2, [r0, #20]
  60              		.loc 1 47 3 is_stmt 1 view .LVU13
  61              		.loc 1 47 25 is_stmt 0 view .LVU14
  62 001e 8361     		str	r3, [r0, #24]
  63              		.loc 1 48 3 is_stmt 1 view .LVU15
  64              		.loc 1 48 28 is_stmt 0 view .LVU16
  65 0020 C361     		str	r3, [r0, #28]
  66              		.loc 1 49 3 is_stmt 1 view .LVU17
  67              		.loc 1 49 7 is_stmt 0 view .LVU18
  68 0022 054B     		ldr	r3, .L5+8
  69 0024 9847     		blx	r3
  70              	.LVL0:
  71              		.loc 1 49 6 view .LVU19
  72 0026 00B9     		cbnz	r0, .L4
  73              	.L1:
  74              		.loc 1 57 1 view .LVU20
  75 0028 08BD     		pop	{r3, pc}
  76              	.L4:
  77              		.loc 1 51 5 is_stmt 1 view .LVU21
  78 002a 044B     		ldr	r3, .L5+12
  79 002c 9847     		blx	r3
  80              	.LVL1:
  81              		.loc 1 57 1 is_stmt 0 view .LVU22
  82 002e FBE7     		b	.L1
  83              	.L6:
  84              		.align	2
  85              	.L5:
  86 0030 00000000 		.word	.LANCHOR0
  87 0034 00380140 		.word	1073821696
  88 0038 00000000 		.word	HAL_UART_Init
  89 003c 00000000 		.word	Error_Handler
  90              		.cfi_endproc
  91              	.LFE65:
  93              		.section	.text.HAL_UART_MspInit,"ax",%progbits
  94              		.align	1
  95              		.global	HAL_UART_MspInit
  96              		.syntax unified
  97              		.thumb
  98              		.thumb_func
  99              		.fpu softvfp
 101              	HAL_UART_MspInit:
 102              	.LVL2:
 103              	.LFB66:
 104              		.loc 1 60 1 is_stmt 1 view -0
 105              		.cfi_startproc
 106              		@ args = 0, pretend = 0, frame = 24
 107              		@ frame_needed = 0, uses_anonymous_args = 0
 108              		.loc 1 60 1 is_stmt 0 view .LVU24
 109 0000 70B5     		push	{r4, r5, r6, lr}
 110              	.LCFI1:
 111              		.cfi_def_cfa_offset 16
 112              		.cfi_offset 4, -16
 113              		.cfi_offset 5, -12
 114              		.cfi_offset 6, -8
 115              		.cfi_offset 14, -4
 116 0002 86B0     		sub	sp, sp, #24
ARM GAS  C:\Users\Test\AppData\Local\Temp\ccITaTHZ.s 			page 3


 117              	.LCFI2:
 118              		.cfi_def_cfa_offset 40
 119              		.loc 1 62 3 is_stmt 1 view .LVU25
 120              		.loc 1 62 20 is_stmt 0 view .LVU26
 121 0004 0023     		movs	r3, #0
 122 0006 0293     		str	r3, [sp, #8]
 123 0008 0393     		str	r3, [sp, #12]
 124 000a 0493     		str	r3, [sp, #16]
 125 000c 0593     		str	r3, [sp, #20]
 126              		.loc 1 63 3 is_stmt 1 view .LVU27
 127              		.loc 1 63 16 is_stmt 0 view .LVU28
 128 000e 0268     		ldr	r2, [r0]
 129              		.loc 1 63 5 view .LVU29
 130 0010 1B4B     		ldr	r3, .L11
 131 0012 9A42     		cmp	r2, r3
 132 0014 01D0     		beq	.L10
 133              	.LVL3:
 134              	.L7:
 135              		.loc 1 93 1 view .LVU30
 136 0016 06B0     		add	sp, sp, #24
 137              	.LCFI3:
 138              		.cfi_remember_state
 139              		.cfi_def_cfa_offset 16
 140              		@ sp needed
 141 0018 70BD     		pop	{r4, r5, r6, pc}
 142              	.LVL4:
 143              	.L10:
 144              	.LCFI4:
 145              		.cfi_restore_state
 146              		.loc 1 69 5 is_stmt 1 view .LVU31
 147              	.LBB2:
 148              		.loc 1 69 5 view .LVU32
 149              		.loc 1 69 5 view .LVU33
 150 001a 03F55843 		add	r3, r3, #55296
 151 001e 9A69     		ldr	r2, [r3, #24]
 152 0020 42F48042 		orr	r2, r2, #16384
 153 0024 9A61     		str	r2, [r3, #24]
 154              		.loc 1 69 5 view .LVU34
 155 0026 9A69     		ldr	r2, [r3, #24]
 156 0028 02F48042 		and	r2, r2, #16384
 157 002c 0092     		str	r2, [sp]
 158              		.loc 1 69 5 view .LVU35
 159 002e 009A     		ldr	r2, [sp]
 160              	.LBE2:
 161              		.loc 1 69 5 view .LVU36
 162              		.loc 1 71 5 view .LVU37
 163              	.LBB3:
 164              		.loc 1 71 5 view .LVU38
 165              		.loc 1 71 5 view .LVU39
 166 0030 9A69     		ldr	r2, [r3, #24]
 167 0032 42F00402 		orr	r2, r2, #4
 168 0036 9A61     		str	r2, [r3, #24]
 169              		.loc 1 71 5 view .LVU40
 170 0038 9B69     		ldr	r3, [r3, #24]
 171 003a 03F00403 		and	r3, r3, #4
 172 003e 0193     		str	r3, [sp, #4]
 173              		.loc 1 71 5 view .LVU41
ARM GAS  C:\Users\Test\AppData\Local\Temp\ccITaTHZ.s 			page 4


 174 0040 019B     		ldr	r3, [sp, #4]
 175              	.LBE3:
 176              		.loc 1 71 5 view .LVU42
 177              		.loc 1 76 5 view .LVU43
 178              		.loc 1 76 25 is_stmt 0 view .LVU44
 179 0042 4FF40073 		mov	r3, #512
 180 0046 0293     		str	r3, [sp, #8]
 181              		.loc 1 77 5 is_stmt 1 view .LVU45
 182              		.loc 1 77 26 is_stmt 0 view .LVU46
 183 0048 0223     		movs	r3, #2
 184 004a 0393     		str	r3, [sp, #12]
 185              		.loc 1 78 5 is_stmt 1 view .LVU47
 186              		.loc 1 78 27 is_stmt 0 view .LVU48
 187 004c 0323     		movs	r3, #3
 188 004e 0593     		str	r3, [sp, #20]
 189              		.loc 1 79 5 is_stmt 1 view .LVU49
 190 0050 0C4E     		ldr	r6, .L11+4
 191 0052 02A9     		add	r1, sp, #8
 192 0054 3046     		mov	r0, r6
 193              	.LVL5:
 194              		.loc 1 79 5 is_stmt 0 view .LVU50
 195 0056 0C4D     		ldr	r5, .L11+8
 196 0058 A847     		blx	r5
 197              	.LVL6:
 198              		.loc 1 81 5 is_stmt 1 view .LVU51
 199              		.loc 1 81 25 is_stmt 0 view .LVU52
 200 005a 4FF48063 		mov	r3, #1024
 201 005e 0293     		str	r3, [sp, #8]
 202              		.loc 1 82 5 is_stmt 1 view .LVU53
 203              		.loc 1 82 26 is_stmt 0 view .LVU54
 204 0060 0024     		movs	r4, #0
 205 0062 0394     		str	r4, [sp, #12]
 206              		.loc 1 83 5 is_stmt 1 view .LVU55
 207              		.loc 1 83 26 is_stmt 0 view .LVU56
 208 0064 0494     		str	r4, [sp, #16]
 209              		.loc 1 84 5 is_stmt 1 view .LVU57
 210 0066 02A9     		add	r1, sp, #8
 211 0068 3046     		mov	r0, r6
 212 006a A847     		blx	r5
 213              	.LVL7:
 214              		.loc 1 87 5 view .LVU58
 215 006c 2246     		mov	r2, r4
 216 006e 0521     		movs	r1, #5
 217 0070 2520     		movs	r0, #37
 218 0072 064B     		ldr	r3, .L11+12
 219 0074 9847     		blx	r3
 220              	.LVL8:
 221              		.loc 1 88 5 view .LVU59
 222 0076 2520     		movs	r0, #37
 223 0078 054B     		ldr	r3, .L11+16
 224 007a 9847     		blx	r3
 225              	.LVL9:
 226              		.loc 1 93 1 is_stmt 0 view .LVU60
 227 007c CBE7     		b	.L7
 228              	.L12:
 229 007e 00BF     		.align	2
 230              	.L11:
ARM GAS  C:\Users\Test\AppData\Local\Temp\ccITaTHZ.s 			page 5


 231 0080 00380140 		.word	1073821696
 232 0084 00080140 		.word	1073809408
 233 0088 00000000 		.word	HAL_GPIO_Init
 234 008c 00000000 		.word	HAL_NVIC_SetPriority
 235 0090 00000000 		.word	HAL_NVIC_EnableIRQ
 236              		.cfi_endproc
 237              	.LFE66:
 239              		.section	.text.HAL_UART_MspDeInit,"ax",%progbits
 240              		.align	1
 241              		.global	HAL_UART_MspDeInit
 242              		.syntax unified
 243              		.thumb
 244              		.thumb_func
 245              		.fpu softvfp
 247              	HAL_UART_MspDeInit:
 248              	.LVL10:
 249              	.LFB67:
 250              		.loc 1 96 1 is_stmt 1 view -0
 251              		.cfi_startproc
 252              		@ args = 0, pretend = 0, frame = 0
 253              		@ frame_needed = 0, uses_anonymous_args = 0
 254              		.loc 1 96 1 is_stmt 0 view .LVU62
 255 0000 08B5     		push	{r3, lr}
 256              	.LCFI5:
 257              		.cfi_def_cfa_offset 8
 258              		.cfi_offset 3, -8
 259              		.cfi_offset 14, -4
 260              		.loc 1 98 3 is_stmt 1 view .LVU63
 261              		.loc 1 98 16 is_stmt 0 view .LVU64
 262 0002 0268     		ldr	r2, [r0]
 263              		.loc 1 98 5 view .LVU65
 264 0004 084B     		ldr	r3, .L17
 265 0006 9A42     		cmp	r2, r3
 266 0008 00D0     		beq	.L16
 267              	.LVL11:
 268              	.L13:
 269              		.loc 1 118 1 view .LVU66
 270 000a 08BD     		pop	{r3, pc}
 271              	.LVL12:
 272              	.L16:
 273              		.loc 1 104 5 is_stmt 1 view .LVU67
 274 000c 074A     		ldr	r2, .L17+4
 275 000e 9369     		ldr	r3, [r2, #24]
 276 0010 23F48043 		bic	r3, r3, #16384
 277 0014 9361     		str	r3, [r2, #24]
 278              		.loc 1 110 5 view .LVU68
 279 0016 4FF4C061 		mov	r1, #1536
 280 001a 0548     		ldr	r0, .L17+8
 281              	.LVL13:
 282              		.loc 1 110 5 is_stmt 0 view .LVU69
 283 001c 054B     		ldr	r3, .L17+12
 284 001e 9847     		blx	r3
 285              	.LVL14:
 286              		.loc 1 113 5 is_stmt 1 view .LVU70
 287 0020 2520     		movs	r0, #37
 288 0022 054B     		ldr	r3, .L17+16
 289 0024 9847     		blx	r3
ARM GAS  C:\Users\Test\AppData\Local\Temp\ccITaTHZ.s 			page 6


 290              	.LVL15:
 291              		.loc 1 118 1 is_stmt 0 view .LVU71
 292 0026 F0E7     		b	.L13
 293              	.L18:
 294              		.align	2
 295              	.L17:
 296 0028 00380140 		.word	1073821696
 297 002c 00100240 		.word	1073876992
 298 0030 00080140 		.word	1073809408
 299 0034 00000000 		.word	HAL_GPIO_DeInit
 300 0038 00000000 		.word	HAL_NVIC_DisableIRQ
 301              		.cfi_endproc
 302              	.LFE67:
 304              		.global	huart1
 305              		.section	.bss.huart1,"aw",%nobits
 306              		.align	2
 307              		.set	.LANCHOR0,. + 0
 310              	huart1:
 311 0000 00000000 		.space	68
 311      00000000 
 311      00000000 
 311      00000000 
 311      00000000 
 312              		.text
 313              	.Letext0:
 314              		.file 2 "../c:\\users\\test\\desktop\\gnu mcu\\arm-none-eabi-gcc-10.2.1-1.1\\arm-none-eabi\\includ
 315              		.file 3 "../c:\\users\\test\\desktop\\gnu mcu\\arm-none-eabi-gcc-10.2.1-1.1\\arm-none-eabi\\includ
 316              		.file 4 "../Drivers/CMSIS/Device/ST/STM32F1xx/Include/stm32f103x6.h"
 317              		.file 5 "../Drivers/STM32F1xx_HAL_Driver/Inc/stm32f1xx_hal_def.h"
 318              		.file 6 "../Drivers/STM32F1xx_HAL_Driver/Inc/stm32f1xx_hal_gpio.h"
 319              		.file 7 "../Drivers/STM32F1xx_HAL_Driver/Inc/stm32f1xx_hal_dma.h"
 320              		.file 8 "../Drivers/STM32F1xx_HAL_Driver/Inc/stm32f1xx_hal_uart.h"
 321              		.file 9 "../Drivers/STM32F1xx_HAL_Driver/Inc/stm32f1xx_hal_cortex.h"
 322              		.file 10 "../Core/Inc/main.h"
 323              		.file 11 "../Core/Inc/usart.h"
ARM GAS  C:\Users\Test\AppData\Local\Temp\ccITaTHZ.s 			page 7


DEFINED SYMBOLS
                            *ABS*:0000000000000000 usart.c
C:\Users\Test\AppData\Local\Temp\ccITaTHZ.s:16     .text.MX_USART1_UART_Init:0000000000000000 $t
C:\Users\Test\AppData\Local\Temp\ccITaTHZ.s:24     .text.MX_USART1_UART_Init:0000000000000000 MX_USART1_UART_Init
C:\Users\Test\AppData\Local\Temp\ccITaTHZ.s:86     .text.MX_USART1_UART_Init:0000000000000030 $d
C:\Users\Test\AppData\Local\Temp\ccITaTHZ.s:94     .text.HAL_UART_MspInit:0000000000000000 $t
C:\Users\Test\AppData\Local\Temp\ccITaTHZ.s:101    .text.HAL_UART_MspInit:0000000000000000 HAL_UART_MspInit
C:\Users\Test\AppData\Local\Temp\ccITaTHZ.s:231    .text.HAL_UART_MspInit:0000000000000080 $d
C:\Users\Test\AppData\Local\Temp\ccITaTHZ.s:240    .text.HAL_UART_MspDeInit:0000000000000000 $t
C:\Users\Test\AppData\Local\Temp\ccITaTHZ.s:247    .text.HAL_UART_MspDeInit:0000000000000000 HAL_UART_MspDeInit
C:\Users\Test\AppData\Local\Temp\ccITaTHZ.s:296    .text.HAL_UART_MspDeInit:0000000000000028 $d
C:\Users\Test\AppData\Local\Temp\ccITaTHZ.s:310    .bss.huart1:0000000000000000 huart1
C:\Users\Test\AppData\Local\Temp\ccITaTHZ.s:306    .bss.huart1:0000000000000000 $d

UNDEFINED SYMBOLS
HAL_UART_Init
Error_Handler
HAL_GPIO_Init
HAL_NVIC_SetPriority
HAL_NVIC_EnableIRQ
HAL_GPIO_DeInit
HAL_NVIC_DisableIRQ
